[http] 02:08:23 | 匿名 GET /cms/template/5 body:{}
[http] 02:08:24 | 匿名 GET /auth body:{}
[http] 02:08:24 | 匿名 GET /api/config body:{}
[info] 02:08:24 | 匿名 | GET / | システム設定環境変数を取得できました
[http] 02:08:26 | 匿名 GET /auth/login/msal body:{}
[http] 02:08:26 | 匿名 POST /auth/login/msal body:{"name":"Le Diep","email":"diep.le@0004s.com"}
[http] 02:08:29 | [システム管理者]Le Diep GET /api/domain body:{}
[info] 02:08:29 | [システム管理者]Le Diep | GET / | get all success
[http] 02:08:29 | [システム管理者]Le Diep GET /api/group body:{}
[info] 02:08:29 | [システム管理者]Le Diep | GET / | get all success
[http] 02:08:29 | [システム管理者]Le Diep GET /api/cms/theme body:{}
[http] 02:08:29 | [システム管理者]Le Diep GET /api/cms/template body:{}
[info] 02:08:30 | [システム管理者]Le Diep | GET / | get all success
[info] 02:08:30 | [システム管理者]Le Diep | GET / | get all success
[http] 02:08:31 | [システム管理者]Le Diep GET /cms/theme body:{}
[http] 02:08:31 | [システム管理者]Le Diep GET /auth body:{}
[http] 02:08:31 | [システム管理者]Le Diep GET /api/config body:{}
[info] 02:08:31 | [システム管理者]Le Diep | GET / | システム設定環境変数を取得できました
[http] 02:08:31 | [システム管理者]Le Diep GET /api/cms/theme body:{}
[http] 02:08:31 | [システム管理者]Le Diep GET /api/cms/template body:{}
[info] 02:08:31 | [システム管理者]Le Diep | GET / | get all success
[info] 02:08:31 | [システム管理者]Le Diep | GET / | get all success
[http] 10:16:41 | 匿名 GET /cms/theme body:{}
[http] 10:16:41 | 匿名 GET /auth body:{}
[http] 10:16:41 | 匿名 GET /api/config body:{}
[info] 10:16:42 | 匿名 | GET / | システム設定環境変数を取得できました
[http] 10:16:43 | 匿名 GET /auth/login/msal body:{}
[http] 10:16:44 | 匿名 POST /auth/login/msal body:{"name":"Le Diep","email":"diep.le@0004s.com"}
[info] 10:19:02 | サーバの起動が完了しました。
[http] 10:19:06 | [システム管理者]Le Diep GET /overview body:{}
[http] 10:19:06 | [システム管理者]Le Diep GET /auth body:{}
[http] 10:19:06 | [システム管理者]Le Diep GET /api/config body:{}
[info] 10:19:06 | [システム管理者]Le Diep | GET / | システム設定環境変数を取得できました
[http] 10:19:08 | [システム管理者]Le Diep GET /api/cms/theme body:{}
[http] 10:19:08 | [システム管理者]Le Diep GET /api/cms/template body:{}
[info] 10:19:08 | [システム管理者]Le Diep | GET / | get all success
[info] 10:19:08 | [システム管理者]Le Diep | GET / | get all success
[http] 10:19:13 | [システム管理者]Le Diep GET /api/domain body:{}
[info] 10:19:13 | [システム管理者]Le Diep | GET / | get all success
[http] 10:19:13 | [システム管理者]Le Diep GET /api/group body:{}
[info] 10:19:14 | [システム管理者]Le Diep | GET / | get all success
[http] 10:19:24 | [システム管理者]Le Diep GET /api/local body:{}
[info] 10:19:24 | [システム管理者]Le Diep | GET / | get all success
[http] 10:19:26 | [システム管理者]Le Diep GET /cms/files body:{}
[http] 10:19:26 | [システム管理者]Le Diep GET /auth body:{}
[http] 10:19:26 | [システム管理者]Le Diep GET /api/config body:{}
[info] 10:19:26 | [システム管理者]Le Diep | GET / | システム設定環境変数を取得できました
[http] 10:19:26 | [システム管理者]Le Diep GET /api/local body:{}
[info] 10:19:26 | [システム管理者]Le Diep | GET / | get all success
[http] 10:19:29 | [システム管理者]Le Diep GET /api/cms/template body:{}
[http] 10:19:29 | [システム管理者]Le Diep GET /api/cms/theme body:{}
[info] 10:19:29 | [システム管理者]Le Diep | GET / | get all success
[info] 10:19:29 | [システム管理者]Le Diep | GET / | get all success
[http] 10:19:34 | [システム管理者]Le Diep GET /api/domain body:{}
[info] 10:19:34 | [システム管理者]Le Diep | GET / | get all success
[http] 10:19:34 | [システム管理者]Le Diep GET /api/group body:{}
[info] 10:19:34 | [システム管理者]Le Diep | GET / | get all success
