[info] 10:05:08 | サーバの起動が完了しました。
[http] 10:06:43 | 匿名 GET /api/config body:{}
[http] 10:06:43 | 匿名 GET /auth body:{}
[info] 10:06:43 | 匿名 | GET / | システム設定環境変数を取得できました
[http] 10:23:56 | 匿名 GET /auth/login/msal body:{}
[http] 10:23:56 | 匿名 POST /auth/login/msal body:{"name":"Le Diep","email":"diep.le@0004s.com"}
[http] 10:23:56 | [システム管理者]Le Diep GET /api/cms/web body:{}
[info] 10:23:56 | [システム管理者]Le Diep | GET / | get all success
[http] 10:24:49 | [システム管理者]Le Diep GET /api/cms/page body:{}
[http] 10:24:49 | [システム管理者]Le Diep GET /api/cms/template body:{}
[http] 10:24:49 | [システム管理者]Le Diep GET /api/domain body:{}
[info] 10:24:49 | [システム管理者]Le Diep | GET / | get all success
[info] 10:24:49 | [システム管理者]Le Diep | GET / | get all success
[info] 10:24:49 | [システム管理者]Le Diep | GET / | get all success
[http] 10:24:49 | [システム管理者]Le Diep GET /api/group body:{}
[info] 10:24:49 | [システム管理者]Le Diep | GET / | get all success
[http] 10:26:15 | [システム管理者]Le Diep GET /auth body:{}
[http] 10:26:15 | [システム管理者]Le Diep GET /api/config body:{}
[info] 10:26:15 | [システム管理者]Le Diep | GET / | システム設定環境変数を取得できました
[http] 10:26:15 | [システム管理者]Le Diep GET /api/cms/web body:{}
[info] 10:26:15 | [システム管理者]Le Diep | GET / | get all success
[info] 10:28:55 | サーバの起動が完了しました。
[info] 10:32:40 | サーバの起動が完了しました。
[http] 10:39:43 | [システム管理者]Le Diep GET /auth body:{}
[http] 10:39:43 | [システム管理者]Le Diep GET /api/config body:{}
[info] 10:39:43 | [システム管理者]Le Diep | GET / | システム設定環境変数を取得できました
[http] 10:39:43 | [システム管理者]Le Diep GET /api/cms/web body:{}
[info] 10:39:43 | [システム管理者]Le Diep | GET / | get all success
[info] 10:40:22 | サーバの起動が完了しました。
[info] 10:43:04 | サーバの起動が完了しました。
[error] 10:43:07 | DB Sync error
[info] 10:43:32 | サーバの起動が完了しました。
[info] 10:47:45 | サーバの起動が完了しました。
[http] 10:48:12 | [システム管理者]Le Diep GET /auth body:{}
[http] 10:48:12 | [システム管理者]Le Diep GET /api/config body:{}
[info] 10:48:12 | [システム管理者]Le Diep | GET / | システム設定環境変数を取得できました
[http] 10:48:12 | [システム管理者]Le Diep GET /api/cms/web body:{}
[info] 10:48:12 | [システム管理者]Le Diep | GET / | get all success
[http] 10:49:12 | [システム管理者]Le Diep GET /auth body:{}
[http] 10:49:12 | [システム管理者]Le Diep GET /api/config body:{}
[info] 10:49:12 | [システム管理者]Le Diep | GET / | システム設定環境変数を取得できました
[http] 10:49:12 | [システム管理者]Le Diep GET /api/cms/web body:{}
[info] 10:49:12 | [システム管理者]Le Diep | GET / | get all success
[http] 10:50:58 | [システム管理者]Le Diep GET /api/config body:{}
[info] 10:50:58 | [システム管理者]Le Diep | GET / | システム設定環境変数を取得できました
[http] 10:51:03 | [システム管理者]Le Diep GET /api/config body:{}
[http] 10:51:03 | [システム管理者]Le Diep GET /auth body:{}
[info] 10:51:03 | [システム管理者]Le Diep | GET / | システム設定環境変数を取得できました
[http] 10:51:03 | [システム管理者]Le Diep GET /api/cms/web body:{}
[info] 10:51:03 | [システム管理者]Le Diep | GET / | get all success
[http] 10:52:18 | [システム管理者]Le Diep GET /auth body:{}
[http] 10:52:18 | [システム管理者]Le Diep GET /api/config body:{}
[info] 10:52:18 | [システム管理者]Le Diep | GET / | システム設定環境変数を取得できました
[http] 10:52:18 | [システム管理者]Le Diep GET /api/cms/web body:{}
[info] 10:52:18 | [システム管理者]Le Diep | GET / | get all success
[http] 10:52:50 | [システム管理者]Le Diep GET /auth body:{}
[http] 10:52:50 | [システム管理者]Le Diep GET /api/config body:{}
[info] 10:52:50 | [システム管理者]Le Diep | GET / | システム設定環境変数を取得できました
[http] 10:52:50 | [システム管理者]Le Diep GET /api/cms/web body:{}
[info] 10:52:50 | [システム管理者]Le Diep | GET / | get all success
[http] 10:54:38 | [システム管理者]Le Diep GET /auth body:{}
[http] 10:54:38 | [システム管理者]Le Diep GET /api/config body:{}
[info] 10:54:38 | [システム管理者]Le Diep | GET / | システム設定環境変数を取得できました
[http] 10:54:38 | [システム管理者]Le Diep GET /api/cms/web body:{}
[info] 10:54:38 | [システム管理者]Le Diep | GET / | get all success
[http] 10:55:43 | [システム管理者]Le Diep GET /api/config body:{}
[http] 10:55:43 | [システム管理者]Le Diep GET /auth body:{}
[info] 10:55:43 | [システム管理者]Le Diep | GET / | システム設定環境変数を取得できました
[http] 10:55:43 | [システム管理者]Le Diep GET /api/cms/web body:{}
[info] 10:55:43 | [システム管理者]Le Diep | GET / | get all success
[http] 10:56:36 | [システム管理者]Le Diep GET /api/config body:{}
[info] 10:56:36 | [システム管理者]Le Diep | GET / | システム設定環境変数を取得できました
[http] 10:56:55 | [システム管理者]Le Diep GET /auth body:{}
[http] 10:56:55 | [システム管理者]Le Diep GET /api/config body:{}
[info] 10:56:55 | [システム管理者]Le Diep | GET / | システム設定環境変数を取得できました
[http] 10:56:55 | [システム管理者]Le Diep GET /api/cms/web body:{}
[info] 10:56:55 | [システム管理者]Le Diep | GET / | get all success
[http] 10:57:13 | [システム管理者]Le Diep GET /auth body:{}
[http] 10:57:13 | [システム管理者]Le Diep GET /api/config body:{}
[info] 10:57:13 | [システム管理者]Le Diep | GET / | システム設定環境変数を取得できました
[http] 10:57:13 | [システム管理者]Le Diep GET /api/cms/web body:{}
[info] 10:57:13 | [システム管理者]Le Diep | GET / | get all success
[http] 10:59:57 | [システム管理者]Le Diep GET /auth body:{}
[http] 10:59:57 | [システム管理者]Le Diep GET /api/config body:{}
[info] 10:59:57 | [システム管理者]Le Diep | GET / | システム設定環境変数を取得できました
[http] 10:59:57 | [システム管理者]Le Diep GET /api/cms/web body:{}
[info] 10:59:57 | [システム管理者]Le Diep | GET / | get all success
[http] 11:00:12 | [システム管理者]Le Diep GET /api/local body:{}
[info] 11:00:12 | [システム管理者]Le Diep | GET / | get all success
[http] 11:00:22 | [システム管理者]Le Diep GET /api/local/sync body:{}
[http] 11:00:25 | [システム管理者]Le Diep GET /auth body:{}
[http] 11:00:25 | [システム管理者]Le Diep GET /api/config body:{}
[info] 11:00:25 | [システム管理者]Le Diep | GET / | システム設定環境変数を取得できました
[http] 11:00:25 | [システム管理者]Le Diep GET /api/cms/web body:{}
[info] 11:00:25 | [システム管理者]Le Diep | GET / | get all success
[http] 11:00:30 | [システム管理者]Le Diep GET /api/local body:{}
[info] 11:00:30 | [システム管理者]Le Diep | GET / | get all success
[http] 11:00:30 | [システム管理者]Le Diep GET /imgs/fabric_1.webp body:{}
[http] 11:00:30 | [システム管理者]Le Diep GET /imgs/bg_pattern.webp body:{}
[http] 11:00:35 | [システム管理者]Le Diep POST /api/cms/web/ body:{"name":"CAA","ogURL":"https://mui.com","ogImage":"bg_pattern.webp","ogDescription":"-"}
[info] 11:00:35 | [システム管理者]Le Diep | POST / | web: CAAを作成が成功しました
[http] 11:00:35 | [システム管理者]Le Diep GET /api/cms/web/1 body:{}
[info] 11:00:35 | [システム管理者]Le Diep | GET /1 | get one success
[http] 11:00:36 | [システム管理者]Le Diep GET /api/cms/template body:{}
[http] 11:00:36 | [システム管理者]Le Diep GET /api/cms/page body:{}
[info] 11:00:36 | [システム管理者]Le Diep | GET / | get all success
[http] 11:00:36 | [システム管理者]Le Diep GET /api/domain body:{}
[info] 11:00:36 | [システム管理者]Le Diep | GET / | get all success
[info] 11:00:36 | [システム管理者]Le Diep | GET / | get all success
[http] 11:00:36 | [システム管理者]Le Diep GET /api/group body:{}
[info] 11:00:36 | [システム管理者]Le Diep | GET / | get all success
[http] 11:00:57 | [システム管理者]Le Diep POST /api/cms/web/ body:{"name":"TEST","ogURL":"https://mui.com","ogImage":"ppp.png","ogDescription":"-"}
[info] 11:00:57 | [システム管理者]Le Diep | POST / | web: TESTを作成が成功しました
[http] 11:00:57 | [システム管理者]Le Diep GET /api/cms/web/2 body:{}
[info] 11:00:57 | [システム管理者]Le Diep | GET /2 | get one success
[http] 11:01:06 | [システム管理者]Le Diep GET /api/config body:{}
[http] 11:01:06 | [システム管理者]Le Diep GET /auth body:{}
[info] 11:01:06 | [システム管理者]Le Diep | GET / | システム設定環境変数を取得できました
[http] 11:01:06 | [システム管理者]Le Diep GET /api/cms/web body:{}
[info] 11:01:06 | [システム管理者]Le Diep | GET / | get all success
[http] 11:01:28 | [システム管理者]Le Diep GET /auth body:{}
[http] 11:01:28 | [システム管理者]Le Diep GET /api/config body:{}
[info] 11:01:28 | [システム管理者]Le Diep | GET / | システム設定環境変数を取得できました
[http] 11:01:28 | [システム管理者]Le Diep GET /api/cms/web body:{}
[info] 11:01:28 | [システム管理者]Le Diep | GET / | get all success
[http] 11:03:05 | [システム管理者]Le Diep GET /auth body:{}
[http] 11:03:05 | [システム管理者]Le Diep GET /api/config body:{}
[info] 11:03:05 | [システム管理者]Le Diep | GET / | システム設定環境変数を取得できました
[http] 11:03:05 | [システム管理者]Le Diep GET /api/cms/web body:{}
[info] 11:03:05 | [システム管理者]Le Diep | GET / | get all success
[http] 11:03:12 | [システム管理者]Le Diep POST /api/form/ body:{"name":"test","webId":1}
[info] 11:03:43 | サーバの起動が完了しました。
[http] 11:05:48 | [システム管理者]Le Diep POST /api/form/ body:{"name":"test","webId":1}
[info] 11:05:48 | [システム管理者]Le Diep | POST / | formID: 1を作成が成功しました
[http] 11:05:48 | [システム管理者]Le Diep GET /api/form/1 body:{}
[info] 11:05:48 | [システム管理者]Le Diep | GET /1 | get one success
[http] 11:05:48 | [システム管理者]Le Diep GET /api/form/1 body:{}
[info] 11:05:48 | [システム管理者]Le Diep | GET /1 | get one success
[http] 11:06:13 | [システム管理者]Le Diep GET /auth body:{}
[http] 11:06:13 | [システム管理者]Le Diep GET /api/config body:{}
[info] 11:06:13 | [システム管理者]Le Diep | GET / | システム設定環境変数を取得できました
[http] 11:06:13 | [システム管理者]Le Diep GET /api/cms/web body:{}
[info] 11:06:13 | [システム管理者]Le Diep | GET / | get all success
[http] 11:06:17 | [システム管理者]Le Diep GET /auth body:{}
[http] 11:06:17 | [システム管理者]Le Diep GET /api/config body:{}
[info] 11:06:17 | [システム管理者]Le Diep | GET / | システム設定環境変数を取得できました
[http] 11:06:17 | [システム管理者]Le Diep GET /api/cms/web body:{}
[info] 11:06:17 | [システム管理者]Le Diep | GET / | get all success
[http] 11:07:28 | [システム管理者]Le Diep GET /api/form body:{}
[info] 11:07:28 | [システム管理者]Le Diep | GET / | get all success
[http] 11:14:03 | [システム管理者]Le Diep GET /api/config body:{}
[info] 11:14:03 | [システム管理者]Le Diep | GET / | システム設定環境変数を取得できました
[http] 11:14:16 | [システム管理者]Le Diep GET /auth body:{}
[http] 11:14:16 | [システム管理者]Le Diep GET /api/config body:{}
[info] 11:14:16 | [システム管理者]Le Diep | GET / | システム設定環境変数を取得できました
[http] 11:14:16 | [システム管理者]Le Diep GET /api/cms/web body:{}
[info] 11:14:16 | [システム管理者]Le Diep | GET / | get all success
[http] 11:14:16 | [システム管理者]Le Diep GET /api/form body:{}
[info] 11:14:16 | [システム管理者]Le Diep | GET / | get all success
[http] 11:14:55 | [システム管理者]Le Diep GET /auth body:{}
[http] 11:14:55 | [システム管理者]Le Diep GET /api/config body:{}
[info] 11:14:55 | [システム管理者]Le Diep | GET / | システム設定環境変数を取得できました
[http] 11:14:55 | [システム管理者]Le Diep GET /api/cms/web body:{}
[info] 11:14:55 | [システム管理者]Le Diep | GET / | get all success
[http] 11:14:55 | [システム管理者]Le Diep GET /api/form body:{}
[info] 11:14:55 | [システム管理者]Le Diep | GET / | get all success
[http] 11:15:31 | [システム管理者]Le Diep GET /auth body:{}
[http] 11:15:31 | [システム管理者]Le Diep GET /api/config body:{}
[info] 11:15:31 | [システム管理者]Le Diep | GET / | システム設定環境変数を取得できました
[http] 11:15:52 | [システム管理者]Le Diep GET /auth body:{}
[http] 11:15:52 | [システム管理者]Le Diep GET /api/config body:{}
[info] 11:15:52 | [システム管理者]Le Diep | GET / | システム設定環境変数を取得できました
[http] 11:21:35 | [システム管理者]Le Diep GET /api/cms/page body:{}
[http] 11:21:35 | [システム管理者]Le Diep GET /api/domain body:{}
[http] 11:21:35 | [システム管理者]Le Diep GET /api/cms/template body:{}
[info] 11:21:35 | [システム管理者]Le Diep | GET / | get all success
[info] 11:21:35 | [システム管理者]Le Diep | GET / | get all success
[info] 11:21:35 | [システム管理者]Le Diep | GET / | get all success
[http] 11:21:35 | [システム管理者]Le Diep GET /api/group body:{}
[info] 11:21:35 | [システム管理者]Le Diep | GET / | get all success
[http] 11:33:54 | [システム管理者]Le Diep GET /api/config body:{}
[info] 11:33:54 | [システム管理者]Le Diep | GET / | システム設定環境変数を取得できました
[http] 11:40:48 | [システム管理者]Le Diep GET /api/config body:{}
[info] 11:40:48 | [システム管理者]Le Diep | GET / | システム設定環境変数を取得できました
[http] 11:41:21 | [システム管理者]Le Diep DELETE /api/form/1 body:{}
[info] 11:41:21 | [システム管理者]Le Diep | DELETE /1 | formID: 1を削除が成功しました
[http] 11:41:59 | [システム管理者]Le Diep GET /auth body:{}
[http] 11:41:59 | [システム管理者]Le Diep GET /api/config body:{}
[info] 11:41:59 | [システム管理者]Le Diep | GET / | システム設定環境変数を取得できました
[http] 11:41:59 | [システム管理者]Le Diep GET /api/cms/web body:{}
[info] 11:41:59 | [システム管理者]Le Diep | GET / | get all success
[http] 11:42:00 | [システム管理者]Le Diep GET /api/form body:{}
[info] 11:42:00 | [システム管理者]Le Diep | GET / | get all success
[http] 11:42:06 | [システム管理者]Le Diep POST /api/form/ body:{"name":"test","webId":1}
[info] 11:42:06 | [システム管理者]Le Diep | POST / | formID: 2を作成が成功しました
[http] 11:42:06 | [システム管理者]Le Diep GET /api/form/2 body:{}
[info] 11:42:06 | [システム管理者]Le Diep | GET /2 | get one success
[http] 11:42:11 | [システム管理者]Le Diep DELETE /api/form/2 body:{}
[info] 11:42:11 | [システム管理者]Le Diep | DELETE /2 | formID: 2を削除が成功しました
[http] 11:43:27 | [システム管理者]Le Diep GET /auth body:{}
[http] 11:43:27 | [システム管理者]Le Diep GET /api/config body:{}
[info] 11:43:27 | [システム管理者]Le Diep | GET / | システム設定環境変数を取得できました
[http] 11:43:27 | [システム管理者]Le Diep GET /api/cms/web body:{}
[info] 11:43:27 | [システム管理者]Le Diep | GET / | get all success
[http] 11:43:27 | [システム管理者]Le Diep GET /api/form body:{}
[info] 11:43:27 | [システム管理者]Le Diep | GET / | get all success
[http] 11:43:30 | [システム管理者]Le Diep POST /api/form/ body:{"name":"dasd","webId":1}
[info] 11:43:30 | [システム管理者]Le Diep | POST / | formID: 3を作成が成功しました
[http] 11:43:30 | [システム管理者]Le Diep GET /api/form/3 body:{}
[info] 11:43:30 | [システム管理者]Le Diep | GET /3 | get one success
[http] 11:43:33 | [システム管理者]Le Diep DELETE /api/form/3 body:{}
[info] 11:43:33 | [システム管理者]Le Diep | DELETE /3 | formID: 3を削除が成功しました
[http] 11:43:40 | [システム管理者]Le Diep POST /api/form/ body:{"name":"dasdasd","webId":2}
[info] 11:43:40 | [システム管理者]Le Diep | POST / | formID: 4を作成が成功しました
[http] 11:43:40 | [システム管理者]Le Diep GET /api/form/4 body:{}
[info] 11:43:40 | [システム管理者]Le Diep | GET /4 | get one success
[http] 11:43:43 | [システム管理者]Le Diep DELETE /api/form/4 body:{}
[info] 11:43:43 | [システム管理者]Le Diep | DELETE /4 | formID: 4を削除が成功しました
[http] 11:44:56 | [システム管理者]Le Diep POST /api/form/ body:{"name":"qwe","webId":2}
[info] 11:44:56 | [システム管理者]Le Diep | POST / | formID: 5を作成が成功しました
[http] 11:44:56 | [システム管理者]Le Diep GET /api/form/5 body:{}
[info] 11:44:56 | [システム管理者]Le Diep | GET /5 | get one success
[http] 11:46:36 | [システム管理者]Le Diep GET /api/config body:{}
[info] 11:46:36 | [システム管理者]Le Diep | GET / | システム設定環境変数を取得できました
[http] 11:46:38 | [システム管理者]Le Diep GET /auth body:{}
[http] 11:46:38 | [システム管理者]Le Diep GET /api/config body:{}
[info] 11:46:38 | [システム管理者]Le Diep | GET / | システム設定環境変数を取得できました
[http] 11:46:38 | [システム管理者]Le Diep GET /api/cms/web body:{}
[info] 11:46:38 | [システム管理者]Le Diep | GET / | get all success
[http] 11:46:38 | [システム管理者]Le Diep GET /api/form body:{}
[info] 11:46:38 | [システム管理者]Le Diep | GET / | get all success
[http] 11:46:43 | [システム管理者]Le Diep PUT /api/form/5 body:{"name":"test"}
[info] 11:46:43 | [システム管理者]Le Diep | PUT /5 | formID: 5を編集が成功しました
[http] 11:46:43 | [システム管理者]Le Diep GET /api/form/5 body:{}
[info] 11:46:43 | [システム管理者]Le Diep | GET /5 | get one success
[http] 11:56:04 | [システム管理者]Le Diep GET /api/config body:{}
[info] 11:56:05 | [システム管理者]Le Diep | GET / | システム設定環境変数を取得できました
[http] 11:56:07 | [システム管理者]Le Diep GET /auth body:{}
[http] 11:56:07 | [システム管理者]Le Diep GET /api/config body:{}
[info] 11:56:07 | [システム管理者]Le Diep | GET / | システム設定環境変数を取得できました
[http] 11:56:07 | [システム管理者]Le Diep GET /api/cms/web body:{}
[info] 11:56:07 | [システム管理者]Le Diep | GET / | get all success
[http] 11:56:07 | [システム管理者]Le Diep GET /api/form body:{}
[info] 11:56:07 | [システム管理者]Le Diep | GET / | get all success
[http] 11:56:12 | [システム管理者]Le Diep PUT /api/form/5 body:{"webId":1}
[info] 11:56:12 | [システム管理者]Le Diep | PUT /5 | formID: 5を編集が成功しました
[http] 11:56:12 | [システム管理者]Le Diep GET /api/form/5 body:{}
[info] 11:56:12 | [システム管理者]Le Diep | GET /5 | get one success
[http] 11:56:16 | [システム管理者]Le Diep GET /auth body:{}
[http] 11:56:16 | [システム管理者]Le Diep GET /api/config body:{}
[info] 11:56:16 | [システム管理者]Le Diep | GET / | システム設定環境変数を取得できました
[http] 11:56:16 | [システム管理者]Le Diep GET /api/cms/web body:{}
[info] 11:56:16 | [システム管理者]Le Diep | GET / | get all success
[http] 11:56:16 | [システム管理者]Le Diep GET /api/form body:{}
[info] 11:56:16 | [システム管理者]Le Diep | GET / | get all success
[http] 11:56:20 | [システム管理者]Le Diep PUT /api/form/5 body:{"webId":1}
[info] 11:56:20 | [システム管理者]Le Diep | PUT /5 | formID: 5を編集が成功しました
[http] 11:56:20 | [システム管理者]Le Diep GET /api/form/5 body:{}
[info] 11:56:20 | [システム管理者]Le Diep | GET /5 | get one success
[http] 11:56:59 | [システム管理者]Le Diep GET /auth body:{}
[http] 11:56:59 | [システム管理者]Le Diep GET /api/config body:{}
[info] 11:56:59 | [システム管理者]Le Diep | GET / | システム設定環境変数を取得できました
[http] 11:56:59 | [システム管理者]Le Diep GET /api/cms/web body:{}
[info] 11:56:59 | [システム管理者]Le Diep | GET / | get all success
[http] 11:56:59 | [システム管理者]Le Diep GET /api/form body:{}
[info] 11:56:59 | [システム管理者]Le Diep | GET / | get all success
[http] 11:57:04 | [システム管理者]Le Diep PUT /api/form/5 body:{"webId":1}
[info] 11:57:04 | [システム管理者]Le Diep | PUT /5 | formID: 5を編集が成功しました
[http] 11:57:04 | [システム管理者]Le Diep GET /api/form/5 body:{}
[info] 11:57:04 | [システム管理者]Le Diep | GET /5 | get one success
[http] 11:58:45 | [システム管理者]Le Diep PUT /api/form/5 body:{"webId":1}
[info] 11:58:45 | [システム管理者]Le Diep | PUT /5 | formID: 5を編集が成功しました
[http] 11:58:45 | [システム管理者]Le Diep GET /api/form/5 body:{}
[info] 11:58:45 | [システム管理者]Le Diep | GET /5 | get one success
[http] 11:58:49 | [システム管理者]Le Diep GET /auth body:{}
[http] 11:58:49 | [システム管理者]Le Diep GET /api/config body:{}
[info] 11:58:49 | [システム管理者]Le Diep | GET / | システム設定環境変数を取得できました
[http] 11:58:49 | [システム管理者]Le Diep GET /api/cms/web body:{}
[info] 11:58:49 | [システム管理者]Le Diep | GET / | get all success
[http] 11:58:50 | [システム管理者]Le Diep GET /api/form body:{}
[info] 11:58:50 | [システム管理者]Le Diep | GET / | get all success
[http] 11:58:53 | [システム管理者]Le Diep PUT /api/form/5 body:{"webId":1}
[info] 11:58:53 | [システム管理者]Le Diep | PUT /5 | formID: 5を編集が成功しました
[http] 11:58:53 | [システム管理者]Le Diep GET /api/form/5 body:{}
[info] 11:58:53 | [システム管理者]Le Diep | GET /5 | get one success
[info] 11:59:40 | サーバの起動が完了しました。
[http] 11:59:41 | [システム管理者]Le Diep GET /auth body:{}
[http] 11:59:41 | [システム管理者]Le Diep GET /api/config body:{}
[info] 11:59:41 | [システム管理者]Le Diep | GET / | システム設定環境変数を取得できました
[http] 11:59:41 | [システム管理者]Le Diep GET /api/cms/web body:{}
[info] 11:59:41 | [システム管理者]Le Diep | GET / | get all success
[http] 11:59:42 | [システム管理者]Le Diep GET /api/form body:{}
[info] 11:59:42 | [システム管理者]Le Diep | GET / | get all success
[http] 11:59:49 | [システム管理者]Le Diep PUT /api/form/5 body:{"webId":1}
[info] 11:59:49 | [システム管理者]Le Diep | PUT /5 | formID: 5を編集が成功しました
[http] 11:59:49 | [システム管理者]Le Diep GET /api/form/5 body:{}
[info] 11:59:49 | [システム管理者]Le Diep | GET /5 | get one success
[http] 11:59:51 | [システム管理者]Le Diep GET /auth body:{}
[http] 11:59:51 | [システム管理者]Le Diep GET /api/config body:{}
[info] 11:59:51 | [システム管理者]Le Diep | GET / | システム設定環境変数を取得できました
[http] 11:59:51 | [システム管理者]Le Diep GET /api/cms/web body:{}
[info] 11:59:51 | [システム管理者]Le Diep | GET / | get all success
[http] 11:59:51 | [システム管理者]Le Diep GET /api/form body:{}
[info] 11:59:51 | [システム管理者]Le Diep | GET / | get all success
[http] 13:23:05 | 匿名 POST /auth/logout body:{}
[http] 13:23:09 | 匿名 GET /auth body:{}
[http] 13:23:09 | 匿名 GET /api/config body:{}
[info] 13:23:09 | 匿名 | GET / | システム設定環境変数を取得できました
[http] 13:23:10 | 匿名 GET /auth/login/msal body:{}
[http] 13:23:10 | 匿名 POST /auth/login/msal body:{"name":"Le Diep","email":"diep.le@0004s.com"}
[http] 13:23:11 | [システム管理者]Le Diep GET /api/cms/web body:{}
[info] 13:23:11 | [システム管理者]Le Diep | GET / | get all success
[http] 13:23:22 | [システム管理者]Le Diep GET /api/form body:{}
[info] 13:23:22 | [システム管理者]Le Diep | GET / | get all success
[http] 13:23:37 | [システム管理者]Le Diep GET /auth body:{}
[http] 13:23:37 | [システム管理者]Le Diep GET /api/config body:{}
[info] 13:23:37 | [システム管理者]Le Diep | GET / | システム設定環境変数を取得できました
[http] 13:23:37 | [システム管理者]Le Diep GET /api/cms/web body:{}
[info] 13:23:37 | [システム管理者]Le Diep | GET / | get all success
[http] 13:23:38 | [システム管理者]Le Diep GET /api/form body:{}
[info] 13:23:38 | [システム管理者]Le Diep | GET / | get all success
[http] 13:23:40 | [システム管理者]Le Diep GET /api/cms/page body:{}
[http] 13:23:40 | [システム管理者]Le Diep GET /api/cms/template body:{}
[info] 13:23:40 | [システム管理者]Le Diep | GET / | get all success
[http] 13:23:40 | [システム管理者]Le Diep GET /api/domain body:{}
[info] 13:23:40 | [システム管理者]Le Diep | GET / | get all success
[info] 13:23:40 | [システム管理者]Le Diep | GET / | get all success
[http] 13:23:40 | [システム管理者]Le Diep GET /api/group body:{}
[info] 13:23:40 | [システム管理者]Le Diep | GET / | get all success
[http] 13:23:47 | [システム管理者]Le Diep GET /auth body:{}
[http] 13:23:47 | [システム管理者]Le Diep GET /api/config body:{}
[info] 13:23:47 | [システム管理者]Le Diep | GET / | システム設定環境変数を取得できました
[http] 13:23:47 | [システム管理者]Le Diep GET /api/cms/web body:{}
[info] 13:23:47 | [システム管理者]Le Diep | GET / | get all success
[http] 13:23:47 | [システム管理者]Le Diep GET /api/form body:{}
[info] 13:23:47 | [システム管理者]Le Diep | GET / | get all success
[http] 13:24:18 | [システム管理者]Le Diep GET /api/cms/page body:{}
[http] 13:24:18 | [システム管理者]Le Diep GET /api/cms/template body:{}
[http] 13:24:18 | [システム管理者]Le Diep GET /api/domain body:{}
[info] 13:24:18 | [システム管理者]Le Diep | GET / | get all success
[info] 13:24:18 | [システム管理者]Le Diep | GET / | get all success
[info] 13:24:18 | [システム管理者]Le Diep | GET / | get all success
[http] 13:24:18 | [システム管理者]Le Diep GET /api/group body:{}
[info] 13:24:18 | [システム管理者]Le Diep | GET / | get all success
[info] 13:43:50 | サーバの起動が完了しました。
[info] 13:44:03 | サーバの起動が完了しました。
[info] 13:44:35 | サーバの起動が完了しました。
[error] 13:45:05 | DB Sync error
[info] 13:45:13 | サーバの起動が完了しました。
[info] 13:48:36 | サーバの起動が完了しました。
[http] 13:48:47 | [システム管理者]Le Diep GET /auth body:{}
[http] 13:48:47 | [システム管理者]Le Diep GET /api/config body:{}
[info] 13:48:47 | [システム管理者]Le Diep | GET / | システム設定環境変数を取得できました
[http] 13:48:47 | [システム管理者]Le Diep GET /api/cms/web body:{}
[info] 13:48:47 | [システム管理者]Le Diep | GET / | get all success
[http] 13:48:47 | [システム管理者]Le Diep GET /api/form body:{}
[info] 13:48:47 | [システム管理者]Le Diep | GET / | get all success
[http] 13:49:04 | [システム管理者]Le Diep GET /api/local body:{}
[info] 13:49:04 | [システム管理者]Le Diep | GET / | get all success
[http] 13:49:10 | [システム管理者]Le Diep GET /api/local/sync body:{}
[http] 13:49:22 | [システム管理者]Le Diep GET /auth body:{}
[http] 13:49:22 | [システム管理者]Le Diep GET /api/config body:{}
[info] 13:49:22 | [システム管理者]Le Diep | GET / | システム設定環境変数を取得できました
[http] 13:49:22 | [システム管理者]Le Diep GET /api/cms/web body:{}
[info] 13:49:22 | [システム管理者]Le Diep | GET / | get all success
[http] 13:49:26 | [システム管理者]Le Diep GET /api/local body:{}
[info] 13:49:26 | [システム管理者]Le Diep | GET / | get all success
[http] 13:49:26 | [システム管理者]Le Diep GET /imgs/bg_pattern.webp body:{}
[http] 13:49:26 | [システム管理者]Le Diep GET /imgs/fabric_1.webp body:{}
[http] 13:49:29 | [システム管理者]Le Diep POST /api/cms/web/ body:{"name":"ccc","ogURL":"https://mui.com","ogImage":"ppp.png","ogDescription":"-"}
[info] 13:49:29 | [システム管理者]Le Diep | POST / | web: cccを作成が成功しました
[http] 13:49:29 | [システム管理者]Le Diep GET /api/cms/web/1 body:{}
[info] 13:49:29 | [システム管理者]Le Diep | GET /1 | get one success
[http] 13:49:29 | [システム管理者]Le Diep GET /api/cms/page body:{}
[http] 13:49:29 | [システム管理者]Le Diep GET /api/cms/template body:{}
[info] 13:49:29 | [システム管理者]Le Diep | GET / | get all success
[info] 13:49:29 | [システム管理者]Le Diep | GET / | get all success
[http] 13:49:29 | [システム管理者]Le Diep GET /api/domain body:{}
[info] 13:49:29 | [システム管理者]Le Diep | GET / | get all success
[http] 13:49:29 | [システム管理者]Le Diep GET /api/group body:{}
[info] 13:49:29 | [システム管理者]Le Diep | GET / | get all success
[http] 13:49:30 | [システム管理者]Le Diep GET /api/form body:{}
[info] 13:49:30 | [システム管理者]Le Diep | GET / | get all success
[http] 13:49:35 | [システム管理者]Le Diep POST /api/form/ body:{"name":"23432","webId":1}
[http] 13:50:39 | [システム管理者]Le Diep GET /auth body:{}
[http] 13:50:39 | [システム管理者]Le Diep GET /api/config body:{}
[info] 13:50:39 | [システム管理者]Le Diep | GET / | システム設定環境変数を取得できました
[http] 13:50:39 | [システム管理者]Le Diep GET /api/cms/web body:{}
[info] 13:50:39 | [システム管理者]Le Diep | GET / | get all success
[http] 13:54:53 | [システム管理者]Le Diep GET /api/config body:{}
[info] 13:54:53 | [システム管理者]Le Diep | GET / | システム設定環境変数を取得できました
[http] 13:54:56 | [システム管理者]Le Diep GET /auth body:{}
[http] 13:54:56 | [システム管理者]Le Diep GET /api/config body:{}
[info] 13:54:56 | [システム管理者]Le Diep | GET / | システム設定環境変数を取得できました
[http] 13:54:56 | [システム管理者]Le Diep GET /api/cms/web body:{}
[info] 13:54:56 | [システム管理者]Le Diep | GET / | get all success
[http] 13:56:00 | [システム管理者]Le Diep GET /auth body:{}
[http] 13:56:00 | [システム管理者]Le Diep GET /api/config body:{}
[info] 13:56:00 | [システム管理者]Le Diep | GET / | システム設定環境変数を取得できました
[http] 13:56:00 | [システム管理者]Le Diep GET /api/cms/web body:{}
[info] 13:56:00 | [システム管理者]Le Diep | GET / | get all success
[http] 13:56:11 | [システム管理者]Le Diep POST /api/form/ body:{"name":"12312312","webId":1,"endDate":"2023-11-30T04:56:01.000Z","startDate":"2023-11-06T04:56:01.013Z"}
[info] 13:56:59 | サーバの起動が完了しました。
[http] 13:57:03 | [システム管理者]Le Diep POST /api/form/ body:{"name":"12312312","webId":1,"endDate":"2023-11-30T04:56:01.000Z","startDate":"2023-11-06T04:56:01.013Z"}
[info] 13:57:03 | [システム管理者]Le Diep | POST / | formID: 1を作成が成功しました
[http] 13:57:03 | [システム管理者]Le Diep GET /api/form/1 body:{}
[info] 13:57:03 | [システム管理者]Le Diep | GET /1 | get one success
[http] 13:57:03 | [システム管理者]Le Diep GET /api/form/1 body:{}
[info] 13:57:03 | [システム管理者]Le Diep | GET /1 | get one success
[http] 13:57:03 | [システム管理者]Le Diep GET /api/form body:{}
[info] 13:57:03 | [システム管理者]Le Diep | GET / | get all success
[http] 13:57:05 | [システム管理者]Le Diep GET /auth body:{}
[http] 13:57:05 | [システム管理者]Le Diep GET /api/config body:{}
[info] 13:57:05 | [システム管理者]Le Diep | GET / | システム設定環境変数を取得できました
[http] 13:57:06 | [システム管理者]Le Diep GET /api/cms/web body:{}
[info] 13:57:06 | [システム管理者]Le Diep | GET / | get all success
[http] 13:57:06 | [システム管理者]Le Diep GET /api/form body:{}
[info] 13:57:06 | [システム管理者]Le Diep | GET / | get all success
[http] 13:59:43 | [システム管理者]Le Diep POST /api/form/ body:{"name":"oo","webId":1,"endDate":"2023-11-24T04:57:58.000Z","startDate":"2023-11-01T04:57:58.000Z"}
[info] 13:59:43 | [システム管理者]Le Diep | POST / | formID: 2を作成が成功しました
[http] 13:59:43 | [システム管理者]Le Diep GET /api/form/2 body:{}
[info] 13:59:43 | [システム管理者]Le Diep | GET /2 | get one success
[http] 14:00:55 | [システム管理者]Le Diep PUT /api/form/2 body:{"startDate":"2023-11-25T04:57:58.000Z"}
[info] 14:00:55 | [システム管理者]Le Diep | PUT /2 | formID: 2を編集が成功しました
[http] 14:00:55 | [システム管理者]Le Diep GET /api/form/2 body:{}
[info] 14:00:55 | [システム管理者]Le Diep | GET /2 | get one success
[http] 14:01:00 | [システム管理者]Le Diep GET /auth body:{}
[http] 14:01:00 | [システム管理者]Le Diep GET /api/config body:{}
[info] 14:01:00 | [システム管理者]Le Diep | GET / | システム設定環境変数を取得できました
[http] 14:01:00 | [システム管理者]Le Diep GET /api/cms/web body:{}
[info] 14:01:00 | [システム管理者]Le Diep | GET / | get all success
[http] 14:01:00 | [システム管理者]Le Diep GET /api/form body:{}
[info] 14:01:00 | [システム管理者]Le Diep | GET / | get all success
[http] 14:01:39 | [システム管理者]Le Diep PUT /api/form/2 body:{"startDate":"2023-11-30T04:57:58.000Z"}
[info] 14:01:39 | [システム管理者]Le Diep | PUT /2 | formID: 2を編集が成功しました
[http] 14:01:39 | [システム管理者]Le Diep GET /api/form/2 body:{}
[info] 14:01:39 | [システム管理者]Le Diep | GET /2 | get one success
[info] 14:02:53 | サーバの起動が完了しました。
[http] 14:02:59 | [システム管理者]Le Diep PUT /api/form/2 body:{"startDate":"2023-11-30T04:57:58.000Z"}
[info] 14:02:59 | [システム管理者]Le Diep | PUT /2 | formID: 2を編集が成功しました
[http] 14:02:59 | [システム管理者]Le Diep GET /api/form/2 body:{}
[info] 14:02:59 | [システム管理者]Le Diep | GET /2 | get one success
[http] 14:02:59 | [システム管理者]Le Diep GET /api/form/2 body:{}
[info] 14:02:59 | [システム管理者]Le Diep | GET /2 | get one success
[http] 14:03:18 | [システム管理者]Le Diep GET /auth body:{}
[http] 14:03:18 | [システム管理者]Le Diep GET /api/config body:{}
[info] 14:03:18 | [システム管理者]Le Diep | GET / | システム設定環境変数を取得できました
[http] 14:03:18 | [システム管理者]Le Diep GET /api/cms/web body:{}
[info] 14:03:18 | [システム管理者]Le Diep | GET / | get all success
[http] 14:03:18 | [システム管理者]Le Diep GET /api/form body:{}
[info] 14:03:18 | [システム管理者]Le Diep | GET / | get all success
[http] 14:03:25 | [システム管理者]Le Diep PUT /api/form/2 body:{"startDate":"2023-11-30T04:57:58.000Z"}
[info] 14:03:25 | [システム管理者]Le Diep | PUT /2 | formID: 2を編集が成功しました
[http] 14:03:25 | [システム管理者]Le Diep GET /api/form/2 body:{}
[info] 14:03:25 | [システム管理者]Le Diep | GET /2 | get one success
[info] 14:09:40 | サーバの起動が完了しました。
[http] 14:09:46 | [システム管理者]Le Diep PUT /api/form/2 body:{"startDate":"2023-11-30T04:57:58.000Z"}
[warn] 14:09:46 | [システム管理者]Le Diep | PUT /2 | start date is invalid
[http] 14:10:27 | [システム管理者]Le Diep PUT /api/form/2 body:{"startDate":"2023-11-30T04:57:58.000Z"}
[warn] 14:10:27 | [システム管理者]Le Diep | PUT /2 | start date is invalid
[http] 14:11:02 | [システム管理者]Le Diep PUT /api/form/2 body:{"startDate":"2023-11-30T04:57:58.000Z"}
[warn] 14:11:02 | [システム管理者]Le Diep | PUT /2 | start date is invalid
[http] 14:11:07 | [システム管理者]Le Diep PUT /api/form/2 body:{"startDate":"2023-11-30T05:10:57.000Z"}
[warn] 14:11:07 | [システム管理者]Le Diep | PUT /2 | start date is invalid
[http] 14:11:13 | [システム管理者]Le Diep PUT /api/form/2 body:{"startDate":"2023-11-07T05:10:57.000Z"}
[info] 14:11:13 | [システム管理者]Le Diep | PUT /2 | formID: 2を編集が成功しました
[http] 14:11:13 | [システム管理者]Le Diep GET /api/form/2 body:{}
[info] 14:11:13 | [システム管理者]Le Diep | GET /2 | get one success
[http] 14:11:13 | [システム管理者]Le Diep GET /api/form/2 body:{}
[info] 14:11:13 | [システム管理者]Le Diep | GET /2 | get one success
[http] 14:11:55 | [システム管理者]Le Diep PUT /api/form/2 body:{"startDate":"2023-11-09T04:57:58.000Z"}
[info] 14:11:55 | [システム管理者]Le Diep | PUT /2 | formID: 2を編集が成功しました
[http] 14:11:55 | [システム管理者]Le Diep GET /api/form/2 body:{}
[info] 14:11:55 | [システム管理者]Le Diep | GET /2 | get one success
[http] 14:11:55 | [システム管理者]Le Diep GET /api/form/2 body:{}
[info] 14:11:55 | [システム管理者]Le Diep | GET /2 | get one success
[http] 14:11:57 | [システム管理者]Le Diep GET /auth body:{}
[http] 14:11:57 | [システム管理者]Le Diep GET /api/config body:{}
[info] 14:11:57 | [システム管理者]Le Diep | GET / | システム設定環境変数を取得できました
[http] 14:11:58 | [システム管理者]Le Diep GET /api/cms/web body:{}
[info] 14:11:58 | [システム管理者]Le Diep | GET / | get all success
[http] 14:11:58 | [システム管理者]Le Diep GET /api/form body:{}
[info] 14:11:58 | [システム管理者]Le Diep | GET / | get all success
[http] 14:12:03 | [システム管理者]Le Diep PUT /api/form/2 body:{"startDate":"2023-11-07T04:57:58.000Z"}
[info] 14:12:03 | [システム管理者]Le Diep | PUT /2 | formID: 2を編集が成功しました
[http] 14:12:03 | [システム管理者]Le Diep GET /api/form/2 body:{}
[info] 14:12:03 | [システム管理者]Le Diep | GET /2 | get one success
[info] 14:12:20 | サーバの起動が完了しました。
[http] 14:12:24 | [システム管理者]Le Diep PUT /api/form/2 body:{"startDate":"2023-11-09T04:57:58.000Z"}
[info] 14:12:24 | [システム管理者]Le Diep | PUT /2 | formID: 2を編集が成功しました
[http] 14:12:24 | [システム管理者]Le Diep GET /api/form/2 body:{}
[info] 14:12:24 | [システム管理者]Le Diep | GET /2 | get one success
[http] 14:12:24 | [システム管理者]Le Diep GET /api/form/2 body:{}
[info] 14:12:24 | [システム管理者]Le Diep | GET /2 | get one success
[http] 14:12:29 | [システム管理者]Le Diep PUT /api/form/2 body:{"startDate":"2023-11-01T04:57:58.000Z"}
[info] 14:12:29 | [システム管理者]Le Diep | PUT /2 | formID: 2を編集が成功しました
[http] 14:12:29 | [システム管理者]Le Diep GET /api/form/2 body:{}
[info] 14:12:29 | [システム管理者]Le Diep | GET /2 | get one success
[http] 14:12:29 | [システム管理者]Le Diep GET /api/form/2 body:{}
[info] 14:12:29 | [システム管理者]Le Diep | GET /2 | get one success
[http] 14:12:34 | [システム管理者]Le Diep PUT /api/form/2 body:{"endDate":"2023-11-08T04:57:58.000Z"}
[info] 14:12:34 | [システム管理者]Le Diep | PUT /2 | formID: 2を編集が成功しました
[http] 14:12:34 | [システム管理者]Le Diep GET /api/form/2 body:{}
[info] 14:12:34 | [システム管理者]Le Diep | GET /2 | get one success
[http] 14:12:34 | [システム管理者]Le Diep GET /api/form/2 body:{}
[info] 14:12:34 | [システム管理者]Le Diep | GET /2 | get one success
[http] 14:12:38 | [システム管理者]Le Diep PUT /api/form/2 body:{"startDate":"2023-11-07T04:57:58.000Z"}
[info] 14:12:38 | [システム管理者]Le Diep | PUT /2 | formID: 2を編集が成功しました
[http] 14:12:38 | [システム管理者]Le Diep GET /api/form/2 body:{}
[info] 14:12:38 | [システム管理者]Le Diep | GET /2 | get one success
[http] 14:12:38 | [システム管理者]Le Diep GET /api/form/2 body:{}
[info] 14:12:38 | [システム管理者]Le Diep | GET /2 | get one success
[http] 14:12:42 | [システム管理者]Le Diep PUT /api/form/2 body:{"endDate":"2023-11-06T04:57:58.000Z"}
[warn] 14:12:42 | [システム管理者]Le Diep | PUT /2 | end date is invalid
[http] 14:12:56 | [システム管理者]Le Diep GET /auth body:{}
[http] 14:12:56 | [システム管理者]Le Diep GET /api/config body:{}
[info] 14:12:56 | [システム管理者]Le Diep | GET / | システム設定環境変数を取得できました
[http] 14:12:56 | [システム管理者]Le Diep GET /api/cms/web body:{}
[info] 14:12:56 | [システム管理者]Le Diep | GET / | get all success
[http] 14:12:57 | [システム管理者]Le Diep GET /api/form body:{}
[info] 14:12:57 | [システム管理者]Le Diep | GET / | get all success
[http] 14:14:29 | [システム管理者]Le Diep GET /auth body:{}
[http] 14:14:29 | [システム管理者]Le Diep GET /api/config body:{}
[info] 14:14:29 | [システム管理者]Le Diep | GET / | システム設定環境変数を取得できました
[http] 14:14:29 | [システム管理者]Le Diep GET /api/cms/web body:{}
[info] 14:14:29 | [システム管理者]Le Diep | GET / | get all success
[http] 14:14:30 | [システム管理者]Le Diep GET /api/form body:{}
[info] 14:14:30 | [システム管理者]Le Diep | GET / | get all success
[http] 14:14:40 | [システム管理者]Le Diep GET /auth body:{}
[http] 14:14:40 | [システム管理者]Le Diep GET /api/config body:{}
[info] 14:14:40 | [システム管理者]Le Diep | GET / | システム設定環境変数を取得できました
[http] 14:14:41 | [システム管理者]Le Diep GET /api/cms/web body:{}
[info] 14:14:41 | [システム管理者]Le Diep | GET / | get all success
[http] 14:14:41 | [システム管理者]Le Diep GET /api/form body:{}
[info] 14:14:41 | [システム管理者]Le Diep | GET / | get all success
[http] 14:14:43 | [システム管理者]Le Diep GET /auth body:{}
[http] 14:14:43 | [システム管理者]Le Diep GET /api/config body:{}
[info] 14:14:43 | [システム管理者]Le Diep | GET / | システム設定環境変数を取得できました
[http] 14:14:43 | [システム管理者]Le Diep GET /api/cms/web body:{}
[info] 14:14:43 | [システム管理者]Le Diep | GET / | get all success
[http] 14:14:44 | [システム管理者]Le Diep GET /api/form body:{}
[info] 14:14:44 | [システム管理者]Le Diep | GET / | get all success
[http] 14:44:25 | [システム管理者]Le Diep GET /auth body:{}
[http] 14:44:25 | [システム管理者]Le Diep GET /api/config body:{}
[info] 14:44:25 | [システム管理者]Le Diep | GET / | システム設定環境変数を取得できました
[http] 14:44:25 | [システム管理者]Le Diep GET /api/cms/web body:{}
[info] 14:44:25 | [システム管理者]Le Diep | GET / | get all success
[http] 14:44:25 | [システム管理者]Le Diep GET /api/form body:{}
[info] 14:44:25 | [システム管理者]Le Diep | GET / | get all success
[http] 14:45:41 | [システム管理者]Le Diep GET /auth body:{}
[http] 14:45:41 | [システム管理者]Le Diep GET /api/config body:{}
[info] 14:45:41 | [システム管理者]Le Diep | GET / | システム設定環境変数を取得できました
[http] 14:45:41 | [システム管理者]Le Diep GET /api/cms/web body:{}
[info] 14:45:41 | [システム管理者]Le Diep | GET / | get all success
[http] 14:45:41 | [システム管理者]Le Diep GET /api/form body:{}
[info] 14:45:41 | [システム管理者]Le Diep | GET / | get all success
[http] 15:00:23 | [システム管理者]Le Diep GET /auth body:{}
[http] 15:00:23 | [システム管理者]Le Diep GET /api/config body:{}
[info] 15:00:23 | [システム管理者]Le Diep | GET / | システム設定環境変数を取得できました
[http] 15:00:23 | [システム管理者]Le Diep GET /api/cms/web body:{}
[info] 15:00:23 | [システム管理者]Le Diep | GET / | get all success
[http] 15:00:24 | [システム管理者]Le Diep GET /api/form body:{}
[info] 15:00:24 | [システム管理者]Le Diep | GET / | get all success
[http] 15:01:57 | [システム管理者]Le Diep GET /auth body:{}
[http] 15:01:57 | [システム管理者]Le Diep GET /api/config body:{}
[info] 15:01:57 | [システム管理者]Le Diep | GET / | システム設定環境変数を取得できました
[http] 15:01:57 | [システム管理者]Le Diep GET /api/cms/web body:{}
[info] 15:01:57 | [システム管理者]Le Diep | GET / | get all success
[http] 15:01:58 | [システム管理者]Le Diep GET /api/form body:{}
[info] 15:01:58 | [システム管理者]Le Diep | GET / | get all success
[info] 15:03:13 | サーバの起動が完了しました。
[info] 15:03:24 | サーバの起動が完了しました。
[info] 15:03:46 | サーバの起動が完了しました。
[info] 15:05:13 | サーバの起動が完了しました。
[info] 15:05:51 | サーバの起動が完了しました。
[http] 15:07:51 | [システム管理者]Le Diep GET /auth body:{}
[http] 15:07:51 | [システム管理者]Le Diep GET /api/config body:{}
[info] 15:07:51 | [システム管理者]Le Diep | GET / | システム設定環境変数を取得できました
[http] 15:07:51 | [システム管理者]Le Diep GET /api/cms/web body:{}
[info] 15:07:51 | [システム管理者]Le Diep | GET / | get all success
[http] 15:07:55 | [システム管理者]Le Diep GET /auth body:{}
[http] 15:07:55 | [システム管理者]Le Diep GET /api/config body:{}
[info] 15:07:55 | [システム管理者]Le Diep | GET / | システム設定環境変数を取得できました
[http] 15:07:55 | [システム管理者]Le Diep GET /api/cms/web body:{}
[info] 15:07:55 | [システム管理者]Le Diep | GET / | get all success
[http] 15:08:35 | [システム管理者]Le Diep GET /auth body:{}
[http] 15:08:35 | [システム管理者]Le Diep GET /api/config body:{}
[info] 15:08:35 | [システム管理者]Le Diep | GET / | システム設定環境変数を取得できました
[http] 15:08:35 | [システム管理者]Le Diep GET /api/cms/web body:{}
[info] 15:08:35 | [システム管理者]Le Diep | GET / | get all success
[http] 15:08:46 | [システム管理者]Le Diep POST /api/form/ body:{"name":"kk","webId":1,"startDate":"2023-11-06T15:00:00.000Z"}
[info] 15:08:46 | [システム管理者]Le Diep | POST / | formID: 3を作成が成功しました
[http] 15:08:46 | [システム管理者]Le Diep GET /api/form/3 body:{}
[info] 15:08:46 | [システム管理者]Le Diep | GET /3 | get one success
[http] 15:08:56 | [システム管理者]Le Diep GET /auth body:{}
[http] 15:08:56 | [システム管理者]Le Diep GET /api/config body:{}
[info] 15:08:56 | [システム管理者]Le Diep | GET / | システム設定環境変数を取得できました
[http] 15:08:56 | [システム管理者]Le Diep GET /api/cms/web body:{}
[info] 15:08:56 | [システム管理者]Le Diep | GET / | get all success
[http] 15:08:56 | [システム管理者]Le Diep GET /api/form body:{}
[info] 15:08:56 | [システム管理者]Le Diep | GET / | get all success
[http] 15:10:01 | [システム管理者]Le Diep GET /api/config body:{}
[http] 15:10:01 | [システム管理者]Le Diep GET /auth body:{}
[info] 15:10:01 | [システム管理者]Le Diep | GET / | システム設定環境変数を取得できました
[http] 15:10:01 | [システム管理者]Le Diep GET /api/cms/web body:{}
[info] 15:10:01 | [システム管理者]Le Diep | GET / | get all success
[http] 15:10:01 | [システム管理者]Le Diep GET /api/form body:{}
[info] 15:10:01 | [システム管理者]Le Diep | GET / | get all success
[http] 15:11:45 | [システム管理者]Le Diep GET /auth body:{}
[http] 15:11:45 | [システム管理者]Le Diep GET /api/config body:{}
[info] 15:11:45 | [システム管理者]Le Diep | GET / | システム設定環境変数を取得できました
[http] 15:15:11 | [システム管理者]Le Diep GET /api/config body:{}
[info] 15:15:11 | [システム管理者]Le Diep | GET / | システム設定環境変数を取得できました
[http] 15:16:14 | [システム管理者]Le Diep GET /auth body:{}
[http] 15:16:14 | [システム管理者]Le Diep GET /api/config body:{}
[info] 15:16:14 | [システム管理者]Le Diep | GET / | システム設定環境変数を取得できました
[http] 15:16:14 | [システム管理者]Le Diep GET /api/cms/web body:{}
[info] 15:16:14 | [システム管理者]Le Diep | GET / | get all success
[http] 15:16:14 | [システム管理者]Le Diep GET /api/form body:{}
[info] 15:16:14 | [システム管理者]Le Diep | GET / | get all success
[http] 15:17:01 | [システム管理者]Le Diep GET /api/config body:{}
[info] 15:17:01 | [システム管理者]Le Diep | GET / | システム設定環境変数を取得できました
[http] 15:17:03 | [システム管理者]Le Diep GET /auth body:{}
[http] 15:17:03 | [システム管理者]Le Diep GET /api/config body:{}
[info] 15:17:03 | [システム管理者]Le Diep | GET / | システム設定環境変数を取得できました
[http] 15:17:03 | [システム管理者]Le Diep GET /api/cms/web body:{}
[info] 15:17:03 | [システム管理者]Le Diep | GET / | get all success
[http] 15:17:04 | [システム管理者]Le Diep GET /api/form body:{}
[info] 15:17:04 | [システム管理者]Le Diep | GET / | get all success
[http] 15:19:39 | [システム管理者]Le Diep GET /auth body:{}
[http] 15:19:39 | [システム管理者]Le Diep GET /api/config body:{}
[info] 15:19:39 | [システム管理者]Le Diep | GET / | システム設定環境変数を取得できました
[http] 15:19:39 | [システム管理者]Le Diep GET /api/cms/web body:{}
[info] 15:19:39 | [システム管理者]Le Diep | GET / | get all success
[http] 15:19:39 | [システム管理者]Le Diep GET /api/form body:{}
[info] 15:19:39 | [システム管理者]Le Diep | GET / | get all success
[http] 15:19:52 | [システム管理者]Le Diep GET /auth body:{}
[http] 15:19:52 | [システム管理者]Le Diep GET /api/config body:{}
[info] 15:19:52 | [システム管理者]Le Diep | GET / | システム設定環境変数を取得できました
[http] 15:19:52 | [システム管理者]Le Diep GET /api/cms/web body:{}
[info] 15:19:52 | [システム管理者]Le Diep | GET / | get all success
[http] 15:19:52 | [システム管理者]Le Diep GET /api/form body:{}
[info] 15:19:52 | [システム管理者]Le Diep | GET / | get all success
[http] 15:20:26 | [システム管理者]Le Diep GET /auth body:{}
[http] 15:20:26 | [システム管理者]Le Diep GET /api/config body:{}
[info] 15:20:26 | [システム管理者]Le Diep | GET / | システム設定環境変数を取得できました
[http] 15:20:26 | [システム管理者]Le Diep GET /api/cms/web body:{}
[info] 15:20:26 | [システム管理者]Le Diep | GET / | get all success
[http] 15:20:26 | [システム管理者]Le Diep GET /api/form body:{}
[info] 15:20:26 | [システム管理者]Le Diep | GET / | get all success
[http] 15:20:59 | [システム管理者]Le Diep GET /auth body:{}
[http] 15:20:59 | [システム管理者]Le Diep GET /api/config body:{}
[info] 15:20:59 | [システム管理者]Le Diep | GET / | システム設定環境変数を取得できました
[http] 15:21:00 | [システム管理者]Le Diep GET /api/cms/web body:{}
[info] 15:21:00 | [システム管理者]Le Diep | GET / | get all success
[http] 15:21:00 | [システム管理者]Le Diep GET /api/form body:{}
[info] 15:21:00 | [システム管理者]Le Diep | GET / | get all success
[http] 15:21:20 | [システム管理者]Le Diep GET /auth body:{}
[http] 15:21:20 | [システム管理者]Le Diep GET /api/config body:{}
[info] 15:21:20 | [システム管理者]Le Diep | GET / | システム設定環境変数を取得できました
[http] 15:21:20 | [システム管理者]Le Diep GET /api/cms/web body:{}
[info] 15:21:20 | [システム管理者]Le Diep | GET / | get all success
[http] 15:21:20 | [システム管理者]Le Diep GET /api/form body:{}
[info] 15:21:20 | [システム管理者]Le Diep | GET / | get all success
[http] 15:21:48 | [システム管理者]Le Diep GET /auth body:{}
[http] 15:21:48 | [システム管理者]Le Diep GET /api/config body:{}
[info] 15:21:48 | [システム管理者]Le Diep | GET / | システム設定環境変数を取得できました
[http] 15:21:48 | [システム管理者]Le Diep GET /api/cms/web body:{}
[info] 15:21:48 | [システム管理者]Le Diep | GET / | get all success
[http] 15:21:48 | [システム管理者]Le Diep GET /api/form body:{}
[info] 15:21:48 | [システム管理者]Le Diep | GET / | get all success
[http] 15:22:12 | [システム管理者]Le Diep GET /auth body:{}
[http] 15:22:12 | [システム管理者]Le Diep GET /api/config body:{}
[info] 15:22:12 | [システム管理者]Le Diep | GET / | システム設定環境変数を取得できました
[http] 15:22:12 | [システム管理者]Le Diep GET /api/cms/web body:{}
[info] 15:22:12 | [システム管理者]Le Diep | GET / | get all success
[http] 15:22:12 | [システム管理者]Le Diep GET /api/form body:{}
[info] 15:22:12 | [システム管理者]Le Diep | GET / | get all success
[http] 15:35:34 | [システム管理者]Le Diep GET /auth body:{}
[http] 15:35:34 | [システム管理者]Le Diep GET /api/config body:{}
[info] 15:35:34 | [システム管理者]Le Diep | GET / | システム設定環境変数を取得できました
[http] 15:35:34 | [システム管理者]Le Diep GET /api/cms/web body:{}
[info] 15:35:34 | [システム管理者]Le Diep | GET / | get all success
[http] 15:35:34 | [システム管理者]Le Diep GET /api/form body:{}
[info] 15:35:34 | [システム管理者]Le Diep | GET / | get all success
[http] 15:38:28 | [システム管理者]Le Diep GET /api/config body:{}
[info] 15:38:28 | [システム管理者]Le Diep | GET / | システム設定環境変数を取得できました
[http] 15:38:33 | [システム管理者]Le Diep GET /api/config body:{}
[http] 15:38:33 | [システム管理者]Le Diep GET /auth body:{}
[info] 15:38:33 | [システム管理者]Le Diep | GET / | システム設定環境変数を取得できました
[http] 15:38:33 | [システム管理者]Le Diep GET /api/cms/web body:{}
[info] 15:38:33 | [システム管理者]Le Diep | GET / | get all success
[http] 15:38:34 | [システム管理者]Le Diep GET /api/form body:{}
[info] 15:38:34 | [システム管理者]Le Diep | GET / | get all success
[http] 15:42:49 | [システム管理者]Le Diep GET /api/config body:{}
[info] 15:42:49 | [システム管理者]Le Diep | GET / | システム設定環境変数を取得できました
[http] 15:49:46 | [システム管理者]Le Diep GET /auth body:{}
[http] 15:49:46 | [システム管理者]Le Diep GET /api/config body:{}
[info] 15:49:47 | [システム管理者]Le Diep | GET / | システム設定環境変数を取得できました
[http] 15:49:47 | [システム管理者]Le Diep GET /api/cms/web body:{}
[info] 15:49:47 | [システム管理者]Le Diep | GET / | get all success
[http] 15:49:47 | [システム管理者]Le Diep GET /api/form body:{}
[info] 15:49:47 | [システム管理者]Le Diep | GET / | get all success
[http] 15:49:51 | [システム管理者]Le Diep GET /auth body:{}
[http] 15:49:51 | [システム管理者]Le Diep GET /api/config body:{}
[info] 15:49:51 | [システム管理者]Le Diep | GET / | システム設定環境変数を取得できました
[http] 15:49:51 | [システム管理者]Le Diep GET /api/cms/web body:{}
[info] 15:49:51 | [システム管理者]Le Diep | GET / | get all success
[http] 15:49:51 | [システム管理者]Le Diep GET /api/form body:{}
[info] 15:49:51 | [システム管理者]Le Diep | GET / | get all success
[http] 15:57:26 | [システム管理者]Le Diep GET /api/config body:{}
[info] 15:57:26 | [システム管理者]Le Diep | GET / | システム設定環境変数を取得できました
[http] 15:57:31 | [システム管理者]Le Diep GET /auth body:{}
[http] 15:57:31 | [システム管理者]Le Diep GET /api/config body:{}
[info] 15:57:31 | [システム管理者]Le Diep | GET / | システム設定環境変数を取得できました
[http] 15:57:31 | [システム管理者]Le Diep GET /api/cms/web body:{}
[info] 15:57:31 | [システム管理者]Le Diep | GET / | get all success
[http] 15:57:31 | [システム管理者]Le Diep GET /api/form body:{}
[info] 15:57:31 | [システム管理者]Le Diep | GET / | get all success
[http] 15:58:03 | [システム管理者]Le Diep GET /auth body:{}
[http] 15:58:03 | [システム管理者]Le Diep GET /api/config body:{}
[info] 15:58:03 | [システム管理者]Le Diep | GET / | システム設定環境変数を取得できました
[http] 15:58:03 | [システム管理者]Le Diep GET /api/cms/web body:{}
[info] 15:58:03 | [システム管理者]Le Diep | GET / | get all success
[http] 15:58:03 | [システム管理者]Le Diep GET /api/form body:{}
[info] 15:58:03 | [システム管理者]Le Diep | GET / | get all success
[http] 15:59:37 | [システム管理者]Le Diep GET /auth body:{}
[http] 15:59:37 | [システム管理者]Le Diep GET /api/config body:{}
[info] 15:59:37 | [システム管理者]Le Diep | GET / | システム設定環境変数を取得できました
[http] 15:59:37 | [システム管理者]Le Diep GET /api/cms/web body:{}
[info] 15:59:37 | [システム管理者]Le Diep | GET / | get all success
[http] 15:59:37 | [システム管理者]Le Diep GET /api/form body:{}
[info] 15:59:37 | [システム管理者]Le Diep | GET / | get all success
[http] 16:00:30 | [システム管理者]Le Diep GET /auth body:{}
[http] 16:00:30 | [システム管理者]Le Diep GET /api/config body:{}
[info] 16:00:30 | [システム管理者]Le Diep | GET / | システム設定環境変数を取得できました
[http] 16:00:30 | [システム管理者]Le Diep GET /api/cms/web body:{}
[info] 16:00:30 | [システム管理者]Le Diep | GET / | get all success
[http] 16:00:31 | [システム管理者]Le Diep GET /api/form body:{}
[info] 16:00:31 | [システム管理者]Le Diep | GET / | get all success
[http] 16:01:06 | [システム管理者]Le Diep GET /api/config body:{}
[http] 16:01:06 | [システム管理者]Le Diep GET /auth body:{}
[info] 16:01:06 | [システム管理者]Le Diep | GET / | システム設定環境変数を取得できました
[http] 16:01:06 | [システム管理者]Le Diep GET /api/cms/web body:{}
[info] 16:01:06 | [システム管理者]Le Diep | GET / | get all success
[http] 16:01:06 | [システム管理者]Le Diep GET /api/form body:{}
[info] 16:01:06 | [システム管理者]Le Diep | GET / | get all success
[http] 16:09:07 | [システム管理者]Le Diep GET /auth body:{}
[http] 16:09:07 | [システム管理者]Le Diep GET /api/config body:{}
[info] 16:09:07 | [システム管理者]Le Diep | GET / | システム設定環境変数を取得できました
[http] 16:09:07 | [システム管理者]Le Diep GET /api/cms/web body:{}
[info] 16:09:07 | [システム管理者]Le Diep | GET / | get all success
[http] 16:09:07 | [システム管理者]Le Diep GET /api/form body:{}
[info] 16:09:07 | [システム管理者]Le Diep | GET / | get all success
[http] 16:10:00 | [システム管理者]Le Diep GET /auth body:{}
[http] 16:10:00 | [システム管理者]Le Diep GET /api/config body:{}
[info] 16:10:00 | [システム管理者]Le Diep | GET / | システム設定環境変数を取得できました
[http] 16:10:00 | [システム管理者]Le Diep GET /api/cms/web body:{}
[info] 16:10:00 | [システム管理者]Le Diep | GET / | get all success
[http] 16:10:00 | [システム管理者]Le Diep GET /api/form body:{}
[info] 16:10:00 | [システム管理者]Le Diep | GET / | get all success
[http] 16:23:54 | [システム管理者]Le Diep GET /api/config body:{}
[info] 16:23:54 | [システム管理者]Le Diep | GET / | システム設定環境変数を取得できました
[http] 16:23:58 | [システム管理者]Le Diep GET /api/config body:{}
[http] 16:23:58 | [システム管理者]Le Diep GET /auth body:{}
[info] 16:23:58 | [システム管理者]Le Diep | GET / | システム設定環境変数を取得できました
[http] 16:23:58 | [システム管理者]Le Diep GET /api/cms/web body:{}
[info] 16:23:58 | [システム管理者]Le Diep | GET / | get all success
[http] 16:23:58 | [システム管理者]Le Diep GET /api/form body:{}
[info] 16:23:58 | [システム管理者]Le Diep | GET / | get all success
[http] 16:34:11 | [システム管理者]Le Diep GET /api/config body:{}
[info] 16:34:11 | [システム管理者]Le Diep | GET / | システム設定環境変数を取得できました
[http] 16:34:16 | [システム管理者]Le Diep GET /api/config body:{}
[http] 16:34:16 | [システム管理者]Le Diep GET /auth body:{}
[info] 16:34:16 | [システム管理者]Le Diep | GET / | システム設定環境変数を取得できました
[http] 16:34:16 | [システム管理者]Le Diep GET /api/cms/web body:{}
[info] 16:34:16 | [システム管理者]Le Diep | GET / | get all success
[http] 16:34:16 | [システム管理者]Le Diep GET /api/form body:{}
[info] 16:34:16 | [システム管理者]Le Diep | GET / | get all success
[http] 16:37:26 | [システム管理者]Le Diep GET /api/config body:{}
[info] 16:37:26 | [システム管理者]Le Diep | GET / | システム設定環境変数を取得できました
[http] 16:37:32 | [システム管理者]Le Diep GET /api/config body:{}
[http] 16:37:32 | [システム管理者]Le Diep GET /auth body:{}
[info] 16:37:32 | [システム管理者]Le Diep | GET / | システム設定環境変数を取得できました
[http] 16:37:32 | [システム管理者]Le Diep GET /api/cms/web body:{}
[info] 16:37:32 | [システム管理者]Le Diep | GET / | get all success
[http] 16:37:33 | [システム管理者]Le Diep GET /api/form body:{}
[info] 16:37:33 | [システム管理者]Le Diep | GET / | get all success
[http] 16:53:30 | [システム管理者]Le Diep GET /api/config body:{}
[info] 16:53:30 | [システム管理者]Le Diep | GET / | システム設定環境変数を取得できました
[http] 16:53:34 | [システム管理者]Le Diep GET /auth body:{}
[http] 16:53:34 | [システム管理者]Le Diep GET /api/config body:{}
[info] 16:53:34 | [システム管理者]Le Diep | GET / | システム設定環境変数を取得できました
[http] 16:53:34 | [システム管理者]Le Diep GET /api/cms/web body:{}
[info] 16:53:34 | [システム管理者]Le Diep | GET / | get all success
[http] 16:53:35 | [システム管理者]Le Diep GET /api/form body:{}
[info] 16:53:35 | [システム管理者]Le Diep | GET / | get all success
[http] 17:10:59 | [システム管理者]Le Diep GET /api/config body:{}
[info] 17:10:59 | [システム管理者]Le Diep | GET / | システム設定環境変数を取得できました
[http] 17:11:05 | [システム管理者]Le Diep GET /auth body:{}
[http] 17:11:05 | [システム管理者]Le Diep GET /api/config body:{}
[info] 17:11:05 | [システム管理者]Le Diep | GET / | システム設定環境変数を取得できました
[http] 17:11:05 | [システム管理者]Le Diep GET /api/cms/web body:{}
[info] 17:11:05 | [システム管理者]Le Diep | GET / | get all success
[http] 17:11:05 | [システム管理者]Le Diep GET /api/form body:{}
[info] 17:11:05 | [システム管理者]Le Diep | GET / | get all success
[http] 17:34:32 | [システム管理者]Le Diep GET /api/config body:{}
[info] 17:34:32 | [システム管理者]Le Diep | GET / | システム設定環境変数を取得できました
[http] 17:34:37 | [システム管理者]Le Diep GET /auth body:{}
[http] 17:34:37 | [システム管理者]Le Diep GET /api/config body:{}
[info] 17:34:37 | [システム管理者]Le Diep | GET / | システム設定環境変数を取得できました
[http] 17:34:38 | [システム管理者]Le Diep GET /api/cms/web body:{}
[info] 17:34:38 | [システム管理者]Le Diep | GET / | get all success
[http] 17:34:38 | [システム管理者]Le Diep GET /api/form body:{}
[info] 17:34:38 | [システム管理者]Le Diep | GET / | get all success
[http] 17:38:14 | [システム管理者]Le Diep GET /api/config body:{}
[info] 17:38:14 | [システム管理者]Le Diep | GET / | システム設定環境変数を取得できました
[http] 17:38:18 | [システム管理者]Le Diep GET /auth body:{}
[http] 17:38:18 | [システム管理者]Le Diep GET /api/config body:{}
[info] 17:38:18 | [システム管理者]Le Diep | GET / | システム設定環境変数を取得できました
[http] 17:38:18 | [システム管理者]Le Diep GET /api/cms/web body:{}
[info] 17:38:18 | [システム管理者]Le Diep | GET / | get all success
[http] 17:38:18 | [システム管理者]Le Diep GET /api/form body:{}
[info] 17:38:18 | [システム管理者]Le Diep | GET / | get all success
[http] 17:40:00 | [システム管理者]Le Diep GET /auth body:{}
[http] 17:40:00 | [システム管理者]Le Diep GET /api/config body:{}
[info] 17:40:00 | [システム管理者]Le Diep | GET / | システム設定環境変数を取得できました
[http] 17:40:00 | [システム管理者]Le Diep GET /api/cms/web body:{}
[info] 17:40:00 | [システム管理者]Le Diep | GET / | get all success
[http] 17:40:00 | [システム管理者]Le Diep GET /api/form body:{}
[info] 17:40:00 | [システム管理者]Le Diep | GET / | get all success
[http] 17:57:44 | [システム管理者]Le Diep GET /api/config body:{}
[http] 17:57:44 | [システム管理者]Le Diep GET /auth body:{}
[info] 17:57:44 | [システム管理者]Le Diep | GET / | システム設定環境変数を取得できました
[http] 17:57:44 | [システム管理者]Le Diep GET /api/cms/web body:{}
[info] 17:57:44 | [システム管理者]Le Diep | GET / | get all success
[http] 17:57:44 | [システム管理者]Le Diep GET /api/form body:{}
[info] 17:57:44 | [システム管理者]Le Diep | GET / | get all success
[http] 18:05:15 | [システム管理者]Le Diep GET /auth body:{}
[http] 18:05:15 | [システム管理者]Le Diep GET /api/config body:{}
[info] 18:05:15 | [システム管理者]Le Diep | GET / | システム設定環境変数を取得できました
[http] 18:05:15 | [システム管理者]Le Diep GET /api/cms/web body:{}
[info] 18:05:15 | [システム管理者]Le Diep | GET / | get all success
[http] 18:05:15 | [システム管理者]Le Diep GET /api/form body:{}
[info] 18:05:15 | [システム管理者]Le Diep | GET / | get all success
[http] 18:09:09 | [システム管理者]Le Diep GET /auth body:{}
[http] 18:09:09 | [システム管理者]Le Diep GET /api/config body:{}
[info] 18:09:09 | [システム管理者]Le Diep | GET / | システム設定環境変数を取得できました
[http] 18:09:14 | [システム管理者]Le Diep POST /api/form body:{"formId":"3"}
[http] 18:09:17 | [システム管理者]Le Diep GET /api/form body:{}
[info] 18:09:17 | [システム管理者]Le Diep | GET / | get all success
[http] 18:09:17 | [システム管理者]Le Diep GET /auth body:{}
[http] 18:09:17 | [システム管理者]Le Diep GET /api/config body:{}
[info] 18:09:17 | [システム管理者]Le Diep | GET / | システム設定環境変数を取得できました
[http] 18:09:19 | [システム管理者]Le Diep GET /auth body:{}
[http] 18:09:19 | [システム管理者]Le Diep GET /api/config body:{}
[info] 18:09:19 | [システム管理者]Le Diep | GET / | システム設定環境変数を取得できました
[http] 18:09:20 | [システム管理者]Le Diep GET /api/cms/web body:{}
[info] 18:09:20 | [システム管理者]Le Diep | GET / | get all success
[http] 18:09:20 | [システム管理者]Le Diep GET /api/form body:{}
[info] 18:09:20 | [システム管理者]Le Diep | GET / | get all success
[http] 18:09:55 | [システム管理者]Le Diep GET /auth body:{}
[http] 18:09:55 | [システム管理者]Le Diep GET /api/config body:{}
[info] 18:09:55 | [システム管理者]Le Diep | GET / | システム設定環境変数を取得できました
[http] 18:09:55 | [システム管理者]Le Diep GET /api/cms/web body:{}
[info] 18:09:55 | [システム管理者]Le Diep | GET / | get all success
[http] 18:09:56 | [システム管理者]Le Diep GET /api/form body:{}
[info] 18:09:56 | [システム管理者]Le Diep | GET / | get all success
[http] 18:10:50 | [システム管理者]Le Diep GET /api/config body:{}
[info] 18:10:50 | [システム管理者]Le Diep | GET / | システム設定環境変数を取得できました
[http] 18:15:49 | [システム管理者]Le Diep GET /api/config body:{}
[info] 18:15:49 | [システム管理者]Le Diep | GET / | システム設定環境変数を取得できました
[http] 18:27:01 | [システム管理者]Le Diep GET /api/config body:{}
[info] 18:27:01 | [システム管理者]Le Diep | GET / | システム設定環境変数を取得できました
[http] 18:27:09 | [システム管理者]Le Diep GET /auth body:{}
[http] 18:27:09 | [システム管理者]Le Diep GET /api/config body:{}
[info] 18:27:09 | [システム管理者]Le Diep | GET / | システム設定環境変数を取得できました
[http] 18:27:09 | [システム管理者]Le Diep GET /api/cms/web body:{}
[info] 18:27:09 | [システム管理者]Le Diep | GET / | get all success
[http] 18:27:09 | [システム管理者]Le Diep GET /api/form body:{}
[info] 18:27:09 | [システム管理者]Le Diep | GET / | get all success
[http] 18:27:32 | [システム管理者]Le Diep POST /api/form body:{"formId":"3"}
[http] 18:27:34 | [システム管理者]Le Diep GET /api/form body:{}
[info] 18:27:34 | [システム管理者]Le Diep | GET / | get all success
[http] 18:28:44 | [システム管理者]Le Diep POST /api/form body:{"formId":"3"}
[http] 18:28:46 | [システム管理者]Le Diep GET /api/form body:{}
[info] 18:28:46 | [システム管理者]Le Diep | GET / | get all success
[http] 18:29:04 | [システム管理者]Le Diep GET /auth body:{}
[http] 18:29:04 | [システム管理者]Le Diep GET /api/config body:{}
[info] 18:29:04 | [システム管理者]Le Diep | GET / | システム設定環境変数を取得できました
[http] 18:29:04 | [システム管理者]Le Diep GET /api/cms/web body:{}
[info] 18:29:04 | [システム管理者]Le Diep | GET / | get all success
[http] 18:29:04 | [システム管理者]Le Diep GET /api/form body:{}
[info] 18:29:04 | [システム管理者]Le Diep | GET / | get all success
[http] 18:29:13 | [システム管理者]Le Diep POST /api/form body:{"formId":"3"}
[http] 18:29:15 | [システム管理者]Le Diep GET /api/form body:{}
[info] 18:29:15 | [システム管理者]Le Diep | GET / | get all success
[http] 18:29:26 | [システム管理者]Le Diep POST /api/form body:{"formId":"3"}
[http] 18:29:27 | [システム管理者]Le Diep GET /api/form body:{}
[info] 18:29:27 | [システム管理者]Le Diep | GET / | get all success
[http] 18:29:28 | [システム管理者]Le Diep POST /api/form body:{"formId":"3"}
[http] 18:29:29 | [システム管理者]Le Diep GET /api/form body:{}
[info] 18:29:29 | [システム管理者]Le Diep | GET / | get all success
[http] 18:35:12 | [システム管理者]Le Diep GET /auth body:{}
[http] 18:35:12 | [システム管理者]Le Diep GET /api/config body:{}
[info] 18:35:12 | [システム管理者]Le Diep | GET / | システム設定環境変数を取得できました
[http] 18:35:12 | [システム管理者]Le Diep GET /api/cms/web body:{}
[info] 18:35:12 | [システム管理者]Le Diep | GET / | get all success
[http] 18:35:12 | [システム管理者]Le Diep GET /api/form body:{}
[info] 18:35:12 | [システム管理者]Le Diep | GET / | get all success
[http] 18:35:55 | [システム管理者]Le Diep GET /auth body:{}
[http] 18:35:55 | [システム管理者]Le Diep GET /api/config body:{}
[info] 18:35:55 | [システム管理者]Le Diep | GET / | システム設定環境変数を取得できました
[http] 18:35:56 | [システム管理者]Le Diep GET /api/cms/web body:{}
[info] 18:35:56 | [システム管理者]Le Diep | GET / | get all success
[http] 18:35:56 | [システム管理者]Le Diep GET /api/form body:{}
[info] 18:35:56 | [システム管理者]Le Diep | GET / | get all success
[http] 18:36:13 | [システム管理者]Le Diep POST /api/form body:{"formId":"3"}
[http] 18:36:15 | [システム管理者]Le Diep GET /api/form body:{}
[info] 18:36:15 | [システム管理者]Le Diep | GET / | get all success
[http] 18:36:16 | [システム管理者]Le Diep POST /api/form body:{"formId":"3"}
[http] 18:36:18 | [システム管理者]Le Diep GET /api/form body:{}
[info] 18:36:18 | [システム管理者]Le Diep | GET / | get all success
[http] 18:37:21 | [システム管理者]Le Diep GET /api/config body:{}
[http] 18:37:21 | [システム管理者]Le Diep GET /auth body:{}
[info] 18:37:21 | [システム管理者]Le Diep | GET / | システム設定環境変数を取得できました
[http] 18:37:21 | [システム管理者]Le Diep GET /api/cms/web body:{}
[info] 18:37:21 | [システム管理者]Le Diep | GET / | get all success
[http] 18:37:21 | [システム管理者]Le Diep GET /api/form body:{}
[info] 18:37:21 | [システム管理者]Le Diep | GET / | get all success
[http] 18:37:42 | [システム管理者]Le Diep POST /api/form body:{"formId":"3"}
[http] 18:37:44 | [システム管理者]Le Diep GET /api/form body:{}
[info] 18:37:44 | [システム管理者]Le Diep | GET / | get all success
[http] 18:39:19 | [システム管理者]Le Diep GET /auth body:{}
[http] 18:39:19 | [システム管理者]Le Diep GET /api/config body:{}
[info] 18:39:19 | [システム管理者]Le Diep | GET / | システム設定環境変数を取得できました
[http] 18:39:19 | [システム管理者]Le Diep GET /api/cms/web body:{}
[info] 18:39:19 | [システム管理者]Le Diep | GET / | get all success
[http] 18:39:19 | [システム管理者]Le Diep GET /api/form body:{}
[info] 18:39:19 | [システム管理者]Le Diep | GET / | get all success
[http] 18:43:10 | [システム管理者]Le Diep GET /auth body:{}
[http] 18:43:10 | [システム管理者]Le Diep GET /api/config body:{}
[info] 18:43:10 | [システム管理者]Le Diep | GET / | システム設定環境変数を取得できました
[http] 18:43:11 | [システム管理者]Le Diep GET /api/cms/web body:{}
[info] 18:43:11 | [システム管理者]Le Diep | GET / | get all success
[http] 18:43:11 | [システム管理者]Le Diep GET /api/form body:{}
[info] 18:43:11 | [システム管理者]Le Diep | GET / | get all success
[http] 18:52:52 | [システム管理者]Le Diep GET /auth body:{}
[http] 18:52:52 | [システム管理者]Le Diep GET /api/config body:{}
[info] 18:52:52 | [システム管理者]Le Diep | GET / | システム設定環境変数を取得できました
[http] 18:52:52 | [システム管理者]Le Diep GET /api/cms/web body:{}
[info] 18:52:52 | [システム管理者]Le Diep | GET / | get all success
[http] 18:52:52 | [システム管理者]Le Diep GET /api/form body:{}
[info] 18:52:52 | [システム管理者]Le Diep | GET / | get all success
[http] 18:53:48 | [システム管理者]Le Diep GET /api/config body:{}
[info] 18:53:48 | [システム管理者]Le Diep | GET / | システム設定環境変数を取得できました
[http] 19:02:48 | [システム管理者]Le Diep GET /auth body:{}
[http] 19:02:48 | [システム管理者]Le Diep GET /api/config body:{}
[info] 19:02:48 | [システム管理者]Le Diep | GET / | システム設定環境変数を取得できました
[http] 19:02:48 | [システム管理者]Le Diep GET /api/cms/web body:{}
[info] 19:02:48 | [システム管理者]Le Diep | GET / | get all success
[http] 19:02:48 | [システム管理者]Le Diep GET /api/form body:{}
[info] 19:02:48 | [システム管理者]Le Diep | GET / | get all success
[http] 19:03:02 | [システム管理者]Le Diep GET /api/cms/template body:{}
[http] 19:03:02 | [システム管理者]Le Diep GET /api/cms/page body:{}
[http] 19:03:02 | [システム管理者]Le Diep GET /api/domain body:{}
[info] 19:03:02 | [システム管理者]Le Diep | GET / | get all success
[info] 19:03:02 | [システム管理者]Le Diep | GET / | get all success
[info] 19:03:02 | [システム管理者]Le Diep | GET / | get all success
[http] 19:03:02 | [システム管理者]Le Diep GET /api/group body:{}
[info] 19:03:02 | [システム管理者]Le Diep | GET / | get all success
[http] 19:05:29 | [システム管理者]Le Diep POST /api/form body:{"formId":"3"}
[http] 19:05:31 | [システム管理者]Le Diep GET /api/form body:{}
[info] 19:05:31 | [システム管理者]Le Diep | GET / | get all success
[http] 19:11:36 | [システム管理者]Le Diep GET /auth body:{}
[http] 19:11:36 | [システム管理者]Le Diep GET /api/config body:{}
[info] 19:11:36 | [システム管理者]Le Diep | GET / | システム設定環境変数を取得できました
[http] 19:11:36 | [システム管理者]Le Diep GET /api/cms/web body:{}
[info] 19:11:36 | [システム管理者]Le Diep | GET / | get all success
[http] 19:11:37 | [システム管理者]Le Diep GET /api/form body:{}
[info] 19:11:37 | [システム管理者]Le Diep | GET / | get all success
[http] 19:12:29 | [システム管理者]Le Diep GET /auth body:{}
[http] 19:12:29 | [システム管理者]Le Diep GET /api/config body:{}
[info] 19:12:29 | [システム管理者]Le Diep | GET / | システム設定環境変数を取得できました
[http] 19:12:29 | [システム管理者]Le Diep GET /api/cms/web body:{}
[info] 19:12:29 | [システム管理者]Le Diep | GET / | get all success
[http] 19:12:30 | [システム管理者]Le Diep GET /api/form body:{}
[info] 19:12:30 | [システム管理者]Le Diep | GET / | get all success
[http] 19:16:54 | [システム管理者]Le Diep GET /auth body:{}
[http] 19:16:54 | [システム管理者]Le Diep GET /api/config body:{}
[info] 19:16:54 | [システム管理者]Le Diep | GET / | システム設定環境変数を取得できました
[http] 19:16:54 | [システム管理者]Le Diep GET /api/cms/web body:{}
[info] 19:16:54 | [システム管理者]Le Diep | GET / | get all success
[http] 19:16:55 | [システム管理者]Le Diep GET /api/form body:{}
[info] 19:16:55 | [システム管理者]Le Diep | GET / | get all success
[http] 19:17:30 | [システム管理者]Le Diep GET /auth body:{}
[http] 19:17:30 | [システム管理者]Le Diep GET /api/config body:{}
[info] 19:17:30 | [システム管理者]Le Diep | GET / | システム設定環境変数を取得できました
[http] 19:17:30 | [システム管理者]Le Diep GET /api/cms/web body:{}
[info] 19:17:30 | [システム管理者]Le Diep | GET / | get all success
[http] 19:17:31 | [システム管理者]Le Diep GET /api/form body:{}
[info] 19:17:31 | [システム管理者]Le Diep | GET / | get all success
[http] 19:18:08 | [システム管理者]Le Diep GET /auth body:{}
[http] 19:18:08 | [システム管理者]Le Diep GET /api/config body:{}
[info] 19:18:08 | [システム管理者]Le Diep | GET / | システム設定環境変数を取得できました
[http] 19:18:08 | [システム管理者]Le Diep GET /api/cms/web body:{}
[info] 19:18:08 | [システム管理者]Le Diep | GET / | get all success
[http] 19:18:08 | [システム管理者]Le Diep GET /api/form body:{}
[info] 19:18:08 | [システム管理者]Le Diep | GET / | get all success
[http] 19:18:50 | [システム管理者]Le Diep GET /auth body:{}
[http] 19:18:50 | [システム管理者]Le Diep GET /api/config body:{}
[info] 19:18:50 | [システム管理者]Le Diep | GET / | システム設定環境変数を取得できました
[http] 19:18:50 | [システム管理者]Le Diep GET /api/cms/web body:{}
[info] 19:18:50 | [システム管理者]Le Diep | GET / | get all success
[http] 19:18:50 | [システム管理者]Le Diep GET /api/form body:{}
[info] 19:18:50 | [システム管理者]Le Diep | GET / | get all success
[http] 19:19:52 | [システム管理者]Le Diep GET /auth body:{}
[http] 19:19:52 | [システム管理者]Le Diep GET /api/config body:{}
[info] 19:19:52 | [システム管理者]Le Diep | GET / | システム設定環境変数を取得できました
[http] 19:19:52 | [システム管理者]Le Diep GET /api/cms/web body:{}
[info] 19:19:52 | [システム管理者]Le Diep | GET / | get all success
[http] 19:19:52 | [システム管理者]Le Diep GET /api/form body:{}
[info] 19:19:52 | [システム管理者]Le Diep | GET / | get all success
[http] 19:21:08 | [システム管理者]Le Diep GET /auth body:{}
[http] 19:21:08 | [システム管理者]Le Diep GET /api/config body:{}
[info] 19:21:08 | [システム管理者]Le Diep | GET / | システム設定環境変数を取得できました
[http] 19:21:09 | [システム管理者]Le Diep GET /api/cms/web body:{}
[info] 19:21:09 | [システム管理者]Le Diep | GET / | get all success
[http] 19:21:09 | [システム管理者]Le Diep GET /api/form body:{}
[info] 19:21:09 | [システム管理者]Le Diep | GET / | get all success
[http] 19:21:43 | [システム管理者]Le Diep GET /auth body:{}
[http] 19:21:43 | [システム管理者]Le Diep GET /api/config body:{}
[info] 19:21:43 | [システム管理者]Le Diep | GET / | システム設定環境変数を取得できました
[http] 19:21:43 | [システム管理者]Le Diep GET /api/cms/web body:{}
[info] 19:21:43 | [システム管理者]Le Diep | GET / | get all success
[http] 19:21:44 | [システム管理者]Le Diep GET /api/form body:{}
[info] 19:21:44 | [システム管理者]Le Diep | GET / | get all success
[http] 19:22:54 | [システム管理者]Le Diep GET /auth body:{}
[http] 19:22:54 | [システム管理者]Le Diep GET /api/config body:{}
[info] 19:22:54 | [システム管理者]Le Diep | GET / | システム設定環境変数を取得できました
[http] 19:22:54 | [システム管理者]Le Diep GET /api/cms/web body:{}
[info] 19:22:54 | [システム管理者]Le Diep | GET / | get all success
[http] 19:22:55 | [システム管理者]Le Diep GET /api/form body:{}
[info] 19:22:55 | [システム管理者]Le Diep | GET / | get all success
[http] 19:23:01 | [システム管理者]Le Diep GET /auth body:{}
[http] 19:23:01 | [システム管理者]Le Diep GET /api/config body:{}
[info] 19:23:01 | [システム管理者]Le Diep | GET / | システム設定環境変数を取得できました
[http] 19:23:01 | [システム管理者]Le Diep GET /api/cms/web body:{}
[info] 19:23:01 | [システム管理者]Le Diep | GET / | get all success
[http] 19:23:02 | [システム管理者]Le Diep GET /api/form body:{}
[info] 19:23:02 | [システム管理者]Le Diep | GET / | get all success
[http] 19:24:51 | [システム管理者]Le Diep GET /auth body:{}
[http] 19:24:51 | [システム管理者]Le Diep GET /api/config body:{}
[info] 19:24:51 | [システム管理者]Le Diep | GET / | システム設定環境変数を取得できました
[http] 19:24:51 | [システム管理者]Le Diep GET /api/cms/web body:{}
[info] 19:24:51 | [システム管理者]Le Diep | GET / | get all success
[http] 19:24:51 | [システム管理者]Le Diep GET /api/form body:{}
[info] 19:24:51 | [システム管理者]Le Diep | GET / | get all success
[http] 19:25:16 | [システム管理者]Le Diep GET /auth body:{}
[http] 19:25:16 | [システム管理者]Le Diep GET /api/config body:{}
[info] 19:25:16 | [システム管理者]Le Diep | GET / | システム設定環境変数を取得できました
[http] 19:25:16 | [システム管理者]Le Diep GET /api/cms/web body:{}
[info] 19:25:16 | [システム管理者]Le Diep | GET / | get all success
[http] 19:25:16 | [システム管理者]Le Diep GET /api/form body:{}
[info] 19:25:16 | [システム管理者]Le Diep | GET / | get all success
[http] 19:25:40 | [システム管理者]Le Diep GET /auth body:{}
[http] 19:25:40 | [システム管理者]Le Diep GET /api/config body:{}
[info] 19:25:40 | [システム管理者]Le Diep | GET / | システム設定環境変数を取得できました
[http] 19:25:40 | [システム管理者]Le Diep GET /api/cms/web body:{}
[info] 19:25:40 | [システム管理者]Le Diep | GET / | get all success
[http] 19:25:40 | [システム管理者]Le Diep GET /api/form body:{}
[info] 19:25:40 | [システム管理者]Le Diep | GET / | get all success
[http] 19:28:17 | [システム管理者]Le Diep GET /auth body:{}
[http] 19:28:17 | [システム管理者]Le Diep GET /api/config body:{}
[info] 19:28:17 | [システム管理者]Le Diep | GET / | システム設定環境変数を取得できました
[http] 19:28:17 | [システム管理者]Le Diep GET /api/cms/web body:{}
[info] 19:28:17 | [システム管理者]Le Diep | GET / | get all success
[http] 19:28:17 | [システム管理者]Le Diep GET /api/form body:{}
[info] 19:28:17 | [システム管理者]Le Diep | GET / | get all success
[http] 19:29:39 | [システム管理者]Le Diep GET /auth body:{}
[http] 19:29:39 | [システム管理者]Le Diep GET /api/config body:{}
[info] 19:29:39 | [システム管理者]Le Diep | GET / | システム設定環境変数を取得できました
[http] 19:29:39 | [システム管理者]Le Diep GET /api/cms/web body:{}
[info] 19:29:39 | [システム管理者]Le Diep | GET / | get all success
[http] 19:29:39 | [システム管理者]Le Diep GET /api/form body:{}
[info] 19:29:39 | [システム管理者]Le Diep | GET / | get all success
[http] 19:30:00 | [システム管理者]Le Diep GET /auth body:{}
[http] 19:30:00 | [システム管理者]Le Diep GET /api/config body:{}
[info] 19:30:00 | [システム管理者]Le Diep | GET / | システム設定環境変数を取得できました
[http] 19:30:00 | [システム管理者]Le Diep GET /api/cms/web body:{}
[info] 19:30:00 | [システム管理者]Le Diep | GET / | get all success
[http] 19:30:00 | [システム管理者]Le Diep GET /api/form body:{}
[info] 19:30:00 | [システム管理者]Le Diep | GET / | get all success
[http] 19:34:00 | [システム管理者]Le Diep GET /auth body:{}
[http] 19:34:00 | [システム管理者]Le Diep GET /api/config body:{}
[info] 19:34:00 | [システム管理者]Le Diep | GET / | システム設定環境変数を取得できました
[http] 19:34:00 | [システム管理者]Le Diep GET /api/cms/web body:{}
[info] 19:34:00 | [システム管理者]Le Diep | GET / | get all success
[http] 19:34:01 | [システム管理者]Le Diep GET /api/form body:{}
[info] 19:34:01 | [システム管理者]Le Diep | GET / | get all success
[http] 19:36:27 | [システム管理者]Le Diep GET /auth body:{}
[http] 19:36:27 | [システム管理者]Le Diep GET /api/config body:{}
[info] 19:36:27 | [システム管理者]Le Diep | GET / | システム設定環境変数を取得できました
[http] 19:36:27 | [システム管理者]Le Diep GET /api/cms/web body:{}
[info] 19:36:27 | [システム管理者]Le Diep | GET / | get all success
[http] 19:36:27 | [システム管理者]Le Diep GET /api/form body:{}
[info] 19:36:27 | [システム管理者]Le Diep | GET / | get all success
[http] 19:39:01 | [システム管理者]Le Diep GET /auth body:{}
[http] 19:39:01 | [システム管理者]Le Diep GET /api/config body:{}
[info] 19:39:01 | [システム管理者]Le Diep | GET / | システム設定環境変数を取得できました
[http] 19:39:01 | [システム管理者]Le Diep GET /api/cms/web body:{}
[info] 19:39:01 | [システム管理者]Le Diep | GET / | get all success
[http] 19:39:01 | [システム管理者]Le Diep GET /api/form body:{}
[info] 19:39:01 | [システム管理者]Le Diep | GET / | get all success
[http] 19:41:11 | [システム管理者]Le Diep GET /auth body:{}
[http] 19:41:11 | [システム管理者]Le Diep GET /api/config body:{}
[info] 19:41:11 | [システム管理者]Le Diep | GET / | システム設定環境変数を取得できました
[http] 19:41:11 | [システム管理者]Le Diep GET /api/cms/web body:{}
[info] 19:41:11 | [システム管理者]Le Diep | GET / | get all success
[http] 19:42:03 | [システム管理者]Le Diep GET /auth body:{}
[http] 19:42:03 | [システム管理者]Le Diep GET /api/config body:{}
[info] 19:42:03 | [システム管理者]Le Diep | GET / | システム設定環境変数を取得できました
[http] 19:42:03 | [システム管理者]Le Diep GET /api/form body:{}
[info] 19:42:03 | [システム管理者]Le Diep | GET / | get all success
[http] 19:48:24 | [システム管理者]Le Diep GET /auth body:{}
[http] 19:48:24 | [システム管理者]Le Diep GET /api/config body:{}
[info] 19:48:24 | [システム管理者]Le Diep | GET / | システム設定環境変数を取得できました
[http] 19:48:24 | [システム管理者]Le Diep GET /api/cms/web body:{}
[info] 19:48:24 | [システム管理者]Le Diep | GET / | get all success
[http] 19:48:24 | [システム管理者]Le Diep GET /api/form body:{}
[info] 19:48:24 | [システム管理者]Le Diep | GET / | get all success
