[info] 00:06:29 | サーバの起動が完了しました。
[http] 00:06:34 | 匿名 GET /auth body:{}
[http] 00:06:34 | 匿名 GET /api/config body:{}
[info] 00:06:34 | 匿名 | GET / | システム設定環境変数を取得できました
[http] 00:06:36 | 匿名 GET /auth/login/msal body:{}
[http] 00:06:36 | 匿名 POST /auth/login/msal body:{"name":"Le Diep","email":"diep.le@0004s.com"}
[http] 00:06:38 | [admin-system]Le Diep GET /api/cms/theme body:{}
[info] 00:06:38 | [admin-system]Le Diep | GET / | get all success
[http] 00:06:40 | [admin-system]Le Diep GET /api/cms/template body:{}
[info] 00:06:40 | [admin-system]Le Diep | GET / | get all success
[http] 00:10:08 | [admin-system]Le Diep GET /auth body:{}
[http] 00:10:08 | [admin-system]Le Diep GET /api/config body:{}
[info] 00:10:08 | [admin-system]Le Diep | GET / | システム設定環境変数を取得できました
[http] 00:10:08 | [admin-system]Le Diep GET /api/cms/template body:{}
[info] 00:10:08 | [admin-system]Le Diep | GET / | get all success
[http] 00:10:11 | [admin-system]Le Diep GET /auth body:{}
[http] 00:10:11 | [admin-system]Le Diep GET /api/config body:{}
[info] 00:10:11 | [admin-system]Le Diep | GET / | システム設定環境変数を取得できました
[http] 00:10:12 | [admin-system]Le Diep GET /api/cms/template body:{}
[info] 00:10:12 | [admin-system]Le Diep | GET / | get all success
[http] 00:11:08 | [admin-system]Le Diep GET /auth body:{}
[http] 00:11:08 | [admin-system]Le Diep GET /api/config body:{}
[info] 00:11:08 | [admin-system]Le Diep | GET / | システム設定環境変数を取得できました
[http] 00:11:08 | [admin-system]Le Diep GET /api/cms/template body:{}
[info] 00:11:08 | [admin-system]Le Diep | GET / | get all success
[http] 00:11:38 | [admin-system]Le Diep GET /auth body:{}
[http] 00:11:38 | [admin-system]Le Diep GET /api/config body:{}
[info] 00:11:38 | [admin-system]Le Diep | GET / | システム設定環境変数を取得できました
[http] 00:11:38 | [admin-system]Le Diep GET /api/cms/template body:{}
[info] 00:11:38 | [admin-system]Le Diep | GET / | get all success
[http] 00:11:51 | [admin-system]Le Diep GET /auth body:{}
[http] 00:11:51 | [admin-system]Le Diep GET /api/config body:{}
[info] 00:11:51 | [admin-system]Le Diep | GET / | システム設定環境変数を取得できました
[http] 00:11:51 | [admin-system]Le Diep GET /api/cms/template body:{}
[info] 00:11:51 | [admin-system]Le Diep | GET / | get all success
[http] 00:12:34 | [admin-system]Le Diep GET /api/config body:{}
[info] 00:12:34 | [admin-system]Le Diep | GET / | システム設定環境変数を取得できました
[http] 00:12:40 | [admin-system]Le Diep GET /api/config body:{}
[info] 00:12:40 | [admin-system]Le Diep | GET / | システム設定環境変数を取得できました
[http] 00:12:43 | [admin-system]Le Diep GET /auth body:{}
[http] 00:12:43 | [admin-system]Le Diep GET /api/config body:{}
[info] 00:12:43 | [admin-system]Le Diep | GET / | システム設定環境変数を取得できました
[http] 00:12:43 | [admin-system]Le Diep GET /api/cms/template body:{}
[info] 00:12:43 | [admin-system]Le Diep | GET / | get all success
[http] 00:13:59 | [admin-system]Le Diep GET /api/config body:{}
[http] 00:13:59 | [admin-system]Le Diep GET /auth body:{}
[info] 00:13:59 | [admin-system]Le Diep | GET / | システム設定環境変数を取得できました
[http] 00:13:59 | [admin-system]Le Diep GET /api/cms/template body:{}
[info] 00:13:59 | [admin-system]Le Diep | GET / | get all success
[http] 00:14:37 | [admin-system]Le Diep GET /auth body:{}
[http] 00:14:37 | [admin-system]Le Diep GET /api/config body:{}
[info] 00:14:37 | [admin-system]Le Diep | GET / | システム設定環境変数を取得できました
[http] 00:14:37 | [admin-system]Le Diep GET /api/cms/template body:{}
[info] 00:14:37 | [admin-system]Le Diep | GET / | get all success
[http] 00:15:18 | [admin-system]Le Diep GET /api/config body:{}
[http] 00:15:18 | [admin-system]Le Diep GET /auth body:{}
[info] 00:15:18 | [admin-system]Le Diep | GET / | システム設定環境変数を取得できました
[http] 00:15:18 | [admin-system]Le Diep GET /api/cms/template body:{}
[info] 00:15:18 | [admin-system]Le Diep | GET / | get all success
[http] 00:17:03 | [admin-system]Le Diep GET /auth body:{}
[http] 00:17:03 | [admin-system]Le Diep GET /api/config body:{}
[info] 00:17:03 | [admin-system]Le Diep | GET / | システム設定環境変数を取得できました
[http] 00:17:04 | [admin-system]Le Diep GET /api/cms/template body:{}
[info] 00:17:04 | [admin-system]Le Diep | GET / | get all success
[http] 00:20:34 | [admin-system]Le Diep GET /api/config body:{}
[info] 00:20:34 | [admin-system]Le Diep | GET / | システム設定環境変数を取得できました
[http] 00:20:37 | [admin-system]Le Diep GET /api/config body:{}
[http] 00:20:37 | [admin-system]Le Diep GET /auth body:{}
[info] 00:20:37 | [admin-system]Le Diep | GET / | システム設定環境変数を取得できました
[http] 00:20:38 | [admin-system]Le Diep GET /api/cms/template body:{}
[info] 00:20:38 | [admin-system]Le Diep | GET / | get all success
[http] 00:20:52 | [admin-system]Le Diep GET /api/config body:{}
[info] 00:20:52 | [admin-system]Le Diep | GET / | システム設定環境変数を取得できました
[http] 00:24:10 | [admin-system]Le Diep GET /auth body:{}
[http] 00:24:10 | [admin-system]Le Diep GET /api/config body:{}
[info] 00:24:10 | [admin-system]Le Diep | GET / | システム設定環境変数を取得できました
[http] 00:24:10 | [admin-system]Le Diep GET /api/cms/template body:{}
[info] 00:24:10 | [admin-system]Le Diep | GET / | get all success
[http] 00:25:25 | [admin-system]Le Diep GET /auth body:{}
[http] 00:25:25 | [admin-system]Le Diep GET /api/config body:{}
[info] 00:25:25 | [admin-system]Le Diep | GET / | システム設定環境変数を取得できました
[http] 00:25:25 | [admin-system]Le Diep GET /api/cms/template body:{}
[info] 00:25:25 | [admin-system]Le Diep | GET / | get all success
[http] 00:26:29 | [admin-system]Le Diep GET /auth body:{}
[http] 00:26:29 | [admin-system]Le Diep GET /api/config body:{}
[info] 00:26:29 | [admin-system]Le Diep | GET / | システム設定環境変数を取得できました
[http] 00:26:29 | [admin-system]Le Diep GET /api/cms/template body:{}
[info] 00:26:29 | [admin-system]Le Diep | GET / | get all success
[http] 00:28:15 | [admin-system]Le Diep GET /api/config body:{}
[http] 00:28:15 | [admin-system]Le Diep GET /auth body:{}
[info] 00:28:15 | [admin-system]Le Diep | GET / | システム設定環境変数を取得できました
[http] 00:28:15 | [admin-system]Le Diep GET /api/cms/template body:{}
[info] 00:28:15 | [admin-system]Le Diep | GET / | get all success
[http] 00:31:13 | [admin-system]Le Diep GET /auth body:{}
[http] 00:31:13 | [admin-system]Le Diep GET /api/config body:{}
[info] 00:31:13 | [admin-system]Le Diep | GET / | システム設定環境変数を取得できました
[http] 00:31:14 | [admin-system]Le Diep GET /api/cms/template body:{}
[info] 00:31:14 | [admin-system]Le Diep | GET / | get all success
[http] 00:31:42 | [admin-system]Le Diep GET /auth body:{}
[http] 00:31:42 | [admin-system]Le Diep GET /api/config body:{}
[info] 00:31:42 | [admin-system]Le Diep | GET / | システム設定環境変数を取得できました
[http] 00:31:42 | [admin-system]Le Diep GET /api/cms/template body:{}
[info] 00:31:42 | [admin-system]Le Diep | GET / | get all success
[http] 00:33:00 | [admin-system]Le Diep GET /auth body:{}
[http] 00:33:00 | [admin-system]Le Diep GET /api/config body:{}
[info] 00:33:00 | [admin-system]Le Diep | GET / | システム設定環境変数を取得できました
[http] 00:33:01 | [admin-system]Le Diep GET /api/cms/template body:{}
[info] 00:33:01 | [admin-system]Le Diep | GET / | get all success
[http] 00:42:56 | [admin-system]Le Diep GET /api/cms/theme body:{}
[info] 00:42:56 | [admin-system]Le Diep | GET / | get all success
[info] 00:47:49 | サーバの起動が完了しました。
[info] 00:48:18 | サーバの起動が完了しました。
[info] 00:48:57 | サーバの起動が完了しました。
[info] 00:52:13 | サーバの起動が完了しました。
[info] 00:54:13 | サーバの起動が完了しました。
[info] 00:55:12 | サーバの起動が完了しました。
[info] 00:56:19 | サーバの起動が完了しました。
[http] 00:59:21 | [admin-system]Le Diep GET /auth body:{}
[http] 00:59:21 | [admin-system]Le Diep GET /api/config body:{}
[info] 00:59:21 | [admin-system]Le Diep | GET / | システム設定環境変数を取得できました
[http] 00:59:22 | [admin-system]Le Diep GET /api/cms/theme body:{}
[info] 00:59:22 | [admin-system]Le Diep | GET / | get all success
[http] 01:03:01 | [admin-system]Le Diep GET /api/cms/template body:{}
[info] 01:03:01 | [admin-system]Le Diep | GET / | get all success
[http] 01:03:22 | [admin-system]Le Diep GET /api/config body:{}
[info] 01:03:22 | [admin-system]Le Diep | GET / | システム設定環境変数を取得できました
[http] 01:05:43 | [admin-system]Le Diep GET /api/config body:{}
[info] 01:05:43 | [admin-system]Le Diep | GET / | システム設定環境変数を取得できました
[info] 10:44:18 | サーバの起動が完了しました。
[http] 10:44:26 | 匿名 GET /auth body:{}
[http] 10:44:26 | 匿名 GET /api/config body:{}
[info] 10:44:26 | 匿名 | GET / | システム設定環境変数を取得できました
[http] 10:44:31 | 匿名 GET /auth/login/msal body:{}
[http] 10:44:31 | 匿名 POST /auth/login/msal body:{"name":"Le Diep","email":"diep.le@0004s.com"}
[http] 10:44:33 | [admin-system]Le Diep GET /api/cms/theme body:{}
[info] 10:44:33 | [admin-system]Le Diep | GET / | get all success
[http] 10:44:37 | [admin-system]Le Diep GET /api/cms/template body:{}
[info] 10:44:37 | [admin-system]Le Diep | GET / | get all success
[http] 10:47:21 | [admin-system]Le Diep PUT /api/cms/theme/1 body:{"code":"<!DOCTYPE HTML>\n<html lang=\"ja\">\n  <head>\n    <meta charset=\"UTF-8\">\n    <meta name=\"viewport\" content=\"width=device-width, initial-scale=1.0\">\n    <style>\n      * {\n        padding: 0;\n        margin: 0;\n        box-sizing: border-box;\n      }\n    </style>\n  </head>\n  <body>\n    <header>Header</header>\n    <main>\n      <section class=\"left\"> left </section>\n      <section class=\"UI-editable\" id=\"edit-1696643224429\"></section>\n    </main>\n    <footer>Footer</footer>\n    <script> </script>\n  </body>\n</html>"}
[info] 10:47:21 | [admin-system]Le Diep | PUT /1 | theme: undefinedを編集が成功しました
[http] 10:47:21 | [admin-system]Le Diep GET /api/cms/theme/1 body:{}
[info] 10:47:21 | [admin-system]Le Diep | GET /1 | get one success
[http] 10:47:25 | [admin-system]Le Diep PUT /api/cms/theme/1 body:{"code":"<!DOCTYPE HTML>\n<html lang=\"ja\">\n  <head>\n    <meta charset=\"UTF-8\">\n    <meta name=\"viewport\" content=\"width=device-width, initial-scale=1.0\">\n    <style>\n      * {\n        padding: 0;\n        margin: 0;\n        box-sizing: border-box;\n      }\n    </style>\n  </head>\n  <body>\n    <header>Header</header>\n    <main>\n      <section class=\"left\"> left </section>\n      <section class=\"UI-editable\" id=\"edit-1696643224429\"></section>\n    </main>\n    <footer>Footer</footer>\n    <script> </script>\n  </body>\n</html>"}
[info] 10:47:25 | [admin-system]Le Diep | PUT /1 | theme: undefinedを編集が成功しました
[http] 10:47:25 | [admin-system]Le Diep GET /api/cms/theme/1 body:{}
[info] 10:47:25 | [admin-system]Le Diep | GET /1 | get one success
[http] 10:47:37 | [admin-system]Le Diep PUT /api/cms/theme/1 body:{"code":"<!DOCTYPE HTML>\n<html lang=\"ja\">\n  <head>\n    <meta charset=\"UTF-8\">\n    <meta name=\"viewport\" content=\"width=device-width, initial-scale=1.0\">\n    <style>\n      * {\n        padding: 0;\n        margin: 0;\n        box-sizing: border-box;\n      }\n    </style>\n  </head>\n  <body>\n    <header>Header</header>\n    <main>\n      <section class=\"left\"> left </section>\n      <section class=\"UI-editable\" id=\"edit-1696643224429\"></section>\n    </main>\n    <footer>Footer</footer>\n    <script> </script>\n  </body>\n</html>"}
[info] 10:47:37 | [admin-system]Le Diep | PUT /1 | theme: undefinedを編集が成功しました
[http] 10:47:37 | [admin-system]Le Diep GET /api/cms/theme/1 body:{}
[info] 10:47:37 | [admin-system]Le Diep | GET /1 | get one success
[http] 10:48:27 | [admin-system]Le Diep PUT /api/cms/theme/1 body:{"code":"<!DOCTYPE HTML>\n<html lang=\"ja\">\n  <head>\n    <meta charset=\"UTF-8\">\n    <meta name=\"viewport\" content=\"width=device-width, initial-scale=1.0\">\n    <style>\n      * {\n        padding: 0;\n        margin: 0;\n        box-sizing: border-box;\n      }\n    </style>\n  </head>\n  <body>\n    <header>Header</header>\n    <main>\n      <section class=\"left\"> left </section>\n      <section class=\"UI-editable\" id=\"edit-1696643224429\"></section>\n    </main>\n    <footer>Footer</footer>\n    <script> </script>\n  </body>\n</html>"}
[info] 10:48:27 | [admin-system]Le Diep | PUT /1 | theme: undefinedを編集が成功しました
[http] 10:48:27 | [admin-system]Le Diep GET /api/cms/theme/1 body:{}
[info] 10:48:27 | [admin-system]Le Diep | GET /1 | get one success
[http] 10:48:49 | [admin-system]Le Diep PUT /api/cms/theme/1 body:{"code":"<!DOCTYPE HTML>\n<html lang=\"ja\">\n  <head>\n    <meta charset=\"UTF-8\">\n    <meta name=\"viewport\" content=\"width=device-width, initial-scale=1.0\">\n    <style>\n      * {\n        padding: 0;\n        margin: 0;\n        box-sizing: border-box;\n      }\n    </style>\n  </head>\n  <body>\n    <header>Header</header>\n    <main>\n      <section class=\"UI-editable\" id=\"edit-1696643224429\"></section>\n    </main>\n    <footer>Footer</footer>\n    <script> </script>\n  </body>\n</html>"}
[info] 10:48:49 | [admin-system]Le Diep | PUT /1 | theme: undefinedを編集が成功しました
[http] 10:48:49 | [admin-system]Le Diep GET /api/cms/theme/1 body:{}
[info] 10:48:49 | [admin-system]Le Diep | GET /1 | get one success
[http] 10:54:40 | [admin-system]Le Diep PUT /api/cms/theme/1 body:{"code":"<!DOCTYPE HTML>\n<html lang=\"ja\">\n  <head>\n    <meta charset=\"UTF-8\">\n    <meta name=\"viewport\" content=\"width=device-width, initial-scale=1.0\">\n    <style>\n      * {\n        padding: 0;\n        margin: 0;\n        box-sizing: border-box;\n      }\n      .container {\n        max-width: 1200px;\n        margin: auto;\n      }\n      header {\n        height: 60px;\n        border-bottom: 1px solid red;\n      }\n      footer {\n        background:#eee;\n        padding:10px 0;\n      }\n      footer p {\n        text-align: center;\n      }\n    </style>\n  </head>\n  <body>\n    <header>\n      <div class='container'>\n        <a href=\"/\">logo</a>\n        <div>menu</div\n      </div>\n    </header>\n    <main>\n      <section class=\"UI-editable\" id=\"edit-1696643224429\"></section>\n    </main>\n    <footer>\n      <p>\n        Copy right 2023\n      </p>\n    </footer>\n    <script> </script>\n  </body>\n</html>"}
[info] 10:54:40 | [admin-system]Le Diep | PUT /1 | theme: undefinedを編集が成功しました
[http] 10:54:40 | [admin-system]Le Diep GET /api/cms/theme/1 body:{}
[info] 10:54:40 | [admin-system]Le Diep | GET /1 | get one success
[http] 10:56:35 | [admin-system]Le Diep PUT /api/cms/theme/1 body:{"code":"<!DOCTYPE HTML>\n<html lang=\"ja\">\n  <head>\n    <meta charset=\"UTF-8\">\n    <meta name=\"viewport\" content=\"width=device-width, initial-scale=1.0\">\n    <style>\n      * {\n        padding: 0;\n        margin: 0;\n        box-sizing: border-box;\n      }\n      .container {\n        max-width: 1200px;\n        margin: auto;\n      }\n      header {\n        height: 60px;\n      }\n      .header {\n        display: flex;\n        justify-content: space-between;\n        border-bottom: 1px solid #ccc;\n      }\n      footer {\n        background: #eee;\n        padding: 10px 0;\n      }\n      footer p {\n        text-align: center;\n      }\n    </style>\n  </head>\n  <body>\n    <header>\n      <div class='container header'>\n        <a href=\"/\">logo</a>\n        <div>menu</div </div>\n    </header>\n    <main>\n      <section class=\"UI-editable\" id=\"edit-1696643224429\"></section>\n    </main>\n    <footer>\n      <div class='container'>\n        <p>\n          Copy right 2023\n        </p>\n      </div>\n    </footer>\n    <script> </script>\n  </body>\n</html>"}
[info] 10:56:35 | [admin-system]Le Diep | PUT /1 | theme: undefinedを編集が成功しました
[http] 10:56:35 | [admin-system]Le Diep GET /api/cms/theme/1 body:{}
[info] 10:56:35 | [admin-system]Le Diep | GET /1 | get one success
[http] 11:01:04 | [admin-system]Le Diep PUT /api/cms/theme/1 body:{"code":"<!DOCTYPE HTML>\n<html lang=\"ja\">\n  <head>\n    <meta charset=\"UTF-8\">\n    <meta name=\"viewport\" content=\"width=device-width, initial-scale=1.0\">\n    <style>\n      * {\n        padding: 0;\n        margin: 0;\n        box-sizing: border-box;\n      }\n      .container {\n        max-width: 1200px;\n        margin: auto;\n      }\n      header {\n        height: 60px;\n      }\n      .header {\n        display: flex;\n        justify-content: space-between;\n        border-bottom: 1px solid #ccc;\n      }\n      footer {\n        background: #eee;\n        padding: 10px 0;\n      }\n      footer p {\n        text-align: center;\n      }\n      section {\n        min-height: 60px;\n      }\n      .banner{\n        display:flex;\n        gap:10px;\n        margin:20px auto;\n      }\n      .banner div {\n        flex:1;\n        height:60px;\n        background:#eee;\n      }\n    </style>\n  </head>\n  <body>\n    <header>\n      <div class='container header'>\n        <a href=\"/\">logo</a>\n        <div>menu</div </div>\n    </header>\n    <main>\n      <section class=\"container\">\n        <div class='banner'>\n          <div></div>\n          <div></div>\n          <div></div>\n          <div></div>\n        </div>\n      </section>\n      <section class=\"UI-editable\" id=\"edit-1696643224429\"></section>\n    </main>\n    <footer>\n      <div class='container'>\n        <p>\n          Copy right 2023\n        </p>\n      </div>\n    </footer>\n    <script> </script>\n  </body>\n</html>"}
[info] 11:01:04 | [admin-system]Le Diep | PUT /1 | theme: undefinedを編集が成功しました
[http] 11:01:04 | [admin-system]Le Diep GET /api/cms/theme/1 body:{}
[info] 11:01:04 | [admin-system]Le Diep | GET /1 | get one success
[http] 11:02:16 | [admin-system]Le Diep PUT /api/cms/theme/1 body:{"code":"<!DOCTYPE HTML>\n<html lang=\"ja\">\n  <head>\n    <meta charset=\"UTF-8\">\n    <meta name=\"viewport\" content=\"width=device-width, initial-scale=1.0\">\n    <style>\n      * {\n        padding: 0;\n        margin: 0;\n        box-sizing: border-box;\n      }\n      .container {\n        max-width: 1200px;\n        margin: auto;\n      }\n      header {\n        height: 60px;\n      }\n      .header {\n        display: flex;\n        justify-content: space-between;\n        border-bottom: 1px solid #ccc;\n      }\n      .footer {\n        border-top: 1px solid #ccc;\n        padding: 10px 0;\n      }\n      footer p {\n        text-align: center;\n      }\n      section {\n        min-height: 60px;\n      }\n      .banner {\n        display: flex;\n        gap: 10px;\n        margin: 20px auto;\n      }\n      .banner div {\n        flex: 1;\n        height: 60px;\n        background: #eee;\n      }\n    </style>\n  </head>\n  <body>\n    <header>\n      <div class='container header'>\n        <a href=\"/\">logo</a>\n        <div>menu</div </div>\n    </header>\n    <main>\n      <section class=\"container\">\n        <div class='banner'>\n          <div></div>\n          <div></div>\n          <div></div>\n          <div></div>\n        </div>\n      </section>\n      <section class=\"UI-editable\" id=\"edit-1696643224429\"></section>\n    </main>\n    <footer>\n      <div class='footer container'>\n        <p>\n          Copy right 2023\n        </p>\n      </div>\n    </footer>\n    <script> </script>\n  </body>\n</html>"}
[info] 11:02:16 | [admin-system]Le Diep | PUT /1 | theme: undefinedを編集が成功しました
[http] 11:02:16 | [admin-system]Le Diep GET /api/cms/theme/1 body:{}
[info] 11:02:16 | [admin-system]Le Diep | GET /1 | get one success
[http] 11:03:50 | [admin-system]Le Diep PUT /api/cms/theme/1 body:{"code":"<!DOCTYPE HTML>\n<html lang=\"ja\">\n  <head>\n    <meta charset=\"UTF-8\">\n    <meta name=\"viewport\" content=\"width=device-width, initial-scale=1.0\">\n    <style>\n      * {\n        padding: 0;\n        margin: 0;\n        box-sizing: border-box;\n      }\n      .container {\n        max-width: 1200px;\n        margin: auto;\n      }\n      header {\n        height: 60px;\n      }\n      .header {\n        display: flex;\n        justify-content: space-between;\n        border-bottom: 1px solid #ccc;\n      }\n      .footer {\n        border-top: 1px solid #ccc;\n        padding: 10px 0;\n      }\n      footer p {\n        text-align: center;\n      }\n      section {\n        min-height: 60px;\n      }\n      .banner {\n        display: flex;\n        gap: 10px;\n        margin: 20px auto;\n      }\n      .banner div {\n        flex: 1;\n        height: 60px;\n        background: #eee;\n      }\n    </style>\n  </head>\n  <body>\n    <header>\n      <div class='container header'>\n        <a href=\"/\">logo</a>\n        <div>menu</div </div>\n    </header>\n    <main>\n      <section class=\"container\">\n        <div class='banner'>\n          <div></div>\n          <div></div>\n          <div></div>\n          <div></div>\n        </div>\n      </section>\n      <section class=\"UI-editable\" id=\"edit-1696643224429\"></section>\n    </main>\n    <footer>\n      <div class='footer container'>\n        <p>\n          Copy right 2023\n        </p>\n      </div>\n    </footer>\n    <script> </script>\n  </body>\n</html>"}
[info] 11:03:50 | [admin-system]Le Diep | PUT /1 | theme: undefinedを編集が成功しました
[http] 11:03:50 | [admin-system]Le Diep GET /api/cms/theme/1 body:{}
[info] 11:03:50 | [admin-system]Le Diep | GET /1 | get one success
[http] 11:03:55 | [admin-system]Le Diep DELETE /api/cms/template/6 body:{}
[info] 11:03:55 | [admin-system]Le Diep | DELETE /6 | Page: template02_1696644235824を削除が成功しました
[http] 11:03:57 | [admin-system]Le Diep DELETE /api/cms/template/1 body:{}
[info] 11:03:57 | [admin-system]Le Diep | DELETE /1 | Page: template01_1696644237302を削除が成功しました
[http] 11:04:43 | [admin-system]Le Diep GET /auth body:{}
[http] 11:04:43 | [admin-system]Le Diep GET /api/config body:{}
[info] 11:04:43 | [admin-system]Le Diep | GET / | システム設定環境変数を取得できました
[http] 11:04:43 | [admin-system]Le Diep GET /api/cms/theme body:{}
[info] 11:04:43 | [admin-system]Le Diep | GET / | get all success
[http] 11:20:13 | [admin-system]Le Diep GET /api/config body:{}
[info] 11:20:13 | [admin-system]Le Diep | GET / | システム設定環境変数を取得できました
[http] 11:22:01 | [admin-system]Le Diep GET /api/config body:{}
[info] 11:22:01 | [admin-system]Le Diep | GET / | システム設定環境変数を取得できました
[http] 11:25:05 | [admin-system]Le Diep GET /auth body:{}
[http] 11:25:05 | [admin-system]Le Diep GET /api/config body:{}
[info] 11:25:05 | [admin-system]Le Diep | GET / | システム設定環境変数を取得できました
[http] 11:25:06 | [admin-system]Le Diep GET /api/cms/theme body:{}
[info] 11:25:06 | [admin-system]Le Diep | GET / | get all success
[http] 11:38:55 | [admin-system]Le Diep GET /api/config body:{}
[info] 11:38:55 | [admin-system]Le Diep | GET / | システム設定環境変数を取得できました
[http] 11:43:08 | [admin-system]Le Diep GET /api/config body:{}
[info] 11:43:08 | [admin-system]Le Diep | GET / | システム設定環境変数を取得できました
[http] 11:51:07 | [admin-system]Le Diep GET /api/config body:{}
[info] 11:51:07 | [admin-system]Le Diep | GET / | システム設定環境変数を取得できました
[http] 11:51:14 | [admin-system]Le Diep GET /auth body:{}
[http] 11:51:14 | [admin-system]Le Diep GET /api/config body:{}
[info] 11:51:14 | [admin-system]Le Diep | GET / | システム設定環境変数を取得できました
[http] 11:51:15 | [admin-system]Le Diep GET /api/cms/theme body:{}
[info] 11:51:15 | [admin-system]Le Diep | GET / | get all success
[http] 11:53:50 | [admin-system]Le Diep POST /api/cms/template/ body:{"name":"template 01","code":"<!DOCTYPE HTML>\n<html lang=\"ja\">\n  <head>\n    <meta charset=\"UTF-8\">\n    <meta name=\"viewport\" content=\"width=device-width, initial-scale=1.0\">\n    <style>\n      * {\n        padding: 0;\n        margin: 0;\n        box-sizing: border-box;\n      }\n      .container {\n        max-width: 1200px;\n        margin: auto;\n      }\n      header {\n        height: 60px;\n      }\n      .header {\n        display: flex;\n        justify-content: space-between;\n        border-bottom: 1px solid #ccc;\n      }\n      .footer {\n        border-top: 1px solid #ccc;\n        padding: 10px 0;\n      }\n      footer p {\n        text-align: center;\n      }\n      section {\n        min-height: 60px;\n      }\n      .banner {\n        display: flex;\n        gap: 10px;\n        margin: 20px auto;\n      }\n      .banner div {\n        flex: 1;\n        height: 60px;\n        background: #eee;\n      }\n    </style>\n  </head>\n  <body>\n    <header>\n      <div class='container header'>\n        <a href=\"/\">logo</a>\n        <div>menu</div </div>\n    </header>\n    <main>\n      <section class=\"container\">\n        <div class='banner'>\n          <div></div>\n          <div></div>\n          <div></div>\n          <div></div>\n        </div>\n      </section>\n      <section class=\"UI-editable\" id=\"edit-1696643224429\"></section>\n    </main>\n    <footer>\n      <div class='footer container'>\n        <p>\n          Copy right 2023\n        </p>\n      </div>\n    </footer>\n    <script> </script>\n  </body>\n</html>","object":{"edit-1696643224429":[{"style":{"display":"flex","flex":1,"minWidth":250,"position":"relative"},"children":[{"type":"init","style":{"flex":1,"minWidth":250,"position":"relative"}}]}]}}
[http] 11:59:34 | [admin-system]Le Diep GET /api/config body:{}
[info] 11:59:34 | [admin-system]Le Diep | GET / | システム設定環境変数を取得できました
[http] 12:04:33 | [admin-system]Le Diep GET /api/config body:{}
[http] 12:04:33 | [admin-system]Le Diep GET /auth body:{}
[info] 12:04:33 | [admin-system]Le Diep | GET / | システム設定環境変数を取得できました
[http] 12:04:36 | [admin-system]Le Diep GET /auth body:{}
[http] 12:04:36 | [admin-system]Le Diep GET /api/config body:{}
[info] 12:04:36 | [admin-system]Le Diep | GET / | システム設定環境変数を取得できました
[http] 12:04:37 | [admin-system]Le Diep GET /api/cms/theme body:{}
[info] 12:04:37 | [admin-system]Le Diep | GET / | get all success
[http] 12:06:38 | [admin-system]Le Diep GET /api/config body:{}
[info] 12:06:38 | [admin-system]Le Diep | GET / | システム設定環境変数を取得できました
[http] 12:06:57 | [admin-system]Le Diep GET /api/config body:{}
[info] 12:06:57 | [admin-system]Le Diep | GET / | システム設定環境変数を取得できました
[http] 12:09:31 | [admin-system]Le Diep GET /api/config body:{}
[info] 12:09:31 | [admin-system]Le Diep | GET / | システム設定環境変数を取得できました
[http] 12:10:00 | [admin-system]Le Diep GET /api/cms/template body:{}
[info] 12:10:00 | [admin-system]Le Diep | GET / | get all success
[http] 12:11:10 | [admin-system]Le Diep GET /api/config body:{}
[http] 12:11:10 | [admin-system]Le Diep GET /auth body:{}
[info] 12:11:10 | [admin-system]Le Diep | GET / | システム設定環境変数を取得できました
[http] 12:11:11 | [admin-system]Le Diep GET /api/cms/theme body:{}
[info] 12:11:11 | [admin-system]Le Diep | GET / | get all success
[http] 12:11:13 | [admin-system]Le Diep GET /api/cms/template body:{}
[info] 12:11:13 | [admin-system]Le Diep | GET / | get all success
[http] 12:12:15 | [admin-system]Le Diep POST /api/cms/theme/ body:{"name":"theme02","code":""}
[info] 12:12:15 | [admin-system]Le Diep | POST / | theme: theme02を作成が成功しました
[http] 12:12:15 | [admin-system]Le Diep GET /api/cms/theme/9 body:{}
[info] 12:12:15 | [admin-system]Le Diep | GET /9 | get one success
[http] 12:12:56 | [admin-system]Le Diep PUT /api/cms/theme/9 body:{"code":"<!DOCTYPE HTML>\n<html lang=\"ja\">\n\n<head>\n  <meta charset=\"UTF-8\">\n  <meta name=\"viewport\" content=\"width=device-width, initial-scale=1.0\">\n  <style>\n    * {\n      padding: 0;\n      margin: 0;\n      box-sizing: border-box;\n    }\n\n    .container {\n      max-width: 1200px;\n      margin: auto;\n    }\n\n    header {\n      height: 60px;\n    }\n\n    .header {\n      display: flex;\n      justify-content: space-between;\n      border-bottom: 1px solid #ccc;\n    }\n\n    .footer {\n      border-top: 1px solid #ccc;\n      padding: 10px 0;\n    }\n\n    footer p {\n      text-align: center;\n    }\n\n    section {\n      min-height: 60px;\n    }\n\n    .banner {\n      display: flex;\n      gap: 10px;\n      margin: 20px auto;\n    }\n\n    .banner div {\n      flex: 1;\n      height: 60px;\n      background: #eee;\n    }\n  </style>\n</head>\n\n<body>\n  <header>\n    <div class='container header'>\n      <a href=\"/\">logo</a>\n      <div>menu</div </div>\n  </header>\n  <main>\n    <section class=\"container\">\n    </section>\n    <section class=\"UI-editable\" id=\"edit-1696643224429\"></section>\n    <section class=\"UI-editable\" id=\"edit-1696643224429\"></section>\n  </main>\n  <footer>\n    <div class='footer container'>\n      <p>\n        Copy right 2023\n      </p>\n    </div>\n  </footer>\n  <script> </script>\n</body>\n\n</html>"}
[info] 12:12:56 | [admin-system]Le Diep | PUT /9 | theme: undefinedを編集が成功しました
[http] 12:12:56 | [admin-system]Le Diep GET /api/cms/theme/9 body:{}
[info] 12:12:56 | [admin-system]Le Diep | GET /9 | get one success
[http] 12:14:46 | [admin-system]Le Diep PUT /api/cms/theme/9 body:{"code":"<!DOCTYPE HTML>\n<html lang=\"ja\">\n  <head>\n    <meta charset=\"UTF-8\">\n    <meta name=\"viewport\" content=\"width=device-width, initial-scale=1.0\">\n    <style>\n      * {\n        padding: 0;\n        margin: 0;\n        box-sizing: border-box;\n      }\n      .container {\n        max-width: 1200px;\n        margin: auto;\n      }\n      header {\n        height: 60px;\n      }\n      .header {\n        display: flex;\n        justify-content: space-between;\n        border-bottom: 1px solid #ccc;\n      }\n      .footer {\n        border-top: 1px solid #ccc;\n        padding: 10px 0;\n      }\n      footer p {\n        text-align: center;\n      }\n      section {\n        min-height: 60px;\n      }\n      .banner {\n        display: flex;\n        gap: 10px;\n        margin: 20px auto;\n      }\n      .banner div {\n        flex: 1;\n        height: 60px;\n        background: #eee;\n      }\n    </style>\n  </head>\n  <body>\n    <header>\n      <div class='container header'>\n        <a href=\"/\">logo</a>\n        <div>menu</div </div>\n    </header>\n    <main>\n      <section class=\"container\">\n      </section>\n      <section class=\"UI-editable\" id=\"edit-1696643224429\"></section>\n      <section class=\"UI-editable\" id=\"edit-1696643224429\"></section>\n    </main>\n    <footer>\n      <div class='footer container'>\n        <p>\n          Copy right 2023\n        </p>\n      </div>\n    </footer>\n    <script> </script>\n  </body>\n</html>"}
[info] 12:14:46 | [admin-system]Le Diep | PUT /9 | theme: undefinedを編集が成功しました
[http] 12:14:46 | [admin-system]Le Diep GET /api/cms/theme/9 body:{}
[info] 12:14:46 | [admin-system]Le Diep | GET /9 | get one success
[http] 12:19:10 | [admin-system]Le Diep GET /api/config body:{}
[info] 12:19:10 | [admin-system]Le Diep | GET / | システム設定環境変数を取得できました
[http] 12:20:22 | [admin-system]Le Diep POST /api/cms/template/ body:{"name":"template01","code":"<!DOCTYPE HTML>\n<html lang=\"ja\">\n  <head>\n    <meta charset=\"UTF-8\">\n    <meta name=\"viewport\" content=\"width=device-width, initial-scale=1.0\">\n    <style>\n      * {\n        padding: 0;\n        margin: 0;\n        box-sizing: border-box;\n      }\n      .container {\n        max-width: 1200px;\n        margin: auto;\n      }\n      header {\n        height: 60px;\n      }\n      .header {\n        display: flex;\n        justify-content: space-between;\n        border-bottom: 1px solid #ccc;\n      }\n      .footer {\n        border-top: 1px solid #ccc;\n        padding: 10px 0;\n      }\n      footer p {\n        text-align: center;\n      }\n      section {\n        min-height: 60px;\n      }\n      .banner {\n        display: flex;\n        gap: 10px;\n        margin: 20px auto;\n      }\n      .banner div {\n        flex: 1;\n        height: 60px;\n        background: #eee;\n      }\n    </style>\n  </head>\n  <body>\n    <header>\n      <div class='container header'>\n        <a href=\"/\">logo</a>\n        <div>menu</div </div>\n    </header>\n    <main>\n      <section class=\"container\">\n        <div class='banner'>\n          <div></div>\n          <div></div>\n          <div></div>\n          <div></div>\n        </div>\n      </section>\n      <section class=\"UI-editable\" id=\"edit-1696643224429\"></section>\n    </main>\n    <footer>\n      <div class='footer container'>\n        <p>\n          Copy right 2023\n        </p>\n      </div>\n    </footer>\n    <script> </script>\n  </body>\n</html>","object":{"edit-1696643224429":[{"style":{"display":"flex","flex":1,"minWidth":250,"position":"relative"},"children":[{"type":"init","style":{"flex":1,"minWidth":250,"position":"relative"}}]}]}}
[http] 12:20:58 | [admin-system]Le Diep GET /auth body:{}
[http] 12:20:58 | [admin-system]Le Diep GET /api/config body:{}
[info] 12:20:58 | [admin-system]Le Diep | GET / | システム設定環境変数を取得できました
[http] 12:21:00 | [admin-system]Le Diep GET /api/cms/theme body:{}
[info] 12:21:00 | [admin-system]Le Diep | GET / | get all success
[http] 12:21:10 | [admin-system]Le Diep POST /api/cms/template/ body:{"name":"template01","code":"<!DOCTYPE HTML>\n<html lang=\"ja\">\n  <head>\n    <meta charset=\"UTF-8\">\n    <meta name=\"viewport\" content=\"width=device-width, initial-scale=1.0\">\n    <style>\n      * {\n        padding: 0;\n        margin: 0;\n        box-sizing: border-box;\n      }\n      .container {\n        max-width: 1200px;\n        margin: auto;\n      }\n      header {\n        height: 60px;\n      }\n      .header {\n        display: flex;\n        justify-content: space-between;\n        border-bottom: 1px solid #ccc;\n      }\n      .footer {\n        border-top: 1px solid #ccc;\n        padding: 10px 0;\n      }\n      footer p {\n        text-align: center;\n      }\n      section {\n        min-height: 60px;\n      }\n      .banner {\n        display: flex;\n        gap: 10px;\n        margin: 20px auto;\n      }\n      .banner div {\n        flex: 1;\n        height: 60px;\n        background: #eee;\n      }\n    </style>\n  </head>\n  <body>\n    <header>\n      <div class='container header'>\n        <a href=\"/\">logo</a>\n        <div>menu</div </div>\n    </header>\n    <main>\n      <section class=\"container\">\n        <div class='banner'>\n          <div></div>\n          <div></div>\n          <div></div>\n          <div></div>\n        </div>\n      </section>\n      <section class=\"UI-editable\" id=\"edit-1696643224429\"></section>\n    </main>\n    <footer>\n      <div class='footer container'>\n        <p>\n          Copy right 2023\n        </p>\n      </div>\n    </footer>\n    <script> </script>\n  </body>\n</html>","object":{"edit-1696643224429":[{"style":{"display":"flex","flex":1,"minWidth":250,"position":"relative"},"children":[{"type":"init","style":{"flex":1,"minWidth":250,"position":"relative"}}]}]},"themeId":1}
[info] 12:21:10 | [admin-system]Le Diep | POST / | template: template01を作成が成功しました
[http] 12:21:10 | [admin-system]Le Diep GET /api/cms/template/7 body:{}
[info] 12:21:10 | [admin-system]Le Diep | GET /7 | get one success
[http] 12:21:11 | [admin-system]Le Diep GET /api/cms/template body:{}
[info] 12:21:11 | [admin-system]Le Diep | GET / | get all success
[info] 12:22:24 | サーバの起動が完了しました。
[http] 12:22:53 | [admin-system]Le Diep GET /api/config body:{}
[info] 12:22:53 | [admin-system]Le Diep | GET / | システム設定環境変数を取得できました
[http] 12:29:55 | [admin-system]Le Diep GET /api/config body:{}
[info] 12:29:55 | [admin-system]Le Diep | GET / | システム設定環境変数を取得できました
[http] 12:30:04 | [admin-system]Le Diep GET /auth body:{}
[http] 12:30:04 | [admin-system]Le Diep GET /api/config body:{}
[info] 12:30:04 | [admin-system]Le Diep | GET / | システム設定環境変数を取得できました
[http] 12:30:08 | [admin-system]Le Diep GET /api/cms/template body:{}
[info] 12:30:08 | [admin-system]Le Diep | GET / | get all success
[http] 12:30:29 | [admin-system]Le Diep GET /api/config body:{}
[info] 12:30:29 | [admin-system]Le Diep | GET / | システム設定環境変数を取得できました
