[http] 00:03:59 | [admin-system]Le Diep GET /api/config body:{}
[info] 00:03:59 | [admin-system]Le Diep | GET / | システム設定環境変数を取得できました
[http] 00:05:50 | [admin-system]Le Diep GET /api/config body:{}
[info] 00:05:50 | [admin-system]Le Diep | GET / | システム設定環境変数を取得できました
[http] 00:06:09 | [admin-system]Le Diep GET /api/config body:{}
[info] 00:06:10 | [admin-system]Le Diep | GET / | システム設定環境変数を取得できました
[http] 00:08:09 | [admin-system]Le Diep GET /auth body:{}
[http] 00:08:09 | [admin-system]Le Diep GET /api/config body:{}
[info] 00:08:09 | [admin-system]Le Diep | GET / | システム設定環境変数を取得できました
[http] 00:08:09 | [admin-system]Le Diep GET /api/cms/template body:{}
[info] 00:08:09 | [admin-system]Le Diep | GET / | get all success
[http] 00:08:09 | [admin-system]Le Diep GET /api/cms/theme body:{}
[info] 00:08:09 | [admin-system]Le Diep | GET / | get all success
[http] 00:09:38 | [admin-system]Le Diep GET /auth body:{}
[http] 00:09:38 | [admin-system]Le Diep GET /api/config body:{}
[info] 00:09:38 | [admin-system]Le Diep | GET / | システム設定環境変数を取得できました
[http] 00:09:38 | [admin-system]Le Diep GET /api/cms/template body:{}
[info] 00:09:38 | [admin-system]Le Diep | GET / | get all success
[http] 00:09:38 | [admin-system]Le Diep GET /api/cms/theme body:{}
[info] 00:09:38 | [admin-system]Le Diep | GET / | get all success
[http] 00:14:39 | [admin-system]Le Diep GET /auth body:{}
[http] 00:14:39 | [admin-system]Le Diep GET /api/config body:{}
[info] 00:14:39 | [admin-system]Le Diep | GET / | システム設定環境変数を取得できました
[http] 00:14:40 | [admin-system]Le Diep GET /api/cms/template body:{}
[info] 00:14:40 | [admin-system]Le Diep | GET / | get all success
[http] 00:14:40 | [admin-system]Le Diep GET /api/cms/theme body:{}
[info] 00:14:40 | [admin-system]Le Diep | GET / | get all success
[http] 00:18:10 | [admin-system]Le Diep GET /auth body:{}
[http] 00:18:10 | [admin-system]Le Diep GET /api/config body:{}
[info] 00:18:10 | [admin-system]Le Diep | GET / | システム設定環境変数を取得できました
[http] 00:18:11 | [admin-system]Le Diep GET /api/cms/template body:{}
[info] 00:18:11 | [admin-system]Le Diep | GET / | get all success
[http] 00:18:11 | [admin-system]Le Diep GET /api/cms/theme body:{}
[info] 00:18:11 | [admin-system]Le Diep | GET / | get all success
[http] 00:18:21 | [admin-system]Le Diep GET /auth body:{}
[http] 00:18:21 | [admin-system]Le Diep GET /api/config body:{}
[info] 00:18:21 | [admin-system]Le Diep | GET / | システム設定環境変数を取得できました
[http] 00:18:21 | [admin-system]Le Diep GET /api/cms/template body:{}
[info] 00:18:21 | [admin-system]Le Diep | GET / | get all success
[http] 00:18:21 | [admin-system]Le Diep GET /api/cms/theme body:{}
[info] 00:18:21 | [admin-system]Le Diep | GET / | get all success
[http] 00:20:14 | [admin-system]Le Diep GET /auth body:{}
[http] 00:20:14 | [admin-system]Le Diep GET /api/config body:{}
[info] 00:20:14 | [admin-system]Le Diep | GET / | システム設定環境変数を取得できました
[http] 00:20:15 | [admin-system]Le Diep GET /api/cms/template body:{}
[info] 00:20:15 | [admin-system]Le Diep | GET / | get all success
[http] 00:20:15 | [admin-system]Le Diep GET /api/cms/theme body:{}
[info] 00:20:15 | [admin-system]Le Diep | GET / | get all success
[info] 10:09:28 | サーバの起動が完了しました。
[http] 10:09:36 | 匿名 GET /api/config body:{}
[http] 10:09:36 | 匿名 GET /auth body:{}
[info] 10:09:36 | 匿名 | GET / | システム設定環境変数を取得できました
[http] 10:10:19 | 匿名 GET /auth/login/msal body:{}
[http] 10:10:19 | 匿名 POST /auth/login/msal body:{"name":"Le Diep","email":"diep.le@0004s.com"}
[http] 10:18:09 | [admin-system]Le Diep GET /api/cms/theme body:{}
[info] 10:18:09 | [admin-system]Le Diep | GET / | get all success
[http] 10:18:27 | [admin-system]Le Diep GET /api/cms/template body:{}
[info] 10:18:27 | [admin-system]Le Diep | GET / | get all success
[http] 10:18:34 | [admin-system]Le Diep POST /api/cms/template/ body:{"name":"123","body":"<main>\n  <section class=\"UI-editable\" data-editable=\"1696853364598\"></section>\n</main>","themeId":1}
[info] 10:18:34 | [admin-system]Le Diep | POST / | template: 123を作成が成功しました
[http] 10:18:34 | [admin-system]Le Diep GET /api/cms/template/5 body:{}
[info] 10:18:34 | [admin-system]Le Diep | GET /5 | get one success
[http] 10:20:14 | [admin-system]Le Diep GET /api/config body:{}
[http] 10:20:14 | [admin-system]Le Diep GET /auth body:{}
[info] 10:20:14 | [admin-system]Le Diep | GET / | システム設定環境変数を取得できました
[http] 10:20:15 | [admin-system]Le Diep GET /api/cms/template body:{}
[info] 10:20:15 | [admin-system]Le Diep | GET / | get all success
[http] 10:20:15 | [admin-system]Le Diep GET /api/cms/theme body:{}
[info] 10:20:15 | [admin-system]Le Diep | GET / | get all success
[http] 10:23:20 | [admin-system]Le Diep GET /auth body:{}
[http] 10:23:20 | [admin-system]Le Diep GET /api/config body:{}
[info] 10:23:20 | [admin-system]Le Diep | GET / | システム設定環境変数を取得できました
[http] 10:23:20 | [admin-system]Le Diep GET /api/cms/template body:{}
[info] 10:23:20 | [admin-system]Le Diep | GET / | get all success
[http] 10:23:20 | [admin-system]Le Diep GET /api/cms/theme body:{}
[info] 10:23:20 | [admin-system]Le Diep | GET / | get all success
[http] 10:36:03 | [admin-system]Le Diep GET /auth body:{}
[http] 10:36:03 | [admin-system]Le Diep GET /api/config body:{}
[info] 10:36:03 | [admin-system]Le Diep | GET / | システム設定環境変数を取得できました
[http] 10:36:04 | [admin-system]Le Diep GET /api/cms/template body:{}
[info] 10:36:04 | [admin-system]Le Diep | GET / | get all success
[http] 10:36:04 | [admin-system]Le Diep GET /api/cms/theme body:{}
[info] 10:36:04 | [admin-system]Le Diep | GET / | get all success
[http] 10:39:44 | [admin-system]Le Diep GET /api/config body:{}
[info] 10:39:44 | [admin-system]Le Diep | GET / | システム設定環境変数を取得できました
[http] 10:42:49 | [admin-system]Le Diep GET /api/config body:{}
[info] 10:42:49 | [admin-system]Le Diep | GET / | システム設定環境変数を取得できました
[http] 10:43:24 | [admin-system]Le Diep GET /auth body:{}
[http] 10:43:24 | [admin-system]Le Diep GET /api/config body:{}
[info] 10:43:24 | [admin-system]Le Diep | GET / | システム設定環境変数を取得できました
[http] 10:43:24 | [admin-system]Le Diep GET /api/cms/template body:{}
[info] 10:43:24 | [admin-system]Le Diep | GET / | get all success
[http] 10:43:25 | [admin-system]Le Diep GET /api/cms/theme body:{}
[info] 10:43:25 | [admin-system]Le Diep | GET / | get all success
[http] 11:02:28 | [admin-system]Le Diep GET /api/config body:{}
[info] 11:02:28 | [admin-system]Le Diep | GET / | システム設定環境変数を取得できました
[http] 11:09:39 | [admin-system]Le Diep GET /api/config body:{}
[info] 11:09:39 | [admin-system]Le Diep | GET / | システム設定環境変数を取得できました
[http] 11:09:43 | [admin-system]Le Diep GET /api/config body:{}
[http] 11:09:43 | [admin-system]Le Diep GET /auth body:{}
[info] 11:09:43 | [admin-system]Le Diep | GET / | システム設定環境変数を取得できました
[http] 11:09:44 | [admin-system]Le Diep GET /api/cms/template body:{}
[info] 11:09:44 | [admin-system]Le Diep | GET / | get all success
[http] 11:09:44 | [admin-system]Le Diep GET /api/cms/theme body:{}
[info] 11:09:44 | [admin-system]Le Diep | GET / | get all success
[http] 11:15:57 | [admin-system]Le Diep GET /auth body:{}
[http] 11:15:57 | [admin-system]Le Diep GET /api/config body:{}
[info] 11:15:57 | [admin-system]Le Diep | GET / | システム設定環境変数を取得できました
[http] 11:15:58 | [admin-system]Le Diep GET /api/cms/template body:{}
[info] 11:15:58 | [admin-system]Le Diep | GET / | get all success
[http] 11:15:58 | [admin-system]Le Diep GET /api/cms/theme body:{}
[info] 11:15:58 | [admin-system]Le Diep | GET / | get all success
[http] 11:18:24 | [admin-system]Le Diep GET /api/config body:{}
[info] 11:18:24 | [admin-system]Le Diep | GET / | システム設定環境変数を取得できました
[http] 11:19:45 | [admin-system]Le Diep GET /api/config body:{}
[info] 11:19:45 | [admin-system]Le Diep | GET / | システム設定環境変数を取得できました
[http] 11:37:36 | [admin-system]Le Diep GET /auth body:{}
[http] 11:37:36 | [admin-system]Le Diep GET /api/config body:{}
[info] 11:37:36 | [admin-system]Le Diep | GET / | システム設定環境変数を取得できました
[http] 11:37:36 | [admin-system]Le Diep GET /api/cms/template body:{}
[info] 11:37:36 | [admin-system]Le Diep | GET / | get all success
[http] 11:37:36 | [admin-system]Le Diep GET /api/cms/theme body:{}
[info] 11:37:36 | [admin-system]Le Diep | GET / | get all success
[http] 11:52:40 | [admin-system]Le Diep GET /api/config body:{}
[info] 11:52:40 | [admin-system]Le Diep | GET / | システム設定環境変数を取得できました
[http] 11:53:44 | [admin-system]Le Diep GET /api/config body:{}
[info] 11:53:44 | [admin-system]Le Diep | GET / | システム設定環境変数を取得できました
[http] 11:55:38 | [admin-system]Le Diep GET /api/config body:{}
[info] 11:55:38 | [admin-system]Le Diep | GET / | システム設定環境変数を取得できました
[http] 13:10:11 | 匿名 POST /auth/logout body:{}
[http] 13:10:14 | 匿名 GET /auth body:{}
[http] 13:10:14 | 匿名 GET /api/config body:{}
[info] 13:10:14 | 匿名 | GET / | システム設定環境変数を取得できました
[http] 13:10:14 | 匿名 GET /auth/login/msal body:{}
[http] 13:10:14 | 匿名 POST /auth/login/msal body:{"name":"Le Diep","email":"diep.le@0004s.com"}
[http] 13:10:16 | [admin-system]Le Diep GET /api/cms/template body:{}
[info] 13:10:16 | [admin-system]Le Diep | GET / | get all success
[http] 13:10:19 | [admin-system]Le Diep GET /api/cms/theme body:{}
[info] 13:10:19 | [admin-system]Le Diep | GET / | get all success
[http] 13:20:05 | [admin-system]Le Diep GET /auth body:{}
[http] 13:20:05 | [admin-system]Le Diep GET /api/config body:{}
[info] 13:20:05 | [admin-system]Le Diep | GET / | システム設定環境変数を取得できました
[http] 13:20:05 | [admin-system]Le Diep GET /api/cms/template body:{}
[info] 13:20:05 | [admin-system]Le Diep | GET / | get all success
[http] 13:20:05 | [admin-system]Le Diep GET /api/cms/theme body:{}
[info] 13:20:05 | [admin-system]Le Diep | GET / | get all success
[http] 13:34:35 | [admin-system]Le Diep GET /api/config body:{}
[info] 13:34:35 | [admin-system]Le Diep | GET / | システム設定環境変数を取得できました
[http] 13:37:20 | [admin-system]Le Diep GET /api/config body:{}
[info] 13:37:20 | [admin-system]Le Diep | GET / | システム設定環境変数を取得できました
[http] 13:38:38 | [admin-system]Le Diep GET /auth body:{}
[http] 13:38:38 | [admin-system]Le Diep GET /api/config body:{}
[info] 13:38:38 | [admin-system]Le Diep | GET / | システム設定環境変数を取得できました
[http] 13:38:39 | [admin-system]Le Diep GET /api/cms/template body:{}
[info] 13:38:39 | [admin-system]Le Diep | GET / | get all success
[http] 13:38:39 | [admin-system]Le Diep GET /api/cms/theme body:{}
[info] 13:38:39 | [admin-system]Le Diep | GET / | get all success
[http] 13:38:40 | [admin-system]Le Diep GET /api/local body:{}
[http] 13:39:13 | [admin-system]Le Diep GET /api/config body:{}
[info] 13:39:13 | [admin-system]Le Diep | GET / | システム設定環境変数を取得できました
[http] 13:40:09 | [admin-system]Le Diep GET /api/config body:{}
[info] 13:40:09 | [admin-system]Le Diep | GET / | システム設定環境変数を取得できました
[http] 13:41:48 | [admin-system]Le Diep GET /api/config body:{}
[info] 13:41:48 | [admin-system]Le Diep | GET / | システム設定環境変数を取得できました
[http] 13:41:58 | [admin-system]Le Diep GET /api/config body:{}
[http] 13:41:58 | [admin-system]Le Diep GET /auth body:{}
[info] 13:41:58 | [admin-system]Le Diep | GET / | システム設定環境変数を取得できました
[http] 13:41:59 | [admin-system]Le Diep GET /api/cms/template body:{}
[info] 13:41:59 | [admin-system]Le Diep | GET / | get all success
[http] 13:41:59 | [admin-system]Le Diep GET /api/cms/theme body:{}
[info] 13:41:59 | [admin-system]Le Diep | GET / | get all success
[http] 13:42:05 | [admin-system]Le Diep GET /api/local body:{}
[http] 13:42:30 | [admin-system]Le Diep GET /api/config body:{}
[info] 13:42:30 | [admin-system]Le Diep | GET / | システム設定環境変数を取得できました
[http] 13:44:45 | [admin-system]Le Diep GET /api/config body:{}
[info] 13:44:45 | [admin-system]Le Diep | GET / | システム設定環境変数を取得できました
[http] 13:45:29 | [admin-system]Le Diep GET /api/config body:{}
[info] 13:45:29 | [admin-system]Le Diep | GET / | システム設定環境変数を取得できました
[http] 13:45:38 | [admin-system]Le Diep GET /auth body:{}
[http] 13:45:38 | [admin-system]Le Diep GET /api/config body:{}
[info] 13:45:38 | [admin-system]Le Diep | GET / | システム設定環境変数を取得できました
[http] 13:45:39 | [admin-system]Le Diep GET /api/cms/template body:{}
[info] 13:45:39 | [admin-system]Le Diep | GET / | get all success
[http] 13:45:39 | [admin-system]Le Diep GET /api/cms/theme body:{}
[info] 13:45:39 | [admin-system]Le Diep | GET / | get all success
[http] 13:45:43 | [admin-system]Le Diep GET /api/local body:{}
[http] 13:47:53 | [admin-system]Le Diep GET /api/config body:{}
[info] 13:47:53 | [admin-system]Le Diep | GET / | システム設定環境変数を取得できました
[http] 13:48:38 | [admin-system]Le Diep GET /api/config body:{}
[info] 13:48:38 | [admin-system]Le Diep | GET / | システム設定環境変数を取得できました
[http] 13:55:52 | [admin-system]Le Diep GET /auth body:{}
[http] 13:55:52 | [admin-system]Le Diep GET /api/config body:{}
[info] 13:55:52 | [admin-system]Le Diep | GET / | システム設定環境変数を取得できました
[http] 13:55:53 | [admin-system]Le Diep GET /api/cms/template body:{}
[info] 13:55:53 | [admin-system]Le Diep | GET / | get all success
[http] 13:55:53 | [admin-system]Le Diep GET /api/cms/theme body:{}
[info] 13:55:53 | [admin-system]Le Diep | GET / | get all success
[http] 13:56:24 | [admin-system]Le Diep GET /api/local body:{}
[http] 13:58:50 | [admin-system]Le Diep GET /auth body:{}
[http] 13:58:50 | [admin-system]Le Diep GET /api/config body:{}
[info] 13:58:50 | [admin-system]Le Diep | GET / | システム設定環境変数を取得できました
[http] 13:58:51 | [admin-system]Le Diep GET /api/cms/template body:{}
[info] 13:58:51 | [admin-system]Le Diep | GET / | get all success
[http] 13:58:51 | [admin-system]Le Diep GET /api/cms/theme body:{}
[info] 13:58:51 | [admin-system]Le Diep | GET / | get all success
[http] 13:58:57 | [admin-system]Le Diep GET /api/local body:{}
[http] 14:09:17 | [admin-system]Le Diep GET /api/local/gallery body:{}
[http] 14:09:19 | [admin-system]Le Diep GET /auth body:{}
[http] 14:09:19 | [admin-system]Le Diep GET /api/config body:{}
[info] 14:09:19 | [admin-system]Le Diep | GET / | システム設定環境変数を取得できました
[http] 14:09:20 | [admin-system]Le Diep GET /api/cms/template body:{}
[info] 14:09:20 | [admin-system]Le Diep | GET / | get all success
[http] 14:09:20 | [admin-system]Le Diep GET /api/cms/theme body:{}
[info] 14:09:20 | [admin-system]Le Diep | GET / | get all success
[http] 14:09:31 | [admin-system]Le Diep GET /api/local body:{}
[http] 14:15:17 | [admin-system]Le Diep GET /api/config body:{}
[info] 14:15:17 | [admin-system]Le Diep | GET / | システム設定環境変数を取得できました
[http] 14:17:37 | [admin-system]Le Diep GET /api/config body:{}
[info] 14:17:37 | [admin-system]Le Diep | GET / | システム設定環境変数を取得できました
[http] 14:17:45 | [admin-system]Le Diep GET /auth body:{}
[http] 14:17:45 | [admin-system]Le Diep GET /api/config body:{}
[info] 14:17:45 | [admin-system]Le Diep | GET / | システム設定環境変数を取得できました
[http] 14:17:46 | [admin-system]Le Diep GET /api/cms/template body:{}
[info] 14:17:46 | [admin-system]Le Diep | GET / | get all success
[http] 14:17:46 | [admin-system]Le Diep GET /api/cms/theme body:{}
[info] 14:17:46 | [admin-system]Le Diep | GET / | get all success
[http] 14:17:52 | [admin-system]Le Diep GET /api/local body:{}
[http] 14:20:01 | [admin-system]Le Diep GET /api/config body:{}
[info] 14:20:01 | [admin-system]Le Diep | GET / | システム設定環境変数を取得できました
[http] 14:20:41 | [admin-system]Le Diep GET /api/config body:{}
[info] 14:20:41 | [admin-system]Le Diep | GET / | システム設定環境変数を取得できました
[http] 14:34:52 | [admin-system]Le Diep GET /api/config body:{}
[info] 14:34:52 | [admin-system]Le Diep | GET / | システム設定環境変数を取得できました
[http] 14:35:48 | [admin-system]Le Diep GET /api/config body:{}
[info] 14:35:48 | [admin-system]Le Diep | GET / | システム設定環境変数を取得できました
[http] 14:35:52 | [admin-system]Le Diep GET /api/config body:{}
[http] 14:35:52 | [admin-system]Le Diep GET /auth body:{}
[info] 14:35:52 | [admin-system]Le Diep | GET / | システム設定環境変数を取得できました
[http] 14:35:52 | [admin-system]Le Diep GET /api/cms/template body:{}
[info] 14:35:52 | [admin-system]Le Diep | GET / | get all success
[http] 14:35:53 | [admin-system]Le Diep GET /api/cms/theme body:{}
[info] 14:35:53 | [admin-system]Le Diep | GET / | get all success
[http] 14:36:00 | [admin-system]Le Diep GET /api/local body:{}
[http] 14:46:10 | [admin-system]Le Diep GET /api/config body:{}
[info] 14:46:10 | [admin-system]Le Diep | GET / | システム設定環境変数を取得できました
[http] 14:48:35 | [admin-system]Le Diep GET /api/config body:{}
[info] 14:48:35 | [admin-system]Le Diep | GET / | システム設定環境変数を取得できました
[http] 14:50:06 | [admin-system]Le Diep GET /auth body:{}
[http] 14:50:06 | [admin-system]Le Diep GET /api/config body:{}
[info] 14:50:06 | [admin-system]Le Diep | GET / | システム設定環境変数を取得できました
[http] 14:50:07 | [admin-system]Le Diep GET /api/cms/template body:{}
[info] 14:50:07 | [admin-system]Le Diep | GET / | get all success
[http] 14:50:07 | [admin-system]Le Diep GET /api/cms/theme body:{}
[info] 14:50:07 | [admin-system]Le Diep | GET / | get all success
[http] 14:55:08 | [admin-system]Le Diep GET /api/config body:{}
[http] 14:55:08 | [admin-system]Le Diep GET /auth body:{}
[info] 14:55:08 | [admin-system]Le Diep | GET / | システム設定環境変数を取得できました
[http] 14:57:54 | [admin-system]Le Diep GET /api/local body:{}
[http] 15:01:15 | [admin-system]Le Diep GET /api/config body:{}
[http] 15:01:15 | [admin-system]Le Diep GET /auth body:{}
[info] 15:01:15 | [admin-system]Le Diep | GET / | システム設定環境変数を取得できました
[http] 15:01:16 | [admin-system]Le Diep GET /api/cms/template body:{}
[info] 15:01:16 | [admin-system]Le Diep | GET / | get all success
[http] 15:01:16 | [admin-system]Le Diep GET /api/cms/theme body:{}
[info] 15:01:16 | [admin-system]Le Diep | GET / | get all success
[http] 15:01:22 | [admin-system]Le Diep GET /api/local body:{}
[http] 15:01:55 | [admin-system]Le Diep GET /auth body:{}
[http] 15:01:55 | [admin-system]Le Diep GET /api/config body:{}
[info] 15:01:55 | [admin-system]Le Diep | GET / | システム設定環境変数を取得できました
[http] 15:01:56 | [admin-system]Le Diep GET /api/cms/template body:{}
[info] 15:01:56 | [admin-system]Le Diep | GET / | get all success
[http] 15:01:56 | [admin-system]Le Diep GET /api/cms/theme body:{}
[info] 15:01:56 | [admin-system]Le Diep | GET / | get all success
[http] 15:02:01 | [admin-system]Le Diep GET /api/local body:{}
[http] 15:02:05 | [admin-system]Le Diep GET /api/local/gallery body:{}
[http] 15:02:07 | [admin-system]Le Diep GET /auth body:{}
[http] 15:02:07 | [admin-system]Le Diep GET /api/config body:{}
[info] 15:02:07 | [admin-system]Le Diep | GET / | システム設定環境変数を取得できました
[http] 15:02:08 | [admin-system]Le Diep GET /api/cms/template body:{}
[info] 15:02:08 | [admin-system]Le Diep | GET / | get all success
[http] 15:02:08 | [admin-system]Le Diep GET /api/cms/theme body:{}
[info] 15:02:08 | [admin-system]Le Diep | GET / | get all success
[http] 15:02:13 | [admin-system]Le Diep GET /api/local body:{}
[http] 15:03:44 | [admin-system]Le Diep GET /auth body:{}
[http] 15:03:44 | [admin-system]Le Diep GET /api/config body:{}
[info] 15:03:44 | [admin-system]Le Diep | GET / | システム設定環境変数を取得できました
[http] 15:03:45 | [admin-system]Le Diep GET /api/cms/template body:{}
[info] 15:03:45 | [admin-system]Le Diep | GET / | get all success
[http] 15:03:45 | [admin-system]Le Diep GET /api/cms/theme body:{}
[info] 15:03:45 | [admin-system]Le Diep | GET / | get all success
[http] 15:03:49 | [admin-system]Le Diep GET /auth body:{}
[http] 15:03:49 | [admin-system]Le Diep GET /api/config body:{}
[info] 15:03:49 | [admin-system]Le Diep | GET / | システム設定環境変数を取得できました
[http] 15:03:50 | [admin-system]Le Diep GET /api/cms/template body:{}
[info] 15:03:50 | [admin-system]Le Diep | GET / | get all success
[http] 15:03:50 | [admin-system]Le Diep GET /api/cms/theme body:{}
[info] 15:03:50 | [admin-system]Le Diep | GET / | get all success
[http] 15:03:55 | [admin-system]Le Diep GET /api/local body:{}
[http] 15:04:24 | [admin-system]Le Diep GET /auth body:{}
[http] 15:04:24 | [admin-system]Le Diep GET /api/config body:{}
[info] 15:04:24 | [admin-system]Le Diep | GET / | システム設定環境変数を取得できました
[http] 15:04:25 | [admin-system]Le Diep GET /api/cms/template body:{}
[info] 15:04:25 | [admin-system]Le Diep | GET / | get all success
[http] 15:04:25 | [admin-system]Le Diep GET /api/cms/theme body:{}
[info] 15:04:25 | [admin-system]Le Diep | GET / | get all success
[http] 15:04:30 | [admin-system]Le Diep GET /api/local body:{}
[http] 15:05:26 | [admin-system]Le Diep GET /auth body:{}
[http] 15:05:26 | [admin-system]Le Diep GET /api/config body:{}
[info] 15:05:26 | [admin-system]Le Diep | GET / | システム設定環境変数を取得できました
[http] 15:05:27 | [admin-system]Le Diep GET /api/cms/template body:{}
[info] 15:05:27 | [admin-system]Le Diep | GET / | get all success
[http] 15:05:27 | [admin-system]Le Diep GET /api/cms/theme body:{}
[info] 15:05:27 | [admin-system]Le Diep | GET / | get all success
[http] 15:05:36 | [admin-system]Le Diep GET /api/local body:{}
[http] 15:09:59 | [admin-system]Le Diep POST /api/local/upload body:{}
[http] 15:10:25 | [admin-system]Le Diep GET /api/local/gallery body:{}
[http] 15:10:53 | [admin-system]Le Diep GET /auth body:{}
[http] 15:10:53 | [admin-system]Le Diep GET /api/config body:{}
[info] 15:10:53 | [admin-system]Le Diep | GET / | システム設定環境変数を取得できました
[http] 15:10:54 | [admin-system]Le Diep GET /api/cms/template body:{}
[info] 15:10:54 | [admin-system]Le Diep | GET / | get all success
[http] 15:10:54 | [admin-system]Le Diep GET /api/cms/theme body:{}
[info] 15:10:54 | [admin-system]Le Diep | GET / | get all success
[http] 15:17:16 | [admin-system]Le Diep GET /api/config body:{}
[info] 15:17:16 | [admin-system]Le Diep | GET / | システム設定環境変数を取得できました
[http] 15:20:20 | [admin-system]Le Diep GET /api/config body:{}
[http] 15:20:20 | [admin-system]Le Diep GET /api/domain body:{}
[info] 15:20:20 | [admin-system]Le Diep | GET / | システム設定環境変数を取得できました
[info] 15:20:20 | [admin-system]Le Diep | GET / | get all success
[http] 15:20:20 | [admin-system]Le Diep GET /api/group body:{}
[info] 15:20:20 | [admin-system]Le Diep | GET / | get all success
[http] 15:20:49 | [admin-system]Le Diep GET /api/config body:{}
[info] 15:20:49 | [admin-system]Le Diep | GET / | システム設定環境変数を取得できました
[http] 15:21:34 | [admin-system]Le Diep POST /api/group/ body:{"name":"jhk","permission":"0070000","description":""}
[info] 15:21:34 | [admin-system]Le Diep | POST / | groupID: 2を作成が成功しました
[http] 15:21:34 | [admin-system]Le Diep GET /api/group/2 body:{}
[info] 15:21:34 | [admin-system]Le Diep | GET /2 | get one success
[http] 15:21:43 | [admin-system]Le Diep PUT /api/group/2 body:{"permission":[1,0,7,0,0,0,0]}
[info] 15:21:43 | [admin-system]Le Diep | PUT /2 | groupID: 2を編集が成功しました
[http] 15:21:43 | [admin-system]Le Diep GET /api/group/2 body:{}
[info] 15:21:43 | [admin-system]Le Diep | GET /2 | get one success
[http] 15:21:55 | [admin-system]Le Diep PUT /api/cms/template/4 body:{"body":"\n\t\t\t\t\t<main>\n  <section class=\"UI-editable\" data-editable=\"1696861651763\"><div data-editable=\"df88f5fa0f0b4bf1bc523371974647e7\" data-type=\"row\" style=\"display:flex;width:100%;gap:20px;flex-wrap:wrap;padding:0.5rem;margin:0.5rem auto;min-height:50px\" class=\"\"><div data-editable=\"6451c43685614da8bfe36e4198fb612a\" data-type=\"cell\" style=\"flex:1;min-height:50px;min-width:150px;padding:10px\"></div></div></section>\n</main>\n\t\t\t\t\t","subOwner":[2]}
[info] 15:21:55 | [admin-system]Le Diep | PUT /4 | template: 12345を編集が成功しました
[http] 15:21:55 | [admin-system]Le Diep GET /api/cms/template/4 body:{}
[info] 15:21:55 | [admin-system]Le Diep | GET /4 | get one success
[http] 15:22:01 | [admin-system]Le Diep GET /api/local body:{}
[http] 15:22:17 | [admin-system]Le Diep PUT /api/cms/template/4 body:{"body":"\n\t\t\t\t\t\n\t\t\t\t\t<main>\n  <section class=\"UI-editable\" data-editable=\"1696861651763\"><div data-editable=\"df88f5fa0f0b4bf1bc523371974647e7\" data-type=\"row\" style=\"display:flex;width:100%;gap:20px;flex-wrap:wrap;padding:0.5rem;margin:0.5rem auto;min-height:50px\" class=\"\"><div data-editable=\"6451c43685614da8bfe36e4198fb612a\" data-type=\"cell\" style=\"flex:1;min-height:50px;min-width:150px;padding:10px\" class=\"\"><p>hello</p></div></div></section>\n</main>\n\t\t\t\t\t\n\t\t\t\t\t","subOwner":[2]}
[info] 15:22:17 | [admin-system]Le Diep | PUT /4 | template: 12345を編集が成功しました
[http] 15:22:17 | [admin-system]Le Diep GET /api/cms/template/4 body:{}
[info] 15:22:17 | [admin-system]Le Diep | GET /4 | get one success
[http] 15:24:38 | [admin-system]Le Diep GET /api/config body:{}
[info] 15:24:38 | [admin-system]Le Diep | GET / | システム設定環境変数を取得できました
[http] 15:24:50 | [admin-system]Le Diep PUT /api/cms/template/4 body:{"body":"\n\t\t\t\t\t\n\t\t\t\t\t\n\t\t\t\t\t<main>\n  <section class=\"UI-editable\" data-editable=\"1696861651763\"><div data-editable=\"df88f5fa0f0b4bf1bc523371974647e7\" data-type=\"row\" style=\"display:flex;width:100%;gap:20px;flex-wrap:wrap;padding:0.5rem;margin:0.5rem auto;min-height:50px\" class=\"\"><div data-editable=\"6451c43685614da8bfe36e4198fb612a\" data-type=\"cell\" style=\"flex:1;min-height:50px;min-width:150px;padding:10px\" class=\"\"><p>hello</p></div></div></section>\n</main>\n\t\t\t\t\t\n\t\t\t\t\t\n\t\t\t\t\t","subOwner":[2]}
[info] 15:24:50 | [admin-system]Le Diep | PUT /4 | template: 12345を編集が成功しました
[http] 15:24:50 | [admin-system]Le Diep GET /api/cms/template/4 body:{}
[info] 15:24:50 | [admin-system]Le Diep | GET /4 | get one success
[http] 15:33:01 | [admin-system]Le Diep GET /auth body:{}
[http] 15:33:01 | [admin-system]Le Diep GET /api/config body:{}
[info] 15:33:01 | [admin-system]Le Diep | GET / | システム設定環境変数を取得できました
[http] 15:33:02 | [admin-system]Le Diep GET /api/cms/template body:{}
[info] 15:33:02 | [admin-system]Le Diep | GET / | get all success
[http] 15:33:02 | [admin-system]Le Diep GET /api/domain body:{}
[info] 15:33:02 | [admin-system]Le Diep | GET / | get all success
[http] 15:33:02 | [admin-system]Le Diep GET /api/cms/theme body:{}
[info] 15:33:02 | [admin-system]Le Diep | GET / | get all success
[http] 15:33:02 | [admin-system]Le Diep GET /api/group body:{}
[info] 15:33:02 | [admin-system]Le Diep | GET / | get all success
[http] 15:33:08 | [admin-system]Le Diep POST /api/cms/template/ body:{"name":"dasd","body":"<main>\n  <section class=\"UI-editable\" data-editable=\"1696853364598\"></section>\n</main>","themeId":1}
[info] 15:33:08 | [admin-system]Le Diep | POST / | template: dasdを作成が成功しました
[http] 15:33:08 | [admin-system]Le Diep GET /api/cms/template/6 body:{}
[info] 15:33:08 | [admin-system]Le Diep | GET /6 | get one success
[info] 15:35:18 | サーバの起動が完了しました。
[http] 15:36:18 | [admin-system]Le Diep GET /api/local body:{}
[http] 15:36:27 | [admin-system]Le Diep PUT /api/cms/template/6 body:{"body":"\n\t\t\t\t\t<main>\n  <section class=\"UI-editable\" data-editable=\"1696853364598\"><div data-editable=\"8d3a4847ddb54817a63eceb4f9cee535\" data-type=\"row\" style=\"display:flex;width:100%;gap:20px;flex-wrap:wrap;padding:0.5rem;margin:0.5rem auto;min-height:50px\" class=\"\"><div data-editable=\"5fb3cc0aa7bd4fe89d9477952a8cd6f7\" data-type=\"cell\" style=\"flex:1;min-height:50px;min-width:150px;padding:10px\" class=\"\"><table><tbody><tr><td><div><br></div></td><td><div><br></div></td><td><div><br></div></td><td><div><br></div></td><td><div><br></div></td><td><div><br></div></td><td><div><br></div></td><td><div><br></div></td></tr><tr><td><div><br></div></td><td><div><br></div></td><td><div><br></div></td><td><div><br></div></td><td><div><br></div></td><td><div><br></div></td><td><div><br></div></td><td><div><br></div></td></tr><tr><td><div><br></div></td><td><div><br></div></td><td><div><br></div></td><td><div><br></div></td><td><div><br></div></td><td><div><br></div></td><td><div><br></div></td><td><div><br></div></td></tr><tr><td><div><br></div></td><td><div><br></div></td><td><div><br></div></td><td><div><br></div></td><td><div><br></div></td><td><div><br></div></td><td><div><br></div></td><td><div><br></div></td></tr><tr><td><div><br></div></td><td><div><br></div></td><td><div><br></div></td><td><div><br></div></td><td><div><br></div></td><td><div><br></div></td><td><div><br></div></td><td><div><br></div></td></tr></tbody></table></div></div><div data-editable=\"7ed2f82d2d244b86b86d192d85a534ec\" data-type=\"row\" style=\"display:flex;width:100%;gap:20px;flex-wrap:wrap;padding:0.5rem;margin:0.5rem auto;min-height:50px\"></div><div data-editable=\"1f64df9b3eea47b4b0e7d050636261bd\" data-type=\"row\" style=\"display:flex;width:100%;gap:20px;flex-wrap:wrap;padding:0.5rem;margin:0.5rem auto;min-height:50px\"></div></section>\n</main>\n\t\t\t\t\t","subOwner":[]}
[info] 15:36:27 | [admin-system]Le Diep | PUT /6 | template: dasdを編集が成功しました
[http] 15:36:27 | [admin-system]Le Diep GET /api/cms/template/6 body:{}
[info] 15:36:27 | [admin-system]Le Diep | GET /6 | get one success
[http] 15:36:27 | [admin-system]Le Diep GET /api/cms/template/6 body:{}
[info] 15:36:27 | [admin-system]Le Diep | GET /6 | get one success
[http] 16:16:02 | [admin-system]Le Diep GET /auth body:{}
[http] 16:16:02 | [admin-system]Le Diep GET /api/config body:{}
[info] 16:16:02 | [admin-system]Le Diep | GET / | システム設定環境変数を取得できました
[http] 16:16:03 | [admin-system]Le Diep GET /api/cms/template body:{}
[info] 16:16:03 | [admin-system]Le Diep | GET / | get all success
[http] 16:16:03 | [admin-system]Le Diep GET /api/domain body:{}
[http] 16:16:03 | [admin-system]Le Diep GET /api/cms/theme body:{}
[info] 16:16:03 | [admin-system]Le Diep | GET / | get all success
[info] 16:16:03 | [admin-system]Le Diep | GET / | get all success
[http] 16:16:03 | [admin-system]Le Diep GET /api/group body:{}
[info] 16:16:03 | [admin-system]Le Diep | GET / | get all success
[http] 16:16:06 | [admin-system]Le Diep GET /auth body:{}
[http] 16:16:06 | [admin-system]Le Diep GET /api/config body:{}
[info] 16:16:06 | [admin-system]Le Diep | GET / | システム設定環境変数を取得できました
[http] 16:16:07 | [admin-system]Le Diep GET /api/cms/template body:{}
[info] 16:16:07 | [admin-system]Le Diep | GET / | get all success
[http] 16:16:07 | [admin-system]Le Diep GET /api/domain body:{}
[info] 16:16:07 | [admin-system]Le Diep | GET / | get all success
[http] 16:16:07 | [admin-system]Le Diep GET /api/cms/theme body:{}
[info] 16:16:07 | [admin-system]Le Diep | GET / | get all success
[http] 16:16:07 | [admin-system]Le Diep GET /api/group body:{}
[info] 16:16:07 | [admin-system]Le Diep | GET / | get all success
[http] 16:16:50 | [admin-system]Le Diep GET /auth body:{}
[http] 16:16:50 | [admin-system]Le Diep GET /api/config body:{}
[info] 16:16:50 | [admin-system]Le Diep | GET / | システム設定環境変数を取得できました
[http] 16:16:51 | [admin-system]Le Diep GET /api/cms/template body:{}
[info] 16:16:51 | [admin-system]Le Diep | GET / | get all success
[http] 16:16:51 | [admin-system]Le Diep GET /api/domain body:{}
[http] 16:16:51 | [admin-system]Le Diep GET /api/cms/theme body:{}
[info] 16:16:51 | [admin-system]Le Diep | GET / | get all success
[info] 16:16:51 | [admin-system]Le Diep | GET / | get all success
[http] 16:16:51 | [admin-system]Le Diep GET /api/group body:{}
[info] 16:16:51 | [admin-system]Le Diep | GET / | get all success
[http] 16:19:02 | [admin-system]Le Diep GET /api/config body:{}
[info] 16:19:02 | [admin-system]Le Diep | GET / | システム設定環境変数を取得できました
[http] 16:19:09 | [admin-system]Le Diep GET /api/config body:{}
[info] 16:19:09 | [admin-system]Le Diep | GET / | システム設定環境変数を取得できました
[http] 16:19:13 | [admin-system]Le Diep GET /auth body:{}
[http] 16:19:13 | [admin-system]Le Diep GET /api/config body:{}
[info] 16:19:13 | [admin-system]Le Diep | GET / | システム設定環境変数を取得できました
[http] 16:19:14 | [admin-system]Le Diep GET /api/cms/template body:{}
[info] 16:19:14 | [admin-system]Le Diep | GET / | get all success
[http] 16:19:14 | [admin-system]Le Diep GET /api/domain body:{}
[info] 16:19:14 | [admin-system]Le Diep | GET / | get all success
[http] 16:19:14 | [admin-system]Le Diep GET /api/cms/theme body:{}
[info] 16:19:14 | [admin-system]Le Diep | GET / | get all success
[http] 16:19:14 | [admin-system]Le Diep GET /api/group body:{}
[info] 16:19:14 | [admin-system]Le Diep | GET / | get all success
[http] 16:20:42 | [admin-system]Le Diep GET /auth body:{}
[http] 16:20:42 | [admin-system]Le Diep GET /api/config body:{}
[info] 16:20:42 | [admin-system]Le Diep | GET / | システム設定環境変数を取得できました
[http] 16:20:42 | [admin-system]Le Diep GET /api/cms/template body:{}
[info] 16:20:42 | [admin-system]Le Diep | GET / | get all success
[http] 16:20:43 | [admin-system]Le Diep GET /api/domain body:{}
[http] 16:20:43 | [admin-system]Le Diep GET /api/cms/theme body:{}
[info] 16:20:43 | [admin-system]Le Diep | GET / | get all success
[info] 16:20:43 | [admin-system]Le Diep | GET / | get all success
[http] 16:20:43 | [admin-system]Le Diep GET /api/group body:{}
[info] 16:20:43 | [admin-system]Le Diep | GET / | get all success
[http] 16:21:07 | [admin-system]Le Diep GET /auth body:{}
[http] 16:21:07 | [admin-system]Le Diep GET /api/config body:{}
[info] 16:21:07 | [admin-system]Le Diep | GET / | システム設定環境変数を取得できました
[http] 16:21:08 | [admin-system]Le Diep GET /api/cms/template body:{}
[info] 16:21:08 | [admin-system]Le Diep | GET / | get all success
[http] 16:21:08 | [admin-system]Le Diep GET /api/domain body:{}
[info] 16:21:08 | [admin-system]Le Diep | GET / | get all success
[http] 16:21:08 | [admin-system]Le Diep GET /api/cms/theme body:{}
[info] 16:21:08 | [admin-system]Le Diep | GET / | get all success
[http] 16:21:08 | [admin-system]Le Diep GET /api/group body:{}
[info] 16:21:08 | [admin-system]Le Diep | GET / | get all success
[http] 16:24:12 | [admin-system]Le Diep GET /auth body:{}
[http] 16:24:12 | [admin-system]Le Diep GET /api/config body:{}
[info] 16:24:12 | [admin-system]Le Diep | GET / | システム設定環境変数を取得できました
[http] 16:24:12 | [admin-system]Le Diep GET /api/cms/template body:{}
[info] 16:24:12 | [admin-system]Le Diep | GET / | get all success
[http] 16:24:13 | [admin-system]Le Diep GET /api/domain body:{}
[http] 16:24:13 | [admin-system]Le Diep GET /api/cms/theme body:{}
[info] 16:24:13 | [admin-system]Le Diep | GET / | get all success
[info] 16:24:13 | [admin-system]Le Diep | GET / | get all success
[http] 16:24:13 | [admin-system]Le Diep GET /api/group body:{}
[info] 16:24:13 | [admin-system]Le Diep | GET / | get all success
[http] 16:24:19 | [admin-system]Le Diep PUT /api/cms/template/6 body:{"body":"\n\t\t\t\t\t\n\t\t\t\t\t<main>\n  <section class=\"UI-editable\" data-editable=\"1696853364598\"><div data-editable=\"8d3a4847ddb54817a63eceb4f9cee535\" data-type=\"row\" style=\"display:flex;width:100%;gap:20px;flex-wrap:wrap;padding:0.5rem;margin:0.5rem auto;min-height:50px\" class=\"\"><div data-editable=\"5fb3cc0aa7bd4fe89d9477952a8cd6f7\" data-type=\"cell\" style=\"flex:1;min-height:50px;min-width:150px;padding:10px\" class=\"\"><table><tbody><tr><td><div><br></div></td><td><div><br></div></td><td><div><br></div></td><td><div><br></div></td><td><div><br></div></td><td><div><br></div></td><td><div><br></div></td><td><div><br></div></td></tr><tr><td><div><br></div></td><td><div><br></div></td><td><div><br></div></td><td><div><br></div></td><td><div><br></div></td><td><div><br></div></td><td><div><br></div></td><td><div><br></div></td></tr><tr><td><div><br></div></td><td><div><br></div></td><td><div><br></div></td><td><div><br></div></td><td><div><br></div></td><td><div><br></div></td><td><div><br></div></td><td><div><br></div></td></tr><tr><td><div><br></div></td><td><div><br></div></td><td><div><br></div></td><td><div><br></div></td><td><div><br></div></td><td><div><br></div></td><td><div><br></div></td><td><div><br></div></td></tr><tr><td><div><br></div></td><td><div><br></div></td><td><div><br></div></td><td><div><br></div></td><td><div><br></div></td><td><div><br></div></td><td><div><br></div></td><td><div><br></div></td></tr></tbody></table></div></div><div data-editable=\"7ed2f82d2d244b86b86d192d85a534ec\" data-type=\"row\" style=\"display:flex;width:100%;gap:20px;flex-wrap:wrap;padding:0.5rem;margin:0.5rem auto;min-height:50px\"></div><div data-editable=\"1f64df9b3eea47b4b0e7d050636261bd\" data-type=\"row\" style=\"display:flex;width:100%;gap:20px;flex-wrap:wrap;padding:0.5rem;margin:0.5rem auto;min-height:50px\" class=\"\"><div data-editable=\"01ff42e3ef1d4c2390621bbe5d8e7f9a\" data-type=\"cell\" style=\"flex:1;min-height:50px;width:100%;min-width:150px;padding:10px;position:relative\"></div></div></section>\n</main>\n\t\t\t\t\t\n\t\t\t\t\t","subOwner":[]}
[info] 16:24:19 | [admin-system]Le Diep | PUT /6 | template: dasdを編集が成功しました
[http] 16:24:19 | [admin-system]Le Diep GET /api/cms/template/6 body:{}
[info] 16:24:19 | [admin-system]Le Diep | GET /6 | get one success
[http] 16:24:54 | [admin-system]Le Diep GET /auth body:{}
[http] 16:24:54 | [admin-system]Le Diep GET /api/config body:{}
[info] 16:24:54 | [admin-system]Le Diep | GET / | システム設定環境変数を取得できました
[http] 16:24:55 | [admin-system]Le Diep GET /api/cms/template body:{}
[info] 16:24:55 | [admin-system]Le Diep | GET / | get all success
[http] 16:24:55 | [admin-system]Le Diep GET /api/cms/theme body:{}
[http] 16:24:55 | [admin-system]Le Diep GET /api/domain body:{}
[info] 16:24:55 | [admin-system]Le Diep | GET / | get all success
[info] 16:24:55 | [admin-system]Le Diep | GET / | get all success
[http] 16:24:55 | [admin-system]Le Diep GET /api/group body:{}
[info] 16:24:55 | [admin-system]Le Diep | GET / | get all success
[http] 16:24:59 | [admin-system]Le Diep GET /api/local body:{}
[http] 16:25:51 | [admin-system]Le Diep GET /api/config body:{}
[info] 16:25:51 | [admin-system]Le Diep | GET / | システム設定環境変数を取得できました
[http] 16:26:22 | [admin-system]Le Diep GET /auth body:{}
[http] 16:26:22 | [admin-system]Le Diep GET /api/config body:{}
[info] 16:26:22 | [admin-system]Le Diep | GET / | システム設定環境変数を取得できました
[http] 16:26:23 | [admin-system]Le Diep GET /api/cms/template body:{}
[info] 16:26:23 | [admin-system]Le Diep | GET / | get all success
[http] 16:26:23 | [admin-system]Le Diep GET /api/domain body:{}
[http] 16:26:23 | [admin-system]Le Diep GET /api/cms/theme body:{}
[info] 16:26:23 | [admin-system]Le Diep | GET / | get all success
[info] 16:26:23 | [admin-system]Le Diep | GET / | get all success
[http] 16:26:23 | [admin-system]Le Diep GET /api/group body:{}
[info] 16:26:23 | [admin-system]Le Diep | GET / | get all success
[http] 16:30:05 | [admin-system]Le Diep GET /api/config body:{}
[info] 16:30:05 | [admin-system]Le Diep | GET / | システム設定環境変数を取得できました
[http] 16:30:10 | [admin-system]Le Diep GET /auth body:{}
[http] 16:30:10 | [admin-system]Le Diep GET /api/config body:{}
[info] 16:30:10 | [admin-system]Le Diep | GET / | システム設定環境変数を取得できました
[http] 16:30:11 | [admin-system]Le Diep GET /api/cms/template body:{}
[info] 16:30:11 | [admin-system]Le Diep | GET / | get all success
[http] 16:30:11 | [admin-system]Le Diep GET /api/domain body:{}
[info] 16:30:11 | [admin-system]Le Diep | GET / | get all success
[http] 16:30:11 | [admin-system]Le Diep GET /api/cms/theme body:{}
[info] 16:30:11 | [admin-system]Le Diep | GET / | get all success
[http] 16:30:11 | [admin-system]Le Diep GET /api/group body:{}
[info] 16:30:11 | [admin-system]Le Diep | GET / | get all success
[http] 16:30:49 | [admin-system]Le Diep GET /api/local body:{}
[http] 16:31:57 | [admin-system]Le Diep POST /api/cms/template/ body:{"name":"fghbjn","body":"<main>\n  <section class=\"UI-editable\" data-editable=\"1696853364598\"></section>\n</main>","themeId":1}
[info] 16:31:57 | [admin-system]Le Diep | POST / | template: fghbjnを作成が成功しました
[http] 16:31:57 | [admin-system]Le Diep GET /api/cms/template/7 body:{}
[info] 16:31:57 | [admin-system]Le Diep | GET /7 | get one success
[http] 16:32:50 | [admin-system]Le Diep GET /auth body:{}
[http] 16:32:50 | [admin-system]Le Diep GET /api/config body:{}
[info] 16:32:50 | [admin-system]Le Diep | GET / | システム設定環境変数を取得できました
[http] 16:32:50 | [admin-system]Le Diep GET /api/cms/template body:{}
[info] 16:32:50 | [admin-system]Le Diep | GET / | get all success
[http] 16:32:51 | [admin-system]Le Diep GET /api/domain body:{}
[info] 16:32:51 | [admin-system]Le Diep | GET / | get all success
[http] 16:32:51 | [admin-system]Le Diep GET /api/cms/theme body:{}
[info] 16:32:51 | [admin-system]Le Diep | GET / | get all success
[http] 16:32:51 | [admin-system]Le Diep GET /api/group body:{}
[info] 16:32:51 | [admin-system]Le Diep | GET / | get all success
[http] 16:32:55 | [admin-system]Le Diep PUT /api/cms/template/7 body:{"body":"\n\t\t\t\t\t<main>\n  <section class=\"UI-editable\" data-editable=\"1696853364598\"><div data-editable=\"f21181ced0034e07b27833a6edf40da5\" data-type=\"row\" style=\"display:flex;width:100%;gap:20px;flex-wrap:wrap;padding:0.5rem;margin:0.5rem auto;min-height:50px\" class=\"\"><div data-editable=\"e079e38076e741e58f4c63eb645399af\" data-type=\"cell\" style=\"flex:1;min-height:50px;width:100%;min-width:150px;padding:10px;position:relative\"><div style=\"position: absolute; bottom: 0px; left: 0px; transform: translate(0px, 100%); display: flex; width: 100%; gap: 20px; padding: 0.5rem; min-height: 50px; background: rgb(255, 255, 255); border: 1px solid rgb(238, 238, 238);\"></div></div></div></section>\n</main>\n\t\t\t\t\t","subOwner":[]}
[info] 16:32:55 | [admin-system]Le Diep | PUT /7 | template: fghbjnを編集が成功しました
[http] 16:32:55 | [admin-system]Le Diep GET /api/cms/template/7 body:{}
[info] 16:32:55 | [admin-system]Le Diep | GET /7 | get one success
[http] 16:34:22 | [admin-system]Le Diep GET /auth body:{}
[http] 16:34:22 | [admin-system]Le Diep GET /api/config body:{}
[info] 16:34:22 | [admin-system]Le Diep | GET / | システム設定環境変数を取得できました
[http] 16:34:22 | [admin-system]Le Diep GET /api/cms/template body:{}
[info] 16:34:22 | [admin-system]Le Diep | GET / | get all success
[http] 16:34:22 | [admin-system]Le Diep GET /api/domain body:{}
[http] 16:34:22 | [admin-system]Le Diep GET /api/cms/theme body:{}
[info] 16:34:22 | [admin-system]Le Diep | GET / | get all success
[info] 16:34:22 | [admin-system]Le Diep | GET / | get all success
[http] 16:34:22 | [admin-system]Le Diep GET /api/group body:{}
[info] 16:34:22 | [admin-system]Le Diep | GET / | get all success
[http] 16:34:31 | [admin-system]Le Diep GET /api/local body:{}
[http] 16:38:04 | [admin-system]Le Diep GET /api/config body:{}
[info] 16:38:04 | [admin-system]Le Diep | GET / | システム設定環境変数を取得できました
[http] 16:38:16 | [admin-system]Le Diep PUT /api/cms/template/7 body:{"body":"\n\t\t\t\t\t\n\t\t\t\t\t<main>\n  <section class=\"UI-editable\" data-editable=\"1696853364598\"><div data-editable=\"f21181ced0034e07b27833a6edf40da5\" data-type=\"row\" style=\"display:flex;width:100%;gap:20px;flex-wrap:wrap;padding:0.5rem;margin:0.5rem auto;min-height:50px\" class=\"\"></div></section>\n</main>\n\t\t\t\t\t\n\t\t\t\t\t","subOwner":[]}
[info] 16:38:16 | [admin-system]Le Diep | PUT /7 | template: fghbjnを編集が成功しました
[http] 16:38:16 | [admin-system]Le Diep GET /api/cms/template/7 body:{}
[info] 16:38:16 | [admin-system]Le Diep | GET /7 | get one success
[http] 16:38:19 | [admin-system]Le Diep PUT /api/cms/template/7 body:{"body":"\n\t\t\t\t\t\n\t\t\t\t\t\n\t\t\t\t\t<main>\n  <section class=\"UI-editable\" data-editable=\"1696853364598\"><div data-editable=\"f21181ced0034e07b27833a6edf40da5\" data-type=\"row\" style=\"display:flex;width:100%;gap:20px;flex-wrap:wrap;padding:0.5rem;margin:0.5rem auto;min-height:50px\" class=\"\"><div data-editable=\"dc31c7d77c9e47208087cefe0ef7e9af\" data-type=\"cell\" style=\"flex:1;min-height:50px;width:100%;min-width:150px;padding:10px;position:relative\"></div></div></section>\n</main>\n\t\t\t\t\t\n\t\t\t\t\t\n\t\t\t\t\t","subOwner":[]}
[info] 16:38:19 | [admin-system]Le Diep | PUT /7 | template: fghbjnを編集が成功しました
[http] 16:38:19 | [admin-system]Le Diep GET /api/cms/template/7 body:{}
[info] 16:38:19 | [admin-system]Le Diep | GET /7 | get one success
[http] 16:43:27 | [admin-system]Le Diep GET /api/config body:{}
[info] 16:43:27 | [admin-system]Le Diep | GET / | システム設定環境変数を取得できました
[http] 16:45:21 | [admin-system]Le Diep GET /api/config body:{}
[info] 16:45:21 | [admin-system]Le Diep | GET / | システム設定環境変数を取得できました
[http] 16:49:31 | [admin-system]Le Diep GET /api/config body:{}
[info] 16:49:31 | [admin-system]Le Diep | GET / | システム設定環境変数を取得できました
[http] 16:49:43 | [admin-system]Le Diep GET /auth body:{}
[http] 16:49:43 | [admin-system]Le Diep GET /api/config body:{}
[info] 16:49:43 | [admin-system]Le Diep | GET / | システム設定環境変数を取得できました
[http] 16:49:44 | [admin-system]Le Diep GET /api/cms/template body:{}
[info] 16:49:44 | [admin-system]Le Diep | GET / | get all success
[http] 16:49:44 | [admin-system]Le Diep GET /api/domain body:{}
[http] 16:49:44 | [admin-system]Le Diep GET /api/cms/theme body:{}
[info] 16:49:44 | [admin-system]Le Diep | GET / | get all success
[info] 16:49:44 | [admin-system]Le Diep | GET / | get all success
[http] 16:49:44 | [admin-system]Le Diep GET /api/group body:{}
[info] 16:49:44 | [admin-system]Le Diep | GET / | get all success
[http] 16:49:45 | [admin-system]Le Diep GET /api/local body:{}
[http] 17:00:35 | [admin-system]Le Diep GET /auth body:{}
[http] 17:00:35 | [admin-system]Le Diep GET /api/config body:{}
[info] 17:00:35 | [admin-system]Le Diep | GET / | システム設定環境変数を取得できました
[http] 17:00:36 | [admin-system]Le Diep GET /api/cms/template body:{}
[info] 17:00:36 | [admin-system]Le Diep | GET / | get all success
[http] 17:00:36 | [admin-system]Le Diep GET /api/domain body:{}
[http] 17:00:36 | [admin-system]Le Diep GET /api/cms/theme body:{}
[info] 17:00:36 | [admin-system]Le Diep | GET / | get all success
[info] 17:00:36 | [admin-system]Le Diep | GET / | get all success
[http] 17:00:36 | [admin-system]Le Diep GET /api/group body:{}
[info] 17:00:36 | [admin-system]Le Diep | GET / | get all success
[http] 17:10:15 | [admin-system]Le Diep GET /auth body:{}
[http] 17:10:15 | [admin-system]Le Diep GET /api/config body:{}
[info] 17:10:15 | [admin-system]Le Diep | GET / | システム設定環境変数を取得できました
[http] 17:10:16 | [admin-system]Le Diep GET /api/cms/template body:{}
[info] 17:10:16 | [admin-system]Le Diep | GET / | get all success
[http] 17:10:16 | [admin-system]Le Diep GET /api/domain body:{}
[info] 17:10:16 | [admin-system]Le Diep | GET / | get all success
[http] 17:10:16 | [admin-system]Le Diep GET /api/cms/theme body:{}
[info] 17:10:16 | [admin-system]Le Diep | GET / | get all success
[http] 17:10:16 | [admin-system]Le Diep GET /api/group body:{}
[info] 17:10:16 | [admin-system]Le Diep | GET / | get all success
[http] 17:11:16 | [admin-system]Le Diep GET /auth body:{}
[http] 17:11:16 | [admin-system]Le Diep GET /api/config body:{}
[info] 17:11:16 | [admin-system]Le Diep | GET / | システム設定環境変数を取得できました
[http] 17:11:16 | [admin-system]Le Diep GET /api/cms/template body:{}
[info] 17:11:16 | [admin-system]Le Diep | GET / | get all success
[http] 17:11:16 | [admin-system]Le Diep GET /api/domain body:{}
[http] 17:11:16 | [admin-system]Le Diep GET /api/cms/theme body:{}
[info] 17:11:16 | [admin-system]Le Diep | GET / | get all success
[info] 17:11:16 | [admin-system]Le Diep | GET / | get all success
[http] 17:11:16 | [admin-system]Le Diep GET /api/group body:{}
[info] 17:11:16 | [admin-system]Le Diep | GET / | get all success
[http] 17:11:23 | [admin-system]Le Diep POST /api/cms/template/ body:{"name":"weqxx","body":"<main>\n  <section class=\"UI-editable\" data-editable=\"1696853364598\"></section>\n</main>","themeId":1}
[info] 17:11:23 | [admin-system]Le Diep | POST / | template: weqxxを作成が成功しました
[http] 17:11:23 | [admin-system]Le Diep GET /api/cms/template/8 body:{}
[info] 17:11:23 | [admin-system]Le Diep | GET /8 | get one success
[http] 17:14:11 | [admin-system]Le Diep GET /api/config body:{}
[info] 17:14:11 | [admin-system]Le Diep | GET / | システム設定環境変数を取得できました
[http] 17:21:18 | [admin-system]Le Diep GET /api/local body:{}
[http] 17:33:35 | [admin-system]Le Diep GET /auth body:{}
[http] 17:33:35 | [admin-system]Le Diep GET /api/config body:{}
[info] 17:33:35 | [admin-system]Le Diep | GET / | システム設定環境変数を取得できました
[http] 17:33:35 | [admin-system]Le Diep GET /api/cms/template body:{}
[info] 17:33:35 | [admin-system]Le Diep | GET / | get all success
[http] 17:33:36 | [admin-system]Le Diep GET /api/domain body:{}
[info] 17:33:36 | [admin-system]Le Diep | GET / | get all success
[http] 17:33:36 | [admin-system]Le Diep GET /api/cms/theme body:{}
[info] 17:33:36 | [admin-system]Le Diep | GET / | get all success
[http] 17:33:36 | [admin-system]Le Diep GET /api/group body:{}
[info] 17:33:36 | [admin-system]Le Diep | GET / | get all success
[http] 17:34:46 | [admin-system]Le Diep GET /api/config body:{}
[info] 17:34:46 | [admin-system]Le Diep | GET / | システム設定環境変数を取得できました
[http] 17:36:31 | [admin-system]Le Diep GET /api/config body:{}
[info] 17:36:31 | [admin-system]Le Diep | GET / | システム設定環境変数を取得できました
[http] 17:36:34 | [admin-system]Le Diep GET /api/local body:{}
[http] 17:38:02 | [admin-system]Le Diep GET /auth body:{}
[http] 17:38:02 | [admin-system]Le Diep GET /api/config body:{}
[info] 17:38:02 | [admin-system]Le Diep | GET / | システム設定環境変数を取得できました
[http] 17:38:03 | [admin-system]Le Diep GET /api/cms/template body:{}
[info] 17:38:03 | [admin-system]Le Diep | GET / | get all success
[http] 17:38:03 | [admin-system]Le Diep GET /api/domain body:{}
[http] 17:38:03 | [admin-system]Le Diep GET /api/cms/theme body:{}
[info] 17:38:03 | [admin-system]Le Diep | GET / | get all success
[info] 17:38:03 | [admin-system]Le Diep | GET / | get all success
[http] 17:38:03 | [admin-system]Le Diep GET /api/group body:{}
[info] 17:38:03 | [admin-system]Le Diep | GET / | get all success
[http] 17:38:05 | [admin-system]Le Diep GET /api/local body:{}
[http] 17:59:44 | [admin-system]Le Diep GET /api/config body:{}
[info] 17:59:44 | [admin-system]Le Diep | GET / | システム設定環境変数を取得できました
[http] 18:02:00 | [admin-system]Le Diep GET /api/config body:{}
[info] 18:02:00 | [admin-system]Le Diep | GET / | システム設定環境変数を取得できました
[http] 18:04:18 | [admin-system]Le Diep GET /api/config body:{}
[info] 18:04:18 | [admin-system]Le Diep | GET / | システム設定環境変数を取得できました
[http] 18:04:31 | [admin-system]Le Diep GET /api/config body:{}
[info] 18:04:31 | [admin-system]Le Diep | GET / | システム設定環境変数を取得できました
[http] 18:22:46 | [admin-system]Le Diep GET /api/config body:{}
[info] 18:22:46 | [admin-system]Le Diep | GET / | システム設定環境変数を取得できました
[http] 18:23:14 | [admin-system]Le Diep GET /api/config body:{}
[info] 18:23:14 | [admin-system]Le Diep | GET / | システム設定環境変数を取得できました
