[http] 00:01:53 | [システム管理者]Le Diep GET /auth body:{}
[http] 00:01:53 | [システム管理者]Le Diep GET /api/config body:{}
[info] 00:01:53 | [システム管理者]Le Diep | GET / | システム設定環境変数を取得できました
[http] 00:01:53 | [システム管理者]Le Diep GET /api/cms/template body:{}
[info] 00:01:53 | [システム管理者]Le Diep | GET / | get all success
[http] 00:01:53 | [システム管理者]Le Diep GET /api/domain body:{}
[info] 00:01:53 | [システム管理者]Le Diep | GET / | get all success
[http] 00:01:54 | [システム管理者]Le Diep GET /api/group body:{}
[info] 00:01:54 | [システム管理者]Le Diep | GET / | get all success
[info] 10:09:50 | サーバの起動が完了しました。
[http] 10:09:58 | 匿名 GET /api/config body:{}
[http] 10:09:58 | 匿名 GET /auth body:{}
[info] 10:09:58 | 匿名 | GET / | システム設定環境変数を取得できました
[http] 10:09:59 | 匿名 GET /auth/login/msal body:{}
[http] 10:09:59 | 匿名 POST /auth/login/msal body:{"name":"Le Diep","email":"diep.le@0004s.com"}
[http] 10:10:02 | [システム管理者]Le Diep GET /api/cms/template body:{}
[http] 10:10:02 | [システム管理者]Le Diep GET /api/cms/theme body:{}
[info] 10:10:02 | [システム管理者]Le Diep | GET / | get all success
[info] 10:10:02 | [システム管理者]Le Diep | GET / | get all success
[http] 10:10:04 | [システム管理者]Le Diep GET /api/local body:{}
[info] 10:10:04 | [システム管理者]Le Diep | GET / | get all success
[http] 10:10:05 | [システム管理者]Le Diep GET /api/cms/web body:{}
[info] 10:10:05 | [システム管理者]Le Diep | GET / | get all success
[http] 10:10:08 | [システム管理者]Le Diep GET /api/domain body:{}
[info] 10:10:08 | [システム管理者]Le Diep | GET / | get all success
[http] 10:10:08 | [システム管理者]Le Diep GET /api/group body:{}
[info] 10:10:08 | [システム管理者]Le Diep | GET / | get all success
[http] 10:19:46 | [システム管理者]Le Diep GET /api/config body:{}
[info] 10:19:46 | [システム管理者]Le Diep | GET / | システム設定環境変数を取得できました
[http] 10:20:14 | [システム管理者]Le Diep GET /auth body:{}
[http] 10:20:14 | [システム管理者]Le Diep GET /api/config body:{}
[info] 10:20:14 | [システム管理者]Le Diep | GET / | システム設定環境変数を取得できました
[http] 10:20:14 | [システム管理者]Le Diep GET /api/cms/template body:{}
[info] 10:20:14 | [システム管理者]Le Diep | GET / | get all success
[http] 10:20:14 | [システム管理者]Le Diep GET /api/domain body:{}
[info] 10:20:14 | [システム管理者]Le Diep | GET / | get all success
[http] 10:20:14 | [システム管理者]Le Diep GET /api/group body:{}
[info] 10:20:14 | [システム管理者]Le Diep | GET / | get all success
[http] 10:22:00 | [システム管理者]Le Diep GET /api/config body:{}
[info] 10:22:00 | [システム管理者]Le Diep | GET / | システム設定環境変数を取得できました
[http] 10:31:07 | [システム管理者]Le Diep GET /auth body:{}
[http] 10:31:07 | [システム管理者]Le Diep GET /api/config body:{}
[info] 10:31:07 | [システム管理者]Le Diep | GET / | システム設定環境変数を取得できました
[http] 10:31:07 | [システム管理者]Le Diep GET /api/cms/template body:{}
[info] 10:31:07 | [システム管理者]Le Diep | GET / | get all success
[http] 10:31:07 | [システム管理者]Le Diep GET /api/domain body:{}
[info] 10:31:07 | [システム管理者]Le Diep | GET / | get all success
[http] 10:31:07 | [システム管理者]Le Diep GET /api/group body:{}
[info] 10:31:07 | [システム管理者]Le Diep | GET / | get all success
[http] 11:03:30 | [システム管理者]Le Diep GET /auth body:{}
[http] 11:03:30 | [システム管理者]Le Diep GET /api/config body:{}
[info] 11:03:30 | [システム管理者]Le Diep | GET / | システム設定環境変数を取得できました
[http] 11:05:12 | [システム管理者]Le Diep GET /auth body:{}
[http] 11:05:12 | [システム管理者]Le Diep GET /api/config body:{}
[info] 11:05:12 | [システム管理者]Le Diep | GET / | システム設定環境変数を取得できました
[http] 11:05:13 | [システム管理者]Le Diep GET /api/cms/template body:{}
[info] 11:05:13 | [システム管理者]Le Diep | GET / | get all success
[http] 11:05:13 | [システム管理者]Le Diep GET /api/domain body:{}
[info] 11:05:13 | [システム管理者]Le Diep | GET / | get all success
[http] 11:05:13 | [システム管理者]Le Diep GET /api/group body:{}
[info] 11:05:13 | [システム管理者]Le Diep | GET / | get all success
[http] 11:32:37 | [システム管理者]Le Diep GET /api/config body:{}
[http] 11:32:37 | [システム管理者]Le Diep GET /auth body:{}
[info] 11:32:37 | [システム管理者]Le Diep | GET / | システム設定環境変数を取得できました
[http] 11:32:38 | [システム管理者]Le Diep GET /api/cms/template body:{}
[info] 11:32:38 | [システム管理者]Le Diep | GET / | get all success
[http] 11:32:38 | [システム管理者]Le Diep GET /api/domain body:{}
[info] 11:32:38 | [システム管理者]Le Diep | GET / | get all success
[http] 11:32:38 | [システム管理者]Le Diep GET /api/group body:{}
[info] 11:32:38 | [システム管理者]Le Diep | GET / | get all success
[http] 11:33:37 | [システム管理者]Le Diep GET /auth body:{}
[http] 11:33:37 | [システム管理者]Le Diep GET /api/config body:{}
[info] 11:33:37 | [システム管理者]Le Diep | GET / | システム設定環境変数を取得できました
[http] 11:33:37 | [システム管理者]Le Diep GET /api/cms/template body:{}
[info] 11:33:37 | [システム管理者]Le Diep | GET / | get all success
[http] 11:33:37 | [システム管理者]Le Diep GET /api/domain body:{}
[info] 11:33:37 | [システム管理者]Le Diep | GET / | get all success
[http] 11:33:38 | [システム管理者]Le Diep GET /api/group body:{}
[info] 11:33:38 | [システム管理者]Le Diep | GET / | get all success
[http] 11:35:07 | [システム管理者]Le Diep GET /auth body:{}
[http] 11:35:07 | [システム管理者]Le Diep GET /api/config body:{}
[info] 11:35:07 | [システム管理者]Le Diep | GET / | システム設定環境変数を取得できました
[http] 11:35:07 | [システム管理者]Le Diep GET /api/cms/template body:{}
[info] 11:35:07 | [システム管理者]Le Diep | GET / | get all success
[http] 11:35:07 | [システム管理者]Le Diep GET /api/domain body:{}
[info] 11:35:07 | [システム管理者]Le Diep | GET / | get all success
[http] 11:35:07 | [システム管理者]Le Diep GET /api/group body:{}
[info] 11:35:07 | [システム管理者]Le Diep | GET / | get all success
[http] 11:35:36 | [システム管理者]Le Diep GET /auth body:{}
[http] 11:35:36 | [システム管理者]Le Diep GET /api/config body:{}
[info] 11:35:36 | [システム管理者]Le Diep | GET / | システム設定環境変数を取得できました
[http] 11:35:36 | [システム管理者]Le Diep GET /api/cms/template body:{}
[info] 11:35:36 | [システム管理者]Le Diep | GET / | get all success
[http] 11:35:36 | [システム管理者]Le Diep GET /api/domain body:{}
[info] 11:35:36 | [システム管理者]Le Diep | GET / | get all success
[http] 11:35:36 | [システム管理者]Le Diep GET /api/group body:{}
[info] 11:35:36 | [システム管理者]Le Diep | GET / | get all success
[http] 11:42:55 | [システム管理者]Le Diep GET /api/config body:{}
[info] 11:42:55 | [システム管理者]Le Diep | GET / | システム設定環境変数を取得できました
[http] 11:44:06 | [システム管理者]Le Diep GET /auth body:{}
[http] 11:44:06 | [システム管理者]Le Diep GET /api/config body:{}
[info] 11:44:06 | [システム管理者]Le Diep | GET / | システム設定環境変数を取得できました
[http] 11:44:06 | [システム管理者]Le Diep GET /api/cms/template body:{}
[info] 11:44:06 | [システム管理者]Le Diep | GET / | get all success
[http] 11:44:07 | [システム管理者]Le Diep GET /api/domain body:{}
[info] 11:44:07 | [システム管理者]Le Diep | GET / | get all success
[http] 11:44:07 | [システム管理者]Le Diep GET /api/group body:{}
[info] 11:44:07 | [システム管理者]Le Diep | GET / | get all success
[http] 11:44:57 | [システム管理者]Le Diep GET /auth body:{}
[http] 11:44:57 | [システム管理者]Le Diep GET /api/config body:{}
[info] 11:44:57 | [システム管理者]Le Diep | GET / | システム設定環境変数を取得できました
[http] 11:44:58 | [システム管理者]Le Diep GET /api/cms/template body:{}
[info] 11:44:58 | [システム管理者]Le Diep | GET / | get all success
[http] 11:44:58 | [システム管理者]Le Diep GET /api/domain body:{}
[info] 11:44:58 | [システム管理者]Le Diep | GET / | get all success
[http] 11:44:58 | [システム管理者]Le Diep GET /api/group body:{}
[info] 11:44:58 | [システム管理者]Le Diep | GET / | get all success
[http] 11:55:19 | [システム管理者]Le Diep GET /auth body:{}
[http] 11:55:19 | [システム管理者]Le Diep GET /api/config body:{}
[info] 11:55:19 | [システム管理者]Le Diep | GET / | システム設定環境変数を取得できました
[http] 11:55:19 | [システム管理者]Le Diep GET /api/cms/template body:{}
[info] 11:55:19 | [システム管理者]Le Diep | GET / | get all success
[http] 11:55:19 | [システム管理者]Le Diep GET /api/domain body:{}
[info] 11:55:19 | [システム管理者]Le Diep | GET / | get all success
[http] 11:55:19 | [システム管理者]Le Diep GET /api/group body:{}
[info] 11:55:19 | [システム管理者]Le Diep | GET / | get all success
[http] 11:58:37 | [システム管理者]Le Diep GET /auth body:{}
[http] 11:58:37 | [システム管理者]Le Diep GET /api/config body:{}
[info] 11:58:37 | [システム管理者]Le Diep | GET / | システム設定環境変数を取得できました
[http] 11:58:37 | [システム管理者]Le Diep GET /api/cms/template body:{}
[info] 11:58:37 | [システム管理者]Le Diep | GET / | get all success
[http] 11:58:37 | [システム管理者]Le Diep GET /api/domain body:{}
[info] 11:58:37 | [システム管理者]Le Diep | GET / | get all success
[http] 11:58:37 | [システム管理者]Le Diep GET /api/group body:{}
[info] 11:58:37 | [システム管理者]Le Diep | GET / | get all success
[http] 12:00:18 | [システム管理者]Le Diep GET /auth body:{}
[http] 12:00:18 | [システム管理者]Le Diep GET /api/config body:{}
[info] 12:00:18 | [システム管理者]Le Diep | GET / | システム設定環境変数を取得できました
[http] 12:00:19 | [システム管理者]Le Diep GET /api/cms/template body:{}
[info] 12:00:19 | [システム管理者]Le Diep | GET / | get all success
[http] 12:00:19 | [システム管理者]Le Diep GET /api/domain body:{}
[info] 12:00:19 | [システム管理者]Le Diep | GET / | get all success
[http] 12:00:19 | [システム管理者]Le Diep GET /api/group body:{}
[info] 12:00:19 | [システム管理者]Le Diep | GET / | get all success
[http] 12:02:31 | [システム管理者]Le Diep GET /api/config body:{}
[http] 12:02:31 | [システム管理者]Le Diep GET /auth body:{}
[info] 12:02:31 | [システム管理者]Le Diep | GET / | システム設定環境変数を取得できました
[http] 12:02:31 | [システム管理者]Le Diep GET /api/cms/template body:{}
[info] 12:02:31 | [システム管理者]Le Diep | GET / | get all success
[http] 12:02:32 | [システム管理者]Le Diep GET /api/domain body:{}
[info] 12:02:32 | [システム管理者]Le Diep | GET / | get all success
[http] 12:02:32 | [システム管理者]Le Diep GET /api/group body:{}
[info] 12:02:32 | [システム管理者]Le Diep | GET / | get all success
[http] 12:04:39 | [システム管理者]Le Diep GET /auth body:{}
[http] 12:04:39 | [システム管理者]Le Diep GET /api/config body:{}
[info] 12:04:39 | [システム管理者]Le Diep | GET / | システム設定環境変数を取得できました
[http] 12:04:39 | [システム管理者]Le Diep GET /api/cms/template body:{}
[info] 12:04:39 | [システム管理者]Le Diep | GET / | get all success
[http] 12:04:39 | [システム管理者]Le Diep GET /api/domain body:{}
[info] 12:04:39 | [システム管理者]Le Diep | GET / | get all success
[http] 12:04:39 | [システム管理者]Le Diep GET /api/group body:{}
[info] 12:04:39 | [システム管理者]Le Diep | GET / | get all success
[http] 13:14:06 | 匿名 GET /auth body:{}
[http] 13:14:06 | 匿名 GET /api/config body:{}
[info] 13:14:06 | 匿名 | GET / | システム設定環境変数を取得できました
[http] 13:14:07 | 匿名 GET /auth/login/msal body:{}
[http] 13:14:07 | 匿名 POST /auth/login/msal body:{"name":"Le Diep","email":"diep.le@0004s.com"}
[http] 13:14:11 | [システム管理者]Le Diep GET /api/cms/theme body:{}
[http] 13:14:11 | [システム管理者]Le Diep GET /api/cms/template body:{}
[info] 13:14:11 | [システム管理者]Le Diep | GET / | get all success
[info] 13:14:11 | [システム管理者]Le Diep | GET / | get all success
[http] 13:14:12 | [システム管理者]Le Diep GET /api/domain body:{}
[info] 13:14:12 | [システム管理者]Le Diep | GET / | get all success
[http] 13:14:12 | [システム管理者]Le Diep GET /api/group body:{}
[info] 13:14:12 | [システム管理者]Le Diep | GET / | get all success
[http] 13:14:15 | [システム管理者]Le Diep GET /auth body:{}
[http] 13:14:15 | [システム管理者]Le Diep GET /api/config body:{}
[info] 13:14:15 | [システム管理者]Le Diep | GET / | システム設定環境変数を取得できました
[http] 13:14:16 | [システム管理者]Le Diep GET /api/cms/template body:{}
[http] 13:14:16 | [システム管理者]Le Diep GET /api/cms/theme body:{}
[info] 13:14:16 | [システム管理者]Le Diep | GET / | get all success
[info] 13:14:16 | [システム管理者]Le Diep | GET / | get all success
[http] 13:16:01 | [システム管理者]Le Diep GET /auth body:{}
[http] 13:16:01 | [システム管理者]Le Diep GET /api/config body:{}
[info] 13:16:01 | [システム管理者]Le Diep | GET / | システム設定環境変数を取得できました
[http] 13:16:01 | [システム管理者]Le Diep GET /api/cms/template body:{}
[http] 13:16:01 | [システム管理者]Le Diep GET /api/cms/theme body:{}
[info] 13:16:01 | [システム管理者]Le Diep | GET / | get all success
[info] 13:16:01 | [システム管理者]Le Diep | GET / | get all success
[http] 13:16:03 | [システム管理者]Le Diep GET /api/domain body:{}
[info] 13:16:03 | [システム管理者]Le Diep | GET / | get all success
[http] 13:16:03 | [システム管理者]Le Diep GET /api/group body:{}
[info] 13:16:03 | [システム管理者]Le Diep | GET / | get all success
[http] 13:25:55 | [システム管理者]Le Diep GET /auth body:{}
[http] 13:25:55 | [システム管理者]Le Diep GET /api/config body:{}
[info] 13:25:55 | [システム管理者]Le Diep | GET / | システム設定環境変数を取得できました
[http] 13:25:56 | [システム管理者]Le Diep GET /api/cms/template body:{}
[info] 13:25:56 | [システム管理者]Le Diep | GET / | get all success
[http] 13:25:56 | [システム管理者]Le Diep GET /api/domain body:{}
[info] 13:25:56 | [システム管理者]Le Diep | GET / | get all success
[http] 13:25:56 | [システム管理者]Le Diep GET /api/group body:{}
[info] 13:25:56 | [システム管理者]Le Diep | GET / | get all success
[http] 13:28:39 | [システム管理者]Le Diep GET /auth body:{}
[http] 13:28:39 | [システム管理者]Le Diep GET /api/config body:{}
[info] 13:28:39 | [システム管理者]Le Diep | GET / | システム設定環境変数を取得できました
[http] 13:28:40 | [システム管理者]Le Diep GET /api/cms/template body:{}
[info] 13:28:40 | [システム管理者]Le Diep | GET / | get all success
[http] 13:28:40 | [システム管理者]Le Diep GET /api/domain body:{}
[info] 13:28:40 | [システム管理者]Le Diep | GET / | get all success
[http] 13:28:40 | [システム管理者]Le Diep GET /api/group body:{}
[info] 13:28:40 | [システム管理者]Le Diep | GET / | get all success
[http] 13:29:20 | [システム管理者]Le Diep GET /auth body:{}
[http] 13:29:20 | [システム管理者]Le Diep GET /api/config body:{}
[info] 13:29:20 | [システム管理者]Le Diep | GET / | システム設定環境変数を取得できました
[http] 13:29:21 | [システム管理者]Le Diep GET /api/cms/template body:{}
[info] 13:29:21 | [システム管理者]Le Diep | GET / | get all success
[http] 13:29:21 | [システム管理者]Le Diep GET /api/domain body:{}
[info] 13:29:21 | [システム管理者]Le Diep | GET / | get all success
[http] 13:29:21 | [システム管理者]Le Diep GET /api/group body:{}
[info] 13:29:21 | [システム管理者]Le Diep | GET / | get all success
[http] 13:33:17 | [システム管理者]Le Diep GET /auth body:{}
[http] 13:33:17 | [システム管理者]Le Diep GET /api/config body:{}
[info] 13:33:17 | [システム管理者]Le Diep | GET / | システム設定環境変数を取得できました
[http] 13:33:17 | [システム管理者]Le Diep GET /api/cms/template body:{}
[info] 13:33:17 | [システム管理者]Le Diep | GET / | get all success
[http] 13:33:17 | [システム管理者]Le Diep GET /api/domain body:{}
[info] 13:33:17 | [システム管理者]Le Diep | GET / | get all success
[http] 13:33:17 | [システム管理者]Le Diep GET /api/group body:{}
[info] 13:33:17 | [システム管理者]Le Diep | GET / | get all success
[http] 13:40:59 | [システム管理者]Le Diep GET /api/config body:{}
[http] 13:40:59 | [システム管理者]Le Diep GET /auth body:{}
[info] 13:40:59 | [システム管理者]Le Diep | GET / | システム設定環境変数を取得できました
[http] 13:40:59 | [システム管理者]Le Diep GET /api/cms/template body:{}
[info] 13:40:59 | [システム管理者]Le Diep | GET / | get all success
[http] 13:40:59 | [システム管理者]Le Diep GET /api/domain body:{}
[info] 13:40:59 | [システム管理者]Le Diep | GET / | get all success
[http] 13:41:00 | [システム管理者]Le Diep GET /api/group body:{}
[info] 13:41:00 | [システム管理者]Le Diep | GET / | get all success
[http] 13:50:50 | [システム管理者]Le Diep GET /auth body:{}
[http] 13:50:50 | [システム管理者]Le Diep GET /api/config body:{}
[info] 13:50:50 | [システム管理者]Le Diep | GET / | システム設定環境変数を取得できました
[http] 13:50:50 | [システム管理者]Le Diep GET /api/cms/template body:{}
[info] 13:50:50 | [システム管理者]Le Diep | GET / | get all success
[http] 13:50:50 | [システム管理者]Le Diep GET /api/domain body:{}
[info] 13:50:50 | [システム管理者]Le Diep | GET / | get all success
[http] 13:50:50 | [システム管理者]Le Diep GET /api/group body:{}
[info] 13:50:50 | [システム管理者]Le Diep | GET / | get all success
[http] 13:58:02 | [システム管理者]Le Diep GET /auth body:{}
[http] 13:58:02 | [システム管理者]Le Diep GET /api/config body:{}
[info] 13:58:02 | [システム管理者]Le Diep | GET / | システム設定環境変数を取得できました
[http] 13:58:02 | [システム管理者]Le Diep GET /api/cms/template body:{}
[info] 13:58:02 | [システム管理者]Le Diep | GET / | get all success
[http] 13:58:03 | [システム管理者]Le Diep GET /api/domain body:{}
[info] 13:58:03 | [システム管理者]Le Diep | GET / | get all success
[http] 13:58:03 | [システム管理者]Le Diep GET /api/group body:{}
[info] 13:58:03 | [システム管理者]Le Diep | GET / | get all success
[http] 13:58:34 | [システム管理者]Le Diep GET /auth body:{}
[http] 13:58:34 | [システム管理者]Le Diep GET /api/config body:{}
[info] 13:58:34 | [システム管理者]Le Diep | GET / | システム設定環境変数を取得できました
[http] 13:58:34 | [システム管理者]Le Diep GET /api/cms/template body:{}
[info] 13:58:34 | [システム管理者]Le Diep | GET / | get all success
[http] 13:58:34 | [システム管理者]Le Diep GET /api/domain body:{}
[info] 13:58:34 | [システム管理者]Le Diep | GET / | get all success
[http] 13:58:34 | [システム管理者]Le Diep GET /api/group body:{}
[info] 13:58:34 | [システム管理者]Le Diep | GET / | get all success
[http] 13:59:29 | [システム管理者]Le Diep GET /auth body:{}
[http] 13:59:29 | [システム管理者]Le Diep GET /api/config body:{}
[info] 13:59:29 | [システム管理者]Le Diep | GET / | システム設定環境変数を取得できました
[http] 13:59:29 | [システム管理者]Le Diep GET /api/cms/template body:{}
[info] 13:59:29 | [システム管理者]Le Diep | GET / | get all success
[http] 13:59:29 | [システム管理者]Le Diep GET /api/domain body:{}
[info] 13:59:29 | [システム管理者]Le Diep | GET / | get all success
[http] 13:59:30 | [システム管理者]Le Diep GET /api/group body:{}
[info] 13:59:30 | [システム管理者]Le Diep | GET / | get all success
[http] 14:10:23 | [システム管理者]Le Diep GET /auth body:{}
[http] 14:10:23 | [システム管理者]Le Diep GET /api/config body:{}
[info] 14:10:23 | [システム管理者]Le Diep | GET / | システム設定環境変数を取得できました
[http] 14:10:23 | [システム管理者]Le Diep GET /api/cms/template body:{}
[info] 14:10:23 | [システム管理者]Le Diep | GET / | get all success
[http] 14:10:23 | [システム管理者]Le Diep GET /api/domain body:{}
[info] 14:10:23 | [システム管理者]Le Diep | GET / | get all success
[http] 14:10:23 | [システム管理者]Le Diep GET /api/group body:{}
[info] 14:10:23 | [システム管理者]Le Diep | GET / | get all success
[http] 14:13:35 | [システム管理者]Le Diep GET /auth body:{}
[http] 14:13:35 | [システム管理者]Le Diep GET /api/config body:{}
[info] 14:13:35 | [システム管理者]Le Diep | GET / | システム設定環境変数を取得できました
[http] 14:13:35 | [システム管理者]Le Diep GET /api/cms/template body:{}
[info] 14:13:35 | [システム管理者]Le Diep | GET / | get all success
[http] 14:13:36 | [システム管理者]Le Diep GET /api/domain body:{}
[info] 14:13:36 | [システム管理者]Le Diep | GET / | get all success
[http] 14:13:36 | [システム管理者]Le Diep GET /api/group body:{}
[info] 14:13:36 | [システム管理者]Le Diep | GET / | get all success
[http] 14:17:57 | [システム管理者]Le Diep GET /auth body:{}
[http] 14:17:57 | [システム管理者]Le Diep GET /api/config body:{}
[info] 14:17:57 | [システム管理者]Le Diep | GET / | システム設定環境変数を取得できました
[http] 14:17:58 | [システム管理者]Le Diep GET /api/cms/template body:{}
[info] 14:17:58 | [システム管理者]Le Diep | GET / | get all success
[http] 14:17:58 | [システム管理者]Le Diep GET /api/domain body:{}
[info] 14:17:58 | [システム管理者]Le Diep | GET / | get all success
[http] 14:17:58 | [システム管理者]Le Diep GET /api/group body:{}
[info] 14:17:58 | [システム管理者]Le Diep | GET / | get all success
[http] 14:18:03 | [システム管理者]Le Diep GET /auth body:{}
[http] 14:18:03 | [システム管理者]Le Diep GET /api/config body:{}
[info] 14:18:03 | [システム管理者]Le Diep | GET / | システム設定環境変数を取得できました
[http] 14:18:03 | [システム管理者]Le Diep GET /api/cms/template body:{}
[info] 14:18:03 | [システム管理者]Le Diep | GET / | get all success
[http] 14:18:03 | [システム管理者]Le Diep GET /api/domain body:{}
[info] 14:18:03 | [システム管理者]Le Diep | GET / | get all success
[http] 14:18:03 | [システム管理者]Le Diep GET /api/group body:{}
[info] 14:18:03 | [システム管理者]Le Diep | GET / | get all success
[http] 14:31:40 | [システム管理者]Le Diep GET /auth body:{}
[http] 14:31:40 | [システム管理者]Le Diep GET /api/config body:{}
[info] 14:31:40 | [システム管理者]Le Diep | GET / | システム設定環境変数を取得できました
[http] 14:31:40 | [システム管理者]Le Diep GET /api/cms/template body:{}
[info] 14:31:40 | [システム管理者]Le Diep | GET / | get all success
[http] 14:31:41 | [システム管理者]Le Diep GET /api/domain body:{}
[info] 14:31:41 | [システム管理者]Le Diep | GET / | get all success
[http] 14:31:41 | [システム管理者]Le Diep GET /api/group body:{}
[info] 14:31:41 | [システム管理者]Le Diep | GET / | get all success
[http] 14:33:07 | [システム管理者]Le Diep GET /api/cms/theme body:{}
[info] 14:33:07 | [システム管理者]Le Diep | GET / | get all success
[http] 14:33:19 | [システム管理者]Le Diep PUT /api/cms/theme/2 body:{"body":"<div>\n  {block:cx2q2i4yp2jtv}\n  <p style=\"text-align:center\"\">banner</p>\n</div>","head":"<meta charset=\"utf-8\" />\n<meta name=\"viewport\" content=\"width=device-width, initial-scale=1\" />\n<link rel=\"stylesheet\" type=\"text/css\" href=\"/common.css\">","script":"","style":""}
[info] 14:33:19 | [システム管理者]Le Diep | PUT /2 | theme: undefinedを編集が成功しました
[http] 14:33:19 | [システム管理者]Le Diep GET /api/cms/theme/2 body:{}
[info] 14:33:19 | [システム管理者]Le Diep | GET /2 | get one success
[http] 14:33:25 | [システム管理者]Le Diep GET /auth body:{}
[http] 14:33:25 | [システム管理者]Le Diep GET /api/config body:{}
[info] 14:33:25 | [システム管理者]Le Diep | GET / | システム設定環境変数を取得できました
[http] 14:33:25 | [システム管理者]Le Diep GET /api/cms/template body:{}
[info] 14:33:25 | [システム管理者]Le Diep | GET / | get all success
[http] 14:33:25 | [システム管理者]Le Diep GET /api/domain body:{}
[info] 14:33:25 | [システム管理者]Le Diep | GET / | get all success
[http] 14:33:25 | [システム管理者]Le Diep GET /api/group body:{}
[info] 14:33:25 | [システム管理者]Le Diep | GET / | get all success
[http] 14:35:37 | [システム管理者]Le Diep GET /auth body:{}
[http] 14:35:37 | [システム管理者]Le Diep GET /api/config body:{}
[info] 14:35:37 | [システム管理者]Le Diep | GET / | システム設定環境変数を取得できました
[http] 14:35:37 | [システム管理者]Le Diep GET /api/cms/template body:{}
[info] 14:35:37 | [システム管理者]Le Diep | GET / | get all success
[http] 14:35:37 | [システム管理者]Le Diep GET /api/domain body:{}
[info] 14:35:37 | [システム管理者]Le Diep | GET / | get all success
[http] 14:35:37 | [システム管理者]Le Diep GET /api/group body:{}
[info] 14:35:37 | [システム管理者]Le Diep | GET / | get all success
[http] 14:42:07 | [システム管理者]Le Diep GET /auth body:{}
[http] 14:42:07 | [システム管理者]Le Diep GET /api/config body:{}
[info] 14:42:07 | [システム管理者]Le Diep | GET / | システム設定環境変数を取得できました
[http] 14:42:07 | [システム管理者]Le Diep GET /api/cms/template body:{}
[info] 14:42:07 | [システム管理者]Le Diep | GET / | get all success
[http] 14:42:07 | [システム管理者]Le Diep GET /api/domain body:{}
[info] 14:42:07 | [システム管理者]Le Diep | GET / | get all success
[http] 14:42:08 | [システム管理者]Le Diep GET /api/group body:{}
[info] 14:42:08 | [システム管理者]Le Diep | GET / | get all success
[http] 14:43:30 | [システム管理者]Le Diep GET /auth body:{}
[http] 14:43:30 | [システム管理者]Le Diep GET /api/config body:{}
[info] 14:43:30 | [システム管理者]Le Diep | GET / | システム設定環境変数を取得できました
[http] 14:43:30 | [システム管理者]Le Diep GET /api/cms/template body:{}
[info] 14:43:30 | [システム管理者]Le Diep | GET / | get all success
[http] 14:43:30 | [システム管理者]Le Diep GET /api/domain body:{}
[info] 14:43:30 | [システム管理者]Le Diep | GET / | get all success
[http] 14:43:30 | [システム管理者]Le Diep GET /api/group body:{}
[info] 14:43:30 | [システム管理者]Le Diep | GET / | get all success
[http] 14:47:36 | [システム管理者]Le Diep GET /auth body:{}
[http] 14:47:36 | [システム管理者]Le Diep GET /api/config body:{}
[info] 14:47:36 | [システム管理者]Le Diep | GET / | システム設定環境変数を取得できました
[http] 14:47:37 | [システム管理者]Le Diep GET /api/cms/template body:{}
[info] 14:47:37 | [システム管理者]Le Diep | GET / | get all success
[http] 14:47:37 | [システム管理者]Le Diep GET /api/domain body:{}
[info] 14:47:37 | [システム管理者]Le Diep | GET / | get all success
[http] 14:47:37 | [システム管理者]Le Diep GET /api/group body:{}
[info] 14:47:37 | [システム管理者]Le Diep | GET / | get all success
[http] 14:48:43 | [システム管理者]Le Diep GET /auth body:{}
[http] 14:48:43 | [システム管理者]Le Diep GET /api/config body:{}
[info] 14:48:43 | [システム管理者]Le Diep | GET / | システム設定環境変数を取得できました
[http] 14:48:43 | [システム管理者]Le Diep GET /api/cms/template body:{}
[info] 14:48:43 | [システム管理者]Le Diep | GET / | get all success
[http] 14:48:43 | [システム管理者]Le Diep GET /api/domain body:{}
[info] 14:48:43 | [システム管理者]Le Diep | GET / | get all success
[http] 14:48:43 | [システム管理者]Le Diep GET /api/group body:{}
[info] 14:48:43 | [システム管理者]Le Diep | GET / | get all success
[http] 14:49:07 | [システム管理者]Le Diep GET /auth body:{}
[http] 14:49:07 | [システム管理者]Le Diep GET /api/config body:{}
[info] 14:49:07 | [システム管理者]Le Diep | GET / | システム設定環境変数を取得できました
[http] 14:49:07 | [システム管理者]Le Diep GET /api/cms/template body:{}
[info] 14:49:07 | [システム管理者]Le Diep | GET / | get all success
[http] 14:49:08 | [システム管理者]Le Diep GET /api/domain body:{}
[info] 14:49:08 | [システム管理者]Le Diep | GET / | get all success
[http] 14:49:08 | [システム管理者]Le Diep GET /api/group body:{}
[info] 14:49:08 | [システム管理者]Le Diep | GET / | get all success
[http] 14:49:49 | [システム管理者]Le Diep GET /auth body:{}
[http] 14:49:49 | [システム管理者]Le Diep GET /api/config body:{}
[info] 14:49:49 | [システム管理者]Le Diep | GET / | システム設定環境変数を取得できました
[http] 14:49:49 | [システム管理者]Le Diep GET /api/cms/template body:{}
[info] 14:49:49 | [システム管理者]Le Diep | GET / | get all success
[http] 14:49:49 | [システム管理者]Le Diep GET /api/domain body:{}
[info] 14:49:49 | [システム管理者]Le Diep | GET / | get all success
[http] 14:49:49 | [システム管理者]Le Diep GET /api/group body:{}
[info] 14:49:49 | [システム管理者]Le Diep | GET / | get all success
[http] 14:51:04 | [システム管理者]Le Diep GET /auth body:{}
[http] 14:51:04 | [システム管理者]Le Diep GET /api/config body:{}
[info] 14:51:04 | [システム管理者]Le Diep | GET / | システム設定環境変数を取得できました
[http] 14:51:04 | [システム管理者]Le Diep GET /api/cms/template body:{}
[info] 14:51:04 | [システム管理者]Le Diep | GET / | get all success
[http] 14:51:04 | [システム管理者]Le Diep GET /api/domain body:{}
[info] 14:51:04 | [システム管理者]Le Diep | GET / | get all success
[http] 14:51:04 | [システム管理者]Le Diep GET /api/group body:{}
[info] 14:51:04 | [システム管理者]Le Diep | GET / | get all success
[http] 14:51:50 | [システム管理者]Le Diep GET /auth body:{}
[http] 14:51:50 | [システム管理者]Le Diep GET /api/config body:{}
[info] 14:51:50 | [システム管理者]Le Diep | GET / | システム設定環境変数を取得できました
[http] 14:51:50 | [システム管理者]Le Diep GET /api/cms/template body:{}
[info] 14:51:50 | [システム管理者]Le Diep | GET / | get all success
[http] 14:51:51 | [システム管理者]Le Diep GET /api/domain body:{}
[info] 14:51:51 | [システム管理者]Le Diep | GET / | get all success
[http] 14:51:51 | [システム管理者]Le Diep GET /api/group body:{}
[info] 14:51:51 | [システム管理者]Le Diep | GET / | get all success
[http] 15:20:21 | [システム管理者]Le Diep GET /api/config body:{}
[info] 15:20:21 | [システム管理者]Le Diep | GET / | システム設定環境変数を取得できました
[http] 15:20:24 | [システム管理者]Le Diep GET /api/config body:{}
[http] 15:20:24 | [システム管理者]Le Diep GET /auth body:{}
[info] 15:20:24 | [システム管理者]Le Diep | GET / | システム設定環境変数を取得できました
[http] 15:20:24 | [システム管理者]Le Diep GET /api/cms/template body:{}
[info] 15:20:24 | [システム管理者]Le Diep | GET / | get all success
[http] 15:20:24 | [システム管理者]Le Diep GET /api/domain body:{}
[info] 15:20:24 | [システム管理者]Le Diep | GET / | get all success
[http] 15:20:24 | [システム管理者]Le Diep GET /api/group body:{}
[info] 15:20:24 | [システム管理者]Le Diep | GET / | get all success
[http] 15:22:35 | [システム管理者]Le Diep GET /api/config body:{}
[http] 15:22:35 | [システム管理者]Le Diep GET /auth body:{}
[info] 15:22:35 | [システム管理者]Le Diep | GET / | システム設定環境変数を取得できました
[http] 15:22:35 | [システム管理者]Le Diep GET /api/cms/template body:{}
[info] 15:22:35 | [システム管理者]Le Diep | GET / | get all success
[http] 15:22:35 | [システム管理者]Le Diep GET /api/domain body:{}
[info] 15:22:35 | [システム管理者]Le Diep | GET / | get all success
[http] 15:22:35 | [システム管理者]Le Diep GET /api/group body:{}
[info] 15:22:35 | [システム管理者]Le Diep | GET / | get all success
[http] 15:23:38 | [システム管理者]Le Diep GET /auth body:{}
[http] 15:23:38 | [システム管理者]Le Diep GET /api/config body:{}
[info] 15:23:38 | [システム管理者]Le Diep | GET / | システム設定環境変数を取得できました
[http] 15:23:38 | [システム管理者]Le Diep GET /api/cms/template body:{}
[info] 15:23:38 | [システム管理者]Le Diep | GET / | get all success
[http] 15:23:39 | [システム管理者]Le Diep GET /api/domain body:{}
[info] 15:23:39 | [システム管理者]Le Diep | GET / | get all success
[http] 15:23:39 | [システム管理者]Le Diep GET /api/group body:{}
[info] 15:23:39 | [システム管理者]Le Diep | GET / | get all success
[http] 15:29:46 | [システム管理者]Le Diep GET /auth body:{}
[http] 15:29:46 | [システム管理者]Le Diep GET /api/config body:{}
[info] 15:29:46 | [システム管理者]Le Diep | GET / | システム設定環境変数を取得できました
[http] 15:29:47 | [システム管理者]Le Diep GET /api/cms/template body:{}
[info] 15:29:47 | [システム管理者]Le Diep | GET / | get all success
[http] 15:29:47 | [システム管理者]Le Diep GET /api/domain body:{}
[info] 15:29:47 | [システム管理者]Le Diep | GET / | get all success
[http] 15:29:47 | [システム管理者]Le Diep GET /api/group body:{}
[info] 15:29:47 | [システム管理者]Le Diep | GET / | get all success
[http] 15:30:37 | [システム管理者]Le Diep GET /auth body:{}
[http] 15:30:37 | [システム管理者]Le Diep GET /api/config body:{}
[info] 15:30:37 | [システム管理者]Le Diep | GET / | システム設定環境変数を取得できました
[http] 15:30:38 | [システム管理者]Le Diep GET /api/cms/template body:{}
[info] 15:30:38 | [システム管理者]Le Diep | GET / | get all success
[http] 15:30:38 | [システム管理者]Le Diep GET /api/domain body:{}
[info] 15:30:38 | [システム管理者]Le Diep | GET / | get all success
[http] 15:30:38 | [システム管理者]Le Diep GET /api/group body:{}
[info] 15:30:38 | [システム管理者]Le Diep | GET / | get all success
[http] 15:35:32 | [システム管理者]Le Diep GET /auth body:{}
[http] 15:35:32 | [システム管理者]Le Diep GET /api/config body:{}
[info] 15:35:32 | [システム管理者]Le Diep | GET / | システム設定環境変数を取得できました
[http] 15:35:32 | [システム管理者]Le Diep GET /api/cms/template body:{}
[info] 15:35:32 | [システム管理者]Le Diep | GET / | get all success
[http] 15:35:32 | [システム管理者]Le Diep GET /api/domain body:{}
[info] 15:35:32 | [システム管理者]Le Diep | GET / | get all success
[http] 15:35:33 | [システム管理者]Le Diep GET /api/group body:{}
[info] 15:35:33 | [システム管理者]Le Diep | GET / | get all success
[http] 15:36:46 | [システム管理者]Le Diep GET /auth body:{}
[http] 15:36:46 | [システム管理者]Le Diep GET /api/config body:{}
[info] 15:36:46 | [システム管理者]Le Diep | GET / | システム設定環境変数を取得できました
[http] 15:36:46 | [システム管理者]Le Diep GET /api/cms/template body:{}
[info] 15:36:46 | [システム管理者]Le Diep | GET / | get all success
[http] 15:36:46 | [システム管理者]Le Diep GET /api/domain body:{}
[info] 15:36:46 | [システム管理者]Le Diep | GET / | get all success
[http] 15:36:46 | [システム管理者]Le Diep GET /api/group body:{}
[info] 15:36:46 | [システム管理者]Le Diep | GET / | get all success
[http] 15:37:26 | [システム管理者]Le Diep GET /auth body:{}
[http] 15:37:26 | [システム管理者]Le Diep GET /api/config body:{}
[info] 15:37:26 | [システム管理者]Le Diep | GET / | システム設定環境変数を取得できました
[http] 15:37:26 | [システム管理者]Le Diep GET /api/cms/template body:{}
[info] 15:37:26 | [システム管理者]Le Diep | GET / | get all success
[http] 15:37:27 | [システム管理者]Le Diep GET /api/domain body:{}
[info] 15:37:27 | [システム管理者]Le Diep | GET / | get all success
[http] 15:37:27 | [システム管理者]Le Diep GET /api/group body:{}
[info] 15:37:27 | [システム管理者]Le Diep | GET / | get all success
[http] 15:37:50 | [システム管理者]Le Diep GET /auth body:{}
[http] 15:37:50 | [システム管理者]Le Diep GET /api/config body:{}
[info] 15:37:50 | [システム管理者]Le Diep | GET / | システム設定環境変数を取得できました
[http] 15:37:50 | [システム管理者]Le Diep GET /api/cms/template body:{}
[info] 15:37:50 | [システム管理者]Le Diep | GET / | get all success
[http] 15:37:50 | [システム管理者]Le Diep GET /api/domain body:{}
[info] 15:37:50 | [システム管理者]Le Diep | GET / | get all success
[http] 15:37:51 | [システム管理者]Le Diep GET /api/group body:{}
[info] 15:37:51 | [システム管理者]Le Diep | GET / | get all success
[http] 15:38:11 | [システム管理者]Le Diep GET /auth body:{}
[http] 15:38:11 | [システム管理者]Le Diep GET /api/config body:{}
[info] 15:38:11 | [システム管理者]Le Diep | GET / | システム設定環境変数を取得できました
[http] 15:38:11 | [システム管理者]Le Diep GET /api/cms/template body:{}
[info] 15:38:11 | [システム管理者]Le Diep | GET / | get all success
[http] 15:38:11 | [システム管理者]Le Diep GET /api/domain body:{}
[info] 15:38:11 | [システム管理者]Le Diep | GET / | get all success
[http] 15:38:11 | [システム管理者]Le Diep GET /api/group body:{}
[info] 15:38:11 | [システム管理者]Le Diep | GET / | get all success
[http] 15:39:03 | [システム管理者]Le Diep GET /auth body:{}
[http] 15:39:03 | [システム管理者]Le Diep GET /api/config body:{}
[info] 15:39:03 | [システム管理者]Le Diep | GET / | システム設定環境変数を取得できました
[http] 15:39:04 | [システム管理者]Le Diep GET /api/cms/template body:{}
[info] 15:39:04 | [システム管理者]Le Diep | GET / | get all success
[http] 15:39:04 | [システム管理者]Le Diep GET /api/domain body:{}
[info] 15:39:04 | [システム管理者]Le Diep | GET / | get all success
[http] 15:39:04 | [システム管理者]Le Diep GET /api/group body:{}
[info] 15:39:04 | [システム管理者]Le Diep | GET / | get all success
[http] 15:41:09 | [システム管理者]Le Diep GET /auth body:{}
[http] 15:41:09 | [システム管理者]Le Diep GET /api/config body:{}
[info] 15:41:09 | [システム管理者]Le Diep | GET / | システム設定環境変数を取得できました
[http] 15:41:10 | [システム管理者]Le Diep GET /api/cms/template body:{}
[info] 15:41:10 | [システム管理者]Le Diep | GET / | get all success
[http] 15:41:10 | [システム管理者]Le Diep GET /api/domain body:{}
[info] 15:41:10 | [システム管理者]Le Diep | GET / | get all success
[http] 15:41:10 | [システム管理者]Le Diep GET /api/group body:{}
[info] 15:41:10 | [システム管理者]Le Diep | GET / | get all success
[http] 15:58:20 | [システム管理者]Le Diep GET /auth body:{}
[http] 15:58:20 | [システム管理者]Le Diep GET /api/config body:{}
[info] 15:58:20 | [システム管理者]Le Diep | GET / | システム設定環境変数を取得できました
[http] 15:58:20 | [システム管理者]Le Diep GET /api/cms/template body:{}
[info] 15:58:20 | [システム管理者]Le Diep | GET / | get all success
[http] 15:58:20 | [システム管理者]Le Diep GET /api/domain body:{}
[info] 15:58:20 | [システム管理者]Le Diep | GET / | get all success
[http] 15:58:20 | [システム管理者]Le Diep GET /api/group body:{}
[info] 15:58:20 | [システム管理者]Le Diep | GET / | get all success
[http] 16:31:12 | [システム管理者]Le Diep GET /auth body:{}
[http] 16:31:12 | [システム管理者]Le Diep GET /api/config body:{}
[info] 16:31:12 | [システム管理者]Le Diep | GET / | システム設定環境変数を取得できました
[http] 16:31:12 | [システム管理者]Le Diep GET /api/cms/template body:{}
[info] 16:31:12 | [システム管理者]Le Diep | GET / | get all success
[http] 16:31:12 | [システム管理者]Le Diep GET /api/domain body:{}
[info] 16:31:12 | [システム管理者]Le Diep | GET / | get all success
[http] 16:31:12 | [システム管理者]Le Diep GET /api/group body:{}
[info] 16:31:12 | [システム管理者]Le Diep | GET / | get all success
[http] 16:33:04 | [システム管理者]Le Diep GET /auth body:{}
[http] 16:33:04 | [システム管理者]Le Diep GET /api/config body:{}
[info] 16:33:04 | [システム管理者]Le Diep | GET / | システム設定環境変数を取得できました
[http] 16:33:05 | [システム管理者]Le Diep GET /api/cms/template body:{}
[info] 16:33:05 | [システム管理者]Le Diep | GET / | get all success
[http] 16:33:05 | [システム管理者]Le Diep GET /api/domain body:{}
[info] 16:33:05 | [システム管理者]Le Diep | GET / | get all success
[http] 16:33:05 | [システム管理者]Le Diep GET /api/group body:{}
[info] 16:33:05 | [システム管理者]Le Diep | GET / | get all success
[http] 16:33:27 | [システム管理者]Le Diep GET /auth body:{}
[http] 16:33:27 | [システム管理者]Le Diep GET /api/config body:{}
[info] 16:33:27 | [システム管理者]Le Diep | GET / | システム設定環境変数を取得できました
[http] 16:33:27 | [システム管理者]Le Diep GET /api/cms/template body:{}
[info] 16:33:27 | [システム管理者]Le Diep | GET / | get all success
[http] 16:33:27 | [システム管理者]Le Diep GET /api/domain body:{}
[info] 16:33:27 | [システム管理者]Le Diep | GET / | get all success
[http] 16:33:27 | [システム管理者]Le Diep GET /api/group body:{}
[info] 16:33:27 | [システム管理者]Le Diep | GET / | get all success
[http] 16:52:08 | [システム管理者]Le Diep GET /auth body:{}
[http] 16:52:08 | [システム管理者]Le Diep GET /api/config body:{}
[info] 16:52:08 | [システム管理者]Le Diep | GET / | システム設定環境変数を取得できました
[http] 16:52:09 | [システム管理者]Le Diep GET /api/cms/template body:{}
[info] 16:52:09 | [システム管理者]Le Diep | GET / | get all success
[http] 16:52:09 | [システム管理者]Le Diep GET /api/domain body:{}
[info] 16:52:09 | [システム管理者]Le Diep | GET / | get all success
[http] 16:52:09 | [システム管理者]Le Diep GET /api/group body:{}
[info] 16:52:09 | [システム管理者]Le Diep | GET / | get all success
[http] 17:08:46 | [システム管理者]Le Diep GET /auth body:{}
[http] 17:08:46 | [システム管理者]Le Diep GET /api/config body:{}
[info] 17:08:46 | [システム管理者]Le Diep | GET / | システム設定環境変数を取得できました
[http] 17:08:46 | [システム管理者]Le Diep GET /api/cms/template body:{}
[info] 17:08:46 | [システム管理者]Le Diep | GET / | get all success
[http] 17:08:46 | [システム管理者]Le Diep GET /api/domain body:{}
[info] 17:08:46 | [システム管理者]Le Diep | GET / | get all success
[http] 17:08:46 | [システム管理者]Le Diep GET /api/group body:{}
[info] 17:08:46 | [システム管理者]Le Diep | GET / | get all success
[http] 17:43:05 | [システム管理者]Le Diep GET /auth body:{}
[http] 17:43:05 | [システム管理者]Le Diep GET /api/config body:{}
[info] 17:43:05 | [システム管理者]Le Diep | GET / | システム設定環境変数を取得できました
[http] 17:43:06 | [システム管理者]Le Diep GET /api/cms/template body:{}
[info] 17:43:06 | [システム管理者]Le Diep | GET / | get all success
[http] 17:43:06 | [システム管理者]Le Diep GET /api/domain body:{}
[info] 17:43:06 | [システム管理者]Le Diep | GET / | get all success
[http] 17:43:06 | [システム管理者]Le Diep GET /api/group body:{}
[info] 17:43:06 | [システム管理者]Le Diep | GET / | get all success
[http] 17:53:29 | [システム管理者]Le Diep GET /api/config body:{}
[info] 17:53:29 | [システム管理者]Le Diep | GET / | システム設定環境変数を取得できました
[http] 17:53:45 | [システム管理者]Le Diep GET /auth body:{}
[http] 17:53:45 | [システム管理者]Le Diep GET /api/config body:{}
[info] 17:53:45 | [システム管理者]Le Diep | GET / | システム設定環境変数を取得できました
[http] 17:53:46 | [システム管理者]Le Diep GET /api/cms/template body:{}
[info] 17:53:46 | [システム管理者]Le Diep | GET / | get all success
[http] 17:53:46 | [システム管理者]Le Diep GET /api/domain body:{}
[info] 17:53:46 | [システム管理者]Le Diep | GET / | get all success
[http] 17:53:46 | [システム管理者]Le Diep GET /api/group body:{}
[info] 17:53:46 | [システム管理者]Le Diep | GET / | get all success
[http] 17:55:51 | [システム管理者]Le Diep GET /auth body:{}
[http] 17:55:51 | [システム管理者]Le Diep GET /api/config body:{}
[info] 17:55:51 | [システム管理者]Le Diep | GET / | システム設定環境変数を取得できました
[http] 17:55:52 | [システム管理者]Le Diep GET /api/cms/template body:{}
[info] 17:55:52 | [システム管理者]Le Diep | GET / | get all success
[http] 17:55:52 | [システム管理者]Le Diep GET /api/domain body:{}
[info] 17:55:52 | [システム管理者]Le Diep | GET / | get all success
[http] 17:55:52 | [システム管理者]Le Diep GET /api/group body:{}
[info] 17:55:52 | [システム管理者]Le Diep | GET / | get all success
[http] 17:57:00 | [システム管理者]Le Diep GET /auth body:{}
[http] 17:57:00 | [システム管理者]Le Diep GET /api/config body:{}
[info] 17:57:00 | [システム管理者]Le Diep | GET / | システム設定環境変数を取得できました
[http] 17:57:00 | [システム管理者]Le Diep GET /api/cms/template body:{}
[info] 17:57:00 | [システム管理者]Le Diep | GET / | get all success
[http] 17:57:00 | [システム管理者]Le Diep GET /api/domain body:{}
[info] 17:57:00 | [システム管理者]Le Diep | GET / | get all success
[http] 17:57:01 | [システム管理者]Le Diep GET /api/group body:{}
[info] 17:57:01 | [システム管理者]Le Diep | GET / | get all success
[http] 17:58:57 | [システム管理者]Le Diep GET /auth body:{}
[http] 17:58:57 | [システム管理者]Le Diep GET /api/config body:{}
[info] 17:58:57 | [システム管理者]Le Diep | GET / | システム設定環境変数を取得できました
[http] 17:58:58 | [システム管理者]Le Diep GET /api/cms/template body:{}
[info] 17:58:58 | [システム管理者]Le Diep | GET / | get all success
[http] 17:58:58 | [システム管理者]Le Diep GET /api/domain body:{}
[info] 17:58:58 | [システム管理者]Le Diep | GET / | get all success
[http] 17:58:58 | [システム管理者]Le Diep GET /api/group body:{}
[info] 17:58:58 | [システム管理者]Le Diep | GET / | get all success
[http] 18:00:02 | [システム管理者]Le Diep GET /auth body:{}
[http] 18:00:02 | [システム管理者]Le Diep GET /api/config body:{}
[info] 18:00:02 | [システム管理者]Le Diep | GET / | システム設定環境変数を取得できました
[http] 18:00:02 | [システム管理者]Le Diep GET /api/cms/template body:{}
[info] 18:00:02 | [システム管理者]Le Diep | GET / | get all success
[http] 18:00:03 | [システム管理者]Le Diep GET /api/domain body:{}
[info] 18:00:03 | [システム管理者]Le Diep | GET / | get all success
[http] 18:00:03 | [システム管理者]Le Diep GET /api/group body:{}
[info] 18:00:03 | [システム管理者]Le Diep | GET / | get all success
[http] 18:01:36 | [システム管理者]Le Diep GET /auth body:{}
[http] 18:01:36 | [システム管理者]Le Diep GET /api/config body:{}
[info] 18:01:36 | [システム管理者]Le Diep | GET / | システム設定環境変数を取得できました
[http] 18:01:37 | [システム管理者]Le Diep GET /api/cms/template body:{}
[info] 18:01:37 | [システム管理者]Le Diep | GET / | get all success
[http] 18:01:37 | [システム管理者]Le Diep GET /api/domain body:{}
[info] 18:01:37 | [システム管理者]Le Diep | GET / | get all success
[http] 18:01:37 | [システム管理者]Le Diep GET /api/group body:{}
[info] 18:01:37 | [システム管理者]Le Diep | GET / | get all success
[http] 18:03:56 | [システム管理者]Le Diep GET /auth body:{}
[http] 18:03:57 | [システム管理者]Le Diep GET /api/config body:{}
[info] 18:03:57 | [システム管理者]Le Diep | GET / | システム設定環境変数を取得できました
[http] 18:03:57 | [システム管理者]Le Diep GET /api/cms/template body:{}
[info] 18:03:57 | [システム管理者]Le Diep | GET / | get all success
[http] 18:03:57 | [システム管理者]Le Diep GET /api/domain body:{}
[info] 18:03:57 | [システム管理者]Le Diep | GET / | get all success
[http] 18:03:57 | [システム管理者]Le Diep GET /api/group body:{}
[info] 18:03:57 | [システム管理者]Le Diep | GET / | get all success
[http] 18:05:53 | [システム管理者]Le Diep GET /api/config body:{}
[info] 18:05:53 | [システム管理者]Le Diep | GET / | システム設定環境変数を取得できました
[http] 18:05:53 | [システム管理者]Le Diep GET /auth body:{}
[http] 18:05:54 | [システム管理者]Le Diep GET /api/cms/template body:{}
[info] 18:05:54 | [システム管理者]Le Diep | GET / | get all success
[http] 18:05:54 | [システム管理者]Le Diep GET /api/domain body:{}
[info] 18:05:54 | [システム管理者]Le Diep | GET / | get all success
[http] 18:05:54 | [システム管理者]Le Diep GET /api/group body:{}
[info] 18:05:54 | [システム管理者]Le Diep | GET / | get all success
[http] 18:07:11 | [システム管理者]Le Diep GET /auth body:{}
[http] 18:07:11 | [システム管理者]Le Diep GET /api/config body:{}
[info] 18:07:11 | [システム管理者]Le Diep | GET / | システム設定環境変数を取得できました
[http] 18:07:11 | [システム管理者]Le Diep GET /api/cms/template body:{}
[info] 18:07:11 | [システム管理者]Le Diep | GET / | get all success
[http] 18:07:11 | [システム管理者]Le Diep GET /api/domain body:{}
[info] 18:07:11 | [システム管理者]Le Diep | GET / | get all success
[http] 18:07:11 | [システム管理者]Le Diep GET /api/group body:{}
[info] 18:07:11 | [システム管理者]Le Diep | GET / | get all success
[http] 18:08:28 | [システム管理者]Le Diep GET /auth body:{}
[http] 18:08:28 | [システム管理者]Le Diep GET /api/config body:{}
[info] 18:08:28 | [システム管理者]Le Diep | GET / | システム設定環境変数を取得できました
[http] 18:08:37 | [システム管理者]Le Diep GET /api/config body:{}
[http] 18:08:37 | [システム管理者]Le Diep GET /auth body:{}
[info] 18:08:37 | [システム管理者]Le Diep | GET / | システム設定環境変数を取得できました
[http] 18:08:38 | [システム管理者]Le Diep GET /api/cms/template body:{}
[info] 18:08:38 | [システム管理者]Le Diep | GET / | get all success
[http] 18:08:38 | [システム管理者]Le Diep GET /api/domain body:{}
[info] 18:08:38 | [システム管理者]Le Diep | GET / | get all success
[http] 18:08:38 | [システム管理者]Le Diep GET /api/group body:{}
[info] 18:08:38 | [システム管理者]Le Diep | GET / | get all success
[http] 18:08:42 | [システム管理者]Le Diep GET /auth body:{}
[http] 18:08:42 | [システム管理者]Le Diep GET /api/config body:{}
[info] 18:08:42 | [システム管理者]Le Diep | GET / | システム設定環境変数を取得できました
[http] 18:08:43 | [システム管理者]Le Diep GET /api/cms/template body:{}
[info] 18:08:43 | [システム管理者]Le Diep | GET / | get all success
[http] 18:08:43 | [システム管理者]Le Diep GET /api/domain body:{}
[info] 18:08:43 | [システム管理者]Le Diep | GET / | get all success
[http] 18:08:43 | [システム管理者]Le Diep GET /api/group body:{}
[info] 18:08:43 | [システム管理者]Le Diep | GET / | get all success
[http] 18:09:33 | [システム管理者]Le Diep GET /api/config body:{}
[http] 18:09:33 | [システム管理者]Le Diep GET /auth body:{}
[info] 18:09:33 | [システム管理者]Le Diep | GET / | システム設定環境変数を取得できました
[http] 18:09:41 | [システム管理者]Le Diep GET /auth body:{}
[http] 18:09:41 | [システム管理者]Le Diep GET /api/config body:{}
[info] 18:09:41 | [システム管理者]Le Diep | GET / | システム設定環境変数を取得できました
[http] 18:09:42 | [システム管理者]Le Diep GET /api/cms/template body:{}
[info] 18:09:42 | [システム管理者]Le Diep | GET / | get all success
[http] 18:09:42 | [システム管理者]Le Diep GET /api/domain body:{}
[info] 18:09:42 | [システム管理者]Le Diep | GET / | get all success
[http] 18:09:42 | [システム管理者]Le Diep GET /api/group body:{}
[info] 18:09:42 | [システム管理者]Le Diep | GET / | get all success
[http] 18:09:57 | [システム管理者]Le Diep GET /auth body:{}
[http] 18:09:57 | [システム管理者]Le Diep GET /api/config body:{}
[info] 18:09:57 | [システム管理者]Le Diep | GET / | システム設定環境変数を取得できました
[http] 18:09:58 | [システム管理者]Le Diep GET /api/cms/template body:{}
[info] 18:09:58 | [システム管理者]Le Diep | GET / | get all success
[http] 18:09:58 | [システム管理者]Le Diep GET /api/domain body:{}
[info] 18:09:58 | [システム管理者]Le Diep | GET / | get all success
[http] 18:09:58 | [システム管理者]Le Diep GET /api/group body:{}
[info] 18:09:58 | [システム管理者]Le Diep | GET / | get all success
[http] 18:11:12 | [システム管理者]Le Diep GET /auth body:{}
[http] 18:11:12 | [システム管理者]Le Diep GET /api/config body:{}
[info] 18:11:12 | [システム管理者]Le Diep | GET / | システム設定環境変数を取得できました
[http] 18:11:13 | [システム管理者]Le Diep GET /api/cms/template body:{}
[info] 18:11:13 | [システム管理者]Le Diep | GET / | get all success
[http] 18:11:13 | [システム管理者]Le Diep GET /api/domain body:{}
[info] 18:11:13 | [システム管理者]Le Diep | GET / | get all success
[http] 18:11:13 | [システム管理者]Le Diep GET /api/group body:{}
[info] 18:11:13 | [システム管理者]Le Diep | GET / | get all success
[http] 18:14:15 | [システム管理者]Le Diep GET /auth body:{}
[http] 18:14:15 | [システム管理者]Le Diep GET /api/config body:{}
[info] 18:14:15 | [システム管理者]Le Diep | GET / | システム設定環境変数を取得できました
[http] 18:14:16 | [システム管理者]Le Diep GET /api/cms/template body:{}
[info] 18:14:16 | [システム管理者]Le Diep | GET / | get all success
[http] 18:14:16 | [システム管理者]Le Diep GET /api/domain body:{}
[info] 18:14:16 | [システム管理者]Le Diep | GET / | get all success
[http] 18:14:16 | [システム管理者]Le Diep GET /api/group body:{}
[info] 18:14:16 | [システム管理者]Le Diep | GET / | get all success
[http] 18:18:10 | [システム管理者]Le Diep GET /api/config body:{}
[info] 18:18:10 | [システム管理者]Le Diep | GET / | システム設定環境変数を取得できました
[http] 18:18:33 | [システム管理者]Le Diep GET /auth body:{}
[http] 18:18:33 | [システム管理者]Le Diep GET /api/config body:{}
[info] 18:18:33 | [システム管理者]Le Diep | GET / | システム設定環境変数を取得できました
[http] 18:18:34 | [システム管理者]Le Diep GET /api/cms/template body:{}
[http] 18:18:34 | [システム管理者]Le Diep GET /api/cms/theme body:{}
[info] 18:18:34 | [システム管理者]Le Diep | GET / | get all success
[info] 18:18:34 | [システム管理者]Le Diep | GET / | get all success
[http] 18:18:35 | [システム管理者]Le Diep GET /api/domain body:{}
[info] 18:18:35 | [システム管理者]Le Diep | GET / | get all success
[http] 18:18:35 | [システム管理者]Le Diep GET /api/group body:{}
[info] 18:18:35 | [システム管理者]Le Diep | GET / | get all success
[http] 18:20:31 | [システム管理者]Le Diep GET /api/cms/web body:{}
[info] 18:20:31 | [システム管理者]Le Diep | GET / | get all success
[http] 18:20:32 | [システム管理者]Le Diep GET /api/cms/page body:{}
[info] 18:20:32 | [システム管理者]Le Diep | GET / | get all success
[http] 18:32:03 | [システム管理者]Le Diep GET /api/config body:{}
[info] 18:32:03 | [システム管理者]Le Diep | GET / | システム設定環境変数を取得できました
[http] 18:33:30 | [システム管理者]Le Diep GET /api/config body:{}
[info] 18:33:30 | [システム管理者]Le Diep | GET / | システム設定環境変数を取得できました
[http] 18:40:44 | [システム管理者]Le Diep GET /api/config body:{}
[http] 18:40:44 | [システム管理者]Le Diep GET /auth body:{}
[info] 18:40:44 | [システム管理者]Le Diep | GET / | システム設定環境変数を取得できました
[http] 18:40:44 | [システム管理者]Le Diep GET /api/cms/template body:{}
[info] 18:40:44 | [システム管理者]Le Diep | GET / | get all success
[http] 18:40:44 | [システム管理者]Le Diep GET /api/domain body:{}
[info] 18:40:44 | [システム管理者]Le Diep | GET / | get all success
[http] 18:40:45 | [システム管理者]Le Diep GET /api/group body:{}
[info] 18:40:45 | [システム管理者]Le Diep | GET / | get all success
[http] 18:40:57 | [システム管理者]Le Diep GET /auth body:{}
[http] 18:40:57 | [システム管理者]Le Diep GET /api/config body:{}
[info] 18:40:57 | [システム管理者]Le Diep | GET / | システム設定環境変数を取得できました
[http] 18:40:57 | [システム管理者]Le Diep GET /api/cms/template body:{}
[info] 18:40:57 | [システム管理者]Le Diep | GET / | get all success
[http] 18:40:57 | [システム管理者]Le Diep GET /api/domain body:{}
[info] 18:40:57 | [システム管理者]Le Diep | GET / | get all success
[http] 18:40:57 | [システム管理者]Le Diep GET /api/group body:{}
[info] 18:40:57 | [システム管理者]Le Diep | GET / | get all success
[http] 19:06:48 | [システム管理者]Le Diep GET /auth body:{}
[http] 19:06:48 | [システム管理者]Le Diep GET /api/config body:{}
[info] 19:06:48 | [システム管理者]Le Diep | GET / | システム設定環境変数を取得できました
[http] 19:06:48 | [システム管理者]Le Diep GET /api/cms/template body:{}
[info] 19:06:48 | [システム管理者]Le Diep | GET / | get all success
[http] 19:06:48 | [システム管理者]Le Diep GET /api/domain body:{}
[info] 19:06:48 | [システム管理者]Le Diep | GET / | get all success
[http] 19:06:49 | [システム管理者]Le Diep GET /api/group body:{}
[info] 19:06:49 | [システム管理者]Le Diep | GET / | get all success
[info] 19:10:24 | サーバの起動が完了しました。
[http] 19:10:30 | [システム管理者]Le Diep GET /auth body:{}
[http] 19:10:30 | [システム管理者]Le Diep GET /api/config body:{}
[info] 19:10:30 | [システム管理者]Le Diep | GET / | システム設定環境変数を取得できました
[http] 19:10:31 | [システム管理者]Le Diep GET /api/cms/template body:{}
[info] 19:10:31 | [システム管理者]Le Diep | GET / | get all success
[http] 19:10:31 | [システム管理者]Le Diep GET /api/domain body:{}
[info] 19:10:31 | [システム管理者]Le Diep | GET / | get all success
[http] 19:10:31 | [システム管理者]Le Diep GET /api/group body:{}
[info] 19:10:31 | [システム管理者]Le Diep | GET / | get all success
[info] 19:12:37 | サーバの起動が完了しました。
[info] 19:28:06 | サーバの起動が完了しました。
[http] 19:28:08 | [システム管理者]Le Diep GET /auth body:{}
[http] 19:28:08 | [システム管理者]Le Diep GET /api/config body:{}
[info] 19:28:08 | [システム管理者]Le Diep | GET / | システム設定環境変数を取得できました
[http] 19:28:08 | [システム管理者]Le Diep GET /api/cms/template body:{}
[info] 19:28:08 | [システム管理者]Le Diep | GET / | get all success
[http] 19:28:08 | [システム管理者]Le Diep GET /api/domain body:{}
[info] 19:28:08 | [システム管理者]Le Diep | GET / | get all success
[http] 19:28:09 | [システム管理者]Le Diep GET /api/group body:{}
[info] 19:28:09 | [システム管理者]Le Diep | GET / | get all success
[http] 19:29:05 | [システム管理者]Le Diep GET /auth body:{}
[http] 19:29:05 | [システム管理者]Le Diep GET /api/config body:{}
[info] 19:29:05 | [システム管理者]Le Diep | GET / | システム設定環境変数を取得できました
[http] 19:29:06 | [システム管理者]Le Diep GET /api/cms/template body:{}
[info] 19:29:06 | [システム管理者]Le Diep | GET / | get all success
[http] 19:29:06 | [システム管理者]Le Diep GET /api/domain body:{}
[info] 19:29:06 | [システム管理者]Le Diep | GET / | get all success
[http] 19:29:06 | [システム管理者]Le Diep GET /api/group body:{}
[info] 19:29:06 | [システム管理者]Le Diep | GET / | get all success
[http] 19:32:02 | [システム管理者]Le Diep GET /auth body:{}
[http] 19:32:02 | [システム管理者]Le Diep GET /api/config body:{}
[info] 19:32:02 | [システム管理者]Le Diep | GET / | システム設定環境変数を取得できました
[http] 19:32:02 | [システム管理者]Le Diep GET /api/cms/template body:{}
[info] 19:32:02 | [システム管理者]Le Diep | GET / | get all success
[http] 19:32:02 | [システム管理者]Le Diep GET /api/domain body:{}
[info] 19:32:02 | [システム管理者]Le Diep | GET / | get all success
[http] 19:32:02 | [システム管理者]Le Diep GET /api/group body:{}
[info] 19:32:02 | [システム管理者]Le Diep | GET / | get all success
[http] 19:35:16 | [システム管理者]Le Diep GET /api/config body:{}
[http] 19:35:16 | [システム管理者]Le Diep GET /auth body:{}
[info] 19:35:16 | [システム管理者]Le Diep | GET / | システム設定環境変数を取得できました
[http] 19:35:17 | [システム管理者]Le Diep GET /api/cms/template body:{}
[info] 19:35:17 | [システム管理者]Le Diep | GET / | get all success
[http] 19:35:17 | [システム管理者]Le Diep GET /api/domain body:{}
[info] 19:35:17 | [システム管理者]Le Diep | GET / | get all success
[http] 19:35:17 | [システム管理者]Le Diep GET /api/group body:{}
[info] 19:35:17 | [システム管理者]Le Diep | GET / | get all success
[http] 19:36:17 | [システム管理者]Le Diep GET /auth body:{}
[http] 19:36:17 | [システム管理者]Le Diep GET /api/config body:{}
[info] 19:36:17 | [システム管理者]Le Diep | GET / | システム設定環境変数を取得できました
[http] 19:36:17 | [システム管理者]Le Diep GET /api/cms/template body:{}
[info] 19:36:17 | [システム管理者]Le Diep | GET / | get all success
[http] 19:36:17 | [システム管理者]Le Diep GET /api/domain body:{}
[info] 19:36:17 | [システム管理者]Le Diep | GET / | get all success
[http] 19:36:18 | [システム管理者]Le Diep GET /api/group body:{}
[info] 19:36:18 | [システム管理者]Le Diep | GET / | get all success
[http] 19:36:52 | [システム管理者]Le Diep GET /auth body:{}
[http] 19:36:52 | [システム管理者]Le Diep GET /api/config body:{}
[info] 19:36:52 | [システム管理者]Le Diep | GET / | システム設定環境変数を取得できました
[http] 19:36:52 | [システム管理者]Le Diep GET /api/cms/template body:{}
[info] 19:36:52 | [システム管理者]Le Diep | GET / | get all success
[http] 19:36:52 | [システム管理者]Le Diep GET /api/domain body:{}
[info] 19:36:52 | [システム管理者]Le Diep | GET / | get all success
[http] 19:36:53 | [システム管理者]Le Diep GET /api/group body:{}
[info] 19:36:53 | [システム管理者]Le Diep | GET / | get all success
[http] 19:58:08 | [システム管理者]Le Diep GET /api/config body:{}
[info] 19:58:08 | [システム管理者]Le Diep | GET / | システム設定環境変数を取得できました
[http] 19:58:33 | [システム管理者]Le Diep GET /auth body:{}
[http] 19:58:33 | [システム管理者]Le Diep GET /api/config body:{}
[info] 19:58:33 | [システム管理者]Le Diep | GET / | システム設定環境変数を取得できました
[http] 19:58:34 | [システム管理者]Le Diep GET /api/cms/template body:{}
[info] 19:58:34 | [システム管理者]Le Diep | GET / | get all success
[http] 19:58:34 | [システム管理者]Le Diep GET /api/domain body:{}
[info] 19:58:34 | [システム管理者]Le Diep | GET / | get all success
[http] 19:58:34 | [システム管理者]Le Diep GET /api/group body:{}
[info] 19:58:34 | [システム管理者]Le Diep | GET / | get all success
[http] 19:58:44 | [システム管理者]Le Diep GET /api/local body:{}
[info] 19:58:44 | [システム管理者]Le Diep | GET / | get all success
[http] 20:00:07 | [システム管理者]Le Diep GET /auth body:{}
[http] 20:00:07 | [システム管理者]Le Diep GET /api/config body:{}
[info] 20:00:07 | [システム管理者]Le Diep | GET / | システム設定環境変数を取得できました
[http] 20:00:08 | [システム管理者]Le Diep GET /api/cms/template body:{}
[info] 20:00:08 | [システム管理者]Le Diep | GET / | get all success
[http] 20:00:08 | [システム管理者]Le Diep GET /api/domain body:{}
[info] 20:00:08 | [システム管理者]Le Diep | GET / | get all success
[http] 20:00:08 | [システム管理者]Le Diep GET /api/group body:{}
[info] 20:00:08 | [システム管理者]Le Diep | GET / | get all success
[http] 20:00:13 | [システム管理者]Le Diep GET /api/local body:{}
[info] 20:00:13 | [システム管理者]Le Diep | GET / | get all success
[http] 20:00:53 | [システム管理者]Le Diep GET /api/local/sync body:{}
[http] 20:01:00 | [システム管理者]Le Diep GET /auth body:{}
[http] 20:01:00 | [システム管理者]Le Diep GET /api/config body:{}
[info] 20:01:00 | [システム管理者]Le Diep | GET / | システム設定環境変数を取得できました
[http] 20:01:00 | [システム管理者]Le Diep GET /api/local body:{}
[info] 20:01:00 | [システム管理者]Le Diep | GET / | get all success
[http] 20:01:00 | [システム管理者]Le Diep GET /imgs/bg_pattern.webp body:{}
[http] 20:01:00 | [システム管理者]Le Diep GET /imgs/fabric_1.webp body:{}
[http] 20:01:00 | [システム管理者]Le Diep GET /imgs/square.webp body:{}
[http] 20:01:03 | [システム管理者]Le Diep GET /api/cms/template body:{}
[http] 20:01:03 | [システム管理者]Le Diep GET /api/cms/theme body:{}
[info] 20:01:03 | [システム管理者]Le Diep | GET / | get all success
[info] 20:01:03 | [システム管理者]Le Diep | GET / | get all success
[http] 20:01:04 | [システム管理者]Le Diep GET /api/domain body:{}
[info] 20:01:04 | [システム管理者]Le Diep | GET / | get all success
[http] 20:01:04 | [システム管理者]Le Diep GET /api/group body:{}
[info] 20:01:04 | [システム管理者]Le Diep | GET / | get all success
[http] 20:02:27 | [システム管理者]Le Diep GET /imgs/bg_pattern.webp body:{}
[http] 20:02:27 | [システム管理者]Le Diep GET /imgs/fabric_1.webp body:{}
[http] 20:02:27 | [システム管理者]Le Diep GET /imgs/square.webp body:{}
[http] 20:08:18 | [システム管理者]Le Diep GET /api/config body:{}
[info] 20:08:18 | [システム管理者]Le Diep | GET / | システム設定環境変数を取得できました
[http] 20:08:25 | [システム管理者]Le Diep GET /api/config body:{}
[http] 20:08:25 | [システム管理者]Le Diep GET /auth body:{}
[info] 20:08:25 | [システム管理者]Le Diep | GET / | システム設定環境変数を取得できました
[http] 20:08:26 | [システム管理者]Le Diep GET /api/cms/template body:{}
[info] 20:08:26 | [システム管理者]Le Diep | GET / | get all success
[http] 20:08:26 | [システム管理者]Le Diep GET /api/domain body:{}
[info] 20:08:26 | [システム管理者]Le Diep | GET / | get all success
[http] 20:08:26 | [システム管理者]Le Diep GET /api/group body:{}
[info] 20:08:26 | [システム管理者]Le Diep | GET / | get all success
[http] 20:08:38 | [システム管理者]Le Diep GET /api/local body:{}
[info] 20:08:38 | [システム管理者]Le Diep | GET / | get all success
[http] 20:09:12 | [システム管理者]Le Diep GET /auth body:{}
[http] 20:09:12 | [システム管理者]Le Diep GET /api/config body:{}
[info] 20:09:12 | [システム管理者]Le Diep | GET / | システム設定環境変数を取得できました
[http] 20:09:13 | [システム管理者]Le Diep GET /api/cms/template body:{}
[info] 20:09:13 | [システム管理者]Le Diep | GET / | get all success
[http] 20:09:13 | [システム管理者]Le Diep GET /api/domain body:{}
[info] 20:09:13 | [システム管理者]Le Diep | GET / | get all success
[http] 20:09:13 | [システム管理者]Le Diep GET /api/group body:{}
[info] 20:09:13 | [システム管理者]Le Diep | GET / | get all success
[http] 20:09:15 | [システム管理者]Le Diep GET /api/local body:{}
[info] 20:09:15 | [システム管理者]Le Diep | GET / | get all success
[info] 20:10:31 | サーバの起動が完了しました。
[http] 20:10:32 | [システム管理者]Le Diep GET /auth body:{}
[http] 20:10:32 | [システム管理者]Le Diep GET /api/config body:{}
[info] 20:10:32 | [システム管理者]Le Diep | GET / | システム設定環境変数を取得できました
[http] 20:10:33 | [システム管理者]Le Diep GET /api/cms/template body:{}
[info] 20:10:33 | [システム管理者]Le Diep | GET / | get all success
[http] 20:10:33 | [システム管理者]Le Diep GET /api/domain body:{}
[info] 20:10:33 | [システム管理者]Le Diep | GET / | get all success
[http] 20:10:33 | [システム管理者]Le Diep GET /api/group body:{}
[info] 20:10:33 | [システム管理者]Le Diep | GET / | get all success
[http] 20:10:36 | [システム管理者]Le Diep GET /api/local body:{}
[info] 20:10:36 | [システム管理者]Le Diep | GET / | get all success
[http] 20:12:57 | [システム管理者]Le Diep GET /api/config body:{}
[http] 20:12:57 | [システム管理者]Le Diep GET /auth body:{}
[info] 20:12:57 | [システム管理者]Le Diep | GET / | システム設定環境変数を取得できました
[http] 20:12:58 | [システム管理者]Le Diep GET /api/cms/template body:{}
[info] 20:12:58 | [システム管理者]Le Diep | GET / | get all success
[http] 20:12:58 | [システム管理者]Le Diep GET /api/domain body:{}
[info] 20:12:58 | [システム管理者]Le Diep | GET / | get all success
[http] 20:12:58 | [システム管理者]Le Diep GET /api/group body:{}
[info] 20:12:58 | [システム管理者]Le Diep | GET / | get all success
[http] 20:13:01 | [システム管理者]Le Diep GET /api/local body:{}
[info] 20:13:01 | [システム管理者]Le Diep | GET / | get all success
[http] 20:16:10 | [システム管理者]Le Diep GET /auth body:{}
[http] 20:16:10 | [システム管理者]Le Diep GET /api/config body:{}
[info] 20:16:10 | [システム管理者]Le Diep | GET / | システム設定環境変数を取得できました
[http] 20:16:11 | [システム管理者]Le Diep GET /api/cms/template body:{}
[info] 20:16:11 | [システム管理者]Le Diep | GET / | get all success
[http] 20:16:11 | [システム管理者]Le Diep GET /api/domain body:{}
[info] 20:16:11 | [システム管理者]Le Diep | GET / | get all success
[http] 20:16:11 | [システム管理者]Le Diep GET /api/group body:{}
[info] 20:16:11 | [システム管理者]Le Diep | GET / | get all success
[http] 20:16:15 | [システム管理者]Le Diep GET /api/local body:{}
[info] 20:16:15 | [システム管理者]Le Diep | GET / | get all success
[http] 20:19:24 | [システム管理者]Le Diep GET /auth body:{}
[http] 20:19:24 | [システム管理者]Le Diep GET /api/config body:{}
[info] 20:19:24 | [システム管理者]Le Diep | GET / | システム設定環境変数を取得できました
[http] 20:19:58 | [システム管理者]Le Diep GET /api/cms/theme body:{}
[info] 20:19:58 | [システム管理者]Le Diep | GET / | get all success
[http] 20:20:12 | [システム管理者]Le Diep PUT /api/cms/theme/2 body:{"body":"<div> {block:cx2q2i4yp2jtv} <p style=\"text-align:center\"\">banner</p>{block:hrq64i72vu878}</div>","head":"<meta charset=\"utf-8\" />\n<meta name=\"viewport\" content=\"width=device-width, initial-scale=1\" />\n<link rel=\"stylesheet\" type=\"text/css\" href=\"/common.css\">","script":"","style":""}
[info] 20:20:12 | [システム管理者]Le Diep | PUT /2 | theme: undefinedを編集が成功しました
[http] 20:20:12 | [システム管理者]Le Diep GET /api/cms/theme/2 body:{}
[info] 20:20:12 | [システム管理者]Le Diep | GET /2 | get one success
[http] 20:20:14 | [システム管理者]Le Diep GET /imgs/bg_pattern.webp body:{}
[http] 20:20:14 | [システム管理者]Le Diep GET /imgs/fabric_1.webp body:{}
[http] 20:20:14 | [システム管理者]Le Diep GET /imgs/square.webp body:{}
[http] 20:20:20 | [システム管理者]Le Diep GET /api/config body:{}
[http] 20:20:20 | [システム管理者]Le Diep GET /auth body:{}
[info] 20:20:20 | [システム管理者]Le Diep | GET / | システム設定環境変数を取得できました
[http] 20:20:20 | [システム管理者]Le Diep GET /api/cms/template body:{}
[info] 20:20:20 | [システム管理者]Le Diep | GET / | get all success
[http] 20:20:20 | [システム管理者]Le Diep GET /api/domain body:{}
[info] 20:20:20 | [システム管理者]Le Diep | GET / | get all success
[http] 20:20:21 | [システム管理者]Le Diep GET /api/group body:{}
[info] 20:20:21 | [システム管理者]Le Diep | GET / | get all success
[http] 20:25:42 | [システム管理者]Le Diep GET /auth body:{}
[http] 20:25:42 | [システム管理者]Le Diep GET /api/config body:{}
[info] 20:25:42 | [システム管理者]Le Diep | GET / | システム設定環境変数を取得できました
[http] 20:25:43 | [システム管理者]Le Diep GET /api/cms/template body:{}
[info] 20:25:43 | [システム管理者]Le Diep | GET / | get all success
[http] 20:25:43 | [システム管理者]Le Diep GET /api/domain body:{}
[info] 20:25:43 | [システム管理者]Le Diep | GET / | get all success
[http] 20:25:43 | [システム管理者]Le Diep GET /api/group body:{}
[info] 20:25:43 | [システム管理者]Le Diep | GET / | get all success
[http] 20:36:47 | [システム管理者]Le Diep GET /auth body:{}
[http] 20:36:47 | [システム管理者]Le Diep GET /api/config body:{}
[info] 20:36:47 | [システム管理者]Le Diep | GET / | システム設定環境変数を取得できました
[http] 20:36:47 | [システム管理者]Le Diep GET /api/cms/template body:{}
[info] 20:36:47 | [システム管理者]Le Diep | GET / | get all success
[http] 20:36:47 | [システム管理者]Le Diep GET /api/domain body:{}
[info] 20:36:47 | [システム管理者]Le Diep | GET / | get all success
[http] 20:36:47 | [システム管理者]Le Diep GET /api/group body:{}
[info] 20:36:48 | [システム管理者]Le Diep | GET / | get all success
[http] 20:41:29 | [システム管理者]Le Diep GET /api/config body:{}
[http] 20:41:29 | [システム管理者]Le Diep GET /auth body:{}
[info] 20:41:29 | [システム管理者]Le Diep | GET / | システム設定環境変数を取得できました
[http] 20:41:29 | [システム管理者]Le Diep GET /api/cms/template body:{}
[info] 20:41:29 | [システム管理者]Le Diep | GET / | get all success
[http] 20:41:29 | [システム管理者]Le Diep GET /api/domain body:{}
[info] 20:41:29 | [システム管理者]Le Diep | GET / | get all success
[http] 20:41:30 | [システム管理者]Le Diep GET /api/group body:{}
[info] 20:41:30 | [システム管理者]Le Diep | GET / | get all success
[http] 20:42:51 | [システム管理者]Le Diep GET /auth body:{}
[http] 20:42:51 | [システム管理者]Le Diep GET /api/config body:{}
[info] 20:42:51 | [システム管理者]Le Diep | GET / | システム設定環境変数を取得できました
[http] 20:42:52 | [システム管理者]Le Diep GET /api/cms/template body:{}
[info] 20:42:52 | [システム管理者]Le Diep | GET / | get all success
[http] 20:42:52 | [システム管理者]Le Diep GET /api/domain body:{}
[info] 20:42:52 | [システム管理者]Le Diep | GET / | get all success
[http] 20:42:52 | [システム管理者]Le Diep GET /api/group body:{}
[info] 20:42:52 | [システム管理者]Le Diep | GET / | get all success
