[info] 09:54:21 | サーバの起動が完了しました。
[debug] 09:54:21 | URL: http://localhost:488/
[http] 09:54:29 | 匿名 GET /api/domain body:{}
[http] 09:54:29 | 匿名 GET /api/config body:{}
[info] 09:54:29 | 匿名 | GET / | get all success
[http] 09:54:29 | 匿名 GET /auth body:{}
[info] 09:54:29 | 匿名 | GET / | システム設定環境変数を取得できました
[http] 09:55:16 | 匿名 GET /auth/login/msal body:{}
[http] 09:55:16 | 匿名 POST /auth/login/msal body:{"name":"Le Diep","email":"diep.le@0004s.com"}
[http] 09:55:16 | [システム管理者]Le Diep GET /api/author body:{}
[http] 09:55:16 | [システム管理者]Le Diep GET /api/cms/web body:{}
[http] 09:55:16 | [システム管理者]Le Diep GET /api/workflow body:{}
[info] 09:55:16 | [システム管理者]Le Diep | GET / | get webAuthors success
[info] 09:55:16 | [システム管理者]Le Diep | GET / | get all success
[info] 09:55:16 | [システム管理者]Le Diep | GET / | get workflows success
[debug] 09:55:16 | socket tfseFJleEKnxFdL_AAAB is connected!
[http] 09:58:26 | [システム管理者]Le Diep GET /api/domain body:{}
[http] 09:58:26 | [システム管理者]Le Diep GET /api/config body:{}
[http] 09:58:26 | [システム管理者]Le Diep GET /auth body:{}
[info] 09:58:26 | [システム管理者]Le Diep | GET / | get all success
[info] 09:58:26 | [システム管理者]Le Diep | GET / | システム設定環境変数を取得できました
[debug] 09:58:26 | socket tfseFJleEKnxFdL_AAAB is disconnected!
[http] 10:21:25 | [システム管理者]Le Diep PUT /api/workflow/reject body:{"id":2,"other":"dame"}
[info] 10:21:25 | [システム管理者]Le Diep | PUT /reject | 承認依頼が却下しされました
[http] 10:21:29 | [システム管理者]Le Diep GET /api/domain body:{}
[http] 10:21:29 | [システム管理者]Le Diep GET /api/config body:{}
[info] 10:21:29 | [システム管理者]Le Diep | GET / | get all success
[http] 10:21:29 | [システム管理者]Le Diep GET /auth body:{}
[info] 10:21:29 | [システム管理者]Le Diep | GET / | システム設定環境変数を取得できました
[http] 10:21:29 | [システム管理者]Le Diep GET /api/cms/web body:{}
[info] 10:21:29 | [システム管理者]Le Diep | GET / | get all success
[http] 10:21:29 | [システム管理者]Le Diep GET /api/author body:{}
[http] 10:21:29 | [システム管理者]Le Diep GET /api/workflow body:{}
[info] 10:21:29 | [システム管理者]Le Diep | GET / | get webAuthors success
[info] 10:21:29 | [システム管理者]Le Diep | GET / | get workflows success
[debug] 10:21:29 | socket T3opjks_CxetP-JZAAAD is connected!
[http] 10:21:39 | [システム管理者]Le Diep PUT /api/workflow/approval body:{"id":1}
[info] 10:21:40 | [システム管理者]Le Diep | PUT /approval | 承認しました
[http] 10:21:40 | [システム管理者]Le Diep GET /api/cms/page/14 body:{}
[http] 10:21:40 | [システム管理者]Le Diep GET /api/workflow/1 body:{}
[info] 10:21:40 | [システム管理者]Le Diep | GET /14 | get one success
[info] 10:21:40 | [システム管理者]Le Diep | GET /1 | get workflow success
[http] 10:21:58 | [システム管理者]Le Diep GET /api/cms/page body:{}
[http] 10:21:58 | [システム管理者]Le Diep GET /api/cms/template body:{}
[info] 10:21:58 | [システム管理者]Le Diep | GET / | get all success
[info] 10:21:58 | [システム管理者]Le Diep | GET / | get all success
[http] 10:21:59 | [システム管理者]Le Diep GET /api/group body:{}
[info] 10:21:59 | [システム管理者]Le Diep | GET / | get all success
[http] 10:22:01 | [システム管理者]Le Diep GET /api/form body:{}
[info] 10:22:01 | [システム管理者]Le Diep | GET / | get all success
[http] 10:25:19 | [システム管理者]Le Diep PUT /api/form/1 body:{"content":"[\"<div data-format=\\\"短文\\\" data-display=\\\"name\\\" data-name=\\\"name\\\" data-required=\\\"1\\\" style=\\\"display: flex; flex-flow: column wrap; align-items: baseline; font-size: 16px; font-weight: 500; line-height: 32px; padding: 4px; position: relative; margin: 4px auto;\\\" draggable=\\\"true\\\" class=\\\"\\\"><label for=\\\"name\\\" style=\\\"display:flex;align-items:center\\\">name<span style=\\\"font-weight:400;color:#EC0000;margin-left:4px;font-size:14px\\\">必須</span></label><input type=\\\"text\\\" placeholder=\\\"\\\" style=\\\"width:100%;line-height:32px;padding:4px 10px;border-radius:4px;border:1px solid currentColor\\\" name=\\\"name\\\" id=\\\"name\\\" required=\\\"\\\"></div>\",\"<div data-format=\\\"メールアドレス\\\" data-display=\\\"email\\\" data-name=\\\"email\\\" data-required=\\\"1\\\" style=\\\"display: flex; flex-flow: column wrap; align-items: baseline; font-size: 16px; font-weight: 500; line-height: 32px; padding: 4px; position: relative; margin: 4px auto;\\\" draggable=\\\"true\\\" class=\\\"\\\"><label for=\\\"email\\\" style=\\\"display:flex;align-items:center\\\">email<span style=\\\"font-weight:400;color:#EC0000;margin-left:4px;font-size:14px\\\">必須</span></label><input type=\\\"email\\\" placeholder=\\\"\\\" style=\\\"width:100%;line-height:32px;padding:4px 10px;border-radius:4px;border:1px solid currentColor\\\" name=\\\"email\\\" id=\\\"email\\\" required=\\\"\\\"></div>\",\"<div data-name=\\\"action\\\" style=\\\"position: relative; display: flex; justify-content: space-around; align-items: center; margin: 2rem auto; max-width: 1024px;\\\" class=\\\"\\\"><button type=\\\"reset\\\" style=\\\"display:flex;width:256px;height:56px;justify-content:center;align-items:center;background:#475569;border-radius:4px;border:none;font-size:15px;color:#fff;font-weight:500;cursor:pointer;transition:all 200ms\\\">リセット</button><button type=\\\"submit\\\" style=\\\"display:flex;width:256px;height:56px;justify-content:center;align-items:center;background:#1D4ED8;border-radius:4px;border:none;font-size:15px;color:#fff;font-weight:500;cursor:pointer;transition:all 200ms\\\">確認画面へ</button><style>[data-name=\\\"action\\\"] button:hover{ box-shadow: 0 2px 10px #0005; }</style><script>\\n\\t\\t\\t\\t\\t\\tfunction convertJPDate(d) {\\n\\t\\t\\t\\t\\t\\t\\tconst date = new Date(d)\\n\\t\\t\\t\\t\\t\\t\\treturn date.getFullYear() + \\\"年\\\" + (date.getMonth() + 1).toString().padStart(2, \\\"0\\\") + \\\"月\\\" + date.getDate().toString().padStart(2, \\\"0\\\") + \\\"日\\\"\\n\\t\\t\\t\\t\\t\\t}\\n\\t\\t\\t\\t\\t\\tfunction showLengthCanInput() {\\n\\t\\t\\t\\t\\t\\t\\tdocument.querySelectorAll('input[maxLength][id],textarea[maxLength][id]').forEach(input=>{\\n\\t\\t\\t\\t\\t\\t\\t\\tconst mes = document.querySelector(\\\"#\\\" + input.id + \\\" + p\\\")\\n\\t\\t\\t\\t\\t\\t\\t\\tmes.innerHTML = \\\"<span class='character-count'>残り文字数: \\\" + (input.maxLength - input.value.length) +\\\"</span>\\\"\\n\\t\\t\\t\\t\\t\\t\\t\\tinput.oninput=()=>{\\n\\t\\t\\t\\t\\t\\t\\t\\tconst text = input.value\\n\\t\\t\\t\\t\\t\\t\\t\\t\\t\\tmes.innerHTML = \\\"<span class='character-count'>残り文字数: \\\" + (input.maxLength - text.length) + \\\"</span>\\\"\\n\\t\\t\\t\\t\\t\\t\\t\\t}\\n\\t\\t\\t\\t\\t\\t\\t})\\n\\t\\t\\t\\t\\t\\t}\\n\\t\\t\\t\\t\\t\\tshowLengthCanInput()\\n\\t\\t\\t\\t\\t\\twindow.addEventListener(\\\"load\\\",showLengthCanInput)\\n\\t\\t\\t\\t\\t\\tvar startDate = new Date('2000/01/01')\\n\\t\\t\\t\\t\\t\\tvar endDate = new Date('2100/01/01')\\n\\t\\t\\t\\t\\t\\tif(startDate>new Date()||endDate<new Date()){\\n\\t\\t\\t\\t\\t\\t\\tconst form = document.querySelector('[data-type=\\\"form\\\"]>form[action=\\\"/api/form\\\"]')\\n\\t\\t\\t\\t\\t\\t\\tif(form){\\n\\t\\t\\t\\t\\t\\t\\t\\tconst mes = document.createElement('div')\\n\\t\\t\\t\\t\\t\\t\\t\\tmes.innerHTML = \\\"<p style='text-align:center;color:#EC0000;'>本フォームの受付期間は、です。</p><p style='text-align:center;color:#EC0000;'>期間外の回答は無効となります、ご了承ください。</p>\\\"\\n\\t\\t\\t\\t\\t\\t\\t\\t;\\n\\t\\t\\t\\t\\t\\t\\t\\tform.remove()\\n\\t\\t\\t\\t\\t\\t\\t}\\n\\t\\t\\t\\t\\t\\t}\\n\\t\\t\\t</script></div>\"]"}
[info] 10:25:19 | [システム管理者]Le Diep | PUT /1 | formID: 1を編集が成功しました
[http] 10:25:19 | [システム管理者]Le Diep GET /api/form/1 body:{}
[info] 10:25:19 | [システム管理者]Le Diep | GET /1 | get one success
[http] 10:26:19 | [システム管理者]Le Diep PUT /api/form/1 body:{"content":"[\"<div data-format=\\\"短文\\\" data-display=\\\"name\\\" data-name=\\\"name\\\" data-required=\\\"1\\\" style=\\\"display: flex; flex-flow: column wrap; align-items: baseline; font-size: 16px; font-weight: 500; line-height: 32px; padding: 4px; position: relative; margin: 4px auto;\\\" draggable=\\\"true\\\" class=\\\"\\\"><label for=\\\"name\\\" style=\\\"display:flex;align-items:center\\\">name<span style=\\\"font-weight:400;color:#EC0000;margin-left:4px;font-size:14px\\\">必須</span></label><input type=\\\"text\\\" placeholder=\\\"\\\" style=\\\"width:100%;line-height:32px;padding:4px 10px;border-radius:4px;border:1px solid currentColor\\\" name=\\\"name\\\" id=\\\"name\\\" required=\\\"\\\"></div>\",\"<div data-format=\\\"メールアドレス\\\" data-display=\\\"email\\\" data-name=\\\"email\\\" data-required=\\\"1\\\" style=\\\"display: flex; flex-flow: column wrap; align-items: baseline; font-size: 16px; font-weight: 500; line-height: 32px; padding: 4px; position: relative; margin: 4px auto;\\\" draggable=\\\"true\\\" class=\\\"\\\"><label for=\\\"email\\\" style=\\\"display:flex;align-items:center\\\">email<span style=\\\"font-weight:400;color:#EC0000;margin-left:4px;font-size:14px\\\">必須</span></label><input type=\\\"email\\\" placeholder=\\\"\\\" style=\\\"width:100%;line-height:32px;padding:4px 10px;border-radius:4px;border:1px solid currentColor\\\" name=\\\"email\\\" id=\\\"email\\\" required=\\\"\\\"></div>\",\"<div data-name=\\\"action\\\" style=\\\"position: relative; display: flex; justify-content: space-around; align-items: center; margin: 2rem auto; max-width: 1024px;\\\" class=\\\"\\\"><button type=\\\"reset\\\" style=\\\"display:flex;width:256px;height:56px;justify-content:center;align-items:center;background:#475569;border-radius:4px;border:none;font-size:15px;color:#fff;font-weight:500;cursor:pointer;transition:all 200ms\\\">リセット</button><button type=\\\"submit\\\" style=\\\"display:flex;width:256px;height:56px;justify-content:center;align-items:center;background:#1D4ED8;border-radius:4px;border:none;font-size:15px;color:#fff;font-weight:500;cursor:pointer;transition:all 200ms\\\">確認画面へ</button><style>[data-name=\\\"action\\\"] button:hover{ box-shadow: 0 2px 10px #0005; }</style><script>\\n\\t\\t\\t\\t\\t\\tfunction convertJPDate(d) {\\n\\t\\t\\t\\t\\t\\t\\tconst date = new Date(d)\\n\\t\\t\\t\\t\\t\\t\\treturn date.getFullYear() + \\\"年\\\" + (date.getMonth() + 1).toString().padStart(2, \\\"0\\\") + \\\"月\\\" + date.getDate().toString().padStart(2, \\\"0\\\") + \\\"日\\\"\\n\\t\\t\\t\\t\\t\\t}\\n\\t\\t\\t\\t\\t\\tfunction showLengthCanInput() {\\n\\t\\t\\t\\t\\t\\t\\tdocument.querySelectorAll('input[maxLength][id],textarea[maxLength][id]').forEach(input=>{\\n\\t\\t\\t\\t\\t\\t\\t\\tconst mes = document.querySelector(\\\"#\\\" + input.id + \\\" + p\\\")\\n\\t\\t\\t\\t\\t\\t\\t\\tmes.innerHTML = \\\"<span class='character-count'>残り文字数: \\\" + (input.maxLength - input.value.length) +\\\"</span>\\\"\\n\\t\\t\\t\\t\\t\\t\\t\\tinput.oninput=()=>{\\n\\t\\t\\t\\t\\t\\t\\t\\tconst text = input.value\\n\\t\\t\\t\\t\\t\\t\\t\\t\\t\\tmes.innerHTML = \\\"<span class='character-count'>残り文字数: \\\" + (input.maxLength - text.length) + \\\"</span>\\\"\\n\\t\\t\\t\\t\\t\\t\\t\\t}\\n\\t\\t\\t\\t\\t\\t\\t})\\n\\t\\t\\t\\t\\t\\t}\\n\\t\\t\\t\\t\\t\\tshowLengthCanInput()\\n\\t\\t\\t\\t\\t\\twindow.addEventListener(\\\"load\\\",showLengthCanInput)\\n\\t\\t\\t\\t\\t\\tvar startDate = new Date('2000/01/01')\\n\\t\\t\\t\\t\\t\\tvar endDate = new Date('2100/01/01')\\n\\t\\t\\t\\t\\t\\tif(startDate>new Date()||endDate<new Date()){\\n\\t\\t\\t\\t\\t\\t\\tconst form = document.querySelector('[data-type=\\\"form\\\"]>form[action=\\\"/api/form\\\"]')\\n\\t\\t\\t\\t\\t\\t\\tif(form){\\n\\t\\t\\t\\t\\t\\t\\t\\tconst mes = document.createElement('div')\\n\\t\\t\\t\\t\\t\\t\\t\\tmes.innerHTML = \\\"<p style='text-align:center;color:#EC0000;'>本フォームの受付期間は、です。</p><p style='text-align:center;color:#EC0000;'>期間外の回答は無効となります、ご了承ください。</p>\\\"\\n\\t\\t\\t\\t\\t\\t\\t\\t;\\n\\t\\t\\t\\t\\t\\t\\t\\tform.remove()\\n\\t\\t\\t\\t\\t\\t\\t}\\n\\t\\t\\t\\t\\t\\t}\\n\\t\\t\\t</script></div>\"]"}
[info] 10:26:19 | [システム管理者]Le Diep | PUT /1 | formID: 1を編集が成功しました
[http] 10:26:19 | [システム管理者]Le Diep GET /api/form/1 body:{}
[info] 10:26:19 | [システム管理者]Le Diep | GET /1 | get one success
[http] 10:33:07 | [システム管理者]Le Diep POST /api/form/ body:{"name":"[システム管理者]eeeee","webId":1}
[info] 10:33:07 | [システム管理者]Le Diep | POST / | formID: 5を作成が成功しました
[http] 10:33:07 | [システム管理者]Le Diep GET /api/form/5 body:{}
[info] 10:33:07 | [システム管理者]Le Diep | GET /5 | get one success
[http] 10:33:14 | [システム管理者]Le Diep GET /api/domain body:{}
[http] 10:33:14 | [システム管理者]Le Diep GET /api/config body:{}
[info] 10:33:14 | [システム管理者]Le Diep | GET / | get all success
[info] 10:33:14 | [システム管理者]Le Diep | GET / | システム設定環境変数を取得できました
[http] 10:33:14 | [システム管理者]Le Diep GET /auth body:{}
[debug] 10:33:14 | socket T3opjks_CxetP-JZAAAD is disconnected!
[http] 10:41:26 | [システム管理者]Le Diep GET /api/config body:{}
[http] 10:41:26 | [システム管理者]Le Diep GET /api/domain body:{}
[http] 10:41:26 | [システム管理者]Le Diep GET /auth body:{}
[info] 10:41:26 | [システム管理者]Le Diep | GET / | システム設定環境変数を取得できました
[info] 10:41:26 | [システム管理者]Le Diep | GET / | get all success
[http] 10:41:51 | [システム管理者]Le Diep GET /api/domain body:{}
[http] 10:41:51 | [システム管理者]Le Diep GET /api/config body:{}
[http] 10:41:51 | [システム管理者]Le Diep GET /auth body:{}
[info] 10:41:51 | [システム管理者]Le Diep | GET / | get all success
[info] 10:41:51 | [システム管理者]Le Diep | GET / | システム設定環境変数を取得できました
[http] 10:41:51 | [システム管理者]Le Diep GET /api/cms/web body:{}
[info] 10:41:51 | [システム管理者]Le Diep | GET / | get all success
[http] 10:41:51 | [システム管理者]Le Diep GET /api/workflow body:{}
[http] 10:41:51 | [システム管理者]Le Diep GET /api/author body:{}
[info] 10:41:51 | [システム管理者]Le Diep | GET / | get workflows success
[info] 10:41:51 | [システム管理者]Le Diep | GET / | get webAuthors success
[debug] 10:41:51 | socket rQTnsURAe8Z4dwq7AAAF is connected!
[http] 10:41:52 | [システム管理者]Le Diep GET /api/form body:{}
[http] 10:41:52 | [システム管理者]Le Diep GET /api/group body:{}
[info] 10:41:52 | [システム管理者]Le Diep | GET / | get all success
[info] 10:41:52 | [システム管理者]Le Diep | GET / | get all success
[debug] 11:26:19 | socket rQTnsURAe8Z4dwq7AAAF is disconnected!
[http] 11:26:20 | [システム管理者]Le Diep GET /api/domain body:{}
[http] 11:26:20 | [システム管理者]Le Diep GET /api/config body:{}
[http] 11:26:20 | [システム管理者]Le Diep GET /auth body:{}
[info] 11:26:20 | [システム管理者]Le Diep | GET / | get all success
[info] 11:26:20 | [システム管理者]Le Diep | GET / | システム設定環境変数を取得できました
[http] 11:26:20 | [システム管理者]Le Diep GET /api/cms/web body:{}
[http] 11:26:20 | [システム管理者]Le Diep GET /api/author body:{}
[info] 11:26:20 | [システム管理者]Le Diep | GET / | get all success
[info] 11:26:20 | [システム管理者]Le Diep | GET / | get webAuthors success
[http] 11:26:20 | [システム管理者]Le Diep GET /api/workflow body:{}
[info] 11:26:20 | [システム管理者]Le Diep | GET / | get workflows success
[debug] 11:26:20 | socket 0VRNMfRxNBv9c61HAAAH is connected!
[http] 11:26:21 | [システム管理者]Le Diep GET /api/form body:{}
[info] 11:26:21 | [システム管理者]Le Diep | GET / | get all success
[http] 11:26:21 | [システム管理者]Le Diep GET /api/group body:{}
[info] 11:26:21 | [システム管理者]Le Diep | GET / | get all success
[http] 11:29:41 | [システム管理者]Le Diep GET /api/domain body:{}
[http] 11:29:41 | [システム管理者]Le Diep GET /auth body:{}
[http] 11:29:41 | [システム管理者]Le Diep GET /api/config body:{}
[info] 11:29:41 | [システム管理者]Le Diep | GET / | get all success
[info] 11:29:41 | [システム管理者]Le Diep | GET / | システム設定環境変数を取得できました
[debug] 11:29:41 | socket 0VRNMfRxNBv9c61HAAAH is disconnected!
[http] 11:29:44 | [システム管理者]Le Diep GET /api/domain body:{}
[http] 11:29:44 | [システム管理者]Le Diep GET /auth body:{}
[http] 11:29:44 | [システム管理者]Le Diep GET /api/config body:{}
[info] 11:29:44 | [システム管理者]Le Diep | GET / | get all success
[info] 11:29:44 | [システム管理者]Le Diep | GET / | システム設定環境変数を取得できました
[http] 11:29:49 | [システム管理者]Le Diep GET /api/config body:{}
[http] 11:29:49 | [システム管理者]Le Diep GET /api/domain body:{}
[info] 11:29:49 | [システム管理者]Le Diep | GET / | システム設定環境変数を取得できました
[info] 11:29:49 | [システム管理者]Le Diep | GET / | get all success
[http] 11:29:49 | [システム管理者]Le Diep GET /auth body:{}
[http] 11:29:49 | [システム管理者]Le Diep GET /api/cms/web body:{}
[http] 11:29:49 | [システム管理者]Le Diep GET /api/author body:{}
[info] 11:29:49 | [システム管理者]Le Diep | GET / | get all success
[info] 11:29:49 | [システム管理者]Le Diep | GET / | get webAuthors success
[http] 11:29:49 | [システム管理者]Le Diep GET /api/workflow body:{}
[info] 11:29:49 | [システム管理者]Le Diep | GET / | get workflows success
[debug] 11:29:49 | socket ZDEPN6uKbDG4DyHjAAAJ is connected!
[http] 11:29:49 | [システム管理者]Le Diep GET /api/form body:{}
[http] 11:29:49 | [システム管理者]Le Diep GET /api/group body:{}
[info] 11:29:49 | [システム管理者]Le Diep | GET / | get all success
[info] 11:29:49 | [システム管理者]Le Diep | GET / | get all success
[debug] 11:36:01 | socket ZDEPN6uKbDG4DyHjAAAJ is disconnected!
[http] 11:36:15 | [システム管理者]Le Diep GET /api/domain body:{}
[http] 11:36:15 | [システム管理者]Le Diep GET /api/config body:{}
[http] 11:36:15 | [システム管理者]Le Diep GET /auth body:{}
[info] 11:36:15 | [システム管理者]Le Diep | GET / | システム設定環境変数を取得できました
[info] 11:36:15 | [システム管理者]Le Diep | GET / | get all success
[http] 11:38:59 | [システム管理者]Le Diep GET /api/config body:{}
[http] 11:38:59 | [システム管理者]Le Diep GET /api/domain body:{}
[http] 11:38:59 | [システム管理者]Le Diep GET /auth body:{}
[info] 11:38:59 | [システム管理者]Le Diep | GET / | get all success
[info] 11:38:59 | [システム管理者]Le Diep | GET / | システム設定環境変数を取得できました
[http] 11:38:59 | [システム管理者]Le Diep GET /api/cms/web body:{}
[http] 11:38:59 | [システム管理者]Le Diep GET /api/author body:{}
[http] 11:38:59 | [システム管理者]Le Diep GET /api/workflow body:{}
[info] 11:38:59 | [システム管理者]Le Diep | GET / | get all success
[info] 11:38:59 | [システム管理者]Le Diep | GET / | get webAuthors success
[info] 11:38:59 | [システム管理者]Le Diep | GET / | get workflows success
[debug] 11:38:59 | socket T5bV1jz6bk1U4GHeAAAL is connected!
[http] 11:39:00 | [システム管理者]Le Diep GET /api/form body:{}
[http] 11:39:00 | [システム管理者]Le Diep GET /api/group body:{}
[info] 11:39:00 | [システム管理者]Le Diep | GET / | get all success
[info] 11:39:00 | [システム管理者]Le Diep | GET / | get all success
[debug] 11:41:50 | socket T5bV1jz6bk1U4GHeAAAL is disconnected!
[http] 11:41:51 | [システム管理者]Le Diep GET /api/domain body:{}
[http] 11:41:51 | [システム管理者]Le Diep GET /api/config body:{}
[http] 11:41:51 | [システム管理者]Le Diep GET /auth body:{}
[info] 11:41:51 | [システム管理者]Le Diep | GET / | get all success
[info] 11:41:51 | [システム管理者]Le Diep | GET / | システム設定環境変数を取得できました
[debug] 11:41:51 | socket mSEw2eq1TKgx1MySAAAN is connected!
[http] 11:41:52 | [システム管理者]Le Diep GET /api/cms/web body:{}
[http] 11:41:52 | [システム管理者]Le Diep GET /api/author body:{}
[http] 11:41:52 | [システム管理者]Le Diep GET /api/workflow body:{}
[info] 11:41:52 | [システム管理者]Le Diep | GET / | get all success
[info] 11:41:52 | [システム管理者]Le Diep | GET / | get webAuthors success
[info] 11:41:52 | [システム管理者]Le Diep | GET / | get workflows success
[http] 11:41:52 | [システム管理者]Le Diep GET /api/form body:{}
[info] 11:41:52 | [システム管理者]Le Diep | GET / | get all success
[http] 11:41:52 | [システム管理者]Le Diep GET /api/group body:{}
[info] 11:41:52 | [システム管理者]Le Diep | GET / | get all success
[debug] 12:18:49 | socket mSEw2eq1TKgx1MySAAAN is disconnected!
[http] 12:18:50 | [システム管理者]Le Diep GET /api/domain body:{}
[http] 12:18:50 | [システム管理者]Le Diep GET /api/config body:{}
[http] 12:18:50 | [システム管理者]Le Diep GET /auth body:{}
[info] 12:18:50 | [システム管理者]Le Diep | GET / | get all success
[info] 12:18:50 | [システム管理者]Le Diep | GET / | システム設定環境変数を取得できました
[http] 12:18:50 | [システム管理者]Le Diep GET /api/author body:{}
[info] 12:18:50 | [システム管理者]Le Diep | GET / | get webAuthors success
[http] 12:18:50 | [システム管理者]Le Diep GET /api/cms/web body:{}
[http] 12:18:50 | [システム管理者]Le Diep GET /api/workflow body:{}
[info] 12:18:50 | [システム管理者]Le Diep | GET / | get all success
[info] 12:18:50 | [システム管理者]Le Diep | GET / | get workflows success
[debug] 12:18:50 | socket B_LpOxi54mdYZnt1AAAP is connected!
[http] 12:18:51 | [システム管理者]Le Diep GET /api/form body:{}
[http] 12:18:51 | [システム管理者]Le Diep GET /api/group body:{}
[info] 12:18:51 | [システム管理者]Le Diep | GET / | get all success
[info] 12:18:51 | [システム管理者]Le Diep | GET / | get all success
[debug] 12:19:43 | socket B_LpOxi54mdYZnt1AAAP is disconnected!
[http] 12:19:44 | [システム管理者]Le Diep GET /api/domain body:{}
[http] 12:19:44 | [システム管理者]Le Diep GET /api/config body:{}
[http] 12:19:44 | [システム管理者]Le Diep GET /auth body:{}
[info] 12:19:44 | [システム管理者]Le Diep | GET / | システム設定環境変数を取得できました
[info] 12:19:44 | [システム管理者]Le Diep | GET / | get all success
[http] 12:19:44 | [システム管理者]Le Diep GET /api/cms/web body:{}
[info] 12:19:44 | [システム管理者]Le Diep | GET / | get all success
[http] 12:19:44 | [システム管理者]Le Diep GET /api/author body:{}
[info] 12:19:44 | [システム管理者]Le Diep | GET / | get webAuthors success
[http] 12:19:44 | [システム管理者]Le Diep GET /api/workflow body:{}
[info] 12:19:44 | [システム管理者]Le Diep | GET / | get workflows success
[debug] 12:19:44 | socket xNF5ZH_V2bOcFEBLAAAR is connected!
[http] 12:19:45 | [システム管理者]Le Diep GET /api/form body:{}
[http] 12:19:45 | [システム管理者]Le Diep GET /api/group body:{}
[info] 12:19:45 | [システム管理者]Le Diep | GET / | get all success
[info] 12:19:45 | [システム管理者]Le Diep | GET / | get all success
[http] 12:20:54 | [システム管理者]Le Diep GET /api/domain body:{}
[http] 12:20:54 | [システム管理者]Le Diep GET /auth body:{}
[http] 12:20:54 | [システム管理者]Le Diep GET /api/config body:{}
[info] 12:20:54 | [システム管理者]Le Diep | GET / | get all success
[info] 12:20:54 | [システム管理者]Le Diep | GET / | システム設定環境変数を取得できました
[debug] 12:20:54 | socket xNF5ZH_V2bOcFEBLAAAR is disconnected!
[http] 12:26:53 | [システム管理者]Le Diep GET /api/domain body:{}
[http] 12:26:53 | [システム管理者]Le Diep GET /api/config body:{}
[http] 12:26:53 | [システム管理者]Le Diep GET /auth body:{}
[info] 12:26:53 | [システム管理者]Le Diep | GET / | get all success
[info] 12:26:53 | [システム管理者]Le Diep | GET / | システム設定環境変数を取得できました
[http] 12:26:54 | [システム管理者]Le Diep GET /api/cms/web body:{}
[http] 12:26:54 | [システム管理者]Le Diep GET /api/author body:{}
[info] 12:26:54 | [システム管理者]Le Diep | GET / | get all success
[info] 12:26:54 | [システム管理者]Le Diep | GET / | get webAuthors success
[http] 12:26:54 | [システム管理者]Le Diep GET /api/workflow body:{}
[info] 12:26:54 | [システム管理者]Le Diep | GET / | get workflows success
[debug] 12:26:54 | socket nhdZDoIrgM_QRJJOAAAT is connected!
[http] 12:26:54 | [システム管理者]Le Diep GET /api/form body:{}
[http] 12:26:54 | [システム管理者]Le Diep GET /api/group body:{}
[info] 12:26:54 | [システム管理者]Le Diep | GET / | get all success
[info] 12:26:54 | [システム管理者]Le Diep | GET / | get all success
[debug] 12:40:12 | socket nhdZDoIrgM_QRJJOAAAT is disconnected!
[http] 12:40:13 | [システム管理者]Le Diep GET /api/domain body:{}
[http] 12:40:13 | [システム管理者]Le Diep GET /auth body:{}
[http] 12:40:13 | [システム管理者]Le Diep GET /api/config body:{}
[info] 12:40:13 | [システム管理者]Le Diep | GET / | get all success
[info] 12:40:13 | [システム管理者]Le Diep | GET / | システム設定環境変数を取得できました
[http] 12:40:13 | [システム管理者]Le Diep GET /api/author body:{}
[http] 12:40:13 | [システム管理者]Le Diep GET /api/cms/web body:{}
[http] 12:40:13 | [システム管理者]Le Diep GET /api/workflow body:{}
[info] 12:40:13 | [システム管理者]Le Diep | GET / | get webAuthors success
[info] 12:40:13 | [システム管理者]Le Diep | GET / | get all success
[info] 12:40:13 | [システム管理者]Le Diep | GET / | get workflows success
[debug] 12:40:13 | socket ZPZfUCG1vNclNHT0AAAV is connected!
[http] 12:40:13 | [システム管理者]Le Diep GET /api/form body:{}
[http] 12:40:13 | [システム管理者]Le Diep GET /api/group body:{}
[info] 12:40:13 | [システム管理者]Le Diep | GET / | get all success
[info] 12:40:13 | [システム管理者]Le Diep | GET / | get all success
[http] 12:54:44 | [システム管理者]Le Diep GET /api/config body:{}
[http] 12:54:44 | [システム管理者]Le Diep GET /api/domain body:{}
[http] 12:54:44 | [システム管理者]Le Diep GET /auth body:{}
[info] 12:54:44 | [システム管理者]Le Diep | GET / | システム設定環境変数を取得できました
[info] 12:54:44 | [システム管理者]Le Diep | GET / | get all success
[debug] 12:54:44 | socket ZPZfUCG1vNclNHT0AAAV is disconnected!
[http] 12:57:27 | [システム管理者]Le Diep GET /api/config body:{}
[http] 12:57:27 | [システム管理者]Le Diep GET /api/domain body:{}
[http] 12:57:27 | [システム管理者]Le Diep GET /auth body:{}
[info] 12:57:27 | [システム管理者]Le Diep | GET / | システム設定環境変数を取得できました
[info] 12:57:27 | [システム管理者]Le Diep | GET / | get all success
[http] 12:57:27 | [システム管理者]Le Diep GET /api/cms/web body:{}
[http] 12:57:27 | [システム管理者]Le Diep GET /api/author body:{}
[info] 12:57:27 | [システム管理者]Le Diep | GET / | get all success
[info] 12:57:27 | [システム管理者]Le Diep | GET / | get webAuthors success
[http] 12:57:27 | [システム管理者]Le Diep GET /api/workflow body:{}
[info] 12:57:27 | [システム管理者]Le Diep | GET / | get workflows success
[debug] 12:57:27 | socket y2lpF1yhdNm4Ige5AAAX is connected!
[http] 12:57:27 | [システム管理者]Le Diep GET /api/form body:{}
[http] 12:57:27 | [システム管理者]Le Diep GET /api/group body:{}
[info] 12:57:27 | [システム管理者]Le Diep | GET / | get all success
[info] 12:57:27 | [システム管理者]Le Diep | GET / | get all success
[debug] 13:15:44 | socket y2lpF1yhdNm4Ige5AAAX is disconnected!
[http] 13:15:45 | [システム管理者]Le Diep GET /api/config body:{}
[http] 13:15:45 | [システム管理者]Le Diep GET /api/domain body:{}
[http] 13:15:45 | [システム管理者]Le Diep GET /auth body:{}
[info] 13:15:45 | [システム管理者]Le Diep | GET / | システム設定環境変数を取得できました
[info] 13:15:45 | [システム管理者]Le Diep | GET / | get all success
[http] 13:15:45 | [システム管理者]Le Diep GET /api/cms/web body:{}
[http] 13:15:45 | [システム管理者]Le Diep GET /api/author body:{}
[http] 13:15:45 | [システム管理者]Le Diep GET /api/workflow body:{}
[info] 13:15:45 | [システム管理者]Le Diep | GET / | get all success
[info] 13:15:45 | [システム管理者]Le Diep | GET / | get webAuthors success
[info] 13:15:45 | [システム管理者]Le Diep | GET / | get workflows success
[debug] 13:15:45 | socket TZQdriZD1_ziIv9pAAAZ is connected!
[http] 13:15:45 | [システム管理者]Le Diep GET /api/form body:{}
[http] 13:15:45 | [システム管理者]Le Diep GET /api/group body:{}
[info] 13:15:45 | [システム管理者]Le Diep | GET / | get all success
[info] 13:15:45 | [システム管理者]Le Diep | GET / | get all success
[debug] 13:18:09 | socket TZQdriZD1_ziIv9pAAAZ is disconnected!
[http] 13:18:10 | [システム管理者]Le Diep GET /api/domain body:{}
[http] 13:18:10 | [システム管理者]Le Diep GET /api/config body:{}
[http] 13:18:10 | [システム管理者]Le Diep GET /auth body:{}
[info] 13:18:10 | [システム管理者]Le Diep | GET / | get all success
[info] 13:18:10 | [システム管理者]Le Diep | GET / | システム設定環境変数を取得できました
[http] 13:18:10 | [システム管理者]Le Diep GET /api/cms/web body:{}
[http] 13:18:11 | [システム管理者]Le Diep GET /api/author body:{}
[info] 13:18:11 | [システム管理者]Le Diep | GET / | get all success
[http] 13:18:11 | [システム管理者]Le Diep GET /api/workflow body:{}
[info] 13:18:11 | [システム管理者]Le Diep | GET / | get webAuthors success
[info] 13:18:11 | [システム管理者]Le Diep | GET / | get workflows success
[debug] 13:18:11 | socket OORcBj1EFCSjTkaoAAAb is connected!
[http] 13:18:11 | [システム管理者]Le Diep GET /api/form body:{}
[info] 13:18:11 | [システム管理者]Le Diep | GET / | get all success
[http] 13:18:11 | [システム管理者]Le Diep GET /api/group body:{}
[info] 13:18:11 | [システム管理者]Le Diep | GET / | get all success
[debug] 13:26:56 | socket OORcBj1EFCSjTkaoAAAb is disconnected!
[http] 13:26:56 | [システム管理者]Le Diep GET /api/domain body:{}
[http] 13:26:56 | [システム管理者]Le Diep GET /api/config body:{}
[http] 13:26:56 | [システム管理者]Le Diep GET /auth body:{}
[info] 13:26:56 | [システム管理者]Le Diep | GET / | システム設定環境変数を取得できました
[info] 13:26:56 | [システム管理者]Le Diep | GET / | get all success
[http] 13:26:57 | [システム管理者]Le Diep GET /api/workflow body:{}
[http] 13:26:57 | [システム管理者]Le Diep GET /api/author body:{}
[http] 13:26:57 | [システム管理者]Le Diep GET /api/cms/web body:{}
[info] 13:26:57 | [システム管理者]Le Diep | GET / | get webAuthors success
[info] 13:26:57 | [システム管理者]Le Diep | GET / | get all success
[info] 13:26:57 | [システム管理者]Le Diep | GET / | get workflows success
[debug] 13:26:57 | socket 2CLtmQvfXpzhHvgNAAAd is connected!
[http] 13:26:57 | [システム管理者]Le Diep GET /api/form body:{}
[http] 13:26:57 | [システム管理者]Le Diep GET /api/group body:{}
[info] 13:26:57 | [システム管理者]Le Diep | GET / | get all success
[info] 13:26:57 | [システム管理者]Le Diep | GET / | get all success
[debug] 13:27:19 | socket 2CLtmQvfXpzhHvgNAAAd is disconnected!
[http] 13:27:19 | [システム管理者]Le Diep GET /api/domain body:{}
[http] 13:27:19 | [システム管理者]Le Diep GET /api/config body:{}
[http] 13:27:19 | [システム管理者]Le Diep GET /auth body:{}
[info] 13:27:19 | [システム管理者]Le Diep | GET / | get all success
[info] 13:27:19 | [システム管理者]Le Diep | GET / | システム設定環境変数を取得できました
[http] 13:27:20 | [システム管理者]Le Diep GET /api/author body:{}
[http] 13:27:20 | [システム管理者]Le Diep GET /api/cms/web body:{}
[http] 13:27:20 | [システム管理者]Le Diep GET /api/workflow body:{}
[info] 13:27:20 | [システム管理者]Le Diep | GET / | get webAuthors success
[info] 13:27:20 | [システム管理者]Le Diep | GET / | get all success
[info] 13:27:20 | [システム管理者]Le Diep | GET / | get workflows success
[debug] 13:27:20 | socket 907WpVMeh0q5AAtfAAAf is connected!
[http] 13:27:20 | [システム管理者]Le Diep GET /api/form body:{}
[http] 13:27:20 | [システム管理者]Le Diep GET /api/group body:{}
[info] 13:27:20 | [システム管理者]Le Diep | GET / | get all success
[info] 13:27:20 | [システム管理者]Le Diep | GET / | get all success
[http] 13:32:37 | [システム管理者]Le Diep GET /api/config body:{}
[http] 13:32:37 | [システム管理者]Le Diep GET /api/domain body:{}
[http] 13:32:37 | [システム管理者]Le Diep GET /auth body:{}
[info] 13:32:37 | [システム管理者]Le Diep | GET / | システム設定環境変数を取得できました
[info] 13:32:37 | [システム管理者]Le Diep | GET / | get all success
[debug] 13:32:37 | socket 907WpVMeh0q5AAtfAAAf is disconnected!
[http] 13:38:43 | [システム管理者]Le Diep GET /api/domain body:{}
[http] 13:38:43 | [システム管理者]Le Diep GET /auth body:{}
[http] 13:38:43 | [システム管理者]Le Diep GET /api/config body:{}
[info] 13:38:43 | [システム管理者]Le Diep | GET / | get all success
[info] 13:38:43 | [システム管理者]Le Diep | GET / | システム設定環境変数を取得できました
[http] 13:42:07 | [システム管理者]Le Diep GET /api/domain body:{}
[http] 13:42:07 | [システム管理者]Le Diep GET /auth body:{}
[http] 13:42:07 | [システム管理者]Le Diep GET /api/config body:{}
[info] 13:42:07 | [システム管理者]Le Diep | GET / | get all success
[info] 13:42:07 | [システム管理者]Le Diep | GET / | システム設定環境変数を取得できました
[http] 13:42:07 | [システム管理者]Le Diep GET /api/author body:{}
[http] 13:42:07 | [システム管理者]Le Diep GET /api/cms/web body:{}
[info] 13:42:07 | [システム管理者]Le Diep | GET / | get all success
[info] 13:42:07 | [システム管理者]Le Diep | GET / | get webAuthors success
[http] 13:42:07 | [システム管理者]Le Diep GET /api/workflow body:{}
[info] 13:42:07 | [システム管理者]Le Diep | GET / | get workflows success
[debug] 13:42:07 | socket HEwivwqFQ53LW8n4AAAh is connected!
[http] 13:42:07 | [システム管理者]Le Diep GET /api/form body:{}
[info] 13:42:07 | [システム管理者]Le Diep | GET / | get all success
[http] 13:42:07 | [システム管理者]Le Diep GET /api/group body:{}
[info] 13:42:07 | [システム管理者]Le Diep | GET / | get all success
[debug] 13:43:49 | socket HEwivwqFQ53LW8n4AAAh is disconnected!
[http] 13:43:50 | [システム管理者]Le Diep GET /api/config body:{}
[http] 13:43:50 | [システム管理者]Le Diep GET /api/domain body:{}
[http] 13:43:50 | [システム管理者]Le Diep GET /auth body:{}
[info] 13:43:50 | [システム管理者]Le Diep | GET / | システム設定環境変数を取得できました
[info] 13:43:50 | [システム管理者]Le Diep | GET / | get all success
[http] 13:43:50 | [システム管理者]Le Diep GET /api/cms/web body:{}
[http] 13:43:50 | [システム管理者]Le Diep GET /api/author body:{}
[info] 13:43:50 | [システム管理者]Le Diep | GET / | get all success
[info] 13:43:50 | [システム管理者]Le Diep | GET / | get webAuthors success
[http] 13:43:50 | [システム管理者]Le Diep GET /api/workflow body:{}
[info] 13:43:50 | [システム管理者]Le Diep | GET / | get workflows success
[debug] 13:43:50 | socket _IIl2pQZLYhOWCrBAAAj is connected!
[http] 13:43:50 | [システム管理者]Le Diep GET /api/form body:{}
[http] 13:43:50 | [システム管理者]Le Diep GET /api/group body:{}
[info] 13:43:50 | [システム管理者]Le Diep | GET / | get all success
[info] 13:43:50 | [システム管理者]Le Diep | GET / | get all success
[debug] 13:45:36 | socket _IIl2pQZLYhOWCrBAAAj is disconnected!
[http] 13:45:37 | [システム管理者]Le Diep GET /api/domain body:{}
[http] 13:45:37 | [システム管理者]Le Diep GET /auth body:{}
[http] 13:45:37 | [システム管理者]Le Diep GET /api/config body:{}
[info] 13:45:37 | [システム管理者]Le Diep | GET / | get all success
[info] 13:45:37 | [システム管理者]Le Diep | GET / | システム設定環境変数を取得できました
[http] 13:45:37 | [システム管理者]Le Diep GET /api/author body:{}
[http] 13:45:37 | [システム管理者]Le Diep GET /api/workflow body:{}
[info] 13:45:37 | [システム管理者]Le Diep | GET / | get webAuthors success
[http] 13:45:37 | [システム管理者]Le Diep GET /api/cms/web body:{}
[info] 13:45:37 | [システム管理者]Le Diep | GET / | get all success
[info] 13:45:37 | [システム管理者]Le Diep | GET / | get workflows success
[debug] 13:45:38 | socket HSk5RyR2O97Sg4zmAAAl is connected!
[http] 13:45:38 | [システム管理者]Le Diep GET /api/form body:{}
[http] 13:45:38 | [システム管理者]Le Diep GET /api/group body:{}
[info] 13:45:38 | [システム管理者]Le Diep | GET / | get all success
[info] 13:45:38 | [システム管理者]Le Diep | GET / | get all success
[http] 14:00:43 | [システム管理者]Le Diep GET /api/domain body:{}
[http] 14:00:43 | [システム管理者]Le Diep GET /api/config body:{}
[http] 14:00:43 | [システム管理者]Le Diep GET /auth body:{}
[info] 14:00:43 | [システム管理者]Le Diep | GET / | get all success
[info] 14:00:43 | [システム管理者]Le Diep | GET / | システム設定環境変数を取得できました
[debug] 14:00:43 | socket HSk5RyR2O97Sg4zmAAAl is disconnected!
[http] 14:08:01 | [システム管理者]Le Diep GET /api/domain body:{}
[http] 14:08:01 | [システム管理者]Le Diep GET /api/config body:{}
[http] 14:08:01 | [システム管理者]Le Diep GET /auth body:{}
[info] 14:08:01 | [システム管理者]Le Diep | GET / | get all success
[info] 14:08:01 | [システム管理者]Le Diep | GET / | システム設定環境変数を取得できました
[http] 14:10:51 | [システム管理者]Le Diep GET /api/domain body:{}
[http] 14:10:51 | [システム管理者]Le Diep GET /api/config body:{}
[http] 14:10:51 | [システム管理者]Le Diep GET /auth body:{}
[info] 14:10:51 | [システム管理者]Le Diep | GET / | get all success
[info] 14:10:51 | [システム管理者]Le Diep | GET / | システム設定環境変数を取得できました
[http] 14:18:57 | [システム管理者]Le Diep GET /api/domain body:{}
[http] 14:18:57 | [システム管理者]Le Diep GET /api/config body:{}
[http] 14:18:57 | [システム管理者]Le Diep GET /auth body:{}
[info] 14:18:57 | [システム管理者]Le Diep | GET / | システム設定環境変数を取得できました
[info] 14:18:57 | [システム管理者]Le Diep | GET / | get all success
[http] 14:19:03 | [システム管理者]Le Diep GET /api/domain body:{}
[info] 14:19:03 | [システム管理者]Le Diep | GET / | get all success
[http] 14:19:03 | [システム管理者]Le Diep GET /auth body:{}
[http] 14:19:03 | [システム管理者]Le Diep GET /api/config body:{}
[info] 14:19:03 | [システム管理者]Le Diep | GET / | システム設定環境変数を取得できました
[http] 14:19:03 | [システム管理者]Le Diep GET /api/author body:{}
[http] 14:19:03 | [システム管理者]Le Diep GET /api/cms/web body:{}
[info] 14:19:03 | [システム管理者]Le Diep | GET / | get webAuthors success
[info] 14:19:03 | [システム管理者]Le Diep | GET / | get all success
[http] 14:19:03 | [システム管理者]Le Diep GET /api/workflow body:{}
[info] 14:19:03 | [システム管理者]Le Diep | GET / | get workflows success
[debug] 14:19:03 | socket nrHZbvwS-DqimxJiAAAn is connected!
[http] 14:19:03 | [システム管理者]Le Diep GET /api/form body:{}
[http] 14:19:03 | [システム管理者]Le Diep GET /api/group body:{}
[info] 14:19:03 | [システム管理者]Le Diep | GET / | get all success
[info] 14:19:03 | [システム管理者]Le Diep | GET / | get all success
[debug] 14:19:14 | socket nrHZbvwS-DqimxJiAAAn is disconnected!
[http] 14:19:37 | [システム管理者]Le Diep GET /api/domain body:{}
[http] 14:19:37 | [システム管理者]Le Diep GET /api/config body:{}
[http] 14:19:37 | [システム管理者]Le Diep GET /auth body:{}
[info] 14:19:37 | [システム管理者]Le Diep | GET / | get all success
[info] 14:19:37 | [システム管理者]Le Diep | GET / | システム設定環境変数を取得できました
[http] 14:19:38 | [システム管理者]Le Diep GET /api/config body:{}
[http] 14:19:38 | [システム管理者]Le Diep GET /api/domain body:{}
[info] 14:19:38 | [システム管理者]Le Diep | GET / | システム設定環境変数を取得できました
[http] 14:19:38 | [システム管理者]Le Diep GET /auth body:{}
[info] 14:19:38 | [システム管理者]Le Diep | GET / | get all success
[http] 14:19:39 | [システム管理者]Le Diep GET /api/cms/web body:{}
[http] 14:19:39 | [システム管理者]Le Diep GET /api/workflow body:{}
[info] 14:19:39 | [システム管理者]Le Diep | GET / | get all success
[http] 14:19:39 | [システム管理者]Le Diep GET /api/author body:{}
[info] 14:19:39 | [システム管理者]Le Diep | GET / | get webAuthors success
[info] 14:19:39 | [システム管理者]Le Diep | GET / | get workflows success
[debug] 14:19:39 | socket poRo-t7STKYnEsloAAAp is connected!
[http] 14:19:39 | [システム管理者]Le Diep GET /api/form body:{}
[info] 14:19:39 | [システム管理者]Le Diep | GET / | get all success
[http] 14:19:39 | [システム管理者]Le Diep GET /api/group body:{}
[info] 14:19:39 | [システム管理者]Le Diep | GET / | get all success
[debug] 14:26:21 | socket poRo-t7STKYnEsloAAAp is disconnected!
[http] 14:26:22 | [システム管理者]Le Diep GET /api/domain body:{}
[info] 14:26:22 | [システム管理者]Le Diep | GET / | get all success
[http] 14:26:22 | [システム管理者]Le Diep GET /api/config body:{}
[info] 14:26:22 | [システム管理者]Le Diep | GET / | システム設定環境変数を取得できました
[http] 14:26:22 | [システム管理者]Le Diep GET /auth body:{}
[http] 14:26:22 | [システム管理者]Le Diep GET /api/cms/web body:{}
[http] 14:26:22 | [システム管理者]Le Diep GET /api/author body:{}
[info] 14:26:22 | [システム管理者]Le Diep | GET / | get all success
[info] 14:26:22 | [システム管理者]Le Diep | GET / | get webAuthors success
[http] 14:26:22 | [システム管理者]Le Diep GET /api/workflow body:{}
[info] 14:26:22 | [システム管理者]Le Diep | GET / | get workflows success
[debug] 14:26:22 | socket 2jWoFxztwzBFnvxZAAAr is connected!
[http] 14:26:22 | [システム管理者]Le Diep GET /api/form body:{}
[http] 14:26:22 | [システム管理者]Le Diep GET /api/group body:{}
[info] 14:26:22 | [システム管理者]Le Diep | GET / | get all success
[info] 14:26:22 | [システム管理者]Le Diep | GET / | get all success
[debug] 14:30:44 | socket 2jWoFxztwzBFnvxZAAAr is disconnected!
[http] 14:31:21 | [システム管理者]Le Diep GET /api/domain body:{}
[http] 14:31:21 | [システム管理者]Le Diep GET /api/config body:{}
[http] 14:31:21 | [システム管理者]Le Diep GET /auth body:{}
[info] 14:31:21 | [システム管理者]Le Diep | GET / | get all success
[info] 14:31:21 | [システム管理者]Le Diep | GET / | システム設定環境変数を取得できました
[http] 14:33:35 | [システム管理者]Le Diep GET /api/domain body:{}
[http] 14:33:35 | [システム管理者]Le Diep GET /api/config body:{}
[http] 14:33:35 | [システム管理者]Le Diep GET /auth body:{}
[info] 14:33:35 | [システム管理者]Le Diep | GET / | get all success
[info] 14:33:35 | [システム管理者]Le Diep | GET / | システム設定環境変数を取得できました
[http] 14:33:35 | [システム管理者]Le Diep GET /api/cms/web body:{}
[info] 14:33:35 | [システム管理者]Le Diep | GET / | get all success
[http] 14:33:35 | [システム管理者]Le Diep GET /api/author body:{}
[http] 14:33:35 | [システム管理者]Le Diep GET /api/workflow body:{}
[info] 14:33:35 | [システム管理者]Le Diep | GET / | get webAuthors success
[info] 14:33:35 | [システム管理者]Le Diep | GET / | get workflows success
[debug] 14:33:35 | socket SBwGQ1bUCvwXR112AAAt is connected!
[http] 14:33:36 | [システム管理者]Le Diep GET /api/form body:{}
[http] 14:33:36 | [システム管理者]Le Diep GET /api/group body:{}
[info] 14:33:36 | [システム管理者]Le Diep | GET / | get all success
[info] 14:33:36 | [システム管理者]Le Diep | GET / | get all success
[debug] 14:37:08 | socket SBwGQ1bUCvwXR112AAAt is disconnected!
[http] 14:37:09 | [システム管理者]Le Diep GET /api/domain body:{}
[http] 14:37:09 | [システム管理者]Le Diep GET /auth body:{}
[http] 14:37:09 | [システム管理者]Le Diep GET /api/config body:{}
[info] 14:37:09 | [システム管理者]Le Diep | GET / | get all success
[info] 14:37:09 | [システム管理者]Le Diep | GET / | システム設定環境変数を取得できました
[http] 14:37:09 | [システム管理者]Le Diep GET /api/cms/web body:{}
[info] 14:37:09 | [システム管理者]Le Diep | GET / | get all success
[http] 14:37:09 | [システム管理者]Le Diep GET /api/author body:{}
[http] 14:37:09 | [システム管理者]Le Diep GET /api/workflow body:{}
[info] 14:37:09 | [システム管理者]Le Diep | GET / | get webAuthors success
[info] 14:37:09 | [システム管理者]Le Diep | GET / | get workflows success
[debug] 14:37:09 | socket ka9mELh51dY-htqYAAAv is connected!
[http] 14:37:09 | [システム管理者]Le Diep GET /api/form body:{}
[http] 14:37:09 | [システム管理者]Le Diep GET /api/group body:{}
[info] 14:37:09 | [システム管理者]Le Diep | GET / | get all success
[info] 14:37:09 | [システム管理者]Le Diep | GET / | get all success
[debug] 14:37:21 | socket ka9mELh51dY-htqYAAAv is disconnected!
[http] 14:38:18 | [システム管理者]Le Diep GET /api/domain body:{}
[http] 14:38:18 | [システム管理者]Le Diep GET /api/config body:{}
[http] 14:38:18 | [システム管理者]Le Diep GET /auth body:{}
[info] 14:38:18 | [システム管理者]Le Diep | GET / | get all success
[info] 14:38:18 | [システム管理者]Le Diep | GET / | システム設定環境変数を取得できました
[debug] 14:38:18 | socket ozKZOspuuvUYkixrAAAx is connected!
[http] 14:38:18 | [システム管理者]Le Diep GET /api/cms/web body:{}
[info] 14:38:18 | [システム管理者]Le Diep | GET / | get all success
[http] 14:38:18 | [システム管理者]Le Diep GET /api/author body:{}
[http] 14:38:18 | [システム管理者]Le Diep GET /api/workflow body:{}
[info] 14:38:18 | [システム管理者]Le Diep | GET / | get webAuthors success
[info] 14:38:18 | [システム管理者]Le Diep | GET / | get workflows success
[http] 14:38:19 | [システム管理者]Le Diep GET /api/form body:{}
[http] 14:38:19 | [システム管理者]Le Diep GET /api/group body:{}
[info] 14:38:19 | [システム管理者]Le Diep | GET / | get all success
[info] 14:38:19 | [システム管理者]Le Diep | GET / | get all success
[debug] 14:47:51 | socket ozKZOspuuvUYkixrAAAx is disconnected!
[http] 14:50:38 | [システム管理者]Le Diep GET /api/domain body:{}
[http] 14:50:38 | [システム管理者]Le Diep GET /api/config body:{}
[http] 14:50:38 | [システム管理者]Le Diep GET /auth body:{}
[info] 14:50:38 | [システム管理者]Le Diep | GET / | システム設定環境変数を取得できました
[info] 14:50:38 | [システム管理者]Le Diep | GET / | get all success
[http] 14:50:45 | [システム管理者]Le Diep GET /api/domain body:{}
[http] 14:50:45 | [システム管理者]Le Diep GET /auth body:{}
[http] 14:50:45 | [システム管理者]Le Diep GET /api/config body:{}
[info] 14:50:45 | [システム管理者]Le Diep | GET / | get all success
[info] 14:50:45 | [システム管理者]Le Diep | GET / | システム設定環境変数を取得できました
[http] 14:50:45 | [システム管理者]Le Diep GET /api/cms/web body:{}
[info] 14:50:45 | [システム管理者]Le Diep | GET / | get all success
[http] 14:50:45 | [システム管理者]Le Diep GET /api/workflow body:{}
[http] 14:50:45 | [システム管理者]Le Diep GET /api/author body:{}
[info] 14:50:45 | [システム管理者]Le Diep | GET / | get workflows success
[info] 14:50:45 | [システム管理者]Le Diep | GET / | get webAuthors success
[debug] 14:50:45 | socket 2OE7Tk3un3nVLTJiAAAz is connected!
[http] 14:50:45 | [システム管理者]Le Diep GET /api/form body:{}
[info] 14:50:45 | [システム管理者]Le Diep | GET / | get all success
[http] 14:50:45 | [システム管理者]Le Diep GET /api/group body:{}
[info] 14:50:45 | [システム管理者]Le Diep | GET / | get all success
[http] 15:15:37 | [システム管理者]Le Diep GET /api/domain body:{}
[http] 15:15:37 | [システム管理者]Le Diep GET /auth body:{}
[http] 15:15:37 | [システム管理者]Le Diep GET /api/config body:{}
[info] 15:15:37 | [システム管理者]Le Diep | GET / | get all success
[info] 15:15:37 | [システム管理者]Le Diep | GET / | システム設定環境変数を取得できました
[debug] 15:15:37 | socket 2OE7Tk3un3nVLTJiAAAz is disconnected!
[http] 15:22:43 | [システム管理者]Le Diep GET /api/domain body:{}
[http] 15:22:43 | [システム管理者]Le Diep GET /api/config body:{}
[http] 15:22:43 | [システム管理者]Le Diep GET /auth body:{}
[info] 15:22:43 | [システム管理者]Le Diep | GET / | get all success
[info] 15:22:43 | [システム管理者]Le Diep | GET / | システム設定環境変数を取得できました
[http] 15:22:43 | [システム管理者]Le Diep GET /api/cms/web body:{}
[http] 15:22:43 | [システム管理者]Le Diep GET /api/author body:{}
[http] 15:22:43 | [システム管理者]Le Diep GET /api/workflow body:{}
[info] 15:22:43 | [システム管理者]Le Diep | GET / | get all success
[info] 15:22:43 | [システム管理者]Le Diep | GET / | get webAuthors success
[info] 15:22:43 | [システム管理者]Le Diep | GET / | get workflows success
[debug] 15:22:43 | socket nmYtTA_I7FgUfeAHAAA1 is connected!
[http] 15:22:44 | [システム管理者]Le Diep GET /api/form body:{}
[info] 15:22:44 | [システム管理者]Le Diep | GET / | get all success
[http] 15:22:44 | [システム管理者]Le Diep GET /api/group body:{}
[info] 15:22:44 | [システム管理者]Le Diep | GET / | get all success
[debug] 15:38:15 | socket nmYtTA_I7FgUfeAHAAA1 is disconnected!
[http] 15:38:16 | [システム管理者]Le Diep GET /api/domain body:{}
[http] 15:38:16 | [システム管理者]Le Diep GET /api/config body:{}
[http] 15:38:16 | [システム管理者]Le Diep GET /auth body:{}
[info] 15:38:16 | [システム管理者]Le Diep | GET / | システム設定環境変数を取得できました
[info] 15:38:16 | [システム管理者]Le Diep | GET / | get all success
[http] 15:38:16 | [システム管理者]Le Diep GET /api/workflow body:{}
[http] 15:38:16 | [システム管理者]Le Diep GET /api/cms/web body:{}
[http] 15:38:16 | [システム管理者]Le Diep GET /api/author body:{}
[info] 15:38:16 | [システム管理者]Le Diep | GET / | get workflows success
[info] 15:38:16 | [システム管理者]Le Diep | GET / | get all success
[info] 15:38:16 | [システム管理者]Le Diep | GET / | get webAuthors success
[debug] 15:38:16 | socket WDXBjns7Ve7oftMJAAA3 is connected!
[http] 15:38:16 | [システム管理者]Le Diep GET /api/form body:{}
[http] 15:38:16 | [システム管理者]Le Diep GET /api/group body:{}
[info] 15:38:16 | [システム管理者]Le Diep | GET / | get all success
[info] 15:38:16 | [システム管理者]Le Diep | GET / | get all success
[debug] 15:52:09 | socket WDXBjns7Ve7oftMJAAA3 is disconnected!
[http] 15:52:10 | [システム管理者]Le Diep GET /api/domain body:{}
[http] 15:52:10 | [システム管理者]Le Diep GET /api/config body:{}
[http] 15:52:10 | [システム管理者]Le Diep GET /auth body:{}
[info] 15:52:10 | [システム管理者]Le Diep | GET / | get all success
[info] 15:52:10 | [システム管理者]Le Diep | GET / | システム設定環境変数を取得できました
[http] 15:52:11 | [システム管理者]Le Diep GET /api/cms/web body:{}
[http] 15:52:11 | [システム管理者]Le Diep GET /api/author body:{}
[info] 15:52:11 | [システム管理者]Le Diep | GET / | get all success
[info] 15:52:11 | [システム管理者]Le Diep | GET / | get webAuthors success
[http] 15:52:11 | [システム管理者]Le Diep GET /api/workflow body:{}
[info] 15:52:11 | [システム管理者]Le Diep | GET / | get workflows success
[debug] 15:52:11 | socket 4Cs0eSkrVSo7fUx-AAA5 is connected!
[http] 15:52:11 | [システム管理者]Le Diep GET /api/form body:{}
[http] 15:52:11 | [システム管理者]Le Diep GET /api/group body:{}
[info] 15:52:11 | [システム管理者]Le Diep | GET / | get all success
[info] 15:52:11 | [システム管理者]Le Diep | GET / | get all success
[info] 16:20:44 | サーバの起動が完了しました。
[debug] 16:20:44 | URL: http://localhost:488/
[debug] 16:20:48 | socket 97iq9TvRfTwu0UPKAAAB is connected!
[info] 16:21:31 | サーバの起動が完了しました。
[debug] 16:21:31 | URL: http://localhost:488/
[debug] 16:21:36 | socket 2mxgqDze0XSJrTmZAAAB is connected!
[info] 16:21:37 | サーバの起動が完了しました。
[debug] 16:21:37 | URL: http://localhost:488/
[debug] 16:21:42 | socket syzfaf1NUFwV0xb1AAAB is connected!
[http] 16:22:01 | [システム管理者]Le Diep GET /api/domain body:{}
[http] 16:22:01 | [システム管理者]Le Diep GET /api/config body:{}
[http] 16:22:01 | [システム管理者]Le Diep GET /auth body:{}
[info] 16:22:01 | [システム管理者]Le Diep | GET / | get all success
[info] 16:22:01 | [システム管理者]Le Diep | GET / | システム設定環境変数を取得できました
[debug] 16:22:01 | socket syzfaf1NUFwV0xb1AAAB is disconnected!
[info] 16:22:27 | サーバの起動が完了しました。
[debug] 16:22:27 | URL: http://localhost:488/
[info] 16:26:45 | サーバの起動が完了しました。
[debug] 16:26:45 | URL: http://localhost:488/
[http] 16:35:49 | [システム管理者]Le Diep GET /api/config body:{}
[http] 16:35:49 | [システム管理者]Le Diep GET /api/domain body:{}
[http] 16:35:49 | [システム管理者]Le Diep GET /auth body:{}
[info] 16:35:49 | [システム管理者]Le Diep | GET / | システム設定環境変数を取得できました
[info] 16:35:49 | [システム管理者]Le Diep | GET / | get all success
[http] 16:35:49 | [システム管理者]Le Diep GET /api/cms/web body:{}
[http] 16:35:49 | [システム管理者]Le Diep GET /api/author body:{}
[info] 16:35:49 | [システム管理者]Le Diep | GET / | get all success
[http] 16:35:49 | [システム管理者]Le Diep GET /api/workflow body:{}
[info] 16:35:49 | [システム管理者]Le Diep | GET / | get webAuthors success
[info] 16:35:49 | [システム管理者]Le Diep | GET / | get workflows success
[debug] 16:35:50 | socket KhBs6WedHKVNhPsBAAAB is connected!
[http] 16:35:50 | [システム管理者]Le Diep GET /api/group body:{}
[http] 16:35:50 | [システム管理者]Le Diep GET /api/form body:{}
[info] 16:35:50 | [システム管理者]Le Diep | GET / | get all success
[error] 16:35:50 | [システム管理者]Le Diep | GET / | error
[debug] 16:37:24 | socket KhBs6WedHKVNhPsBAAAB is disconnected!
[http] 16:37:25 | [システム管理者]Le Diep GET /api/domain body:{}
[http] 16:37:25 | [システム管理者]Le Diep GET /api/config body:{}
[http] 16:37:25 | [システム管理者]Le Diep GET /auth body:{}
[info] 16:37:25 | [システム管理者]Le Diep | GET / | get all success
[info] 16:37:25 | [システム管理者]Le Diep | GET / | システム設定環境変数を取得できました
[http] 16:37:25 | [システム管理者]Le Diep GET /api/author body:{}
[http] 16:37:25 | [システム管理者]Le Diep GET /api/cms/web body:{}
[http] 16:37:25 | [システム管理者]Le Diep GET /api/workflow body:{}
[info] 16:37:25 | [システム管理者]Le Diep | GET / | get webAuthors success
[info] 16:37:25 | [システム管理者]Le Diep | GET / | get all success
[info] 16:37:25 | [システム管理者]Le Diep | GET / | get workflows success
[debug] 16:37:25 | socket 0ZXEsCD6kU0P5pAEAAAD is connected!
[http] 16:37:25 | [システム管理者]Le Diep GET /api/form body:{}
[error] 16:37:25 | [システム管理者]Le Diep | GET / | error
[http] 16:37:25 | [システム管理者]Le Diep GET /api/group body:{}
[info] 16:37:25 | [システム管理者]Le Diep | GET / | get all success
[http] 16:37:33 | [システム管理者]Le Diep POST /api/form/ body:{"name":"[システム管理者]asd","webId":1}
[error] 16:37:33 | [システム管理者]Le Diep | POST / | error
[info] 16:37:53 | サーバの起動が完了しました。
[debug] 16:37:53 | URL: http://localhost:488/
[debug] 16:37:57 | socket 01KGSRhImevLJpKQAAAB is connected!
[http] 16:38:17 | [システム管理者]Le Diep GET /api/domain body:{}
[http] 16:38:17 | [システム管理者]Le Diep GET /api/config body:{}
[http] 16:38:17 | [システム管理者]Le Diep GET /auth body:{}
[info] 16:38:17 | [システム管理者]Le Diep | GET / | get all success
[info] 16:38:17 | [システム管理者]Le Diep | GET / | システム設定環境変数を取得できました
[debug] 16:38:17 | socket 01KGSRhImevLJpKQAAAB is disconnected!
[http] 16:38:35 | [システム管理者]Le Diep GET /api/domain body:{}
[http] 16:38:35 | [システム管理者]Le Diep GET /auth body:{}
[http] 16:38:35 | [システム管理者]Le Diep GET /api/config body:{}
[info] 16:38:35 | [システム管理者]Le Diep | GET / | get all success
[info] 16:38:35 | [システム管理者]Le Diep | GET / | システム設定環境変数を取得できました
[info] 16:39:26 | サーバの起動が完了しました。
[debug] 16:39:26 | URL: http://localhost:488/
[info] 16:39:30 | サーバの起動が完了しました。
[debug] 16:39:30 | URL: http://localhost:488/
[info] 16:39:48 | サーバの起動が完了しました。
[debug] 16:39:48 | URL: http://localhost:488/
[info] 16:40:01 | サーバの起動が完了しました。
[debug] 16:40:01 | URL: http://localhost:488/
[http] 16:40:12 | [システム管理者]Le Diep GET /api/domain body:{}
[http] 16:40:12 | [システム管理者]Le Diep GET /auth body:{}
[http] 16:40:12 | [システム管理者]Le Diep GET /api/config body:{}
[info] 16:40:12 | [システム管理者]Le Diep | GET / | get all success
[info] 16:40:12 | [システム管理者]Le Diep | GET / | システム設定環境変数を取得できました
[http] 16:40:12 | [システム管理者]Le Diep GET /api/cms/web body:{}
[http] 16:40:12 | [システム管理者]Le Diep GET /api/author body:{}
[info] 16:40:12 | [システム管理者]Le Diep | GET / | get all success
[http] 16:40:12 | [システム管理者]Le Diep GET /api/workflow body:{}
[info] 16:40:12 | [システム管理者]Le Diep | GET / | get webAuthors success
[info] 16:40:12 | [システム管理者]Le Diep | GET / | get workflows success
[debug] 16:40:13 | socket jv9VY1PjRQPHUCUvAAAB is connected!
[http] 16:40:13 | [システム管理者]Le Diep GET /api/form body:{}
[info] 16:40:13 | [システム管理者]Le Diep | GET / | get all success
[info] 16:41:03 | サーバの起動が完了しました。
[debug] 16:41:03 | URL: http://localhost:488/
[debug] 16:41:07 | socket LqaBUd-_Acdaq94NAAAB is connected!
[http] 16:45:43 | [システム管理者]Le Diep GET /api/group body:{}
[info] 16:45:43 | [システム管理者]Le Diep | GET / | get all success
[http] 16:45:45 | [システム管理者]Le Diep POST /api/form/ body:{"name":"[システム管理者]dasd","webId":1}
[info] 16:45:45 | [システム管理者]Le Diep | POST / | formID: 1を作成が成功しました
[http] 16:45:45 | [システム管理者]Le Diep GET /api/form/1 body:{}
[info] 16:45:45 | [システム管理者]Le Diep | GET /1 | get one success
[http] 16:45:45 | [システム管理者]Le Diep GET /api/form/1 body:{}
[info] 16:45:45 | [システム管理者]Le Diep | GET /1 | get one success
[http] 16:45:50 | [システム管理者]Le Diep PUT /api/form/1 body:{"content":"[{\"minlength\":\"\",\"rows\":\"\",\"options\":[],\"format\":\"メールアドレス\",\"display\":\"dasdasd\",\"placeholder\":\"\",\"name\":\"itemjj3n9s8sar\"}]"}
[info] 16:45:50 | [システム管理者]Le Diep | PUT /1 | formID: 1を編集が成功しました
[http] 16:45:50 | [システム管理者]Le Diep GET /api/form/1 body:{}
[info] 16:45:50 | [システム管理者]Le Diep | GET /1 | get one success
[http] 16:45:50 | [システム管理者]Le Diep GET /api/form/1 body:{}
[info] 16:45:50 | [システム管理者]Le Diep | GET /1 | get one success
[debug] 16:47:14 | socket LqaBUd-_Acdaq94NAAAB is disconnected!
[http] 16:47:15 | [システム管理者]Le Diep GET /auth body:{}
[http] 16:47:15 | [システム管理者]Le Diep GET /api/domain body:{}
[http] 16:47:15 | [システム管理者]Le Diep GET /api/config body:{}
[info] 16:47:15 | [システム管理者]Le Diep | GET / | get all success
[info] 16:47:15 | [システム管理者]Le Diep | GET / | システム設定環境変数を取得できました
[http] 16:47:15 | [システム管理者]Le Diep GET /api/cms/web body:{}
[http] 16:47:15 | [システム管理者]Le Diep GET /api/author body:{}
[http] 16:47:15 | [システム管理者]Le Diep GET /api/workflow body:{}
[info] 16:47:15 | [システム管理者]Le Diep | GET / | get all success
[info] 16:47:15 | [システム管理者]Le Diep | GET / | get webAuthors success
[info] 16:47:15 | [システム管理者]Le Diep | GET / | get workflows success
[debug] 16:47:15 | socket bejdKhBhlkwU6-f7AAAD is connected!
[http] 16:47:15 | [システム管理者]Le Diep GET /api/form body:{}
[http] 16:47:15 | [システム管理者]Le Diep GET /api/group body:{}
[info] 16:47:15 | [システム管理者]Le Diep | GET / | get all success
[info] 16:47:15 | [システム管理者]Le Diep | GET / | get all success
[debug] 16:47:32 | socket bejdKhBhlkwU6-f7AAAD is disconnected!
