[error] 13:52:37 | Cannot delete property 'meta' of [object Array]
[info] 13:52:37 | サーバの起動が完了しました。
[http] 13:52:57 | --- GET /api/config body:{}
[http] 13:52:58 | --- GET /auth body:{}
[error] 13:54:06 | Cannot delete property 'meta' of [object Array]
[info] 13:54:06 | サーバの起動が完了しました。
[http] 13:54:10 | --- GET /api/config body:{}
[http] 13:54:10 | --- GET /auth body:{}
[info] 13:54:10 | 匿名 | GET / | システム設定環境変数を取得できました
[http] 13:54:12 | --- GET /auth/login/msal body:{}
[http] 13:54:12 | --- POST /auth/login/msal body:{"name":"Le Diep","email":"diep.le@0004s.com"}
[http] 13:54:44 | --- GET /api/group body:{}
[info] 13:54:44 | [admin-system]Le Diep | GET / | get all success
[http] 13:55:35 | --- GET /api/config body:{}
[http] 13:55:35 | --- GET /auth body:{}
[info] 13:55:35 | 匿名 | GET / | システム設定環境変数を取得できました
[error] 13:57:32 | Cannot delete property 'meta' of [object Array]
[info] 13:57:32 | サーバの起動が完了しました。
[error] 13:57:45 | Cannot delete property 'meta' of [object Array]
[info] 13:57:45 | サーバの起動が完了しました。
[error] 14:00:06 | Cannot delete property 'meta' of [object Array]
[info] 14:00:07 | サーバの起動が完了しました。
[error] 14:00:39 | Cannot delete property 'meta' of [object Array]
[info] 14:00:39 | サーバの起動が完了しました。
[http] 14:00:52 | admin-system-Le Diep GET /auth body:{}
[http] 14:00:52 | admin-system-Le Diep GET /api/config body:{}
[info] 14:00:52 | [admin-system]Le Diep | GET / | システム設定環境変数を取得できました
[http] 14:01:41 | admin-system-Le Diep GET /api/group body:{}
[info] 14:01:41 | [admin-system]Le Diep | GET / | get all success
[error] 14:02:47 | Cannot delete property 'meta' of [object Array]
[info] 14:02:47 | サーバの起動が完了しました。
[error] 14:02:50 | Cannot delete property 'meta' of [object Array]
[info] 14:02:50 | サーバの起動が完了しました。
[error] 14:27:24 | Cannot delete property 'meta' of [object Array]
[info] 14:27:24 | サーバの起動が完了しました。
[error] 14:27:54 | Cannot delete property 'meta' of [object Array]
[info] 14:27:54 | サーバの起動が完了しました。
[error] 14:28:13 | DB Sync error
[info] 14:28:13 | サーバの起動が完了しました。
[error] 14:29:17 | DB Sync error
[info] 14:29:17 | サーバの起動が完了しました。
[error] 14:29:29 | DB Sync error
[info] 14:29:29 | サーバの起動が完了しました。
[error] 14:29:46 | DB Sync error
[info] 14:29:46 | サーバの起動が完了しました。
[error] 14:31:07 | DB Sync error
[info] 14:31:12 | サーバの起動が完了しました。
[http] 14:31:24 | admin-system-Le Diep GET /auth body:{}
[http] 14:31:24 | admin-system-Le Diep GET /api/config body:{}
[info] 14:31:24 | [admin-system]Le Diep | GET / | システム設定環境変数を取得できました
[http] 14:31:29 | admin-system-Le Diep GET /api/group body:{}
[info] 14:31:29 | [admin-system]Le Diep | GET / | get all success
[http] 14:32:40 | admin-system-Le Diep POST /auth/logout body:{}
[http] 14:32:40 | admin-system-Le Diep POST /auth/logout body:{}
[http] 14:32:43 | --- GET /auth body:{}
[http] 14:32:43 | --- GET /api/config body:{}
[info] 14:32:43 | 匿名 | GET / | システム設定環境変数を取得できました
[info] 14:34:56 | サーバの起動が完了しました。
[info] 14:35:20 | サーバの起動が完了しました。
[http] 14:35:56 | 匿名 GET /auth body:{}
[http] 14:35:56 | 匿名 GET /api/config body:{}
[info] 14:35:56 | 匿名 | GET / | システム設定環境変数を取得できました
[http] 14:35:57 | 匿名 GET /auth/login/msal body:{}
[http] 14:35:57 | 匿名 POST /auth/login/msal body:{"name":"Le Diep","email":"diep.le@0004s.com"}
[http] 14:35:59 | [admin-system]Le Diep GET /api/group body:{}
[info] 14:35:59 | [admin-system]Le Diep | GET / | get all success
