[info] 10:54:17 | サーバの起動が完了しました。
[http] 10:54:25 | 匿名 GET /auth body:{}
[http] 10:54:25 | 匿名 GET /api/config body:{}
[info] 10:54:25 | 匿名 | GET / | システム設定環境変数を取得できました
[http] 10:54:54 | 匿名 GET /auth/login/msal body:{}
[http] 10:54:54 | 匿名 POST /auth/login/msal body:{"name":"Le Diep","email":"diep.le@0004s.com"}
[http] 10:55:02 | [admin-system]Le Diep GET /api/cms/theme body:{}
[info] 10:55:02 | [admin-system]Le Diep | GET / | get all success
[http] 10:55:11 | [admin-system]Le Diep PUT /api/cms/theme/8 body:{"code":"<!DOCTYPE HTML>\n<html lang=\"ja\">\n  <head>\n    <meta charset=\"UTF-8\">\n    <meta name=\"viewport\" content=\"width=device-width, initial-scale=1.0\">\n    <style>\n    </style>\n  </head>\n  <body>\n    <script>\n    </script>\n  </body>\n</html>"}
[error] 10:55:11 | [admin-system]Le Diep | PUT /8 | error
[info] 10:58:25 | サーバの起動が完了しました。
[http] 10:58:28 | [admin-system]Le Diep GET /auth body:{}
[http] 10:58:28 | [admin-system]Le Diep GET /api/config body:{}
[info] 10:58:28 | [admin-system]Le Diep | GET / | システム設定環境変数を取得できました
[http] 10:58:29 | [admin-system]Le Diep GET /api/cms/theme body:{}
[info] 10:58:29 | [admin-system]Le Diep | GET / | get all success
[http] 10:58:34 | [admin-system]Le Diep PUT /api/cms/theme/8 body:{"code":"<!DOCTYPE HTML>\n<html lang=\"ja\">\n  <head>\n    <meta charset=\"UTF-8\">\n    <meta name=\"viewport\" content=\"width=device-width, initial-scale=1.0\">\n    <style>\n    </style>\n  </head>\n  <body>\n    <script>\n    </script>\n  </body>\n</html>"}
[error] 10:58:34 | [admin-system]Le Diep | PUT /8 | error
[info] 10:59:27 | サーバの起動が完了しました。
[http] 10:59:33 | [admin-system]Le Diep GET /auth body:{}
[http] 10:59:33 | [admin-system]Le Diep GET /api/config body:{}
[info] 10:59:33 | [admin-system]Le Diep | GET / | システム設定環境変数を取得できました
[http] 10:59:33 | [admin-system]Le Diep GET /api/cms/theme body:{}
[info] 10:59:33 | [admin-system]Le Diep | GET / | get all success
[http] 10:59:36 | [admin-system]Le Diep PUT /api/cms/theme/8 body:{"code":"<!DOCTYPE HTML>\n<html lang=\"ja\">\n  <head>\n    <meta charset=\"UTF-8\">\n    <meta name=\"viewport\" content=\"width=device-width, initial-scale=1.0\">\n    <style>\n    </style>\n  </head>\n  <body>\n    <script>\n    </script>\n  </body>\n</html>"}
[error] 10:59:36 | [admin-system]Le Diep | PUT /8 | error
[info] 11:00:08 | サーバの起動が完了しました。
[http] 11:00:12 | [admin-system]Le Diep PUT /api/cms/theme/8 body:{"code":"<!DOCTYPE HTML>\n<html lang=\"ja\">\n  <head>\n    <meta charset=\"UTF-8\">\n    <meta name=\"viewport\" content=\"width=device-width, initial-scale=1.0\">\n    <style>\n    </style>\n  </head>\n  <body>\n    <script>\n    </script>\n  </body>\n</html>"}
[info] 11:00:12 | [admin-system]Le Diep | PUT /8 | theme: undefinedを編集が成功しました
[http] 11:00:12 | [admin-system]Le Diep GET /api/cms/theme/8 body:{}
[info] 11:00:12 | [admin-system]Le Diep | GET /8 | get one success
[http] 11:00:12 | [admin-system]Le Diep GET /api/cms/theme/8 body:{}
[info] 11:00:12 | [admin-system]Le Diep | GET /8 | get one success
[http] 11:00:19 | [admin-system]Le Diep PUT /api/cms/theme/8 body:{"code":"<!DOCTYPE HTML>\n<html lang=\"ja\">\n  <head>\n    <meta charset=\"UTF-8\">\n    <meta name=\"viewport\" content=\"width=device-width, initial-scale=1.0\">\n    <style>\n    </style>\n  </head>\n  <body>\n    <script>\n    </script>\n  </body>\n</html>"}
[info] 11:00:19 | [admin-system]Le Diep | PUT /8 | theme: undefinedを編集が成功しました
[http] 11:00:19 | [admin-system]Le Diep GET /api/cms/theme/8 body:{}
[info] 11:00:19 | [admin-system]Le Diep | GET /8 | get one success
[http] 11:00:19 | [admin-system]Le Diep GET /api/cms/theme/8 body:{}
[info] 11:00:19 | [admin-system]Le Diep | GET /8 | get one success
[http] 11:00:28 | [admin-system]Le Diep GET /auth body:{}
[http] 11:00:28 | [admin-system]Le Diep GET /api/config body:{}
[info] 11:00:28 | [admin-system]Le Diep | GET / | システム設定環境変数を取得できました
[http] 11:00:29 | [admin-system]Le Diep GET /api/cms/theme body:{}
[info] 11:00:29 | [admin-system]Le Diep | GET / | get all success
[http] 11:00:40 | [admin-system]Le Diep PUT /api/cms/theme/1 body:{"code":"<!DOCTYPE HTML>\n<html lang=\"ja\">\n  <head>\n    <meta charset=\"UTF-8\">\n    <meta name=\"viewport\" content=\"width=device-width, initial-scale=1.0\">\n    <style>\n    </style>\n  </head>\n  <body>\n    <script>\n    </script>\n  </body>\n</html>"}
[info] 11:00:40 | [admin-system]Le Diep | PUT /1 | theme: undefinedを編集が成功しました
[http] 11:00:40 | [admin-system]Le Diep GET /api/cms/theme/1 body:{}
[info] 11:00:40 | [admin-system]Le Diep | GET /1 | get one success
[http] 11:00:45 | [admin-system]Le Diep GET /auth body:{}
[http] 11:00:45 | [admin-system]Le Diep GET /api/config body:{}
[info] 11:00:45 | [admin-system]Le Diep | GET / | システム設定環境変数を取得できました
[http] 11:00:46 | [admin-system]Le Diep GET /api/cms/theme body:{}
[info] 11:00:46 | [admin-system]Le Diep | GET / | get all success
[http] 11:01:40 | [admin-system]Le Diep PUT /api/cms/theme/1 body:{"code":"<!DOCTYPE HTML>\n<html lang=\"ja\">\n  <head>\n    <meta charset=\"UTF-8\">\n    <meta name=\"viewport\" content=\"width=device-width, initial-scale=1.0\">\n    <style>\n    </style>\n  </head>\n  <body>\n    <script>\n    </script>\n  </body>\n</html>"}
[info] 11:01:40 | [admin-system]Le Diep | PUT /1 | theme: undefinedを編集が成功しました
[http] 11:01:40 | [admin-system]Le Diep GET /api/cms/theme/1 body:{}
[info] 11:01:40 | [admin-system]Le Diep | GET /1 | get one success
[http] 11:01:54 | [admin-system]Le Diep PUT /api/cms/theme/1 body:{"code":"<!DOCTYPE HTML>\n<html lang=\"ja\">\n  <head>\n    <meta charset=\"UTF-8\">\n    <meta name=\"viewport\" content=\"width=device-width, initial-scale=1.0\">\n    <style>\n    </style>\n  </head>\n  <body>\n    <section class=\"UI-editable\"></section>\n    <script>\n    </script>\n  </body>\n</html>"}
[info] 11:01:54 | [admin-system]Le Diep | PUT /1 | theme: undefinedを編集が成功しました
[http] 11:01:54 | [admin-system]Le Diep GET /api/cms/theme/1 body:{}
[info] 11:01:54 | [admin-system]Le Diep | GET /1 | get one success
[http] 11:02:35 | [admin-system]Le Diep GET /auth body:{}
[http] 11:02:35 | [admin-system]Le Diep GET /api/config body:{}
[info] 11:02:35 | [admin-system]Le Diep | GET / | システム設定環境変数を取得できました
[http] 11:02:36 | [admin-system]Le Diep GET /api/cms/theme body:{}
[info] 11:02:36 | [admin-system]Le Diep | GET / | get all success
[http] 11:07:06 | [admin-system]Le Diep PUT /api/cms/theme/1 body:{"code":"<!DOCTYPE HTML>\n<html lang=\"ja\">\n  <head>\n    <meta charset=\"UTF-8\">\n    <meta name=\"viewport\" content=\"width=device-width, initial-scale=1.0\">\n    <style>\n    </style>\n  </head>\n  <body>\n    <section class=\"UI-editable\"></section>\n    <script>\n    </script>\n  </body>\n</html>"}
[info] 11:07:06 | [admin-system]Le Diep | PUT /1 | theme: undefinedを編集が成功しました
[http] 11:07:06 | [admin-system]Le Diep GET /api/cms/theme/1 body:{}
[info] 11:07:06 | [admin-system]Le Diep | GET /1 | get one success
[http] 11:07:11 | [admin-system]Le Diep GET /auth body:{}
[http] 11:07:11 | [admin-system]Le Diep GET /api/config body:{}
[info] 11:07:11 | [admin-system]Le Diep | GET / | システム設定環境変数を取得できました
[http] 11:07:12 | [admin-system]Le Diep GET /api/cms/theme body:{}
[info] 11:07:12 | [admin-system]Le Diep | GET / | get all success
[http] 11:07:51 | [admin-system]Le Diep GET /auth body:{}
[http] 11:07:51 | [admin-system]Le Diep GET /api/config body:{}
[info] 11:07:51 | [admin-system]Le Diep | GET / | システム設定環境変数を取得できました
[http] 11:07:52 | [admin-system]Le Diep GET /api/cms/theme body:{}
[info] 11:07:52 | [admin-system]Le Diep | GET / | get all success
[http] 11:10:19 | [admin-system]Le Diep GET /auth body:{}
[http] 11:10:19 | [admin-system]Le Diep GET /api/config body:{}
[info] 11:10:19 | [admin-system]Le Diep | GET / | システム設定環境変数を取得できました
[http] 11:10:20 | [admin-system]Le Diep GET /api/cms/theme body:{}
[info] 11:10:20 | [admin-system]Le Diep | GET / | get all success
[http] 11:10:55 | [admin-system]Le Diep GET /auth body:{}
[http] 11:10:55 | [admin-system]Le Diep GET /api/config body:{}
[info] 11:10:55 | [admin-system]Le Diep | GET / | システム設定環境変数を取得できました
[http] 11:10:56 | [admin-system]Le Diep GET /api/cms/theme body:{}
[info] 11:10:56 | [admin-system]Le Diep | GET / | get all success
[http] 11:11:18 | [admin-system]Le Diep GET /auth body:{}
[http] 11:11:18 | [admin-system]Le Diep GET /api/config body:{}
[info] 11:11:18 | [admin-system]Le Diep | GET / | システム設定環境変数を取得できました
[http] 11:11:19 | [admin-system]Le Diep GET /api/cms/theme body:{}
[info] 11:11:19 | [admin-system]Le Diep | GET / | get all success
[http] 11:11:42 | [admin-system]Le Diep GET /auth body:{}
[http] 11:11:42 | [admin-system]Le Diep GET /api/config body:{}
[info] 11:11:42 | [admin-system]Le Diep | GET / | システム設定環境変数を取得できました
[http] 11:11:43 | [admin-system]Le Diep GET /api/cms/theme body:{}
[info] 11:11:43 | [admin-system]Le Diep | GET / | get all success
[http] 11:21:37 | [admin-system]Le Diep GET /auth body:{}
[http] 11:21:37 | [admin-system]Le Diep GET /api/config body:{}
[info] 11:21:37 | [admin-system]Le Diep | GET / | システム設定環境変数を取得できました
[http] 11:21:38 | [admin-system]Le Diep GET /api/cms/theme body:{}
[info] 11:21:38 | [admin-system]Le Diep | GET / | get all success
[http] 11:21:43 | [admin-system]Le Diep GET /auth body:{}
[http] 11:21:43 | [admin-system]Le Diep GET /api/config body:{}
[info] 11:21:43 | [admin-system]Le Diep | GET / | システム設定環境変数を取得できました
[http] 11:21:44 | [admin-system]Le Diep GET /api/cms/theme body:{}
[info] 11:21:44 | [admin-system]Le Diep | GET / | get all success
[http] 11:21:56 | [admin-system]Le Diep PUT /api/cms/theme/1 body:{"code":"<!DOCTYPE HTML>\n<html lang=\"ja\">\n  <head>\n    <meta charset=\"UTF-8\">\n    <meta name=\"viewport\" content=\"width=device-width, initial-scale=1.0\">\n    <style> </style>\n  </head>\n  <body>\n    <section class=\"UI-editable\"></section>\n    <section class=\"UI-editable\"></section>\n    <section class=\"UI-editable\"></section>\n    <script> </script>\n  </body>\n</html>"}
[info] 11:21:56 | [admin-system]Le Diep | PUT /1 | theme: undefinedを編集が成功しました
[http] 11:21:56 | [admin-system]Le Diep GET /api/cms/theme/1 body:{}
[info] 11:21:56 | [admin-system]Le Diep | GET /1 | get one success
[http] 11:21:58 | [admin-system]Le Diep GET /auth body:{}
[http] 11:21:58 | [admin-system]Le Diep GET /api/config body:{}
[info] 11:21:58 | [admin-system]Le Diep | GET / | システム設定環境変数を取得できました
[http] 11:21:58 | [admin-system]Le Diep GET /api/cms/theme body:{}
[info] 11:21:58 | [admin-system]Le Diep | GET / | get all success
[http] 11:22:05 | [admin-system]Le Diep PUT /api/cms/theme/1 body:{"code":"<!DOCTYPE HTML>\n<html lang=\"ja\">\n  <head>\n    <meta charset=\"UTF-8\">\n    <meta name=\"viewport\" content=\"width=device-width, initial-scale=1.0\">\n    <style> </style>\n  </head>\n  <body>\n    <section class=\"UI-editable\"></section>\n    <section class=\"UI-editable\"></section>\n    <section class=\"UI-editable\"></section>\n    <section class=\"UI-editable\"></section>\n    <script> </script>\n  </body>\n</html>"}
[info] 11:22:05 | [admin-system]Le Diep | PUT /1 | theme: undefinedを編集が成功しました
[http] 11:22:05 | [admin-system]Le Diep GET /api/cms/theme/1 body:{}
[info] 11:22:05 | [admin-system]Le Diep | GET /1 | get one success
[http] 11:22:07 | [admin-system]Le Diep GET /auth body:{}
[http] 11:22:07 | [admin-system]Le Diep GET /api/config body:{}
[info] 11:22:07 | [admin-system]Le Diep | GET / | システム設定環境変数を取得できました
[http] 11:22:08 | [admin-system]Le Diep GET /api/cms/theme body:{}
[info] 11:22:08 | [admin-system]Le Diep | GET / | get all success
[http] 11:25:36 | [admin-system]Le Diep GET /api/config body:{}
[http] 11:25:36 | [admin-system]Le Diep GET /auth body:{}
[info] 11:25:36 | [admin-system]Le Diep | GET / | システム設定環境変数を取得できました
[http] 11:25:37 | [admin-system]Le Diep GET /api/cms/theme body:{}
[info] 11:25:37 | [admin-system]Le Diep | GET / | get all success
[http] 11:29:55 | [admin-system]Le Diep PUT /api/cms/theme/1 body:{"code":"<!DOCTYPE HTML>\n<html lang=\"ja\">\n  <head>\n    <meta charset=\"UTF-8\">\n    <meta name=\"viewport\" content=\"width=device-width, initial-scale=1.0\">\n    <style> \n      *{\n        padding:0;\n        margin:0;\n        box-sizing:border-box;\n      }\n    </style>\n  </head>\n  <body>\n    <header>Header</header>\n    <main>\n      <section class=\"left\">\n        left\n      </section>\n    <section class=\"UI-editable\"></section>\n    </main>\n    <footer>Footer</footer>\n    <script> </script>\n  </body>\n</html>"}
[info] 11:29:55 | [admin-system]Le Diep | PUT /1 | theme: undefinedを編集が成功しました
[http] 11:29:55 | [admin-system]Le Diep GET /api/cms/theme/1 body:{}
[info] 11:29:55 | [admin-system]Le Diep | GET /1 | get one success
[http] 11:30:04 | [admin-system]Le Diep PUT /api/cms/theme/1 body:{"code":"<!DOCTYPE HTML>\n<html lang=\"ja\">\n  <head>\n    <meta charset=\"UTF-8\">\n    <meta name=\"viewport\" content=\"width=device-width, initial-scale=1.0\">\n    <style>\n      * {\n        padding: 0;\n        margin: 0;\n        box-sizing: border-box;\n      }\n    </style>\n  </head>\n  <body>\n    <header>Header</header>\n    <main>\n      <section class=\"left\">\n        left\n      </section>\n      <section class=\"UI-editable\"></section>\n    </main>\n    <footer>Footer</footer>\n    <script> </script>\n  </body>\n</html>"}
[info] 11:30:04 | [admin-system]Le Diep | PUT /1 | theme: undefinedを編集が成功しました
[http] 11:30:04 | [admin-system]Le Diep GET /api/cms/theme/1 body:{}
[info] 11:30:04 | [admin-system]Le Diep | GET /1 | get one success
[http] 11:30:31 | [admin-system]Le Diep PUT /api/cms/theme/1 body:{"name":"theme01"}
[info] 11:30:31 | [admin-system]Le Diep | PUT /1 | theme: theme01を編集が成功しました
[http] 11:30:31 | [admin-system]Le Diep GET /api/cms/theme/1 body:{}
[info] 11:30:31 | [admin-system]Le Diep | GET /1 | get one success
[info] 11:32:01 | サーバの起動が完了しました。
[info] 11:33:46 | サーバの起動が完了しました。
[info] 11:34:49 | サーバの起動が完了しました。
[info] 11:54:08 | サーバの起動が完了しました。
[http] 11:54:50 | [admin-system]Le Diep GET /api/config body:{}
[http] 11:54:50 | [admin-system]Le Diep GET /auth body:{}
[info] 11:54:50 | [admin-system]Le Diep | GET / | システム設定環境変数を取得できました
[http] 11:54:50 | [admin-system]Le Diep GET /api/cms/theme body:{}
[info] 11:54:50 | [admin-system]Le Diep | GET / | get all success
[http] 11:57:11 | [admin-system]Le Diep GET /api/config body:{}
[info] 11:57:11 | [admin-system]Le Diep | GET / | システム設定環境変数を取得できました
[http] 11:57:12 | [admin-system]Le Diep GET /api/cms/template body:{}
[info] 11:57:12 | [admin-system]Le Diep | GET / | get all success
[http] 11:57:24 | [admin-system]Le Diep PUT /api/cms/theme/8 body:{"code":"<!DOCTYPE HTML>\n<html lang=\"ja\">\n  <head>\n    <meta charset=\"UTF-8\">\n    <meta name=\"viewport\" content=\"width=device-width, initial-scale=1.0\">\n    <style> </style>\n  </head>\n  <body>\n    <section class=\"UI-editable\"></section>\n    <script> </script>\n  </body>\n</html>"}
[info] 11:57:24 | [admin-system]Le Diep | PUT /8 | theme: undefinedを編集が成功しました
[http] 11:57:24 | [admin-system]Le Diep GET /api/cms/theme/8 body:{}
[info] 11:57:24 | [admin-system]Le Diep | GET /8 | get one success
[http] 13:23:29 | 匿名 POST /auth/logout body:{}
[http] 13:23:31 | 匿名 GET /auth body:{}
[http] 13:23:31 | 匿名 GET /api/config body:{}
[info] 13:23:31 | 匿名 | GET / | システム設定環境変数を取得できました
[http] 13:23:32 | 匿名 GET /auth/login/msal body:{}
[http] 13:23:32 | 匿名 POST /auth/login/msal body:{"name":"Le Diep","email":"diep.le@0004s.com"}
[http] 13:23:34 | [admin-system]Le Diep GET /auth body:{}
[http] 13:23:34 | [admin-system]Le Diep GET /api/config body:{}
[info] 13:23:34 | [admin-system]Le Diep | GET / | システム設定環境変数を取得できました
[http] 13:23:36 | [admin-system]Le Diep GET /api/cms/template body:{}
[info] 13:23:36 | [admin-system]Le Diep | GET / | get all success
[http] 13:27:30 | [admin-system]Le Diep GET /api/config body:{}
[info] 13:27:30 | [admin-system]Le Diep | GET / | システム設定環境変数を取得できました
[http] 13:32:29 | [admin-system]Le Diep GET /api/config body:{}
[info] 13:32:29 | [admin-system]Le Diep | GET / | システム設定環境変数を取得できました
[http] 13:32:29 | [admin-system]Le Diep GET /api/cms/theme body:{}
[info] 13:32:29 | [admin-system]Le Diep | GET / | get all success
[http] 13:40:57 | [admin-system]Le Diep GET /api/config body:{}
[http] 13:40:57 | [admin-system]Le Diep GET /auth body:{}
[info] 13:40:57 | [admin-system]Le Diep | GET / | システム設定環境変数を取得できました
[http] 13:40:58 | [admin-system]Le Diep GET /api/cms/theme body:{}
[http] 13:40:58 | [admin-system]Le Diep GET /api/cms/template body:{}
[info] 13:40:58 | [admin-system]Le Diep | GET / | get all success
[info] 13:40:58 | [admin-system]Le Diep | GET / | get all success
[http] 13:55:08 | [admin-system]Le Diep GET /auth body:{}
[http] 13:55:08 | [admin-system]Le Diep GET /api/config body:{}
[info] 13:55:08 | [admin-system]Le Diep | GET / | システム設定環境変数を取得できました
[http] 13:55:09 | [admin-system]Le Diep GET /api/cms/theme body:{}
[http] 13:55:09 | [admin-system]Le Diep GET /api/cms/template body:{}
[info] 13:55:09 | [admin-system]Le Diep | GET / | get all success
[info] 13:55:09 | [admin-system]Le Diep | GET / | get all success
[http] 14:32:36 | [admin-system]Le Diep GET /api/config body:{}
[info] 14:32:36 | [admin-system]Le Diep | GET / | システム設定環境変数を取得できました
[http] 14:33:26 | [admin-system]Le Diep POST /api/cms/template/ body:{"name":"template01","code":"","subOwner":[]}
[info] 14:33:50 | サーバの起動が完了しました。
[http] 14:33:57 | [admin-system]Le Diep POST /api/cms/template/ body:{"name":"template01","code":"","subOwner":[]}
[info] 14:33:57 | [admin-system]Le Diep | POST / | template: template01を作成が成功しました
[http] 14:34:04 | [admin-system]Le Diep GET /auth body:{}
[http] 14:34:04 | [admin-system]Le Diep GET /api/config body:{}
[info] 14:34:04 | [admin-system]Le Diep | GET / | システム設定環境変数を取得できました
[http] 14:34:05 | [admin-system]Le Diep GET /api/cms/template body:{}
[info] 14:34:05 | [admin-system]Le Diep | GET / | get all success
[info] 14:34:33 | サーバの起動が完了しました。
[http] 14:34:39 | [admin-system]Le Diep POST /api/cms/template/ body:{"name":"template01","code":"","subOwner":[]}
[warn] 14:34:39 | [admin-system]Le Diep | POST / | 既に存在します
[http] 14:35:58 | [admin-system]Le Diep POST /api/cms/template/ body:{"name":"template02","code":"","subOwner":[]}
[info] 14:35:58 | [admin-system]Le Diep | POST / | template: template02を作成が成功しました
[http] 14:36:23 | [admin-system]Le Diep GET /auth body:{}
[http] 14:36:23 | [admin-system]Le Diep GET /api/config body:{}
[info] 14:36:23 | [admin-system]Le Diep | GET / | システム設定環境変数を取得できました
[http] 14:36:23 | [admin-system]Le Diep GET /api/cms/template body:{}
[info] 14:36:23 | [admin-system]Le Diep | GET / | get all success
[http] 14:36:31 | [admin-system]Le Diep POST /api/cms/template/ body:{"name":"template01","code":"","subOwner":[]}
[warn] 14:36:31 | [admin-system]Le Diep | POST / | 既に存在します
[http] 14:37:23 | [admin-system]Le Diep GET /api/config body:{}
[info] 14:37:23 | [admin-system]Le Diep | GET / | システム設定環境変数を取得できました
[http] 14:37:27 | [admin-system]Le Diep POST /api/cms/template/ body:{"name":"template03","code":"","subOwner":[]}
[info] 14:37:27 | [admin-system]Le Diep | POST / | template: template03を作成が成功しました
[http] 14:38:07 | [admin-system]Le Diep GET /auth body:{}
[http] 14:38:07 | [admin-system]Le Diep GET /api/config body:{}
[info] 14:38:07 | [admin-system]Le Diep | GET / | システム設定環境変数を取得できました
[http] 14:38:07 | [admin-system]Le Diep GET /api/cms/template body:{}
[info] 14:38:07 | [admin-system]Le Diep | GET / | get all success
[http] 14:38:12 | [admin-system]Le Diep POST /api/cms/template/ body:{"name":"template04","code":"","subOwner":[]}
[info] 14:38:12 | [admin-system]Le Diep | POST / | template: template04を作成が成功しました
[http] 14:38:12 | [admin-system]Le Diep GET /api/cms/template/4 body:{}
[info] 14:38:12 | [admin-system]Le Diep | GET /4 | get one success
[http] 14:38:44 | [admin-system]Le Diep GET /api/config body:{}
[info] 14:38:44 | [admin-system]Le Diep | GET / | システム設定環境変数を取得できました
[http] 14:38:51 | [admin-system]Le Diep GET /api/cms/theme body:{}
[info] 14:38:51 | [admin-system]Le Diep | GET / | get all success
[http] 14:42:20 | [admin-system]Le Diep GET /api/config body:{}
[info] 14:42:20 | [admin-system]Le Diep | GET / | システム設定環境変数を取得できました
[http] 14:43:11 | [admin-system]Le Diep GET /api/config body:{}
[info] 14:43:11 | [admin-system]Le Diep | GET / | システム設定環境変数を取得できました
[http] 14:44:22 | [admin-system]Le Diep GET /api/config body:{}
[info] 14:44:22 | [admin-system]Le Diep | GET / | システム設定環境変数を取得できました
[http] 14:44:44 | [admin-system]Le Diep GET /api/config body:{}
[http] 14:44:44 | [admin-system]Le Diep GET /auth body:{}
[info] 14:44:44 | [admin-system]Le Diep | GET / | システム設定環境変数を取得できました
[http] 14:44:50 | [admin-system]Le Diep GET /auth body:{}
[http] 14:44:50 | [admin-system]Le Diep GET /api/config body:{}
[info] 14:44:50 | [admin-system]Le Diep | GET / | システム設定環境変数を取得できました
[http] 14:44:50 | [admin-system]Le Diep GET /api/cms/theme body:{}
[http] 14:44:50 | [admin-system]Le Diep GET /api/cms/template body:{}
[info] 14:44:50 | [admin-system]Le Diep | GET / | get all success
[info] 14:44:50 | [admin-system]Le Diep | GET / | get all success
[http] 14:48:10 | [admin-system]Le Diep GET /api/config body:{}
[info] 14:48:10 | [admin-system]Le Diep | GET / | システム設定環境変数を取得できました
[http] 14:48:13 | [admin-system]Le Diep GET /auth body:{}
[http] 14:48:13 | [admin-system]Le Diep GET /api/config body:{}
[info] 14:48:13 | [admin-system]Le Diep | GET / | システム設定環境変数を取得できました
[http] 14:48:14 | [admin-system]Le Diep GET /api/cms/theme body:{}
[http] 14:48:14 | [admin-system]Le Diep GET /api/cms/template body:{}
[info] 14:48:14 | [admin-system]Le Diep | GET / | get all success
[info] 14:48:14 | [admin-system]Le Diep | GET / | get all success
[http] 14:48:18 | [admin-system]Le Diep GET /api/config body:{}
[info] 14:48:18 | [admin-system]Le Diep | GET / | システム設定環境変数を取得できました
[http] 14:49:18 | [admin-system]Le Diep GET /api/config body:{}
[info] 14:49:18 | [admin-system]Le Diep | GET / | システム設定環境変数を取得できました
[http] 14:49:31 | [admin-system]Le Diep GET /api/config body:{}
[info] 14:49:31 | [admin-system]Le Diep | GET / | システム設定環境変数を取得できました
[http] 14:50:15 | [admin-system]Le Diep GET /auth body:{}
[http] 14:50:15 | [admin-system]Le Diep GET /api/config body:{}
[info] 14:50:15 | [admin-system]Le Diep | GET / | システム設定環境変数を取得できました
[http] 14:50:16 | [admin-system]Le Diep GET /api/cms/template body:{}
[http] 14:50:16 | [admin-system]Le Diep GET /api/cms/theme body:{}
[info] 14:50:16 | [admin-system]Le Diep | GET / | get all success
[info] 14:50:16 | [admin-system]Le Diep | GET / | get all success
[http] 14:50:46 | [admin-system]Le Diep GET /api/config body:{}
[info] 14:50:46 | [admin-system]Le Diep | GET / | システム設定環境変数を取得できました
[http] 14:50:53 | [admin-system]Le Diep GET /api/config body:{}
[info] 14:50:53 | [admin-system]Le Diep | GET / | システム設定環境変数を取得できました
[http] 14:51:02 | [admin-system]Le Diep GET /auth body:{}
[http] 14:51:02 | [admin-system]Le Diep GET /api/config body:{}
[info] 14:51:02 | [admin-system]Le Diep | GET / | システム設定環境変数を取得できました
[http] 14:51:03 | [admin-system]Le Diep GET /auth body:{}
[http] 14:51:03 | [admin-system]Le Diep GET /api/config body:{}
[info] 14:51:03 | [admin-system]Le Diep | GET / | システム設定環境変数を取得できました
[http] 14:51:04 | [admin-system]Le Diep GET /api/cms/theme body:{}
[info] 14:51:04 | [admin-system]Le Diep | GET / | get all success
[http] 14:51:04 | [admin-system]Le Diep GET /api/cms/template body:{}
[info] 14:51:04 | [admin-system]Le Diep | GET / | get all success
[http] 14:52:06 | [admin-system]Le Diep GET /api/config body:{}
[info] 14:52:06 | [admin-system]Le Diep | GET / | システム設定環境変数を取得できました
[http] 14:52:13 | [admin-system]Le Diep GET /api/config body:{}
[info] 14:52:13 | [admin-system]Le Diep | GET / | システム設定環境変数を取得できました
[http] 14:52:16 | [admin-system]Le Diep GET /auth body:{}
[http] 14:52:16 | [admin-system]Le Diep GET /api/config body:{}
[info] 14:52:16 | [admin-system]Le Diep | GET / | システム設定環境変数を取得できました
[http] 14:52:16 | [admin-system]Le Diep GET /api/cms/theme body:{}
[http] 14:52:16 | [admin-system]Le Diep GET /api/cms/template body:{}
[info] 14:52:16 | [admin-system]Le Diep | GET / | get all success
[info] 14:52:16 | [admin-system]Le Diep | GET / | get all success
[http] 14:55:51 | [admin-system]Le Diep GET /api/config body:{}
[info] 14:55:51 | [admin-system]Le Diep | GET / | システム設定環境変数を取得できました
[http] 14:56:02 | [admin-system]Le Diep GET /api/config body:{}
[info] 14:56:02 | [admin-system]Le Diep | GET / | システム設定環境変数を取得できました
[http] 14:57:41 | [admin-system]Le Diep GET /api/config body:{}
[info] 14:57:41 | [admin-system]Le Diep | GET / | システム設定環境変数を取得できました
[http] 14:58:47 | [admin-system]Le Diep GET /api/config body:{}
[info] 14:58:47 | [admin-system]Le Diep | GET / | システム設定環境変数を取得できました
[http] 15:02:59 | [admin-system]Le Diep GET /api/config body:{}
[info] 15:02:59 | [admin-system]Le Diep | GET / | システム設定環境変数を取得できました
[http] 15:04:30 | [admin-system]Le Diep GET /api/config body:{}
[info] 15:04:30 | [admin-system]Le Diep | GET / | システム設定環境変数を取得できました
[http] 15:04:56 | [admin-system]Le Diep GET /auth body:{}
[http] 15:04:56 | [admin-system]Le Diep GET /api/config body:{}
[info] 15:04:56 | [admin-system]Le Diep | GET / | システム設定環境変数を取得できました
[http] 15:06:00 | [admin-system]Le Diep GET /auth body:{}
[http] 15:06:00 | [admin-system]Le Diep GET /api/config body:{}
[info] 15:06:00 | [admin-system]Le Diep | GET / | システム設定環境変数を取得できました
[http] 15:06:01 | [admin-system]Le Diep GET /api/cms/theme body:{}
[info] 15:06:01 | [admin-system]Le Diep | GET / | get all success
[http] 15:15:17 | [admin-system]Le Diep GET /auth body:{}
[http] 15:15:17 | [admin-system]Le Diep GET /api/config body:{}
[info] 15:15:17 | [admin-system]Le Diep | GET / | システム設定環境変数を取得できました
[http] 15:15:18 | [admin-system]Le Diep GET /api/cms/theme body:{}
[info] 15:15:18 | [admin-system]Le Diep | GET / | get all success
[http] 15:17:07 | [admin-system]Le Diep GET /auth body:{}
[http] 15:17:07 | [admin-system]Le Diep GET /api/config body:{}
[info] 15:17:07 | [admin-system]Le Diep | GET / | システム設定環境変数を取得できました
[http] 15:17:08 | [admin-system]Le Diep GET /api/cms/theme body:{}
[info] 15:17:08 | [admin-system]Le Diep | GET / | get all success
[http] 15:17:37 | [admin-system]Le Diep GET /auth body:{}
[http] 15:17:37 | [admin-system]Le Diep GET /api/config body:{}
[info] 15:17:37 | [admin-system]Le Diep | GET / | システム設定環境変数を取得できました
[http] 15:17:38 | [admin-system]Le Diep GET /api/cms/theme body:{}
[info] 15:17:38 | [admin-system]Le Diep | GET / | get all success
[http] 15:18:17 | [admin-system]Le Diep GET /auth body:{}
[http] 15:18:17 | [admin-system]Le Diep GET /api/config body:{}
[info] 15:18:17 | [admin-system]Le Diep | GET / | システム設定環境変数を取得できました
[http] 15:18:17 | [admin-system]Le Diep GET /api/cms/theme body:{}
[info] 15:18:17 | [admin-system]Le Diep | GET / | get all success
[http] 15:18:59 | [admin-system]Le Diep GET /auth body:{}
[http] 15:18:59 | [admin-system]Le Diep GET /api/config body:{}
[info] 15:18:59 | [admin-system]Le Diep | GET / | システム設定環境変数を取得できました
[http] 15:19:00 | [admin-system]Le Diep GET /api/cms/theme body:{}
[info] 15:19:00 | [admin-system]Le Diep | GET / | get all success
[http] 15:19:09 | [admin-system]Le Diep GET /auth body:{}
[http] 15:19:09 | [admin-system]Le Diep GET /api/config body:{}
[info] 15:19:09 | [admin-system]Le Diep | GET / | システム設定環境変数を取得できました
[http] 15:19:09 | [admin-system]Le Diep GET /api/cms/theme body:{}
[info] 15:19:09 | [admin-system]Le Diep | GET / | get all success
[http] 15:22:48 | [admin-system]Le Diep GET /auth body:{}
[http] 15:22:48 | [admin-system]Le Diep GET /api/config body:{}
[info] 15:22:48 | [admin-system]Le Diep | GET / | システム設定環境変数を取得できました
[http] 15:22:49 | [admin-system]Le Diep GET /api/cms/theme body:{}
[info] 15:22:49 | [admin-system]Le Diep | GET / | get all success
[http] 15:25:03 | [admin-system]Le Diep GET /api/config body:{}
[info] 15:25:03 | [admin-system]Le Diep | GET / | システム設定環境変数を取得できました
[http] 15:25:06 | [admin-system]Le Diep GET /auth body:{}
[http] 15:25:06 | [admin-system]Le Diep GET /api/config body:{}
[info] 15:25:06 | [admin-system]Le Diep | GET / | システム設定環境変数を取得できました
[http] 15:25:06 | [admin-system]Le Diep GET /api/cms/theme body:{}
[info] 15:25:06 | [admin-system]Le Diep | GET / | get all success
[http] 15:25:30 | [admin-system]Le Diep GET /api/cms/template body:{}
[info] 15:25:30 | [admin-system]Le Diep | GET / | get all success
[http] 15:32:21 | [admin-system]Le Diep GET /api/config body:{}
[info] 15:32:21 | [admin-system]Le Diep | GET / | システム設定環境変数を取得できました
[http] 15:36:33 | [admin-system]Le Diep DELETE /api/cms/template/4 body:{}
[info] 15:36:33 | [admin-system]Le Diep | DELETE /4 | Page: template04を削除が成功しました
[http] 15:39:04 | [admin-system]Le Diep GET /api/config body:{}
[info] 15:39:04 | [admin-system]Le Diep | GET / | システム設定環境変数を取得できました
[http] 15:39:47 | [admin-system]Le Diep DELETE /api/cms/template/3 body:{}
[info] 15:39:47 | [admin-system]Le Diep | DELETE /3 | Page: template03を削除が成功しました
[http] 15:39:50 | [admin-system]Le Diep GET /api/config body:{}
[info] 15:39:50 | [admin-system]Le Diep | GET / | システム設定環境変数を取得できました
[http] 15:39:50 | [admin-system]Le Diep GET /auth body:{}
[http] 15:39:50 | [admin-system]Le Diep GET /api/cms/template body:{}
[info] 15:39:50 | [admin-system]Le Diep | GET / | get all success
[http] 15:39:53 | [admin-system]Le Diep DELETE /api/cms/template/4 body:{}
[info] 15:39:53 | [admin-system]Le Diep | DELETE /4 | Page: template04を削除が成功しました
[http] 15:40:01 | [admin-system]Le Diep GET /auth body:{}
[http] 15:40:01 | [admin-system]Le Diep GET /api/config body:{}
[info] 15:40:01 | [admin-system]Le Diep | GET / | システム設定環境変数を取得できました
[http] 15:40:01 | [admin-system]Le Diep GET /api/cms/template body:{}
[info] 15:40:01 | [admin-system]Le Diep | GET / | get all success
[http] 15:41:06 | [admin-system]Le Diep DELETE /api/cms/template/4 body:{}
[info] 15:41:06 | [admin-system]Le Diep | DELETE /4 | Page: template04を削除が成功しました
[http] 15:41:14 | [admin-system]Le Diep GET /auth body:{}
[http] 15:41:14 | [admin-system]Le Diep GET /api/config body:{}
[info] 15:41:14 | [admin-system]Le Diep | GET / | システム設定環境変数を取得できました
[http] 15:41:14 | [admin-system]Le Diep GET /api/cms/template body:{}
[info] 15:41:14 | [admin-system]Le Diep | GET / | get all success
[http] 15:45:46 | [admin-system]Le Diep GET /api/config body:{}
[info] 15:45:46 | [admin-system]Le Diep | GET / | システム設定環境変数を取得できました
[http] 15:46:53 | [admin-system]Le Diep GET /auth body:{}
[http] 15:46:53 | [admin-system]Le Diep GET /api/config body:{}
[info] 15:46:53 | [admin-system]Le Diep | GET / | システム設定環境変数を取得できました
[http] 15:46:53 | [admin-system]Le Diep GET /api/cms/template body:{}
[info] 15:46:53 | [admin-system]Le Diep | GET / | get all success
[http] 15:46:57 | [admin-system]Le Diep DELETE /api/cms/template/4 body:{}
[info] 15:46:57 | [admin-system]Le Diep | DELETE /4 | Page: template04を削除が成功しました
[http] 15:47:08 | [admin-system]Le Diep GET /auth body:{}
[http] 15:47:08 | [admin-system]Le Diep GET /api/config body:{}
[info] 15:47:08 | [admin-system]Le Diep | GET / | システム設定環境変数を取得できました
[http] 15:47:09 | [admin-system]Le Diep GET /api/cms/template body:{}
[info] 15:47:09 | [admin-system]Le Diep | GET / | get all success
[info] 15:48:38 | サーバの起動が完了しました。
[http] 15:48:38 | [admin-system]Le Diep GET /auth body:{}
[http] 15:48:38 | [admin-system]Le Diep GET /api/config body:{}
[info] 15:48:38 | [admin-system]Le Diep | GET / | システム設定環境変数を取得できました
[http] 15:48:39 | [admin-system]Le Diep GET /api/cms/template body:{}
[info] 15:48:39 | [admin-system]Le Diep | GET / | get all success
[http] 15:48:45 | [admin-system]Le Diep DELETE /api/cms/template/2 body:{}
[info] 15:48:45 | [admin-system]Le Diep | DELETE /2 | Page: template02を削除が成功しました
[http] 15:48:53 | [admin-system]Le Diep GET /auth body:{}
[http] 15:48:53 | [admin-system]Le Diep GET /api/config body:{}
[info] 15:48:53 | [admin-system]Le Diep | GET / | システム設定環境変数を取得できました
[http] 15:48:53 | [admin-system]Le Diep GET /api/cms/template body:{}
[info] 15:48:53 | [admin-system]Le Diep | GET / | get all success
[http] 15:48:55 | [admin-system]Le Diep GET /api/cms/theme body:{}
[info] 15:48:55 | [admin-system]Le Diep | GET / | get all success
[http] 16:07:04 | [admin-system]Le Diep GET /auth body:{}
[http] 16:07:04 | [admin-system]Le Diep GET /api/config body:{}
[info] 16:07:04 | [admin-system]Le Diep | GET / | システム設定環境変数を取得できました
[http] 16:07:05 | [admin-system]Le Diep GET /api/cms/theme body:{}
[info] 16:07:05 | [admin-system]Le Diep | GET / | get all success
[http] 16:07:58 | [admin-system]Le Diep GET /api/config body:{}
[info] 16:07:58 | [admin-system]Le Diep | GET / | システム設定環境変数を取得できました
[http] 16:08:51 | [admin-system]Le Diep GET /api/config body:{}
[info] 16:08:51 | [admin-system]Le Diep | GET / | システム設定環境変数を取得できました
[http] 16:09:07 | [admin-system]Le Diep POST /api/cms/template/ body:{"name":"template02","code":"<!DOCTYPE HTML>\n<html lang=\"ja\">\n  <head>\n    <meta charset=\"UTF-8\">\n    <meta name=\"viewport\" content=\"width=device-width, initial-scale=1.0\">\n    <style>\n      * {\n        padding: 0;\n        margin: 0;\n        box-sizing: border-box;\n      }\n    </style>\n  </head>\n  <body>\n    <header>Header</header>\n    <main>\n      <section class=\"left\">\n        left\n      </section>\n      <section class=\"UI-editable\"></section>\n    </main>\n    <footer>Footer</footer>\n    <script> </script>\n  </body>\n</html>","subOwner":[]}
[warn] 16:09:07 | [admin-system]Le Diep | POST / | 既に存在します
[http] 16:09:12 | [admin-system]Le Diep POST /api/cms/template/ body:{"name":"template03","code":"<!DOCTYPE HTML>\n<html lang=\"ja\">\n  <head>\n    <meta charset=\"UTF-8\">\n    <meta name=\"viewport\" content=\"width=device-width, initial-scale=1.0\">\n    <style>\n      * {\n        padding: 0;\n        margin: 0;\n        box-sizing: border-box;\n      }\n    </style>\n  </head>\n  <body>\n    <header>Header</header>\n    <main>\n      <section class=\"left\">\n        left\n      </section>\n      <section class=\"UI-editable\"></section>\n    </main>\n    <footer>Footer</footer>\n    <script> </script>\n  </body>\n</html>","subOwner":[]}
[warn] 16:09:12 | [admin-system]Le Diep | POST / | 既に存在します
[info] 16:15:15 | サーバの起動が完了しました。
[http] 16:17:17 | [admin-system]Le Diep GET /auth body:{}
[http] 16:17:17 | [admin-system]Le Diep GET /api/config body:{}
[info] 16:17:17 | [admin-system]Le Diep | GET / | システム設定環境変数を取得できました
[http] 16:17:18 | [admin-system]Le Diep GET /api/cms/theme body:{}
[info] 16:17:18 | [admin-system]Le Diep | GET / | get all success
[http] 16:17:19 | [admin-system]Le Diep GET /api/cms/template body:{}
[info] 16:17:19 | [admin-system]Le Diep | GET / | get all success
[http] 16:17:28 | [admin-system]Le Diep POST /api/cms/template/ body:{"name":"template02","code":"<!DOCTYPE HTML>\n<html lang=\"ja\">\n  <head>\n    <meta charset=\"UTF-8\">\n    <meta name=\"viewport\" content=\"width=device-width, initial-scale=1.0\">\n    <style>\n      * {\n        padding: 0;\n        margin: 0;\n        box-sizing: border-box;\n      }\n    </style>\n  </head>\n  <body>\n    <header>Header</header>\n    <main>\n      <section class=\"left\">\n        left\n      </section>\n      <section class=\"UI-editable\"></section>\n    </main>\n    <footer>Footer</footer>\n    <script> </script>\n  </body>\n</html>","subOwner":[]}
[info] 16:17:28 | [admin-system]Le Diep | POST / | template: template02を作成が成功しました
[http] 16:17:28 | [admin-system]Le Diep GET /api/cms/template/5 body:{}
[info] 16:17:28 | [admin-system]Le Diep | GET /5 | get one success
[http] 16:17:35 | [admin-system]Le Diep DELETE /api/cms/template/5 body:{}
[info] 16:17:35 | [admin-system]Le Diep | DELETE /5 | Page: template02_1696576655930を削除が成功しました
[http] 16:17:40 | [admin-system]Le Diep POST /api/cms/template/ body:{"name":"template02","code":"<!DOCTYPE HTML>\n<html lang=\"ja\">\n  <head>\n    <meta charset=\"UTF-8\">\n    <meta name=\"viewport\" content=\"width=device-width, initial-scale=1.0\">\n    <style>\n      * {\n        padding: 0;\n        margin: 0;\n        box-sizing: border-box;\n      }\n    </style>\n  </head>\n  <body>\n    <header>Header</header>\n    <main>\n      <section class=\"left\">\n        left\n      </section>\n      <section class=\"UI-editable\"></section>\n    </main>\n    <footer>Footer</footer>\n    <script> </script>\n  </body>\n</html>","subOwner":[]}
[info] 16:17:40 | [admin-system]Le Diep | POST / | template: template02を作成が成功しました
[http] 16:17:40 | [admin-system]Le Diep GET /api/cms/template/6 body:{}
[info] 16:17:40 | [admin-system]Le Diep | GET /6 | get one success
[info] 16:18:04 | サーバの起動が完了しました。
[info] 16:18:30 | サーバの起動が完了しました。
[http] 17:48:25 | 匿名 GET /api/config body:{}
[info] 17:48:25 | 匿名 | GET / | システム設定環境変数を取得できました
[http] 17:49:23 | 匿名 GET /api/config body:{}
[info] 17:49:23 | 匿名 | GET / | システム設定環境変数を取得できました
[http] 17:49:46 | 匿名 POST /auth/logout body:{}
[http] 17:49:49 | 匿名 GET /auth body:{}
[http] 17:49:49 | 匿名 GET /api/config body:{}
[info] 17:49:49 | 匿名 | GET / | システム設定環境変数を取得できました
[http] 17:49:50 | 匿名 GET /auth/login/msal body:{}
[http] 17:49:50 | 匿名 POST /auth/login/msal body:{"name":"Le Diep","email":"diep.le@0004s.com"}
[http] 17:49:52 | [admin-system]Le Diep GET /api/cms/theme body:{}
[info] 17:49:52 | [admin-system]Le Diep | GET / | get all success
[http] 17:49:53 | [admin-system]Le Diep GET /api/cms/template body:{}
[info] 17:49:53 | [admin-system]Le Diep | GET / | get all success
[http] 17:51:24 | [admin-system]Le Diep GET /api/config body:{}
[info] 17:51:24 | [admin-system]Le Diep | GET / | システム設定環境変数を取得できました
[http] 17:51:34 | [admin-system]Le Diep GET /api/config body:{}
[info] 17:51:34 | [admin-system]Le Diep | GET / | システム設定環境変数を取得できました
[http] 17:51:45 | [admin-system]Le Diep GET /auth body:{}
[http] 17:51:45 | [admin-system]Le Diep GET /api/config body:{}
[info] 17:51:45 | [admin-system]Le Diep | GET / | システム設定環境変数を取得できました
[http] 17:51:59 | [admin-system]Le Diep GET /auth body:{}
[http] 17:51:59 | [admin-system]Le Diep GET /api/config body:{}
[info] 17:51:59 | [admin-system]Le Diep | GET / | システム設定環境変数を取得できました
[http] 17:51:59 | [admin-system]Le Diep GET /api/cms/template body:{}
[info] 17:51:59 | [admin-system]Le Diep | GET / | get all success
[http] 17:53:03 | [admin-system]Le Diep GET /api/config body:{}
[info] 17:53:03 | [admin-system]Le Diep | GET / | システム設定環境変数を取得できました
[http] 17:59:42 | [admin-system]Le Diep GET /api/cms/theme body:{}
[info] 17:59:42 | [admin-system]Le Diep | GET / | get all success
[http] 18:09:33 | [admin-system]Le Diep GET /api/config body:{}
[info] 18:09:33 | [admin-system]Le Diep | GET / | システム設定環境変数を取得できました
[http] 18:12:54 | [admin-system]Le Diep GET /api/config body:{}
[info] 18:12:54 | [admin-system]Le Diep | GET / | システム設定環境変数を取得できました
[http] 18:13:00 | [admin-system]Le Diep GET /auth body:{}
[http] 18:13:00 | [admin-system]Le Diep GET /api/config body:{}
[info] 18:13:00 | [admin-system]Le Diep | GET / | システム設定環境変数を取得できました
[http] 18:13:47 | [admin-system]Le Diep GET /auth body:{}
[http] 18:13:47 | [admin-system]Le Diep GET /api/config body:{}
[info] 18:13:47 | [admin-system]Le Diep | GET / | システム設定環境変数を取得できました
[http] 18:15:38 | [admin-system]Le Diep GET /auth body:{}
[http] 18:15:38 | [admin-system]Le Diep GET /api/config body:{}
[info] 18:15:38 | [admin-system]Le Diep | GET / | システム設定環境変数を取得できました
[http] 18:15:39 | [admin-system]Le Diep GET /api/cms/template body:{}
[info] 18:15:39 | [admin-system]Le Diep | GET / | get all success
[http] 18:17:33 | [admin-system]Le Diep GET /auth body:{}
[http] 18:17:33 | [admin-system]Le Diep GET /api/config body:{}
[info] 18:17:33 | [admin-system]Le Diep | GET / | システム設定環境変数を取得できました
[http] 18:17:33 | [admin-system]Le Diep GET /api/cms/template body:{}
[info] 18:17:33 | [admin-system]Le Diep | GET / | get all success
[http] 18:19:11 | [admin-system]Le Diep GET /auth body:{}
[http] 18:19:11 | [admin-system]Le Diep GET /api/config body:{}
[info] 18:19:11 | [admin-system]Le Diep | GET / | システム設定環境変数を取得できました
[http] 18:19:12 | [admin-system]Le Diep GET /api/cms/template body:{}
[info] 18:19:12 | [admin-system]Le Diep | GET / | get all success
[http] 18:19:20 | [admin-system]Le Diep GET /auth body:{}
[http] 18:19:20 | [admin-system]Le Diep GET /api/config body:{}
[info] 18:19:20 | [admin-system]Le Diep | GET / | システム設定環境変数を取得できました
[http] 18:19:21 | [admin-system]Le Diep GET /api/cms/template body:{}
[info] 18:19:21 | [admin-system]Le Diep | GET / | get all success
[http] 18:32:55 | [admin-system]Le Diep GET /auth body:{}
[http] 18:32:55 | [admin-system]Le Diep GET /api/config body:{}
[info] 18:32:55 | [admin-system]Le Diep | GET / | システム設定環境変数を取得できました
[http] 18:33:59 | [admin-system]Le Diep GET /auth body:{}
[http] 18:33:59 | [admin-system]Le Diep GET /api/config body:{}
[info] 18:33:59 | [admin-system]Le Diep | GET / | システム設定環境変数を取得できました
[http] 18:34:03 | [admin-system]Le Diep GET /auth body:{}
[http] 18:34:03 | [admin-system]Le Diep GET /api/config body:{}
[info] 18:34:03 | [admin-system]Le Diep | GET / | システム設定環境変数を取得できました
[http] 18:34:04 | [admin-system]Le Diep GET /api/cms/template body:{}
[info] 18:34:04 | [admin-system]Le Diep | GET / | get all success
[http] 18:34:47 | [admin-system]Le Diep GET /api/config body:{}
[info] 18:34:47 | [admin-system]Le Diep | GET / | システム設定環境変数を取得できました
[http] 18:35:55 | [admin-system]Le Diep GET /api/config body:{}
[info] 18:35:55 | [admin-system]Le Diep | GET / | システム設定環境変数を取得できました
