[info] 13:12:23 | サーバの起動が完了しました。
[http] 13:12:32 | 匿名 GET /auth body:{}
[http] 13:12:32 | 匿名 GET /api/config body:{}
[info] 13:12:32 | 匿名 | GET / | システム設定環境変数を取得できました
[http] 13:13:33 | 匿名 GET /auth/login/msal body:{}
[http] 13:13:33 | 匿名 POST /auth/login/msal body:{"name":"Le Diep","email":"diep.le@0004s.com"}
[http] 13:13:36 | [システム管理者]Le Diep GET /api/cms/template body:{}
[http] 13:13:36 | [システム管理者]Le Diep GET /api/cms/theme body:{}
[info] 13:13:36 | [システム管理者]Le Diep | GET / | get all success
[info] 13:13:36 | [システム管理者]Le Diep | GET / | get all success
[http] 13:13:40 | [システム管理者]Le Diep GET /api/domain body:{}
[info] 13:13:40 | [システム管理者]Le Diep | GET / | get all success
[http] 13:13:40 | [システム管理者]Le Diep GET /api/group body:{}
[info] 13:13:40 | [システム管理者]Le Diep | GET / | get all success
[http] 13:13:42 | [システム管理者]Le Diep GET /api/cms/web body:{}
[info] 13:13:42 | [システム管理者]Le Diep | GET / | get all success
[http] 13:13:43 | [システム管理者]Le Diep GET /api/cms/page body:{}
[info] 13:13:43 | [システム管理者]Le Diep | GET / | get all success
[http] 13:13:45 | [システム管理者]Le Diep GET /cms/1/page/undefined body:{}
[info] 13:20:18 | サーバの起動が完了しました。
[info] 13:20:26 | サーバの起動が完了しました。
[info] 13:29:54 | サーバの起動が完了しました。
[info] 13:31:59 | サーバの起動が完了しました。
[info] 14:10:37 | サーバの起動が完了しました。
[http] 14:12:36 | [システム管理者]Le Diep GET /auth body:{}
[http] 14:12:36 | [システム管理者]Le Diep GET /api/config body:{}
[info] 14:12:36 | [システム管理者]Le Diep | GET / | システム設定環境変数を取得できました
[http] 14:12:37 | [システム管理者]Le Diep GET /api/cms/theme body:{}
[http] 14:12:37 | [システム管理者]Le Diep GET /api/cms/template body:{}
[info] 14:12:37 | [システム管理者]Le Diep | GET / | get all success
[info] 14:12:37 | [システム管理者]Le Diep | GET / | get all success
[http] 14:12:37 | [システム管理者]Le Diep GET /api/domain body:{}
[info] 14:12:37 | [システム管理者]Le Diep | GET / | get all success
[http] 14:12:37 | [システム管理者]Le Diep GET /api/group body:{}
[info] 14:12:37 | [システム管理者]Le Diep | GET / | get all success
[http] 14:16:29 | [システム管理者]Le Diep GET /auth body:{}
[http] 14:16:29 | [システム管理者]Le Diep GET /api/config body:{}
[info] 14:16:29 | [システム管理者]Le Diep | GET / | システム設定環境変数を取得できました
[http] 14:16:29 | [システム管理者]Le Diep GET /api/cms/theme body:{}
[http] 14:16:29 | [システム管理者]Le Diep GET /api/cms/template body:{}
[info] 14:16:29 | [システム管理者]Le Diep | GET / | get all success
[info] 14:16:29 | [システム管理者]Le Diep | GET / | get all success
[http] 14:16:30 | [システム管理者]Le Diep GET /api/domain body:{}
[info] 14:16:30 | [システム管理者]Le Diep | GET / | get all success
[http] 14:16:30 | [システム管理者]Le Diep GET /api/group body:{}
[info] 14:16:30 | [システム管理者]Le Diep | GET / | get all success
[info] 14:42:14 | サーバの起動が完了しました。
[http] 14:42:21 | [システム管理者]Le Diep GET /api/config body:{}
[http] 14:42:21 | [システム管理者]Le Diep GET /auth body:{}
[info] 14:42:21 | [システム管理者]Le Diep | GET / | システム設定環境変数を取得できました
[http] 14:42:22 | [システム管理者]Le Diep GET /api/cms/theme body:{}
[http] 14:42:22 | [システム管理者]Le Diep GET /api/cms/template body:{}
[info] 14:42:22 | [システム管理者]Le Diep | GET / | get all success
[info] 14:42:22 | [システム管理者]Le Diep | GET / | get all success
[http] 14:42:22 | [システム管理者]Le Diep GET /api/domain body:{}
[info] 14:42:22 | [システム管理者]Le Diep | GET / | get all success
[http] 14:42:22 | [システム管理者]Le Diep GET /api/group body:{}
[info] 14:42:22 | [システム管理者]Le Diep | GET / | get all success
[http] 14:42:38 | [システム管理者]Le Diep GET /auth body:{}
[http] 14:42:38 | [システム管理者]Le Diep GET /api/config body:{}
[info] 14:42:38 | [システム管理者]Le Diep | GET / | システム設定環境変数を取得できました
[http] 14:42:39 | [システム管理者]Le Diep GET /api/cms/theme body:{}
[http] 14:42:39 | [システム管理者]Le Diep GET /api/cms/template body:{}
[info] 14:42:39 | [システム管理者]Le Diep | GET / | get all success
[info] 14:42:39 | [システム管理者]Le Diep | GET / | get all success
[http] 14:42:39 | [システム管理者]Le Diep GET /api/domain body:{}
[info] 14:42:39 | [システム管理者]Le Diep | GET / | get all success
[http] 14:42:39 | [システム管理者]Le Diep GET /api/group body:{}
[info] 14:42:39 | [システム管理者]Le Diep | GET / | get all success
[http] 14:44:08 | [システム管理者]Le Diep GET /auth body:{}
[http] 14:44:08 | [システム管理者]Le Diep GET /api/config body:{}
[info] 14:44:08 | [システム管理者]Le Diep | GET / | システム設定環境変数を取得できました
[http] 14:44:09 | [システム管理者]Le Diep GET /api/cms/theme body:{}
[info] 14:44:09 | [システム管理者]Le Diep | GET / | get all success
[http] 14:44:09 | [システム管理者]Le Diep GET /api/cms/template body:{}
[info] 14:44:09 | [システム管理者]Le Diep | GET / | get all success
[http] 14:44:09 | [システム管理者]Le Diep GET /api/domain body:{}
[info] 14:44:09 | [システム管理者]Le Diep | GET / | get all success
[http] 14:44:09 | [システム管理者]Le Diep GET /api/group body:{}
[info] 14:44:09 | [システム管理者]Le Diep | GET / | get all success
[http] 14:44:32 | [システム管理者]Le Diep GET /auth body:{}
[http] 14:44:32 | [システム管理者]Le Diep GET /api/config body:{}
[info] 14:44:32 | [システム管理者]Le Diep | GET / | システム設定環境変数を取得できました
[http] 14:44:32 | [システム管理者]Le Diep GET /api/cms/theme body:{}
[http] 14:44:32 | [システム管理者]Le Diep GET /api/cms/template body:{}
[info] 14:44:32 | [システム管理者]Le Diep | GET / | get all success
[info] 14:44:32 | [システム管理者]Le Diep | GET / | get all success
[http] 14:44:32 | [システム管理者]Le Diep GET /api/domain body:{}
[info] 14:44:32 | [システム管理者]Le Diep | GET / | get all success
[http] 14:44:32 | [システム管理者]Le Diep GET /api/group body:{}
[info] 14:44:32 | [システム管理者]Le Diep | GET / | get all success
[http] 14:44:50 | [システム管理者]Le Diep POST /api/cms/template/ body:{"name":"asdsad","body":{"xfx3jw1dhweqg":"","rmowtmbg1pcae":""},"themeId":2}
[info] 14:44:50 | [システム管理者]Le Diep | POST / | template: asdsadを作成が成功しました
[http] 14:44:50 | [システム管理者]Le Diep GET /api/cms/template/7 body:{}
[info] 14:44:50 | [システム管理者]Le Diep | GET /7 | get one success
[http] 14:45:50 | [システム管理者]Le Diep GET /auth body:{}
[http] 14:45:50 | [システム管理者]Le Diep GET /api/config body:{}
[info] 14:45:50 | [システム管理者]Le Diep | GET / | システム設定環境変数を取得できました
[http] 14:45:50 | [システム管理者]Le Diep GET /api/cms/theme body:{}
[info] 14:45:50 | [システム管理者]Le Diep | GET / | get all success
[http] 14:45:50 | [システム管理者]Le Diep GET /api/cms/template body:{}
[info] 14:45:50 | [システム管理者]Le Diep | GET / | get all success
[http] 14:45:50 | [システム管理者]Le Diep GET /api/domain body:{}
[info] 14:45:50 | [システム管理者]Le Diep | GET / | get all success
[http] 14:45:50 | [システム管理者]Le Diep GET /api/group body:{}
[info] 14:45:50 | [システム管理者]Le Diep | GET / | get all success
[http] 14:45:55 | [システム管理者]Le Diep GET /api/config body:{}
[http] 14:45:55 | [システム管理者]Le Diep GET /auth body:{}
[info] 14:45:55 | [システム管理者]Le Diep | GET / | システム設定環境変数を取得できました
[http] 14:45:56 | [システム管理者]Le Diep GET /api/cms/theme body:{}
[http] 14:45:56 | [システム管理者]Le Diep GET /api/cms/template body:{}
[info] 14:45:56 | [システム管理者]Le Diep | GET / | get all success
[info] 14:45:56 | [システム管理者]Le Diep | GET / | get all success
[http] 14:45:56 | [システム管理者]Le Diep GET /api/domain body:{}
[info] 14:45:56 | [システム管理者]Le Diep | GET / | get all success
[http] 14:45:56 | [システム管理者]Le Diep GET /api/group body:{}
[info] 14:45:56 | [システム管理者]Le Diep | GET / | get all success
[http] 14:46:35 | [システム管理者]Le Diep GET /auth body:{}
[http] 14:46:35 | [システム管理者]Le Diep GET /api/config body:{}
[info] 14:46:35 | [システム管理者]Le Diep | GET / | システム設定環境変数を取得できました
[http] 14:46:35 | [システム管理者]Le Diep GET /api/cms/theme body:{}
[http] 14:46:35 | [システム管理者]Le Diep GET /api/cms/template body:{}
[info] 14:46:35 | [システム管理者]Le Diep | GET / | get all success
[info] 14:46:35 | [システム管理者]Le Diep | GET / | get all success
[http] 14:46:35 | [システム管理者]Le Diep GET /api/domain body:{}
[info] 14:46:35 | [システム管理者]Le Diep | GET / | get all success
[http] 14:46:35 | [システム管理者]Le Diep GET /api/group body:{}
[info] 14:46:35 | [システム管理者]Le Diep | GET / | get all success
[http] 14:50:10 | [システム管理者]Le Diep GET /auth body:{}
[http] 14:50:10 | [システム管理者]Le Diep GET /api/config body:{}
[info] 14:50:10 | [システム管理者]Le Diep | GET / | システム設定環境変数を取得できました
[http] 14:50:10 | [システム管理者]Le Diep GET /api/cms/theme body:{}
[http] 14:50:11 | [システム管理者]Le Diep GET /api/cms/template body:{}
[info] 14:50:11 | [システム管理者]Le Diep | GET / | get all success
[info] 14:50:11 | [システム管理者]Le Diep | GET / | get all success
[http] 14:50:11 | [システム管理者]Le Diep GET /api/domain body:{}
[info] 14:50:11 | [システム管理者]Le Diep | GET / | get all success
[http] 14:50:11 | [システム管理者]Le Diep GET /api/group body:{}
[info] 14:50:11 | [システム管理者]Le Diep | GET / | get all success
[http] 14:50:48 | [システム管理者]Le Diep GET /auth body:{}
[http] 14:50:48 | [システム管理者]Le Diep GET /api/config body:{}
[info] 14:50:48 | [システム管理者]Le Diep | GET / | システム設定環境変数を取得できました
[http] 14:50:48 | [システム管理者]Le Diep GET /api/cms/theme body:{}
[http] 14:50:48 | [システム管理者]Le Diep GET /api/cms/template body:{}
[info] 14:50:48 | [システム管理者]Le Diep | GET / | get all success
[info] 14:50:48 | [システム管理者]Le Diep | GET / | get all success
[http] 14:50:48 | [システム管理者]Le Diep GET /api/domain body:{}
[info] 14:50:48 | [システム管理者]Le Diep | GET / | get all success
[http] 14:50:48 | [システム管理者]Le Diep GET /api/group body:{}
[info] 14:50:48 | [システム管理者]Le Diep | GET / | get all success
[http] 15:00:36 | [システム管理者]Le Diep GET /auth body:{}
[http] 15:00:36 | [システム管理者]Le Diep GET /api/config body:{}
[info] 15:00:36 | [システム管理者]Le Diep | GET / | システム設定環境変数を取得できました
[http] 15:00:37 | [システム管理者]Le Diep GET /api/cms/theme body:{}
[http] 15:00:37 | [システム管理者]Le Diep GET /api/cms/template body:{}
[info] 15:00:37 | [システム管理者]Le Diep | GET / | get all success
[info] 15:00:37 | [システム管理者]Le Diep | GET / | get all success
[http] 15:00:37 | [システム管理者]Le Diep GET /api/domain body:{}
[info] 15:00:37 | [システム管理者]Le Diep | GET / | get all success
[http] 15:00:37 | [システム管理者]Le Diep GET /api/group body:{}
[info] 15:00:37 | [システム管理者]Le Diep | GET / | get all success
[http] 15:00:40 | [システム管理者]Le Diep GET /auth body:{}
[http] 15:00:40 | [システム管理者]Le Diep GET /api/config body:{}
[info] 15:00:40 | [システム管理者]Le Diep | GET / | システム設定環境変数を取得できました
[http] 15:00:41 | [システム管理者]Le Diep GET /api/cms/theme body:{}
[http] 15:00:41 | [システム管理者]Le Diep GET /api/cms/template body:{}
[info] 15:00:41 | [システム管理者]Le Diep | GET / | get all success
[info] 15:00:41 | [システム管理者]Le Diep | GET / | get all success
[http] 15:00:41 | [システム管理者]Le Diep GET /api/domain body:{}
[info] 15:00:41 | [システム管理者]Le Diep | GET / | get all success
[http] 15:00:41 | [システム管理者]Le Diep GET /api/group body:{}
[info] 15:00:41 | [システム管理者]Le Diep | GET / | get all success
[http] 15:01:03 | [システム管理者]Le Diep GET /auth body:{}
[http] 15:01:03 | [システム管理者]Le Diep GET /api/config body:{}
[info] 15:01:03 | [システム管理者]Le Diep | GET / | システム設定環境変数を取得できました
[http] 15:01:04 | [システム管理者]Le Diep GET /api/cms/theme body:{}
[http] 15:01:04 | [システム管理者]Le Diep GET /api/cms/template body:{}
[info] 15:01:04 | [システム管理者]Le Diep | GET / | get all success
[info] 15:01:04 | [システム管理者]Le Diep | GET / | get all success
[http] 15:01:04 | [システム管理者]Le Diep GET /api/domain body:{}
[info] 15:01:04 | [システム管理者]Le Diep | GET / | get all success
[http] 15:01:04 | [システム管理者]Le Diep GET /api/group body:{}
[info] 15:01:04 | [システム管理者]Le Diep | GET / | get all success
[http] 15:01:08 | [システム管理者]Le Diep GET /api/local body:{}
[info] 15:01:08 | [システム管理者]Le Diep | GET / | get all success
[http] 15:01:11 | [システム管理者]Le Diep PUT /api/cms/template/7 body:{"body":{"xfx3jw1dhweqg":"<div data-editable=\"xfx3jw1dhweqg\"><div data-block=\"row\"><div data-block=\"cell\" style=\"flex-basis:100%\"><div data-type=\"link\">\n\t\t\t\t\t<div style=\"display:flex;align-items:center;\">\n\t\t\t\t\t<a href=\"/docs/a27141752096.pdf\" target=\"_blank\" rel=\"noreferrer\">a27141752096.pdf (150KB)</a><svg stroke=\"currentColor\" fill=\"currentColor\" stroke-width=\"0\" viewBox=\"0 0 1024 1024\" font-size=\"20\" style=\"color:#c00;margin-top:2px\" color=\"#c00\" height=\"1em\" width=\"1em\" xmlns=\"http://www.w3.org/2000/svg\"><path d=\"M531.3 574.4l.3-1.4c5.8-23.9 13.1-53.7 7.4-80.7-3.8-21.3-19.5-29.6-32.9-30.2-15.8-.7-29.9 8.3-33.4 21.4-6.6 24-.7 56.8 10.1 98.6-13.6 32.4-35.3 79.5-51.2 107.5-29.6 15.3-69.3 38.9-75.2 68.7-1.2 5.5.2 12.5 3.5 18.8 3.7 7 9.6 12.4 16.5 15 3 1.1 6.6 2 10.8 2 17.6 0 46.1-14.2 84.1-79.4 5.8-1.9 11.8-3.9 17.6-5.9 27.2-9.2 55.4-18.8 80.9-23.1 28.2 15.1 60.3 24.8 82.1 24.8 21.6 0 30.1-12.8 33.3-20.5 5.6-13.5 2.9-30.5-6.2-39.6-13.2-13-45.3-16.4-95.3-10.2-24.6-15-40.7-35.4-52.4-65.8zM421.6 726.3c-13.9 20.2-24.4 30.3-30.1 34.7 6.7-12.3 19.8-25.3 30.1-34.7zm87.6-235.5c5.2 8.9 4.5 35.8.5 49.4-4.9-19.9-5.6-48.1-2.7-51.4.8.1 1.5.7 2.2 2zm-1.6 120.5c10.7 18.5 24.2 34.4 39.1 46.2-21.6 4.9-41.3 13-58.9 20.2-4.2 1.7-8.3 3.4-12.3 5 13.3-24.1 24.4-51.4 32.1-71.4zm155.6 65.5c.1.2.2.5-.4.9h-.2l-.2.3c-.8.5-9 5.3-44.3-8.6 40.6-1.9 45 7.3 45.1 7.4zm191.4-388.2L639.4 73.4c-6-6-14.1-9.4-22.6-9.4H192c-17.7 0-32 14.3-32 32v832c0 17.7 14.3 32 32 32h640c17.7 0 32-14.3 32-32V311.3c0-8.5-3.4-16.7-9.4-22.7zM790.2 326H602V137.8L790.2 326zm1.8 562H232V136h302v216a42 42 0 0 0 42 42h216v494z\"></path></svg>\n\t\t\t\t\t</div>\n\t\t\t\t\t</div></div></div></div>","rmowtmbg1pcae":"<div data-editable=\"rmowtmbg1pcae\"><div data-block=\"row\"><div data-block=\"cell\" style=\"flex-basis:100%\"></div></div></div>"},"subOwner":[],"saveUp":true}
[info] 15:01:11 | [システム管理者]Le Diep | PUT /7 | template: asdsadを編集が成功しました
[http] 15:01:11 | [システム管理者]Le Diep GET /api/cms/template/7 body:{}
[info] 15:01:11 | [システム管理者]Le Diep | GET /7 | get one success
[http] 15:01:16 | [システム管理者]Le Diep GET /auth body:{}
[http] 15:01:16 | [システム管理者]Le Diep GET /api/config body:{}
[info] 15:01:16 | [システム管理者]Le Diep | GET / | システム設定環境変数を取得できました
[http] 15:01:16 | [システム管理者]Le Diep GET /api/cms/theme body:{}
[http] 15:01:16 | [システム管理者]Le Diep GET /api/cms/template body:{}
[info] 15:01:16 | [システム管理者]Le Diep | GET / | get all success
[info] 15:01:16 | [システム管理者]Le Diep | GET / | get all success
[http] 15:01:16 | [システム管理者]Le Diep GET /api/domain body:{}
[info] 15:01:16 | [システム管理者]Le Diep | GET / | get all success
[http] 15:01:16 | [システム管理者]Le Diep GET /api/group body:{}
[info] 15:01:16 | [システム管理者]Le Diep | GET / | get all success
[http] 15:01:48 | [システム管理者]Le Diep GET /api/local body:{}
[info] 15:01:48 | [システム管理者]Le Diep | GET / | get all success
[http] 15:12:21 | [システム管理者]Le Diep GET /imgs/bg_pattern.webp body:{}
[http] 15:12:21 | [システム管理者]Le Diep GET /imgs/fabric_1.webp body:{}
[http] 15:27:49 | [システム管理者]Le Diep GET /api/cms/web body:{}
[info] 15:27:49 | [システム管理者]Le Diep | GET / | get all success
[http] 15:27:51 | [システム管理者]Le Diep GET /api/cms/page body:{}
[info] 15:27:51 | [システム管理者]Le Diep | GET / | get all success
[http] 15:28:03 | [システム管理者]Le Diep GET /cms/1/page/undefined body:{}
[http] 15:37:05 | [システム管理者]Le Diep GET /auth body:{}
[http] 15:37:05 | [システム管理者]Le Diep GET /api/config body:{}
[info] 15:37:05 | [システム管理者]Le Diep | GET / | システム設定環境変数を取得できました
[http] 15:37:06 | [システム管理者]Le Diep GET /api/cms/theme body:{}
[http] 15:37:06 | [システム管理者]Le Diep GET /api/cms/page body:{}
[info] 15:37:06 | [システム管理者]Le Diep | GET / | get all success
[info] 15:37:06 | [システム管理者]Le Diep | GET / | get all success
[http] 15:37:06 | [システム管理者]Le Diep GET /api/domain body:{}
[info] 15:37:06 | [システム管理者]Le Diep | GET / | get all success
[http] 15:37:06 | [システム管理者]Le Diep GET /cms/1/page/undefined body:{}
[http] 15:37:06 | [システム管理者]Le Diep GET /api/group body:{}
[info] 15:37:06 | [システム管理者]Le Diep | GET / | get all success
[http] 15:37:17 | 匿名 GET /api/config body:{}
[http] 15:37:17 | 匿名 GET /auth body:{}
[info] 15:37:17 | 匿名 | GET / | システム設定環境変数を取得できました
[http] 15:37:19 | 匿名 GET /auth/login/msal body:{}
[http] 15:37:19 | 匿名 POST /auth/login/msal body:{"name":"DIEP LE","email":"dieplh2023@outlook.com"}
[http] 15:37:22 | 匿名 POST /auth/login body:{"email":"web@0004s.com","password":"4S-mmsi4@12345"}
[http] 15:37:46 | [システム管理者]web@0004s.com GET /api/cms/theme body:{}
[http] 15:37:46 | [システム管理者]web@0004s.com GET /api/cms/template body:{}
[info] 15:37:46 | [システム管理者]web@0004s.com | GET / | get all success
[info] 15:37:46 | [システム管理者]web@0004s.com | GET / | get all success
[http] 15:37:48 | [システム管理者]Le Diep GET /api/cms/template body:{}
[info] 15:37:48 | [システム管理者]Le Diep | GET / | get all success
[http] 15:37:52 | [システム管理者]web@0004s.com GET /api/domain body:{}
[info] 15:37:52 | [システム管理者]web@0004s.com | GET / | get all success
[http] 15:37:52 | [システム管理者]web@0004s.com GET /api/group body:{}
[info] 15:37:52 | [システム管理者]web@0004s.com | GET / | get all success
[http] 15:38:04 | [システム管理者]web@0004s.com GET /auth body:{}
[http] 15:38:04 | [システム管理者]web@0004s.com GET /api/config body:{}
[info] 15:38:04 | [システム管理者]web@0004s.com | GET / | システム設定環境変数を取得できました
[http] 15:38:05 | [システム管理者]web@0004s.com GET /api/cms/theme body:{}
[http] 15:38:05 | [システム管理者]web@0004s.com GET /api/cms/template body:{}
[info] 15:38:05 | [システム管理者]web@0004s.com | GET / | get all success
[info] 15:38:05 | [システム管理者]web@0004s.com | GET / | get all success
[http] 15:38:05 | [システム管理者]web@0004s.com GET /api/domain body:{}
[info] 15:38:05 | [システム管理者]web@0004s.com | GET / | get all success
[http] 15:38:05 | [システム管理者]web@0004s.com GET /api/group body:{}
[info] 15:38:05 | [システム管理者]web@0004s.com | GET / | get all success
[http] 15:38:06 | [システム管理者]Le Diep GET /auth body:{}
[http] 15:38:06 | [システム管理者]Le Diep GET /api/config body:{}
[info] 15:38:06 | [システム管理者]Le Diep | GET / | システム設定環境変数を取得できました
[http] 15:38:07 | [システム管理者]Le Diep GET /api/cms/theme body:{}
[info] 15:38:07 | [システム管理者]Le Diep | GET / | get all success
[http] 15:38:07 | [システム管理者]Le Diep GET /api/cms/template body:{}
[info] 15:38:07 | [システム管理者]Le Diep | GET / | get all success
[http] 15:38:07 | [システム管理者]Le Diep GET /api/domain body:{}
[info] 15:38:07 | [システム管理者]Le Diep | GET / | get all success
[http] 15:38:07 | [システム管理者]Le Diep GET /api/group body:{}
[info] 15:38:07 | [システム管理者]Le Diep | GET / | get all success
[http] 15:38:16 | [システム管理者]Le Diep GET /api/local body:{}
[info] 15:38:16 | [システム管理者]Le Diep | GET / | get all success
[http] 15:38:53 | [システム管理者]Le Diep GET /auth body:{}
[http] 15:38:53 | [システム管理者]Le Diep GET /api/config body:{}
[info] 15:38:53 | [システム管理者]Le Diep | GET / | システム設定環境変数を取得できました
[http] 15:38:54 | [システム管理者]Le Diep GET /api/cms/theme body:{}
[http] 15:38:54 | [システム管理者]Le Diep GET /api/cms/template body:{}
[info] 15:38:54 | [システム管理者]Le Diep | GET / | get all success
[info] 15:38:54 | [システム管理者]Le Diep | GET / | get all success
[http] 15:38:54 | [システム管理者]Le Diep GET /api/domain body:{}
[info] 15:38:54 | [システム管理者]Le Diep | GET / | get all success
[http] 15:38:54 | [システム管理者]Le Diep GET /api/group body:{}
[info] 15:38:54 | [システム管理者]Le Diep | GET / | get all success
[http] 15:39:23 | [システム管理者]Le Diep GET /auth body:{}
[http] 15:39:23 | [システム管理者]Le Diep GET /api/config body:{}
[info] 15:39:23 | [システム管理者]Le Diep | GET / | システム設定環境変数を取得できました
[http] 15:39:24 | [システム管理者]Le Diep GET /api/cms/theme body:{}
[info] 15:39:24 | [システム管理者]Le Diep | GET / | get all success
[http] 15:39:24 | [システム管理者]Le Diep GET /api/cms/template body:{}
[info] 15:39:24 | [システム管理者]Le Diep | GET / | get all success
[http] 15:39:24 | [システム管理者]Le Diep GET /api/domain body:{}
[info] 15:39:24 | [システム管理者]Le Diep | GET / | get all success
[http] 15:39:24 | [システム管理者]Le Diep GET /api/group body:{}
[info] 15:39:24 | [システム管理者]Le Diep | GET / | get all success
[http] 15:39:59 | [システム管理者]Le Diep GET /cms/template/undefined body:{}
[http] 15:45:13 | [システム管理者]Le Diep GET /auth body:{}
[http] 15:45:13 | [システム管理者]Le Diep GET /api/config body:{}
[info] 15:45:13 | [システム管理者]Le Diep | GET / | システム設定環境変数を取得できました
[http] 15:45:14 | [システム管理者]Le Diep GET /api/cms/theme body:{}
[info] 15:45:14 | [システム管理者]Le Diep | GET / | get all success
[http] 15:45:14 | [システム管理者]Le Diep GET /api/cms/template body:{}
[info] 15:45:14 | [システム管理者]Le Diep | GET / | get all success
[http] 15:45:14 | [システム管理者]Le Diep GET /api/domain body:{}
[info] 15:45:14 | [システム管理者]Le Diep | GET / | get all success
[http] 15:45:14 | [システム管理者]Le Diep GET /api/group body:{}
[info] 15:45:14 | [システム管理者]Le Diep | GET / | get all success
[http] 15:45:22 | [システム管理者]Le Diep GET /cms/template/undefined body:{}
[info] 15:50:01 | サーバの起動が完了しました。
[http] 15:50:12 | [システム管理者]Le Diep GET /auth body:{}
[http] 15:50:12 | [システム管理者]Le Diep GET /api/config body:{}
[info] 15:50:12 | [システム管理者]Le Diep | GET / | システム設定環境変数を取得できました
[http] 15:50:12 | [システム管理者]Le Diep GET /api/cms/theme body:{}
[http] 15:50:12 | [システム管理者]Le Diep GET /api/cms/template body:{}
[info] 15:50:12 | [システム管理者]Le Diep | GET / | get all success
[info] 15:50:12 | [システム管理者]Le Diep | GET / | get all success
[http] 15:50:14 | [システム管理者]Le Diep GET /api/domain body:{}
[info] 15:50:14 | [システム管理者]Le Diep | GET / | get all success
[http] 15:50:14 | [システム管理者]Le Diep GET /api/group body:{}
[info] 15:50:14 | [システム管理者]Le Diep | GET / | get all success
[http] 15:50:20 | [システム管理者]Le Diep GET /cms/template/undefined body:{}
[info] 15:53:06 | サーバの起動が完了しました。
[http] 15:53:14 | [システム管理者]Le Diep GET /auth body:{}
[http] 15:53:14 | [システム管理者]Le Diep GET /api/config body:{}
[info] 15:53:14 | [システム管理者]Le Diep | GET / | システム設定環境変数を取得できました
[http] 15:53:15 | [システム管理者]Le Diep GET /api/cms/theme body:{}
[http] 15:53:15 | [システム管理者]Le Diep GET /api/cms/template body:{}
[info] 15:53:15 | [システム管理者]Le Diep | GET / | get all success
[info] 15:53:15 | [システム管理者]Le Diep | GET / | get all success
[http] 15:53:15 | [システム管理者]Le Diep GET /api/domain body:{}
[info] 15:53:15 | [システム管理者]Le Diep | GET / | get all success
[http] 15:53:15 | [システム管理者]Le Diep GET /api/group body:{}
[info] 15:53:15 | [システム管理者]Le Diep | GET / | get all success
[http] 15:55:42 | [システム管理者]Le Diep GET /auth body:{}
[http] 15:55:42 | [システム管理者]Le Diep GET /api/config body:{}
[info] 15:55:42 | [システム管理者]Le Diep | GET / | システム設定環境変数を取得できました
[http] 15:55:42 | [システム管理者]Le Diep GET /api/cms/theme body:{}
[http] 15:55:42 | [システム管理者]Le Diep GET /api/cms/template body:{}
[info] 15:55:42 | [システム管理者]Le Diep | GET / | get all success
[info] 15:55:42 | [システム管理者]Le Diep | GET / | get all success
[http] 15:55:42 | [システム管理者]Le Diep GET /api/domain body:{}
[info] 15:55:42 | [システム管理者]Le Diep | GET / | get all success
[http] 15:55:43 | [システム管理者]Le Diep GET /api/group body:{}
[info] 15:55:43 | [システム管理者]Le Diep | GET / | get all success
[http] 15:56:02 | [システム管理者]Le Diep GET /cms/template/undefined body:{}
[http] 15:57:23 | [システム管理者]Le Diep GET /auth body:{}
[http] 15:57:23 | [システム管理者]Le Diep GET /api/config body:{}
[info] 15:57:23 | [システム管理者]Le Diep | GET / | システム設定環境変数を取得できました
[http] 15:57:24 | [システム管理者]Le Diep GET /api/cms/theme body:{}
[http] 15:57:24 | [システム管理者]Le Diep GET /api/cms/template body:{}
[info] 15:57:24 | [システム管理者]Le Diep | GET / | get all success
[info] 15:57:24 | [システム管理者]Le Diep | GET / | get all success
[http] 15:57:24 | [システム管理者]Le Diep GET /api/domain body:{}
[info] 15:57:24 | [システム管理者]Le Diep | GET / | get all success
[http] 15:57:24 | [システム管理者]Le Diep GET /api/group body:{}
[info] 15:57:24 | [システム管理者]Le Diep | GET / | get all success
[http] 15:59:13 | [システム管理者]Le Diep GET /auth body:{}
[http] 15:59:13 | [システム管理者]Le Diep GET /api/config body:{}
[info] 15:59:13 | [システム管理者]Le Diep | GET / | システム設定環境変数を取得できました
[http] 15:59:14 | [システム管理者]Le Diep GET /api/cms/theme body:{}
[info] 15:59:14 | [システム管理者]Le Diep | GET / | get all success
[http] 15:59:14 | [システム管理者]Le Diep GET /api/cms/template body:{}
[info] 15:59:14 | [システム管理者]Le Diep | GET / | get all success
[http] 15:59:14 | [システム管理者]Le Diep GET /api/domain body:{}
[info] 15:59:14 | [システム管理者]Le Diep | GET / | get all success
[http] 15:59:14 | [システム管理者]Le Diep GET /api/group body:{}
[info] 15:59:14 | [システム管理者]Le Diep | GET / | get all success
[http] 15:59:30 | [システム管理者]Le Diep GET /cms/template/undefined body:{}
[http] 16:00:46 | [システム管理者]Le Diep GET /auth body:{}
[http] 16:00:46 | [システム管理者]Le Diep GET /api/config body:{}
[info] 16:00:46 | [システム管理者]Le Diep | GET / | システム設定環境変数を取得できました
[http] 16:00:47 | [システム管理者]Le Diep GET /api/cms/theme body:{}
[http] 16:00:47 | [システム管理者]Le Diep GET /api/cms/template body:{}
[info] 16:00:47 | [システム管理者]Le Diep | GET / | get all success
[info] 16:00:47 | [システム管理者]Le Diep | GET / | get all success
[http] 16:00:47 | [システム管理者]Le Diep GET /api/domain body:{}
[info] 16:00:47 | [システム管理者]Le Diep | GET / | get all success
[http] 16:00:47 | [システム管理者]Le Diep GET /api/group body:{}
[info] 16:00:47 | [システム管理者]Le Diep | GET / | get all success
[http] 16:02:01 | [システム管理者]Le Diep GET /auth body:{}
[http] 16:02:01 | [システム管理者]Le Diep GET /api/config body:{}
[info] 16:02:01 | [システム管理者]Le Diep | GET / | システム設定環境変数を取得できました
[http] 16:02:02 | [システム管理者]Le Diep GET /api/cms/theme body:{}
[http] 16:02:02 | [システム管理者]Le Diep GET /api/cms/template body:{}
[info] 16:02:02 | [システム管理者]Le Diep | GET / | get all success
[info] 16:02:02 | [システム管理者]Le Diep | GET / | get all success
[http] 16:02:02 | [システム管理者]Le Diep GET /api/domain body:{}
[info] 16:02:02 | [システム管理者]Le Diep | GET / | get all success
[http] 16:02:02 | [システム管理者]Le Diep GET /api/group body:{}
[info] 16:02:02 | [システム管理者]Le Diep | GET / | get all success
[http] 16:02:26 | [システム管理者]Le Diep GET /auth body:{}
[http] 16:02:26 | [システム管理者]Le Diep GET /api/config body:{}
[info] 16:02:26 | [システム管理者]Le Diep | GET / | システム設定環境変数を取得できました
[http] 16:02:27 | [システム管理者]Le Diep GET /api/cms/theme body:{}
[http] 16:02:27 | [システム管理者]Le Diep GET /api/cms/template body:{}
[info] 16:02:27 | [システム管理者]Le Diep | GET / | get all success
[info] 16:02:27 | [システム管理者]Le Diep | GET / | get all success
[http] 16:02:27 | [システム管理者]Le Diep GET /api/domain body:{}
[info] 16:02:27 | [システム管理者]Le Diep | GET / | get all success
[http] 16:02:27 | [システム管理者]Le Diep GET /api/group body:{}
[info] 16:02:27 | [システム管理者]Le Diep | GET / | get all success
[http] 16:03:06 | [システム管理者]Le Diep GET /auth body:{}
[http] 16:03:06 | [システム管理者]Le Diep GET /api/config body:{}
[info] 16:03:06 | [システム管理者]Le Diep | GET / | システム設定環境変数を取得できました
[http] 16:03:07 | [システム管理者]Le Diep GET /api/cms/theme body:{}
[http] 16:03:07 | [システム管理者]Le Diep GET /api/cms/template body:{}
[info] 16:03:07 | [システム管理者]Le Diep | GET / | get all success
[info] 16:03:07 | [システム管理者]Le Diep | GET / | get all success
[http] 16:03:07 | [システム管理者]Le Diep GET /api/domain body:{}
[info] 16:03:07 | [システム管理者]Le Diep | GET / | get all success
[http] 16:03:07 | [システム管理者]Le Diep GET /api/group body:{}
[info] 16:03:07 | [システム管理者]Le Diep | GET / | get all success
[http] 16:04:20 | [システム管理者]Le Diep GET /api/config body:{}
[http] 16:04:20 | [システム管理者]Le Diep GET /auth body:{}
[info] 16:04:20 | [システム管理者]Le Diep | GET / | システム設定環境変数を取得できました
[http] 16:04:21 | [システム管理者]Le Diep GET /api/cms/theme body:{}
[http] 16:04:21 | [システム管理者]Le Diep GET /api/cms/template body:{}
[info] 16:04:21 | [システム管理者]Le Diep | GET / | get all success
[info] 16:04:21 | [システム管理者]Le Diep | GET / | get all success
[http] 16:04:21 | [システム管理者]Le Diep GET /api/domain body:{}
[info] 16:04:21 | [システム管理者]Le Diep | GET / | get all success
[http] 16:04:21 | [システム管理者]Le Diep GET /api/group body:{}
[info] 16:04:21 | [システム管理者]Le Diep | GET / | get all success
[http] 16:04:24 | [システム管理者]Le Diep GET /auth body:{}
[http] 16:04:24 | [システム管理者]Le Diep GET /api/config body:{}
[info] 16:04:24 | [システム管理者]Le Diep | GET / | システム設定環境変数を取得できました
[http] 16:04:25 | [システム管理者]Le Diep GET /api/cms/theme body:{}
[http] 16:04:25 | [システム管理者]Le Diep GET /api/cms/template body:{}
[info] 16:04:25 | [システム管理者]Le Diep | GET / | get all success
[info] 16:04:25 | [システム管理者]Le Diep | GET / | get all success
[http] 16:04:25 | [システム管理者]Le Diep GET /api/domain body:{}
[info] 16:04:25 | [システム管理者]Le Diep | GET / | get all success
[http] 16:04:25 | [システム管理者]Le Diep GET /api/group body:{}
[info] 16:04:25 | [システム管理者]Le Diep | GET / | get all success
[http] 16:08:21 | [システム管理者]Le Diep GET /auth body:{}
[http] 16:08:21 | [システム管理者]Le Diep GET /api/config body:{}
[info] 16:08:21 | [システム管理者]Le Diep | GET / | システム設定環境変数を取得できました
[http] 16:08:22 | [システム管理者]Le Diep GET /api/cms/theme body:{}
[http] 16:08:22 | [システム管理者]Le Diep GET /api/cms/template body:{}
[info] 16:08:22 | [システム管理者]Le Diep | GET / | get all success
[info] 16:08:22 | [システム管理者]Le Diep | GET / | get all success
[http] 16:08:22 | [システム管理者]Le Diep GET /api/domain body:{}
[info] 16:08:22 | [システム管理者]Le Diep | GET / | get all success
[http] 16:08:22 | [システム管理者]Le Diep GET /api/group body:{}
[info] 16:08:22 | [システム管理者]Le Diep | GET / | get all success
[http] 16:08:28 | [システム管理者]Le Diep GET /cms/template/undefined body:{}
[http] 16:08:53 | [システム管理者]Le Diep GET /auth body:{}
[http] 16:08:53 | [システム管理者]Le Diep GET /api/config body:{}
[info] 16:08:53 | [システム管理者]Le Diep | GET / | システム設定環境変数を取得できました
[http] 16:08:53 | [システム管理者]Le Diep GET /api/cms/theme body:{}
[http] 16:08:53 | [システム管理者]Le Diep GET /api/cms/template body:{}
[info] 16:08:53 | [システム管理者]Le Diep | GET / | get all success
[info] 16:08:53 | [システム管理者]Le Diep | GET / | get all success
[http] 16:08:54 | [システム管理者]Le Diep GET /api/domain body:{}
[info] 16:08:54 | [システム管理者]Le Diep | GET / | get all success
[http] 16:08:54 | [システム管理者]Le Diep GET /api/group body:{}
[info] 16:08:54 | [システム管理者]Le Diep | GET / | get all success
[http] 16:08:59 | [システム管理者]Le Diep GET /cms/template/undefined body:{}
[http] 16:10:48 | [システム管理者]Le Diep GET /auth body:{}
[http] 16:10:49 | [システム管理者]Le Diep GET /api/config body:{}
[info] 16:10:49 | [システム管理者]Le Diep | GET / | システム設定環境変数を取得できました
[http] 16:10:49 | [システム管理者]Le Diep GET /api/cms/theme body:{}
[info] 16:10:49 | [システム管理者]Le Diep | GET / | get all success
[http] 16:10:49 | [システム管理者]Le Diep GET /api/cms/template body:{}
[info] 16:10:49 | [システム管理者]Le Diep | GET / | get all success
[http] 16:10:49 | [システム管理者]Le Diep GET /api/domain body:{}
[info] 16:10:49 | [システム管理者]Le Diep | GET / | get all success
[http] 16:10:49 | [システム管理者]Le Diep GET /api/group body:{}
[info] 16:10:49 | [システム管理者]Le Diep | GET / | get all success
[http] 16:12:27 | [システム管理者]Le Diep GET /auth body:{}
[http] 16:12:27 | [システム管理者]Le Diep GET /api/config body:{}
[info] 16:12:27 | [システム管理者]Le Diep | GET / | システム設定環境変数を取得できました
[http] 16:12:28 | [システム管理者]Le Diep GET /api/cms/theme body:{}
[http] 16:12:28 | [システム管理者]Le Diep GET /api/cms/template body:{}
[info] 16:12:28 | [システム管理者]Le Diep | GET / | get all success
[info] 16:12:28 | [システム管理者]Le Diep | GET / | get all success
[http] 16:12:28 | [システム管理者]Le Diep GET /api/domain body:{}
[info] 16:12:28 | [システム管理者]Le Diep | GET / | get all success
[http] 16:12:28 | [システム管理者]Le Diep GET /api/group body:{}
[info] 16:12:28 | [システム管理者]Le Diep | GET / | get all success
[http] 16:12:33 | [システム管理者]Le Diep GET /cms/template/undefined body:{}
[http] 16:12:33 | [システム管理者]web@0004s.com GET /cms/template/undefined body:{}
[http] 16:12:38 | [システム管理者]web@0004s.com GET /auth body:{}
[http] 16:12:38 | [システム管理者]web@0004s.com GET /api/config body:{}
[info] 16:12:38 | [システム管理者]web@0004s.com | GET / | システム設定環境変数を取得できました
[http] 16:12:38 | [システム管理者]web@0004s.com GET /api/cms/theme body:{}
[http] 16:12:38 | [システム管理者]web@0004s.com GET /api/cms/template body:{}
[info] 16:12:38 | [システム管理者]web@0004s.com | GET / | get all success
[info] 16:12:38 | [システム管理者]web@0004s.com | GET / | get all success
[http] 16:12:38 | [システム管理者]web@0004s.com GET /api/domain body:{}
[info] 16:12:38 | [システム管理者]web@0004s.com | GET / | get all success
[http] 16:12:38 | [システム管理者]web@0004s.com GET /api/group body:{}
[info] 16:12:38 | [システム管理者]web@0004s.com | GET / | get all success
[http] 16:12:42 | [システム管理者]Le Diep GET /auth body:{}
[http] 16:12:42 | [システム管理者]Le Diep GET /api/config body:{}
[info] 16:12:42 | [システム管理者]Le Diep | GET / | システム設定環境変数を取得できました
[http] 16:12:42 | [システム管理者]Le Diep GET /api/cms/theme body:{}
[info] 16:12:42 | [システム管理者]Le Diep | GET / | get all success
[http] 16:12:42 | [システム管理者]Le Diep GET /api/cms/template body:{}
[info] 16:12:42 | [システム管理者]Le Diep | GET / | get all success
[http] 16:12:42 | [システム管理者]Le Diep GET /api/domain body:{}
[info] 16:12:42 | [システム管理者]Le Diep | GET / | get all success
[http] 16:12:42 | [システム管理者]Le Diep GET /api/group body:{}
[info] 16:12:43 | [システム管理者]Le Diep | GET / | get all success
[http] 16:12:47 | [システム管理者]Le Diep GET /cms/template/undefined body:{}
[http] 16:12:47 | [システム管理者]web@0004s.com GET /cms/template/undefined body:{}
[http] 16:12:54 | [システム管理者]Le Diep GET /api/local body:{}
[info] 16:12:54 | [システム管理者]Le Diep | GET / | get all success
[http] 16:14:42 | [システム管理者]Le Diep GET /auth body:{}
[http] 16:14:42 | [システム管理者]Le Diep GET /api/config body:{}
[info] 16:14:42 | [システム管理者]Le Diep | GET / | システム設定環境変数を取得できました
[http] 16:14:42 | [システム管理者]Le Diep GET /api/cms/theme body:{}
[http] 16:14:42 | [システム管理者]Le Diep GET /api/cms/template body:{}
[info] 16:14:42 | [システム管理者]Le Diep | GET / | get all success
[info] 16:14:42 | [システム管理者]Le Diep | GET / | get all success
[http] 16:14:42 | [システム管理者]Le Diep GET /api/domain body:{}
[info] 16:14:42 | [システム管理者]Le Diep | GET / | get all success
[http] 16:14:42 | [システム管理者]Le Diep GET /api/group body:{}
[info] 16:14:42 | [システム管理者]Le Diep | GET / | get all success
[http] 16:14:44 | [システム管理者]web@0004s.com GET /api/config body:{}
[http] 16:14:44 | [システム管理者]web@0004s.com GET /auth body:{}
[info] 16:14:44 | [システム管理者]web@0004s.com | GET / | システム設定環境変数を取得できました
[http] 16:14:44 | [システム管理者]web@0004s.com GET /api/cms/theme body:{}
[http] 16:14:44 | [システム管理者]web@0004s.com GET /api/cms/template body:{}
[info] 16:14:44 | [システム管理者]web@0004s.com | GET / | get all success
[info] 16:14:44 | [システム管理者]web@0004s.com | GET / | get all success
[http] 16:14:45 | [システム管理者]web@0004s.com GET /api/domain body:{}
[info] 16:14:45 | [システム管理者]web@0004s.com | GET / | get all success
[http] 16:14:45 | [システム管理者]web@0004s.com GET /api/group body:{}
[info] 16:14:45 | [システム管理者]web@0004s.com | GET / | get all success
[http] 16:14:50 | [システム管理者]Le Diep GET /cms/template/undefined body:{}
[http] 16:14:50 | [システム管理者]web@0004s.com GET /cms/template/undefined body:{}
[http] 16:14:54 | [システム管理者]Le Diep GET /api/local body:{}
[info] 16:14:54 | [システム管理者]Le Diep | GET / | get all success
[http] 16:22:48 | [システム管理者]web@0004s.com GET /auth body:{}
[http] 16:22:48 | [システム管理者]web@0004s.com GET /api/config body:{}
[info] 16:22:48 | [システム管理者]web@0004s.com | GET / | システム設定環境変数を取得できました
[http] 16:22:49 | [システム管理者]web@0004s.com GET /api/cms/theme body:{}
[info] 16:22:49 | [システム管理者]web@0004s.com | GET / | get all success
[http] 16:22:49 | [システム管理者]web@0004s.com GET /api/cms/template body:{}
[info] 16:22:49 | [システム管理者]web@0004s.com | GET / | get all success
[http] 16:22:49 | [システム管理者]web@0004s.com GET /api/domain body:{}
[info] 16:22:49 | [システム管理者]web@0004s.com | GET / | get all success
[http] 16:22:49 | [システム管理者]web@0004s.com GET /api/group body:{}
[info] 16:22:49 | [システム管理者]web@0004s.com | GET / | get all success
[http] 16:22:50 | [システム管理者]Le Diep GET /auth body:{}
[http] 16:22:50 | [システム管理者]Le Diep GET /api/config body:{}
[info] 16:22:50 | [システム管理者]Le Diep | GET / | システム設定環境変数を取得できました
[http] 16:22:51 | [システム管理者]Le Diep GET /api/cms/theme body:{}
[http] 16:22:51 | [システム管理者]Le Diep GET /api/cms/template body:{}
[info] 16:22:51 | [システム管理者]Le Diep | GET / | get all success
[info] 16:22:51 | [システム管理者]Le Diep | GET / | get all success
[http] 16:22:51 | [システム管理者]Le Diep GET /api/domain body:{}
[info] 16:22:51 | [システム管理者]Le Diep | GET / | get all success
[http] 16:22:51 | [システム管理者]Le Diep GET /api/group body:{}
[info] 16:22:51 | [システム管理者]Le Diep | GET / | get all success
[http] 16:22:54 | [システム管理者]Le Diep GET /cms/template/undefined body:{}
[http] 16:22:54 | [システム管理者]web@0004s.com GET /cms/template/undefined body:{}
[http] 16:29:19 | [システム管理者]Le Diep GET /auth body:{}
[http] 16:29:19 | [システム管理者]Le Diep GET /api/config body:{}
[info] 16:29:19 | [システム管理者]Le Diep | GET / | システム設定環境変数を取得できました
[http] 16:29:20 | [システム管理者]Le Diep GET /api/cms/theme body:{}
[info] 16:29:20 | [システム管理者]Le Diep | GET / | get all success
[http] 16:29:20 | [システム管理者]Le Diep GET /api/cms/template body:{}
[info] 16:29:20 | [システム管理者]Le Diep | GET / | get all success
[http] 16:29:20 | [システム管理者]Le Diep GET /api/domain body:{}
[info] 16:29:20 | [システム管理者]Le Diep | GET / | get all success
[http] 16:29:20 | [システム管理者]Le Diep GET /api/group body:{}
[info] 16:29:20 | [システム管理者]Le Diep | GET / | get all success
[http] 16:30:29 | [システム管理者]Le Diep GET /auth body:{}
[http] 16:30:29 | [システム管理者]Le Diep GET /api/config body:{}
[info] 16:30:29 | [システム管理者]Le Diep | GET / | システム設定環境変数を取得できました
[http] 16:30:30 | [システム管理者]Le Diep GET /api/cms/theme body:{}
[http] 16:30:30 | [システム管理者]Le Diep GET /api/cms/template body:{}
[info] 16:30:30 | [システム管理者]Le Diep | GET / | get all success
[info] 16:30:30 | [システム管理者]Le Diep | GET / | get all success
[http] 16:30:30 | [システム管理者]Le Diep GET /api/domain body:{}
[info] 16:30:30 | [システム管理者]Le Diep | GET / | get all success
[http] 16:30:30 | [システム管理者]Le Diep GET /api/group body:{}
[info] 16:30:30 | [システム管理者]Le Diep | GET / | get all success
[http] 16:31:10 | [システム管理者]Le Diep GET /auth body:{}
[http] 16:31:10 | [システム管理者]Le Diep GET /api/config body:{}
[info] 16:31:10 | [システム管理者]Le Diep | GET / | システム設定環境変数を取得できました
[http] 16:31:11 | [システム管理者]Le Diep GET /api/cms/template body:{}
[http] 16:31:11 | [システム管理者]Le Diep GET /api/cms/theme body:{}
[info] 16:31:11 | [システム管理者]Le Diep | GET / | get all success
[info] 16:31:11 | [システム管理者]Le Diep | GET / | get all success
[http] 16:31:11 | [システム管理者]Le Diep GET /api/domain body:{}
[info] 16:31:11 | [システム管理者]Le Diep | GET / | get all success
[http] 16:31:11 | [システム管理者]Le Diep GET /api/group body:{}
[info] 16:31:11 | [システム管理者]Le Diep | GET / | get all success
[http] 16:32:00 | [システム管理者]Le Diep GET /auth body:{}
[http] 16:32:00 | [システム管理者]Le Diep GET /api/config body:{}
[info] 16:32:00 | [システム管理者]Le Diep | GET / | システム設定環境変数を取得できました
[http] 16:32:01 | [システム管理者]Le Diep GET /api/cms/theme body:{}
[info] 16:32:01 | [システム管理者]Le Diep | GET / | get all success
[http] 16:32:01 | [システム管理者]Le Diep GET /api/cms/template body:{}
[info] 16:32:01 | [システム管理者]Le Diep | GET / | get all success
[http] 16:32:01 | [システム管理者]Le Diep GET /api/domain body:{}
[info] 16:32:01 | [システム管理者]Le Diep | GET / | get all success
[http] 16:32:01 | [システム管理者]Le Diep GET /api/group body:{}
[info] 16:32:01 | [システム管理者]Le Diep | GET / | get all success
[http] 16:32:36 | [システム管理者]Le Diep GET /auth body:{}
[http] 16:32:36 | [システム管理者]Le Diep GET /api/config body:{}
[info] 16:32:36 | [システム管理者]Le Diep | GET / | システム設定環境変数を取得できました
[http] 16:32:37 | [システム管理者]Le Diep GET /api/cms/theme body:{}
[http] 16:32:37 | [システム管理者]Le Diep GET /api/cms/template body:{}
[info] 16:32:37 | [システム管理者]Le Diep | GET / | get all success
[info] 16:32:37 | [システム管理者]Le Diep | GET / | get all success
[http] 16:32:37 | [システム管理者]Le Diep GET /api/domain body:{}
[info] 16:32:37 | [システム管理者]Le Diep | GET / | get all success
[http] 16:32:37 | [システム管理者]Le Diep GET /api/group body:{}
[info] 16:32:37 | [システム管理者]Le Diep | GET / | get all success
[http] 16:33:27 | [システム管理者]Le Diep GET /api/config body:{}
[http] 16:33:27 | [システム管理者]Le Diep GET /auth body:{}
[info] 16:33:27 | [システム管理者]Le Diep | GET / | システム設定環境変数を取得できました
[http] 16:33:28 | [システム管理者]Le Diep GET /api/cms/theme body:{}
[http] 16:33:28 | [システム管理者]Le Diep GET /api/cms/template body:{}
[info] 16:33:28 | [システム管理者]Le Diep | GET / | get all success
[info] 16:33:28 | [システム管理者]Le Diep | GET / | get all success
[http] 16:33:28 | [システム管理者]Le Diep GET /api/domain body:{}
[info] 16:33:28 | [システム管理者]Le Diep | GET / | get all success
[http] 16:33:28 | [システム管理者]Le Diep GET /api/group body:{}
[info] 16:33:28 | [システム管理者]Le Diep | GET / | get all success
[http] 16:34:08 | [システム管理者]Le Diep GET /auth body:{}
[http] 16:34:08 | [システム管理者]Le Diep GET /api/config body:{}
[info] 16:34:08 | [システム管理者]Le Diep | GET / | システム設定環境変数を取得できました
[http] 16:34:09 | [システム管理者]Le Diep GET /api/cms/theme body:{}
[http] 16:34:09 | [システム管理者]Le Diep GET /api/cms/template body:{}
[info] 16:34:09 | [システム管理者]Le Diep | GET / | get all success
[info] 16:34:09 | [システム管理者]Le Diep | GET / | get all success
[http] 16:34:09 | [システム管理者]Le Diep GET /api/domain body:{}
[info] 16:34:09 | [システム管理者]Le Diep | GET / | get all success
[http] 16:34:09 | [システム管理者]Le Diep GET /api/group body:{}
[info] 16:34:09 | [システム管理者]Le Diep | GET / | get all success
[http] 16:38:18 | [システム管理者]Le Diep GET /auth body:{}
[http] 16:38:18 | [システム管理者]Le Diep GET /api/config body:{}
[info] 16:38:18 | [システム管理者]Le Diep | GET / | システム設定環境変数を取得できました
[http] 16:38:19 | [システム管理者]Le Diep GET /api/cms/theme body:{}
[http] 16:38:19 | [システム管理者]Le Diep GET /api/cms/template body:{}
[info] 16:38:19 | [システム管理者]Le Diep | GET / | get all success
[info] 16:38:19 | [システム管理者]Le Diep | GET / | get all success
[http] 16:38:19 | [システム管理者]Le Diep GET /api/domain body:{}
[info] 16:38:19 | [システム管理者]Le Diep | GET / | get all success
[http] 16:38:19 | [システム管理者]Le Diep GET /api/group body:{}
[info] 16:38:19 | [システム管理者]Le Diep | GET / | get all success
[http] 16:39:21 | [システム管理者]Le Diep GET /auth body:{}
[http] 16:39:21 | [システム管理者]Le Diep GET /api/config body:{}
[info] 16:39:21 | [システム管理者]Le Diep | GET / | システム設定環境変数を取得できました
[http] 16:39:21 | [システム管理者]Le Diep GET /api/cms/theme body:{}
[info] 16:39:21 | [システム管理者]Le Diep | GET / | get all success
[http] 16:39:21 | [システム管理者]Le Diep GET /api/cms/template body:{}
[info] 16:39:21 | [システム管理者]Le Diep | GET / | get all success
[http] 16:39:22 | [システム管理者]Le Diep GET /api/domain body:{}
[info] 16:39:22 | [システム管理者]Le Diep | GET / | get all success
[http] 16:39:22 | [システム管理者]Le Diep GET /api/group body:{}
[info] 16:39:22 | [システム管理者]Le Diep | GET / | get all success
[http] 16:51:15 | [システム管理者]web@0004s.com GET /auth body:{}
[http] 16:51:15 | [システム管理者]web@0004s.com GET /api/config body:{}
[info] 16:51:15 | [システム管理者]web@0004s.com | GET / | システム設定環境変数を取得できました
[http] 16:51:16 | [システム管理者]web@0004s.com GET /api/cms/theme body:{}
[http] 16:51:16 | [システム管理者]web@0004s.com GET /api/cms/template body:{}
[info] 16:51:16 | [システム管理者]web@0004s.com | GET / | get all success
[info] 16:51:16 | [システム管理者]web@0004s.com | GET / | get all success
[http] 16:51:16 | [システム管理者]web@0004s.com GET /api/domain body:{}
[info] 16:51:16 | [システム管理者]web@0004s.com | GET / | get all success
[http] 16:51:16 | [システム管理者]web@0004s.com GET /api/group body:{}
[info] 16:51:16 | [システム管理者]web@0004s.com | GET / | get all success
[http] 16:54:43 | [システム管理者]Le Diep GET /auth body:{}
[http] 16:54:43 | [システム管理者]Le Diep GET /api/config body:{}
[info] 16:54:43 | [システム管理者]Le Diep | GET / | システム設定環境変数を取得できました
[http] 16:54:46 | [システム管理者]Le Diep GET /api/cms/template body:{}
[http] 16:54:46 | [システム管理者]Le Diep GET /api/cms/theme body:{}
[info] 16:54:46 | [システム管理者]Le Diep | GET / | get all success
[info] 16:54:46 | [システム管理者]Le Diep | GET / | get all success
[http] 16:54:48 | [システム管理者]Le Diep GET /api/domain body:{}
[info] 16:54:48 | [システム管理者]Le Diep | GET / | get all success
[http] 16:54:48 | [システム管理者]Le Diep GET /api/group body:{}
[info] 16:54:48 | [システム管理者]Le Diep | GET / | get all success
[http] 16:56:42 | [システム管理者]Le Diep GET /auth body:{}
[http] 16:56:42 | [システム管理者]Le Diep GET /api/config body:{}
[info] 16:56:42 | [システム管理者]Le Diep | GET / | システム設定環境変数を取得できました
[http] 16:56:43 | [システム管理者]Le Diep GET /api/cms/theme body:{}
[http] 16:56:43 | [システム管理者]Le Diep GET /api/cms/template body:{}
[info] 16:56:43 | [システム管理者]Le Diep | GET / | get all success
[info] 16:56:43 | [システム管理者]Le Diep | GET / | get all success
[http] 16:56:43 | [システム管理者]Le Diep GET /api/domain body:{}
[info] 16:56:43 | [システム管理者]Le Diep | GET / | get all success
[http] 16:56:43 | [システム管理者]Le Diep GET /api/group body:{}
[info] 16:56:43 | [システム管理者]Le Diep | GET / | get all success
[http] 17:23:10 | [システム管理者]Le Diep GET /auth body:{}
[http] 17:23:10 | [システム管理者]Le Diep GET /api/config body:{}
[info] 17:23:10 | [システム管理者]Le Diep | GET / | システム設定環境変数を取得できました
[http] 17:23:11 | [システム管理者]Le Diep GET /api/cms/theme body:{}
[http] 17:23:11 | [システム管理者]Le Diep GET /api/cms/template body:{}
[info] 17:23:11 | [システム管理者]Le Diep | GET / | get all success
[info] 17:23:11 | [システム管理者]Le Diep | GET / | get all success
[http] 17:23:11 | [システム管理者]Le Diep GET /api/domain body:{}
[info] 17:23:11 | [システム管理者]Le Diep | GET / | get all success
[http] 17:23:11 | [システム管理者]Le Diep GET /api/group body:{}
[info] 17:23:11 | [システム管理者]Le Diep | GET / | get all success
[http] 17:26:55 | [システム管理者]Le Diep GET /auth body:{}
[http] 17:26:55 | [システム管理者]Le Diep GET /api/config body:{}
[info] 17:26:55 | [システム管理者]Le Diep | GET / | システム設定環境変数を取得できました
[http] 17:26:55 | [システム管理者]Le Diep GET /api/cms/theme body:{}
[info] 17:26:55 | [システム管理者]Le Diep | GET / | get all success
[http] 17:26:55 | [システム管理者]Le Diep GET /api/cms/template body:{}
[info] 17:26:55 | [システム管理者]Le Diep | GET / | get all success
[http] 17:26:56 | [システム管理者]Le Diep GET /api/domain body:{}
[info] 17:26:56 | [システム管理者]Le Diep | GET / | get all success
[http] 17:26:56 | [システム管理者]Le Diep GET /api/group body:{}
[info] 17:26:56 | [システム管理者]Le Diep | GET / | get all success
[http] 17:27:17 | [システム管理者]Le Diep GET /api/config body:{}
[http] 17:27:17 | [システム管理者]Le Diep GET /auth body:{}
[info] 17:27:17 | [システム管理者]Le Diep | GET / | システム設定環境変数を取得できました
[http] 17:27:17 | [システム管理者]Le Diep GET /api/cms/theme body:{}
[http] 17:27:17 | [システム管理者]Le Diep GET /api/cms/template body:{}
[info] 17:27:17 | [システム管理者]Le Diep | GET / | get all success
[info] 17:27:17 | [システム管理者]Le Diep | GET / | get all success
[http] 17:27:18 | [システム管理者]Le Diep GET /api/domain body:{}
[info] 17:27:18 | [システム管理者]Le Diep | GET / | get all success
[http] 17:27:18 | [システム管理者]Le Diep GET /api/group body:{}
[info] 17:27:18 | [システム管理者]Le Diep | GET / | get all success
[http] 17:28:40 | [システム管理者]Le Diep GET /auth body:{}
[http] 17:28:40 | [システム管理者]Le Diep GET /api/config body:{}
[info] 17:28:40 | [システム管理者]Le Diep | GET / | システム設定環境変数を取得できました
[http] 17:28:41 | [システム管理者]Le Diep GET /api/cms/theme body:{}
[http] 17:28:41 | [システム管理者]Le Diep GET /api/cms/template body:{}
[info] 17:28:41 | [システム管理者]Le Diep | GET / | get all success
[info] 17:28:41 | [システム管理者]Le Diep | GET / | get all success
[http] 17:28:41 | [システム管理者]Le Diep GET /api/domain body:{}
[info] 17:28:41 | [システム管理者]Le Diep | GET / | get all success
[http] 17:28:41 | [システム管理者]Le Diep GET /api/group body:{}
[info] 17:28:41 | [システム管理者]Le Diep | GET / | get all success
[http] 17:29:00 | [システム管理者]Le Diep GET /api/local/gallery body:{}
[http] 17:29:00 | [システム管理者]Le Diep GET /imgs/fabric_1.webp body:{}
[http] 17:29:00 | [システム管理者]Le Diep GET /imgs/bg_pattern.webp body:{}
[http] 17:35:47 | [システム管理者]Le Diep GET /auth body:{}
[http] 17:35:47 | [システム管理者]Le Diep GET /api/config body:{}
[info] 17:35:47 | [システム管理者]Le Diep | GET / | システム設定環境変数を取得できました
[http] 17:35:48 | [システム管理者]Le Diep GET /api/cms/theme body:{}
[http] 17:35:48 | [システム管理者]Le Diep GET /api/cms/template body:{}
[info] 17:35:48 | [システム管理者]Le Diep | GET / | get all success
[info] 17:35:48 | [システム管理者]Le Diep | GET / | get all success
[http] 17:35:48 | [システム管理者]Le Diep GET /api/domain body:{}
[info] 17:35:48 | [システム管理者]Le Diep | GET / | get all success
[http] 17:35:48 | [システム管理者]Le Diep GET /api/group body:{}
[info] 17:35:48 | [システム管理者]Le Diep | GET / | get all success
[http] 17:38:13 | [システム管理者]Le Diep GET /api/config body:{}
[http] 17:38:13 | [システム管理者]Le Diep GET /auth body:{}
[info] 17:38:13 | [システム管理者]Le Diep | GET / | システム設定環境変数を取得できました
[http] 17:38:14 | [システム管理者]Le Diep GET /api/cms/theme body:{}
[http] 17:38:14 | [システム管理者]Le Diep GET /api/cms/template body:{}
[info] 17:38:14 | [システム管理者]Le Diep | GET / | get all success
[info] 17:38:14 | [システム管理者]Le Diep | GET / | get all success
[http] 17:38:14 | [システム管理者]Le Diep GET /api/domain body:{}
[info] 17:38:14 | [システム管理者]Le Diep | GET / | get all success
[http] 17:38:14 | [システム管理者]Le Diep GET /api/group body:{}
[info] 17:38:14 | [システム管理者]Le Diep | GET / | get all success
[http] 17:42:42 | [システム管理者]Le Diep GET /api/config body:{}
[info] 17:42:42 | [システム管理者]Le Diep | GET / | システム設定環境変数を取得できました
[http] 17:42:45 | [システム管理者]Le Diep GET /auth body:{}
[http] 17:42:45 | [システム管理者]Le Diep GET /api/config body:{}
[info] 17:42:45 | [システム管理者]Le Diep | GET / | システム設定環境変数を取得できました
[http] 17:42:46 | [システム管理者]Le Diep GET /api/cms/theme body:{}
[http] 17:42:46 | [システム管理者]Le Diep GET /api/cms/template body:{}
[info] 17:42:46 | [システム管理者]Le Diep | GET / | get all success
[info] 17:42:46 | [システム管理者]Le Diep | GET / | get all success
[http] 17:42:46 | [システム管理者]Le Diep GET /api/domain body:{}
[info] 17:42:46 | [システム管理者]Le Diep | GET / | get all success
[http] 17:42:46 | [システム管理者]Le Diep GET /api/group body:{}
[info] 17:42:46 | [システム管理者]Le Diep | GET / | get all success
[http] 18:06:20 | [システム管理者]Le Diep GET /api/config body:{}
[http] 18:06:20 | [システム管理者]Le Diep GET /auth body:{}
[info] 18:06:20 | [システム管理者]Le Diep | GET / | システム設定環境変数を取得できました
[http] 18:06:21 | [システム管理者]Le Diep GET /api/cms/theme body:{}
[http] 18:06:21 | [システム管理者]Le Diep GET /api/cms/template body:{}
[info] 18:06:21 | [システム管理者]Le Diep | GET / | get all success
[info] 18:06:21 | [システム管理者]Le Diep | GET / | get all success
[http] 18:06:21 | [システム管理者]Le Diep GET /api/domain body:{}
[info] 18:06:21 | [システム管理者]Le Diep | GET / | get all success
[http] 18:06:21 | [システム管理者]Le Diep GET /api/group body:{}
[info] 18:06:21 | [システム管理者]Le Diep | GET / | get all success
[http] 18:07:22 | [システム管理者]Le Diep GET /auth body:{}
[http] 18:07:22 | [システム管理者]Le Diep GET /api/config body:{}
[info] 18:07:22 | [システム管理者]Le Diep | GET / | システム設定環境変数を取得できました
[http] 18:07:23 | [システム管理者]Le Diep GET /api/cms/theme body:{}
[http] 18:07:23 | [システム管理者]Le Diep GET /api/cms/template body:{}
[info] 18:07:23 | [システム管理者]Le Diep | GET / | get all success
[info] 18:07:23 | [システム管理者]Le Diep | GET / | get all success
[http] 18:07:23 | [システム管理者]Le Diep GET /api/domain body:{}
[info] 18:07:23 | [システム管理者]Le Diep | GET / | get all success
[http] 18:07:23 | [システム管理者]Le Diep GET /api/group body:{}
[info] 18:07:23 | [システム管理者]Le Diep | GET / | get all success
[http] 18:07:38 | [システム管理者]Le Diep GET /auth body:{}
[http] 18:07:38 | [システム管理者]Le Diep GET /api/config body:{}
[info] 18:07:38 | [システム管理者]Le Diep | GET / | システム設定環境変数を取得できました
[http] 18:07:39 | [システム管理者]Le Diep GET /api/cms/theme body:{}
[info] 18:07:39 | [システム管理者]Le Diep | GET / | get all success
[http] 18:07:39 | [システム管理者]Le Diep GET /api/cms/template body:{}
[info] 18:07:39 | [システム管理者]Le Diep | GET / | get all success
[http] 18:07:39 | [システム管理者]Le Diep GET /api/domain body:{}
[info] 18:07:39 | [システム管理者]Le Diep | GET / | get all success
[http] 18:07:39 | [システム管理者]Le Diep GET /api/group body:{}
[info] 18:07:39 | [システム管理者]Le Diep | GET / | get all success
[http] 18:08:24 | [システム管理者]Le Diep GET /auth body:{}
[http] 18:08:24 | [システム管理者]Le Diep GET /api/config body:{}
[info] 18:08:24 | [システム管理者]Le Diep | GET / | システム設定環境変数を取得できました
[http] 18:08:25 | [システム管理者]Le Diep GET /api/cms/theme body:{}
[http] 18:08:25 | [システム管理者]Le Diep GET /api/cms/template body:{}
[info] 18:08:25 | [システム管理者]Le Diep | GET / | get all success
[info] 18:08:25 | [システム管理者]Le Diep | GET / | get all success
[http] 18:08:25 | [システム管理者]Le Diep GET /api/domain body:{}
[info] 18:08:25 | [システム管理者]Le Diep | GET / | get all success
[http] 18:08:25 | [システム管理者]Le Diep GET /api/group body:{}
[info] 18:08:25 | [システム管理者]Le Diep | GET / | get all success
[http] 18:08:49 | [システム管理者]Le Diep GET /auth body:{}
[http] 18:08:49 | [システム管理者]Le Diep GET /api/config body:{}
[info] 18:08:49 | [システム管理者]Le Diep | GET / | システム設定環境変数を取得できました
[http] 18:08:50 | [システム管理者]Le Diep GET /api/cms/theme body:{}
[http] 18:08:50 | [システム管理者]Le Diep GET /api/cms/template body:{}
[info] 18:08:50 | [システム管理者]Le Diep | GET / | get all success
[info] 18:08:50 | [システム管理者]Le Diep | GET / | get all success
[http] 18:08:50 | [システム管理者]Le Diep GET /api/domain body:{}
[info] 18:08:50 | [システム管理者]Le Diep | GET / | get all success
[http] 18:08:50 | [システム管理者]Le Diep GET /api/group body:{}
[info] 18:08:50 | [システム管理者]Le Diep | GET / | get all success
[http] 18:09:34 | [システム管理者]Le Diep GET /auth body:{}
[http] 18:09:34 | [システム管理者]Le Diep GET /api/config body:{}
[info] 18:09:34 | [システム管理者]Le Diep | GET / | システム設定環境変数を取得できました
[http] 18:09:35 | [システム管理者]Le Diep GET /api/cms/theme body:{}
[http] 18:09:35 | [システム管理者]Le Diep GET /api/cms/template body:{}
[info] 18:09:35 | [システム管理者]Le Diep | GET / | get all success
[info] 18:09:35 | [システム管理者]Le Diep | GET / | get all success
[http] 18:09:35 | [システム管理者]Le Diep GET /api/domain body:{}
[info] 18:09:35 | [システム管理者]Le Diep | GET / | get all success
[http] 18:09:35 | [システム管理者]Le Diep GET /api/group body:{}
[info] 18:09:35 | [システム管理者]Le Diep | GET / | get all success
[http] 18:10:47 | [システム管理者]Le Diep GET /auth body:{}
[http] 18:10:47 | [システム管理者]Le Diep GET /api/config body:{}
[info] 18:10:47 | [システム管理者]Le Diep | GET / | システム設定環境変数を取得できました
[http] 18:10:48 | [システム管理者]Le Diep GET /api/cms/theme body:{}
[info] 18:10:48 | [システム管理者]Le Diep | GET / | get all success
[http] 18:10:48 | [システム管理者]Le Diep GET /api/cms/template body:{}
[info] 18:10:48 | [システム管理者]Le Diep | GET / | get all success
[http] 18:10:48 | [システム管理者]Le Diep GET /api/domain body:{}
[info] 18:10:48 | [システム管理者]Le Diep | GET / | get all success
[http] 18:10:48 | [システム管理者]Le Diep GET /api/group body:{}
[info] 18:10:48 | [システム管理者]Le Diep | GET / | get all success
[http] 18:11:14 | [システム管理者]Le Diep GET /auth body:{}
[http] 18:11:14 | [システム管理者]Le Diep GET /api/config body:{}
[info] 18:11:14 | [システム管理者]Le Diep | GET / | システム設定環境変数を取得できました
[http] 18:11:15 | [システム管理者]Le Diep GET /api/cms/theme body:{}
[http] 18:11:15 | [システム管理者]Le Diep GET /api/cms/template body:{}
[info] 18:11:15 | [システム管理者]Le Diep | GET / | get all success
[info] 18:11:15 | [システム管理者]Le Diep | GET / | get all success
[http] 18:11:15 | [システム管理者]Le Diep GET /api/domain body:{}
[info] 18:11:15 | [システム管理者]Le Diep | GET / | get all success
[http] 18:11:15 | [システム管理者]Le Diep GET /api/group body:{}
[info] 18:11:15 | [システム管理者]Le Diep | GET / | get all success
[http] 18:13:16 | [システム管理者]Le Diep GET /api/config body:{}
[http] 18:13:16 | [システム管理者]Le Diep GET /auth body:{}
[info] 18:13:16 | [システム管理者]Le Diep | GET / | システム設定環境変数を取得できました
[http] 18:13:17 | [システム管理者]Le Diep GET /api/cms/template body:{}
[http] 18:13:17 | [システム管理者]Le Diep GET /api/cms/theme body:{}
[info] 18:13:17 | [システム管理者]Le Diep | GET / | get all success
[info] 18:13:17 | [システム管理者]Le Diep | GET / | get all success
[http] 18:13:17 | [システム管理者]Le Diep GET /api/domain body:{}
[info] 18:13:17 | [システム管理者]Le Diep | GET / | get all success
[http] 18:13:17 | [システム管理者]Le Diep GET /api/group body:{}
[info] 18:13:17 | [システム管理者]Le Diep | GET / | get all success
[http] 18:17:04 | [システム管理者]Le Diep GET /auth body:{}
[http] 18:17:04 | [システム管理者]Le Diep GET /api/config body:{}
[info] 18:17:04 | [システム管理者]Le Diep | GET / | システム設定環境変数を取得できました
[http] 18:17:05 | [システム管理者]Le Diep GET /api/cms/theme body:{}
[http] 18:17:05 | [システム管理者]Le Diep GET /api/cms/template body:{}
[info] 18:17:05 | [システム管理者]Le Diep | GET / | get all success
[info] 18:17:05 | [システム管理者]Le Diep | GET / | get all success
[http] 18:17:05 | [システム管理者]Le Diep GET /api/domain body:{}
[info] 18:17:05 | [システム管理者]Le Diep | GET / | get all success
[http] 18:17:05 | [システム管理者]Le Diep GET /api/group body:{}
[info] 18:17:05 | [システム管理者]Le Diep | GET / | get all success
[http] 18:18:05 | [システム管理者]Le Diep GET /auth body:{}
[http] 18:18:05 | [システム管理者]Le Diep GET /api/config body:{}
[info] 18:18:05 | [システム管理者]Le Diep | GET / | システム設定環境変数を取得できました
[http] 18:18:05 | [システム管理者]Le Diep GET /api/cms/theme body:{}
[info] 18:18:05 | [システム管理者]Le Diep | GET / | get all success
[http] 18:18:05 | [システム管理者]Le Diep GET /api/cms/template body:{}
[info] 18:18:05 | [システム管理者]Le Diep | GET / | get all success
[http] 18:18:05 | [システム管理者]Le Diep GET /api/domain body:{}
[info] 18:18:05 | [システム管理者]Le Diep | GET / | get all success
[http] 18:18:05 | [システム管理者]Le Diep GET /api/group body:{}
[info] 18:18:05 | [システム管理者]Le Diep | GET / | get all success
[http] 18:19:45 | [システム管理者]Le Diep GET /auth body:{}
[http] 18:19:45 | [システム管理者]Le Diep GET /api/config body:{}
[info] 18:19:45 | [システム管理者]Le Diep | GET / | システム設定環境変数を取得できました
[http] 18:19:46 | [システム管理者]Le Diep GET /api/cms/theme body:{}
[http] 18:19:46 | [システム管理者]Le Diep GET /api/cms/template body:{}
[info] 18:19:46 | [システム管理者]Le Diep | GET / | get all success
[info] 18:19:46 | [システム管理者]Le Diep | GET / | get all success
[http] 18:19:46 | [システム管理者]Le Diep GET /api/domain body:{}
[info] 18:19:46 | [システム管理者]Le Diep | GET / | get all success
[http] 18:19:46 | [システム管理者]Le Diep GET /api/group body:{}
[info] 18:19:46 | [システム管理者]Le Diep | GET / | get all success
[http] 18:23:28 | [システム管理者]Le Diep GET /auth body:{}
[http] 18:23:28 | [システム管理者]Le Diep GET /api/config body:{}
[info] 18:23:28 | [システム管理者]Le Diep | GET / | システム設定環境変数を取得できました
[http] 18:23:29 | [システム管理者]Le Diep GET /api/cms/theme body:{}
[http] 18:23:29 | [システム管理者]Le Diep GET /api/cms/template body:{}
[info] 18:23:29 | [システム管理者]Le Diep | GET / | get all success
[info] 18:23:29 | [システム管理者]Le Diep | GET / | get all success
[http] 18:23:29 | [システム管理者]Le Diep GET /api/domain body:{}
[info] 18:23:29 | [システム管理者]Le Diep | GET / | get all success
[http] 18:23:29 | [システム管理者]Le Diep GET /api/group body:{}
[info] 18:23:29 | [システム管理者]Le Diep | GET / | get all success
[http] 18:23:46 | [システム管理者]Le Diep GET /auth body:{}
[http] 18:23:46 | [システム管理者]Le Diep GET /api/config body:{}
[info] 18:23:46 | [システム管理者]Le Diep | GET / | システム設定環境変数を取得できました
[http] 18:23:47 | [システム管理者]Le Diep GET /api/cms/theme body:{}
[info] 18:23:47 | [システム管理者]Le Diep | GET / | get all success
[http] 18:23:47 | [システム管理者]Le Diep GET /api/cms/template body:{}
[info] 18:23:47 | [システム管理者]Le Diep | GET / | get all success
[http] 18:23:47 | [システム管理者]Le Diep GET /api/domain body:{}
[info] 18:23:47 | [システム管理者]Le Diep | GET / | get all success
[http] 18:23:47 | [システム管理者]Le Diep GET /api/group body:{}
[info] 18:23:47 | [システム管理者]Le Diep | GET / | get all success
[http] 18:24:06 | [システム管理者]Le Diep GET /api/local/gallery body:{}
[http] 18:24:06 | [システム管理者]Le Diep GET /imgs/fabric_1.webp body:{}
[http] 18:24:06 | [システム管理者]Le Diep GET /imgs/bg_pattern.webp body:{}
[http] 18:24:15 | [システム管理者]Le Diep GET /api/local/gallery body:{}
[http] 18:24:55 | [システム管理者]Le Diep GET /api/local/gallery body:{}
[http] 18:26:45 | [システム管理者]Le Diep GET /auth body:{}
[http] 18:26:45 | [システム管理者]Le Diep GET /api/config body:{}
[info] 18:26:45 | [システム管理者]Le Diep | GET / | システム設定環境変数を取得できました
[http] 18:26:45 | [システム管理者]Le Diep GET /api/cms/theme body:{}
[http] 18:26:45 | [システム管理者]Le Diep GET /api/cms/template body:{}
[info] 18:26:45 | [システム管理者]Le Diep | GET / | get all success
[info] 18:26:45 | [システム管理者]Le Diep | GET / | get all success
[http] 18:26:46 | [システム管理者]Le Diep GET /api/domain body:{}
[info] 18:26:46 | [システム管理者]Le Diep | GET / | get all success
[http] 18:26:46 | [システム管理者]Le Diep GET /api/group body:{}
[info] 18:26:46 | [システム管理者]Le Diep | GET / | get all success
[http] 18:27:22 | [システム管理者]Le Diep GET /auth body:{}
[http] 18:27:22 | [システム管理者]Le Diep GET /api/config body:{}
[info] 18:27:22 | [システム管理者]Le Diep | GET / | システム設定環境変数を取得できました
[http] 18:27:23 | [システム管理者]Le Diep GET /api/cms/theme body:{}
[info] 18:27:23 | [システム管理者]Le Diep | GET / | get all success
[http] 18:27:23 | [システム管理者]Le Diep GET /api/cms/template body:{}
[info] 18:27:23 | [システム管理者]Le Diep | GET / | get all success
[http] 18:27:23 | [システム管理者]Le Diep GET /api/domain body:{}
[info] 18:27:23 | [システム管理者]Le Diep | GET / | get all success
[http] 18:27:23 | [システム管理者]Le Diep GET /api/group body:{}
[info] 18:27:23 | [システム管理者]Le Diep | GET / | get all success
[http] 18:27:33 | [システム管理者]Le Diep GET /auth body:{}
[http] 18:27:33 | [システム管理者]Le Diep GET /api/config body:{}
[info] 18:27:33 | [システム管理者]Le Diep | GET / | システム設定環境変数を取得できました
[http] 18:27:34 | [システム管理者]Le Diep GET /api/cms/template body:{}
[http] 18:27:34 | [システム管理者]Le Diep GET /api/cms/theme body:{}
[info] 18:27:34 | [システム管理者]Le Diep | GET / | get all success
[info] 18:27:34 | [システム管理者]Le Diep | GET / | get all success
[http] 18:27:34 | [システム管理者]Le Diep GET /api/domain body:{}
[info] 18:27:34 | [システム管理者]Le Diep | GET / | get all success
[http] 18:27:34 | [システム管理者]Le Diep GET /api/group body:{}
[info] 18:27:34 | [システム管理者]Le Diep | GET / | get all success
[http] 18:31:27 | [システム管理者]Le Diep GET /auth body:{}
[http] 18:31:27 | [システム管理者]Le Diep GET /api/config body:{}
[info] 18:31:27 | [システム管理者]Le Diep | GET / | システム設定環境変数を取得できました
[http] 18:31:28 | [システム管理者]Le Diep GET /api/cms/theme body:{}
[info] 18:31:28 | [システム管理者]Le Diep | GET / | get all success
[http] 18:31:28 | [システム管理者]Le Diep GET /api/cms/template body:{}
[info] 18:31:28 | [システム管理者]Le Diep | GET / | get all success
[http] 18:31:28 | [システム管理者]Le Diep GET /api/domain body:{}
[info] 18:31:28 | [システム管理者]Le Diep | GET / | get all success
[http] 18:31:28 | [システム管理者]Le Diep GET /api/group body:{}
[info] 18:31:28 | [システム管理者]Le Diep | GET / | get all success
