[info] 10:31:46 | サーバの起動が完了しました。
[http] 10:31:54 | 匿名 GET /api/config body:{}
[http] 10:31:54 | 匿名 GET /api/domain body:{}
[info] 10:31:54 | 匿名 | GET / | システム設定環境変数を取得できました
[http] 10:31:54 | 匿名 GET /auth body:{}
[info] 10:31:54 | 匿名 | GET / | get all success
[http] 10:31:58 | 匿名 GET /auth/login/msal body:{}
[http] 10:31:58 | 匿名 POST /auth/login/msal body:{"name":"Le Diep","email":"diep.le@0004s.com"}
[http] 10:31:59 | [システム管理者]Le Diep GET /api/cms/web body:{}
[info] 10:31:59 | [システム管理者]Le Diep | GET / | get all success
[http] 10:32:10 | [システム管理者]Le Diep GET /api/form body:{}
[info] 10:32:10 | [システム管理者]Le Diep | GET / | get all success
[http] 11:06:46 | [システム管理者]Le Diep GET /api/config body:{}
[http] 11:06:46 | [システム管理者]Le Diep GET /api/domain body:{}
[http] 11:06:46 | [システム管理者]Le Diep GET /auth body:{}
[info] 11:06:46 | [システム管理者]Le Diep | GET / | システム設定環境変数を取得できました
[info] 11:06:46 | [システム管理者]Le Diep | GET / | get all success
[http] 11:06:46 | [システム管理者]Le Diep GET /api/cms/web body:{}
[info] 11:06:46 | [システム管理者]Le Diep | GET / | get all success
[http] 11:06:46 | [システム管理者]Le Diep GET /api/form body:{}
[info] 11:06:46 | [システム管理者]Le Diep | GET / | get all success
[http] 11:06:48 | [システム管理者]Le Diep GET /api/domain body:{}
[http] 11:06:48 | [システム管理者]Le Diep GET /api/config body:{}
[info] 11:06:48 | [システム管理者]Le Diep | GET / | get all success
[http] 11:06:48 | [システム管理者]Le Diep GET /auth body:{}
[info] 11:06:48 | [システム管理者]Le Diep | GET / | システム設定環境変数を取得できました
[http] 11:06:48 | [システム管理者]Le Diep GET /api/cms/web body:{}
[info] 11:06:48 | [システム管理者]Le Diep | GET / | get all success
[http] 11:06:49 | [システム管理者]Le Diep GET /api/form body:{}
[info] 11:06:49 | [システム管理者]Le Diep | GET / | get all success
[http] 11:07:33 | [システム管理者]Le Diep GET /api/domain body:{}
[http] 11:07:33 | [システム管理者]Le Diep GET /api/config body:{}
[http] 11:07:33 | [システム管理者]Le Diep GET /auth body:{}
[info] 11:07:33 | [システム管理者]Le Diep | GET / | get all success
[info] 11:07:33 | [システム管理者]Le Diep | GET / | システム設定環境変数を取得できました
[http] 11:07:33 | [システム管理者]Le Diep GET /api/cms/web body:{}
[info] 11:07:33 | [システム管理者]Le Diep | GET / | get all success
[http] 11:07:33 | [システム管理者]Le Diep GET /api/form body:{}
[info] 11:07:33 | [システム管理者]Le Diep | GET / | get all success
[http] 11:20:46 | [システム管理者]Le Diep GET /api/cms/page body:{}
[http] 11:20:46 | [システム管理者]Le Diep GET /api/cms/template body:{}
[http] 11:20:46 | [システム管理者]Le Diep GET /api/group body:{}
[info] 11:20:46 | [システム管理者]Le Diep | GET / | get all success
[info] 11:20:46 | [システム管理者]Le Diep | GET / | get all success
[info] 11:20:46 | [システム管理者]Le Diep | GET / | get all success
[http] 11:20:48 | [システム管理者]Le Diep GET /api/cms/theme body:{}
[info] 11:20:48 | [システム管理者]Le Diep | GET / | get all success
[http] 11:40:58 | [システム管理者]Le Diep GET /api/domain body:{}
[http] 11:40:58 | [システム管理者]Le Diep GET /api/config body:{}
[http] 11:40:58 | [システム管理者]Le Diep GET /auth body:{}
[info] 11:40:58 | [システム管理者]Le Diep | GET / | get all success
[info] 11:40:58 | [システム管理者]Le Diep | GET / | システム設定環境変数を取得できました
[http] 11:40:59 | [システム管理者]Le Diep GET /api/cms/web body:{}
[info] 11:40:59 | [システム管理者]Le Diep | GET / | get all success
[http] 11:40:59 | [システム管理者]Le Diep GET /api/form body:{}
[info] 11:40:59 | [システム管理者]Le Diep | GET / | get all success
[http] 11:41:43 | [システム管理者]Le Diep GET /api/domain body:{}
[http] 11:41:43 | [システム管理者]Le Diep GET /api/config body:{}
[http] 11:41:43 | [システム管理者]Le Diep GET /auth body:{}
[info] 11:41:43 | [システム管理者]Le Diep | GET / | get all success
[info] 11:41:43 | [システム管理者]Le Diep | GET / | システム設定環境変数を取得できました
[http] 11:41:43 | [システム管理者]Le Diep GET /api/cms/web body:{}
[info] 11:41:43 | [システム管理者]Le Diep | GET / | get all success
[http] 11:41:44 | [システム管理者]Le Diep GET /api/form body:{}
[info] 11:41:44 | [システム管理者]Le Diep | GET / | get all success
[http] 11:43:20 | [システム管理者]Le Diep GET /api/domain body:{}
[http] 11:43:20 | [システム管理者]Le Diep GET /api/config body:{}
[http] 11:43:20 | [システム管理者]Le Diep GET /auth body:{}
[info] 11:43:20 | [システム管理者]Le Diep | GET / | システム設定環境変数を取得できました
[info] 11:43:20 | [システム管理者]Le Diep | GET / | get all success
[http] 11:43:20 | [システム管理者]Le Diep GET /api/cms/web body:{}
[info] 11:43:20 | [システム管理者]Le Diep | GET / | get all success
[http] 11:43:21 | [システム管理者]Le Diep GET /api/form body:{}
[info] 11:43:21 | [システム管理者]Le Diep | GET / | get all success
[http] 13:12:14 | 匿名 POST /auth/logout body:{}
[http] 13:12:23 | 匿名 GET /api/domain body:{}
[http] 13:12:23 | 匿名 GET /api/config body:{}
[http] 13:12:23 | 匿名 GET /auth body:{}
[info] 13:12:23 | 匿名 | GET / | システム設定環境変数を取得できました
[info] 13:12:23 | 匿名 | GET / | get all success
[http] 13:12:24 | 匿名 GET /auth/login/msal body:{}
[http] 13:12:24 | 匿名 POST /auth/login/msal body:{"name":"Le Diep","email":"diep.le@0004s.com"}
[http] 13:12:24 | [システム管理者]Le Diep GET /api/cms/web body:{}
[info] 13:12:24 | [システム管理者]Le Diep | GET / | get all success
[http] 13:13:06 | [システム管理者]Le Diep GET /api/cms/page body:{}
[http] 13:13:06 | [システム管理者]Le Diep GET /api/cms/template body:{}
[http] 13:13:06 | [システム管理者]Le Diep GET /api/group body:{}
[info] 13:13:06 | [システム管理者]Le Diep | GET / | get all success
[info] 13:13:06 | [システム管理者]Le Diep | GET / | get all success
[info] 13:13:06 | [システム管理者]Le Diep | GET / | get all success
[http] 13:13:08 | [システム管理者]Le Diep GET /api/cms/theme body:{}
[info] 13:13:08 | [システム管理者]Le Diep | GET / | get all success
[http] 13:13:16 | [システム管理者]Le Diep GET /api/form body:{}
[info] 13:13:16 | [システム管理者]Le Diep | GET / | get all success
[http] 13:26:51 | [システム管理者]Le Diep GET /api/config body:{}
[http] 13:26:51 | [システム管理者]Le Diep GET /auth body:{}
[http] 13:26:51 | [システム管理者]Le Diep GET /api/domain body:{}
[info] 13:26:51 | [システム管理者]Le Diep | GET / | システム設定環境変数を取得できました
[info] 13:26:51 | [システム管理者]Le Diep | GET / | get all success
[http] 13:32:59 | [システム管理者]Le Diep GET /api/config body:{}
[http] 13:32:59 | [システム管理者]Le Diep GET /api/domain body:{}
[http] 13:32:59 | [システム管理者]Le Diep GET /auth body:{}
[info] 13:32:59 | [システム管理者]Le Diep | GET / | システム設定環境変数を取得できました
[info] 13:32:59 | [システム管理者]Le Diep | GET / | get all success
[http] 13:32:59 | [システム管理者]Le Diep GET /api/cms/web body:{}
[info] 13:32:59 | [システム管理者]Le Diep | GET / | get all success
[http] 13:33:00 | [システム管理者]Le Diep GET /api/form body:{}
[info] 13:33:00 | [システム管理者]Le Diep | GET / | get all success
[http] 13:41:01 | [システム管理者]Le Diep PUT /api/form/1 body:{"startDate":"2023-10-31T15:00:00.000Z"}
[info] 13:41:01 | [システム管理者]Le Diep | PUT /1 | formID: 1を編集が成功しました
[http] 13:41:01 | [システム管理者]Le Diep GET /api/form/1 body:{}
[info] 13:41:01 | [システム管理者]Le Diep | GET /1 | get one success
[http] 13:42:06 | [システム管理者]Le Diep GET /api/domain body:{}
[http] 13:42:06 | [システム管理者]Le Diep GET /api/config body:{}
[http] 13:42:06 | [システム管理者]Le Diep GET /auth body:{}
[info] 13:42:06 | [システム管理者]Le Diep | GET / | get all success
[info] 13:42:06 | [システム管理者]Le Diep | GET / | システム設定環境変数を取得できました
[http] 13:42:06 | [システム管理者]Le Diep GET /api/cms/web body:{}
[info] 13:42:06 | [システム管理者]Le Diep | GET / | get all success
[http] 13:42:06 | [システム管理者]Le Diep GET /api/form body:{}
[info] 13:42:06 | [システム管理者]Le Diep | GET / | get all success
[info] 13:49:52 | サーバの起動が完了しました。
[http] 13:53:24 | [システム管理者]Le Diep PUT /api/form/1 body:{"content":"[\"<div data-type=\\\"label\\\" data-display=\\\"dasdasd\\\" class=\\\"\\\" style=\\\"display: flex; flex-flow: column wrap; align-items: baseline; font-size: 16px; font-weight: 500; line-height: 32px; padding: 4px; position: relative; margin: 4px auto;\\\"><p>dasdasd</p></div>\"]"}
[info] 13:53:24 | [システム管理者]Le Diep | PUT /1 | formID: 1を編集が成功しました
[http] 13:53:24 | [システム管理者]Le Diep GET /api/form/1 body:{}
[info] 13:53:24 | [システム管理者]Le Diep | GET /1 | get one success
[http] 13:53:24 | [システム管理者]Le Diep GET /api/form/1 body:{}
[info] 13:53:24 | [システム管理者]Le Diep | GET /1 | get one success
[http] 13:53:33 | [システム管理者]Le Diep GET /api/domain body:{}
[http] 13:53:33 | [システム管理者]Le Diep GET /auth body:{}
[http] 13:53:33 | [システム管理者]Le Diep GET /api/config body:{}
[info] 13:53:33 | [システム管理者]Le Diep | GET / | get all success
[info] 13:53:33 | [システム管理者]Le Diep | GET / | システム設定環境変数を取得できました
[http] 13:53:33 | [システム管理者]Le Diep GET /api/cms/web body:{}
[info] 13:53:33 | [システム管理者]Le Diep | GET / | get all success
[http] 13:53:33 | [システム管理者]Le Diep GET /api/form body:{}
[info] 13:53:33 | [システム管理者]Le Diep | GET / | get all success
[http] 13:53:49 | [システム管理者]Le Diep PUT /api/form/1 body:{"content":"[\"<div data-type=\\\"label\\\" data-display=\\\"dasdasd\\\" class=\\\"\\\" style=\\\"display: flex; flex-flow: column wrap; align-items: baseline; font-size: 16px; font-weight: 500; line-height: 32px; padding: 4px; position: relative; margin: 4px auto;\\\" draggable=\\\"true\\\"><p>dasdasd</p></div>\",\"<div data-type=\\\"text\\\" data-display=\\\"dasd\\\" data-name=\\\"dasdasd\\\" class=\\\"\\\" draggable=\\\"true\\\" style=\\\"display: flex; flex-flow: column wrap; align-items: baseline; font-size: 16px; font-weight: 500; line-height: 32px; padding: 4px; position: relative; margin: 4px auto;\\\"><label style=\\\"display:flex;align-items:center;\\\" for=\\\"dasdasd\\\">dasd</label> <input style=\\\"width:100%;padding:4px 10px;border-radius: 4px;border: 1px solid currentColor;line-height: 32px;\\\" id=\\\"dasdasd\\\" name=\\\"dasdasd\\\" type=\\\"text\\\"></div>\"]"}
[info] 13:53:49 | [システム管理者]Le Diep | PUT /1 | formID: 1を編集が成功しました
[http] 13:53:49 | [システム管理者]Le Diep GET /api/form/1 body:{}
[info] 13:53:49 | [システム管理者]Le Diep | GET /1 | get one success
[http] 13:54:13 | [システム管理者]Le Diep PUT /api/form/1 body:{"content":"[\"<div data-type=\\\"label\\\" data-display=\\\"dasdasd\\\" class=\\\"\\\" style=\\\"display: flex; flex-flow: column wrap; align-items: baseline; font-size: 16px; font-weight: 500; line-height: 32px; padding: 4px; position: relative; margin: 4px auto;\\\" draggable=\\\"true\\\"><p>dasdasd</p></div>\",\"<div data-type=\\\"text\\\" data-display=\\\"dasd\\\" data-name=\\\"dasdasd\\\" class=\\\"\\\" draggable=\\\"true\\\" style=\\\"display: flex; flex-flow: column wrap; align-items: baseline; font-size: 16px; font-weight: 500; line-height: 32px; padding: 4px; position: relative; margin: 4px auto;\\\"><label style=\\\"display:flex;align-items:center;\\\" for=\\\"dasdasd\\\">dasd</label> <input style=\\\"width:100%;padding:4px 10px;border-radius: 4px;border: 1px solid currentColor;line-height: 32px;\\\" id=\\\"dasdasd\\\" name=\\\"dasdasd\\\" type=\\\"text\\\"></div>\",\"<div data-type=\\\"textarea\\\" data-display=\\\"asd\\\" data-name=\\\"dasdasddasdw\\\" class=\\\"\\\" draggable=\\\"true\\\" style=\\\"display: flex; flex-flow: column wrap; align-items: baseline; font-size: 16px; font-weight: 500; line-height: 32px; padding: 4px; position: relative; margin: 4px auto;\\\"><label style=\\\"display:flex;align-items:center;\\\" for=\\\"dasdasddasdw\\\">asd</label> <textarea style=\\\"width:100%;padding:4px 10px;border-radius: 4px;border: 1px solid currentColor;vertical\\\" id=\\\"dasdasddasdw\\\" name=\\\"dasdasddasdw\\\" rows=\\\"4\\\"></textarea></div>\"]"}
[info] 13:54:13 | [システム管理者]Le Diep | PUT /1 | formID: 1を編集が成功しました
[http] 13:54:13 | [システム管理者]Le Diep GET /api/form/1 body:{}
[info] 13:54:13 | [システム管理者]Le Diep | GET /1 | get one success
[http] 13:54:19 | [システム管理者]Le Diep GET /api/domain body:{}
[http] 13:54:19 | [システム管理者]Le Diep GET /api/config body:{}
[info] 13:54:19 | [システム管理者]Le Diep | GET / | get all success
[http] 13:54:19 | [システム管理者]Le Diep GET /auth body:{}
[info] 13:54:19 | [システム管理者]Le Diep | GET / | システム設定環境変数を取得できました
[http] 13:54:20 | [システム管理者]Le Diep GET /api/cms/web body:{}
[info] 13:54:20 | [システム管理者]Le Diep | GET / | get all success
[http] 13:54:20 | [システム管理者]Le Diep GET /api/form body:{}
[info] 13:54:20 | [システム管理者]Le Diep | GET / | get all success
[http] 13:56:14 | [システム管理者]Le Diep GET /api/group body:{}
[info] 13:56:14 | [システム管理者]Le Diep | GET / | get all success
[info] 14:05:35 | サーバの起動が完了しました。
[info] 14:07:02 | サーバの起動が完了しました。
[info] 14:07:21 | サーバの起動が完了しました。
[http] 14:07:26 | [システム管理者]Le Diep GET /api/domain body:{}
[http] 14:07:26 | [システム管理者]Le Diep GET /api/config body:{}
[http] 14:07:26 | [システム管理者]Le Diep GET /auth body:{}
[info] 14:07:26 | [システム管理者]Le Diep | GET / | get all success
[info] 14:07:26 | [システム管理者]Le Diep | GET / | システム設定環境変数を取得できました
[http] 14:07:26 | [システム管理者]Le Diep GET /api/cms/web body:{}
[info] 14:07:26 | [システム管理者]Le Diep | GET / | get all success
[http] 14:07:27 | [システム管理者]Le Diep GET /api/form body:{}
[info] 14:07:27 | [システム管理者]Le Diep | GET / | get all success
[http] 14:07:40 | [システム管理者]Le Diep DELETE /api/form/1 body:{}
[info] 14:07:40 | [システム管理者]Le Diep | DELETE /1 | formID: 1を削除が成功しました
[http] 14:07:43 | [システム管理者]Le Diep GET /api/domain body:{}
[http] 14:07:43 | [システム管理者]Le Diep GET /api/config body:{}
[http] 14:07:43 | [システム管理者]Le Diep GET /auth body:{}
[info] 14:07:43 | [システム管理者]Le Diep | GET / | get all success
[info] 14:07:43 | [システム管理者]Le Diep | GET / | システム設定環境変数を取得できました
[http] 14:07:43 | [システム管理者]Le Diep GET /api/cms/web body:{}
[info] 14:07:43 | [システム管理者]Le Diep | GET / | get all success
[http] 14:07:44 | [システム管理者]Le Diep GET /api/form body:{}
[info] 14:07:44 | [システム管理者]Le Diep | GET / | get all success
[http] 14:07:51 | [システム管理者]Le Diep POST /api/form/ body:{"name":"test","webId":1}
[info] 14:07:51 | [システム管理者]Le Diep | POST / | formID: 2を作成が成功しました
[http] 14:07:51 | [システム管理者]Le Diep GET /api/form/2 body:{}
[info] 14:07:51 | [システム管理者]Le Diep | GET /2 | get one success
[info] 14:20:55 | サーバの起動が完了しました。
[info] 14:22:24 | サーバの起動が完了しました。
[info] 14:26:52 | サーバの起動が完了しました。
[info] 14:30:26 | サーバの起動が完了しました。
[http] 14:31:16 | [システム管理者]Le Diep PUT /api/form/2 body:{"content":"[\"<div data-type=\\\"email\\\" data-display=\\\"wert\\\" data-name=\\\"werfgth\\\" class=\\\"\\\" style=\\\"display: flex; flex-flow: column wrap; align-items: baseline; font-size: 16px; font-weight: 500; line-height: 32px; padding: 4px; position: relative; margin: 4px auto;\\\"><label style=\\\"display:flex;align-items:center;\\\" for=\\\"werfgth\\\">wert</label> <input type=\\\"email\\\" style=\\\"width:100%;padding:4px 10px;border-radius: 4px;border: 1px solid currentColor;line-height: 32px;\\\" id=\\\"werfgth\\\" name=\\\"werfgth\\\"></div>\"]"}
[info] 14:31:16 | [システム管理者]Le Diep | PUT /2 | formID: 2を編集が成功しました
[http] 14:31:16 | [システム管理者]Le Diep GET /api/form/2 body:{}
[info] 14:31:16 | [システム管理者]Le Diep | GET /2 | get one success
[http] 14:31:16 | [システム管理者]Le Diep GET /api/form/2 body:{}
[info] 14:31:16 | [システム管理者]Le Diep | GET /2 | get one success
[http] 14:31:16 | [システム管理者]Le Diep GET /api/form/2 body:{}
[info] 14:31:16 | [システム管理者]Le Diep | GET /2 | get one success
[http] 14:31:16 | [システム管理者]Le Diep GET /api/form/2 body:{}
[info] 14:31:16 | [システム管理者]Le Diep | GET /2 | get one success
[http] 14:31:16 | [システム管理者]Le Diep GET /api/form/2 body:{}
[info] 14:31:16 | [システム管理者]Le Diep | GET /2 | get one success
[http] 14:31:19 | [システム管理者]Le Diep GET /api/cms/page body:{}
[http] 14:31:19 | [システム管理者]Le Diep GET /api/cms/template body:{}
[info] 14:31:19 | [システム管理者]Le Diep | GET / | get all success
[http] 14:31:19 | [システム管理者]Le Diep GET /api/group body:{}
[info] 14:31:19 | [システム管理者]Le Diep | GET / | get all success
[info] 14:31:19 | [システム管理者]Le Diep | GET / | get all success
[http] 14:31:21 | [システム管理者]Le Diep GET /api/cms/theme body:{}
[info] 14:31:21 | [システム管理者]Le Diep | GET / | get all success
[info] 14:35:52 | サーバの起動が完了しました。
[info] 14:36:12 | サーバの起動が完了しました。
[info] 14:54:51 | サーバの起動が完了しました。
[info] 14:55:11 | サーバの起動が完了しました。
[info] 14:55:33 | サーバの起動が完了しました。
[info] 14:56:43 | サーバの起動が完了しました。
[error] 14:57:16 | DB Sync error
[info] 14:57:16 | サーバの起動が完了しました。
[http] 14:57:22 | [システム管理者]Le Diep GET /api/domain body:{}
[http] 14:57:22 | [システム管理者]Le Diep GET /api/config body:{}
[http] 14:57:22 | [システム管理者]Le Diep GET /auth body:{}
[info] 14:57:22 | [システム管理者]Le Diep | GET / | get all success
[info] 14:57:22 | [システム管理者]Le Diep | GET / | システム設定環境変数を取得できました
[http] 14:57:22 | [システム管理者]Le Diep GET /api/cms/web body:{}
[info] 14:57:22 | [システム管理者]Le Diep | GET / | get all success
[http] 14:57:22 | [システム管理者]Le Diep GET /api/form body:{}
[error] 14:57:22 | [システム管理者]Le Diep | GET / | error
[http] 14:57:24 | [システム管理者]Le Diep GET /api/domain body:{}
[http] 14:57:24 | [システム管理者]Le Diep GET /api/config body:{}
[http] 14:57:24 | [システム管理者]Le Diep GET /auth body:{}
[info] 14:57:24 | [システム管理者]Le Diep | GET / | get all success
[info] 14:57:24 | [システム管理者]Le Diep | GET / | システム設定環境変数を取得できました
[http] 14:57:25 | [システム管理者]Le Diep GET /api/cms/web body:{}
[info] 14:57:25 | [システム管理者]Le Diep | GET / | get all success
[http] 14:57:25 | [システム管理者]Le Diep GET /api/form body:{}
[error] 14:57:25 | [システム管理者]Le Diep | GET / | error
[http] 14:57:33 | [システム管理者]Le Diep GET /api/domain body:{}
[http] 14:57:33 | [システム管理者]Le Diep GET /api/config body:{}
[info] 14:57:33 | [システム管理者]Le Diep | GET / | get all success
[http] 14:57:33 | [システム管理者]Le Diep GET /auth body:{}
[info] 14:57:33 | [システム管理者]Le Diep | GET / | システム設定環境変数を取得できました
[http] 14:57:33 | [システム管理者]Le Diep GET /api/cms/web body:{}
[info] 14:57:33 | [システム管理者]Le Diep | GET / | get all success
[http] 14:57:33 | [システム管理者]Le Diep GET /api/form body:{}
[error] 14:57:33 | [システム管理者]Le Diep | GET / | error
[http] 14:58:55 | [システム管理者]Le Diep GET /api/domain body:{}
[http] 14:58:55 | [システム管理者]Le Diep GET /api/config body:{}
[http] 14:58:55 | [システム管理者]Le Diep GET /auth body:{}
[info] 14:58:55 | [システム管理者]Le Diep | GET / | get all success
[info] 14:58:55 | [システム管理者]Le Diep | GET / | システム設定環境変数を取得できました
[http] 14:58:55 | [システム管理者]Le Diep GET /api/cms/web body:{}
[info] 14:58:55 | [システム管理者]Le Diep | GET / | get all success
[http] 14:58:55 | [システム管理者]Le Diep GET /api/form body:{}
[error] 14:58:55 | [システム管理者]Le Diep | GET / | error
[error] 14:59:52 | DB Sync error
[info] 14:59:52 | サーバの起動が完了しました。
[http] 15:00:01 | [システム管理者]Le Diep GET /api/domain body:{}
[http] 15:00:01 | [システム管理者]Le Diep GET /api/config body:{}
[info] 15:00:01 | [システム管理者]Le Diep | GET / | get all success
[http] 15:00:01 | [システム管理者]Le Diep GET /auth body:{}
[info] 15:00:01 | [システム管理者]Le Diep | GET / | システム設定環境変数を取得できました
[http] 15:00:02 | [システム管理者]Le Diep GET /api/cms/web body:{}
[info] 15:00:02 | [システム管理者]Le Diep | GET / | get all success
[http] 15:00:02 | [システム管理者]Le Diep GET /api/form body:{}
[error] 15:00:02 | [システム管理者]Le Diep | GET / | error
[error] 15:00:43 | DB Sync error
[info] 15:00:43 | サーバの起動が完了しました。
[error] 15:00:59 | DB Sync error
[error] 15:01:24 | DB Sync error
[info] 15:01:25 | サーバの起動が完了しました。
[http] 15:01:31 | [システム管理者]Le Diep GET /api/domain body:{}
[http] 15:01:31 | [システム管理者]Le Diep GET /api/config body:{}
[info] 15:01:31 | [システム管理者]Le Diep | GET / | get all success
[http] 15:01:31 | [システム管理者]Le Diep GET /auth body:{}
[info] 15:01:31 | [システム管理者]Le Diep | GET / | システム設定環境変数を取得できました
[http] 15:01:31 | [システム管理者]Le Diep GET /api/cms/web body:{}
[info] 15:01:31 | [システム管理者]Le Diep | GET / | get all success
[http] 15:01:32 | [システム管理者]Le Diep GET /api/form body:{}
[info] 15:01:32 | [システム管理者]Le Diep | GET / | get all success
[error] 15:13:37 | DB Sync error
[info] 15:13:37 | サーバの起動が完了しました。
[error] 15:13:56 | DB Sync error
[info] 15:13:56 | サーバの起動が完了しました。
[error] 15:14:12 | DB Sync error
[info] 15:14:12 | サーバの起動が完了しました。
[error] 15:14:15 | DB Sync error
[info] 15:14:15 | サーバの起動が完了しました。
[http] 15:14:21 | [システム管理者]Le Diep GET /api/domain body:{}
[http] 15:14:21 | [システム管理者]Le Diep GET /api/config body:{}
[info] 15:14:21 | [システム管理者]Le Diep | GET / | get all success
[http] 15:14:21 | [システム管理者]Le Diep GET /auth body:{}
[info] 15:14:21 | [システム管理者]Le Diep | GET / | システム設定環境変数を取得できました
[http] 15:14:21 | [システム管理者]Le Diep GET /api/cms/web body:{}
[info] 15:14:21 | [システム管理者]Le Diep | GET / | get all success
[http] 15:14:21 | [システム管理者]Le Diep GET /api/form body:{}
[info] 15:14:21 | [システム管理者]Le Diep | GET / | get all success
[http] 15:37:58 | [システム管理者]Le Diep POST /api/form/ body:{"name":"asdas","webId":1}
[info] 15:37:58 | [システム管理者]Le Diep | POST / | formID: 1を作成が成功しました
[http] 15:37:58 | [システム管理者]Le Diep GET /api/form/1 body:{}
[info] 15:37:58 | [システム管理者]Le Diep | GET /1 | get one success
[http] 15:43:16 | [システム管理者]Le Diep GET /api/domain body:{}
[http] 15:43:16 | [システム管理者]Le Diep GET /auth body:{}
[http] 15:43:16 | [システム管理者]Le Diep GET /api/config body:{}
[info] 15:43:16 | [システム管理者]Le Diep | GET / | get all success
[info] 15:43:16 | [システム管理者]Le Diep | GET / | システム設定環境変数を取得できました
[http] 15:43:36 | [システム管理者]Le Diep GET /api/domain body:{}
[http] 15:43:36 | [システム管理者]Le Diep GET /api/config body:{}
[http] 15:43:36 | [システム管理者]Le Diep GET /auth body:{}
[info] 15:43:36 | [システム管理者]Le Diep | GET / | get all success
[info] 15:43:36 | [システム管理者]Le Diep | GET / | システム設定環境変数を取得できました
[http] 15:43:36 | [システム管理者]Le Diep GET /api/cms/web body:{}
[info] 15:43:36 | [システム管理者]Le Diep | GET / | get all success
[http] 15:43:36 | [システム管理者]Le Diep GET /api/form body:{}
[info] 15:43:36 | [システム管理者]Le Diep | GET / | get all success
[http] 15:47:38 | [システム管理者]Le Diep POST /api/form body:{"formId":"1"}
[http] 15:47:40 | [システム管理者]Le Diep GET /api/cms/web body:{}
[info] 15:47:40 | [システム管理者]Le Diep | GET / | get all success
[http] 15:47:41 | [システム管理者]Le Diep GET /api/form body:{}
[info] 15:47:41 | [システム管理者]Le Diep | GET / | get all success
[http] 15:53:31 | [システム管理者]Le Diep GET /api/domain body:{}
[http] 15:53:31 | [システム管理者]Le Diep GET /api/config body:{}
[http] 15:53:31 | [システム管理者]Le Diep GET /auth body:{}
[info] 15:53:31 | [システム管理者]Le Diep | GET / | get all success
[info] 15:53:31 | [システム管理者]Le Diep | GET / | システム設定環境変数を取得できました
[http] 15:57:07 | [システム管理者]Le Diep GET /api/domain body:{}
[http] 15:57:07 | [システム管理者]Le Diep GET /auth body:{}
[http] 15:57:07 | [システム管理者]Le Diep GET /api/config body:{}
[info] 15:57:07 | [システム管理者]Le Diep | GET / | get all success
[info] 15:57:07 | [システム管理者]Le Diep | GET / | システム設定環境変数を取得できました
[http] 15:57:13 | [システム管理者]Le Diep GET /api/config body:{}
[http] 15:57:13 | [システム管理者]Le Diep GET /api/domain body:{}
[info] 15:57:13 | [システム管理者]Le Diep | GET / | システム設定環境変数を取得できました
[http] 15:57:13 | [システム管理者]Le Diep GET /auth body:{}
[info] 15:57:13 | [システム管理者]Le Diep | GET / | get all success
[http] 15:57:13 | [システム管理者]Le Diep GET /api/cms/web body:{}
[info] 15:57:13 | [システム管理者]Le Diep | GET / | get all success
[http] 15:57:14 | [システム管理者]Le Diep GET /api/form body:{}
[info] 15:57:14 | [システム管理者]Le Diep | GET / | get all success
[http] 16:00:13 | [システム管理者]Le Diep GET /api/domain body:{}
[http] 16:00:13 | [システム管理者]Le Diep GET /api/config body:{}
[http] 16:00:13 | [システム管理者]Le Diep GET /auth body:{}
[info] 16:00:13 | [システム管理者]Le Diep | GET / | get all success
[info] 16:00:13 | [システム管理者]Le Diep | GET / | システム設定環境変数を取得できました
[http] 16:00:13 | [システム管理者]Le Diep GET /api/cms/web body:{}
[info] 16:00:13 | [システム管理者]Le Diep | GET / | get all success
[http] 16:00:14 | [システム管理者]Le Diep GET /api/form body:{}
[info] 16:00:14 | [システム管理者]Le Diep | GET / | get all success
[http] 16:02:45 | [システム管理者]Le Diep GET /api/domain body:{}
[http] 16:02:45 | [システム管理者]Le Diep GET /auth body:{}
[http] 16:02:45 | [システム管理者]Le Diep GET /api/config body:{}
[info] 16:02:45 | [システム管理者]Le Diep | GET / | get all success
[info] 16:02:45 | [システム管理者]Le Diep | GET / | システム設定環境変数を取得できました
[http] 16:02:45 | [システム管理者]Le Diep GET /api/cms/web body:{}
[info] 16:02:45 | [システム管理者]Le Diep | GET / | get all success
[http] 16:02:46 | [システム管理者]Le Diep GET /api/form body:{}
[info] 16:02:46 | [システム管理者]Le Diep | GET / | get all success
[http] 16:03:57 | [システム管理者]Le Diep GET /api/config body:{}
[http] 16:03:57 | [システム管理者]Le Diep GET /auth body:{}
[http] 16:03:57 | [システム管理者]Le Diep GET /api/domain body:{}
[info] 16:03:57 | [システム管理者]Le Diep | GET / | システム設定環境変数を取得できました
[info] 16:03:57 | [システム管理者]Le Diep | GET / | get all success
[http] 16:03:57 | [システム管理者]Le Diep GET /api/cms/web body:{}
[info] 16:03:57 | [システム管理者]Le Diep | GET / | get all success
[http] 16:03:58 | [システム管理者]Le Diep GET /api/form body:{}
[info] 16:03:58 | [システム管理者]Le Diep | GET / | get all success
[http] 16:08:38 | [システム管理者]Le Diep POST /api/form body:{"formId":"1"}
[http] 16:08:39 | [システム管理者]Le Diep GET /api/cms/web body:{}
[info] 16:08:39 | [システム管理者]Le Diep | GET / | get all success
[http] 16:08:40 | [システム管理者]Le Diep GET /api/form body:{}
[info] 16:08:40 | [システム管理者]Le Diep | GET / | get all success
[http] 16:14:02 | [システム管理者]Le Diep GET /api/domain body:{}
[http] 16:14:03 | [システム管理者]Le Diep GET /api/config body:{}
[http] 16:14:03 | [システム管理者]Le Diep GET /auth body:{}
[info] 16:14:03 | [システム管理者]Le Diep | GET / | get all success
[info] 16:14:03 | [システム管理者]Le Diep | GET / | システム設定環境変数を取得できました
[http] 16:14:03 | [システム管理者]Le Diep GET /api/cms/web body:{}
[info] 16:14:03 | [システム管理者]Le Diep | GET / | get all success
[http] 16:14:03 | [システム管理者]Le Diep GET /api/form body:{}
[info] 16:14:03 | [システム管理者]Le Diep | GET / | get all success
[http] 16:35:19 | [システム管理者]Le Diep GET /api/domain body:{}
[http] 16:35:19 | [システム管理者]Le Diep GET /api/config body:{}
[http] 16:35:19 | [システム管理者]Le Diep GET /auth body:{}
[info] 16:35:19 | [システム管理者]Le Diep | GET / | get all success
[info] 16:35:19 | [システム管理者]Le Diep | GET / | システム設定環境変数を取得できました
[http] 16:35:19 | [システム管理者]Le Diep GET /api/cms/web body:{}
[info] 16:35:19 | [システム管理者]Le Diep | GET / | get all success
[http] 16:35:20 | [システム管理者]Le Diep GET /api/form body:{}
[info] 16:35:20 | [システム管理者]Le Diep | GET / | get all success
[http] 16:36:12 | [システム管理者]Le Diep GET /api/domain body:{}
[http] 16:36:12 | [システム管理者]Le Diep GET /api/config body:{}
[http] 16:36:12 | [システム管理者]Le Diep GET /auth body:{}
[info] 16:36:12 | [システム管理者]Le Diep | GET / | システム設定環境変数を取得できました
[info] 16:36:12 | [システム管理者]Le Diep | GET / | get all success
[http] 16:36:12 | [システム管理者]Le Diep GET /api/cms/web body:{}
[info] 16:36:12 | [システム管理者]Le Diep | GET / | get all success
[http] 16:36:12 | [システム管理者]Le Diep GET /api/form body:{}
[info] 16:36:12 | [システム管理者]Le Diep | GET / | get all success
[http] 16:39:11 | [システム管理者]Le Diep GET /api/domain body:{}
[http] 16:39:11 | [システム管理者]Le Diep GET /auth body:{}
[http] 16:39:11 | [システム管理者]Le Diep GET /api/config body:{}
[info] 16:39:11 | [システム管理者]Le Diep | GET / | get all success
[info] 16:39:11 | [システム管理者]Le Diep | GET / | システム設定環境変数を取得できました
[http] 16:40:12 | [システム管理者]Le Diep GET /api/domain body:{}
[http] 16:40:12 | [システム管理者]Le Diep GET /api/config body:{}
[http] 16:40:12 | [システム管理者]Le Diep GET /auth body:{}
[info] 16:40:12 | [システム管理者]Le Diep | GET / | get all success
[info] 16:40:12 | [システム管理者]Le Diep | GET / | システム設定環境変数を取得できました
[http] 16:43:39 | [システム管理者]Le Diep GET /api/domain body:{}
[http] 16:43:39 | [システム管理者]Le Diep GET /auth body:{}
[http] 16:43:39 | [システム管理者]Le Diep GET /api/config body:{}
[info] 16:43:39 | [システム管理者]Le Diep | GET / | get all success
[info] 16:43:39 | [システム管理者]Le Diep | GET / | システム設定環境変数を取得できました
[http] 16:44:14 | [システム管理者]Le Diep GET /auth body:{}
[http] 16:44:14 | [システム管理者]Le Diep GET /api/config body:{}
[http] 16:44:14 | [システム管理者]Le Diep GET /api/domain body:{}
[info] 16:44:14 | [システム管理者]Le Diep | GET / | システム設定環境変数を取得できました
[info] 16:44:14 | [システム管理者]Le Diep | GET / | get all success
[http] 16:44:14 | [システム管理者]Le Diep GET /api/cms/web body:{}
[info] 16:44:14 | [システム管理者]Le Diep | GET / | get all success
[http] 16:44:15 | [システム管理者]Le Diep GET /api/form body:{}
[info] 16:44:15 | [システム管理者]Le Diep | GET / | get all success
[http] 16:46:50 | [システム管理者]Le Diep GET /api/domain body:{}
[http] 16:46:50 | [システム管理者]Le Diep GET /api/config body:{}
[http] 16:46:50 | [システム管理者]Le Diep GET /auth body:{}
[info] 16:46:50 | [システム管理者]Le Diep | GET / | システム設定環境変数を取得できました
[info] 16:46:50 | [システム管理者]Le Diep | GET / | get all success
[http] 16:46:50 | [システム管理者]Le Diep GET /api/cms/web body:{}
[info] 16:46:50 | [システム管理者]Le Diep | GET / | get all success
[http] 16:46:51 | [システム管理者]Le Diep GET /api/form body:{}
[info] 16:46:51 | [システム管理者]Le Diep | GET / | get all success
[http] 16:50:00 | [システム管理者]Le Diep GET /api/domain body:{}
[http] 16:50:00 | [システム管理者]Le Diep GET /api/config body:{}
[http] 16:50:00 | [システム管理者]Le Diep GET /auth body:{}
[info] 16:50:00 | [システム管理者]Le Diep | GET / | get all success
[info] 16:50:00 | [システム管理者]Le Diep | GET / | システム設定環境変数を取得できました
[http] 16:50:19 | [システム管理者]Le Diep GET /api/domain body:{}
[http] 16:50:19 | [システム管理者]Le Diep GET /auth body:{}
[http] 16:50:19 | [システム管理者]Le Diep GET /api/config body:{}
[info] 16:50:19 | [システム管理者]Le Diep | GET / | get all success
[info] 16:50:19 | [システム管理者]Le Diep | GET / | システム設定環境変数を取得できました
[http] 16:50:19 | [システム管理者]Le Diep GET /api/cms/web body:{}
[info] 16:50:19 | [システム管理者]Le Diep | GET / | get all success
[http] 16:50:20 | [システム管理者]Le Diep GET /api/form body:{}
[info] 16:50:20 | [システム管理者]Le Diep | GET / | get all success
[http] 16:50:29 | [システム管理者]Le Diep GET /api/domain body:{}
[http] 16:50:29 | [システム管理者]Le Diep GET /api/config body:{}
[http] 16:50:29 | [システム管理者]Le Diep GET /auth body:{}
[info] 16:50:29 | [システム管理者]Le Diep | GET / | get all success
[info] 16:50:29 | [システム管理者]Le Diep | GET / | システム設定環境変数を取得できました
[http] 16:50:29 | [システム管理者]Le Diep GET /api/cms/web body:{}
[info] 16:50:29 | [システム管理者]Le Diep | GET / | get all success
[http] 16:50:29 | [システム管理者]Le Diep GET /api/form body:{}
[info] 16:50:29 | [システム管理者]Le Diep | GET / | get all success
[http] 17:48:28 | [システム管理者]Le Diep GET /api/domain body:{}
[http] 17:48:28 | [システム管理者]Le Diep GET /api/config body:{}
[http] 17:48:28 | [システム管理者]Le Diep GET /auth body:{}
[info] 17:48:28 | [システム管理者]Le Diep | GET / | システム設定環境変数を取得できました
[info] 17:48:28 | [システム管理者]Le Diep | GET / | get all success
[http] 17:48:29 | [システム管理者]Le Diep GET /api/cms/web body:{}
[info] 17:48:29 | [システム管理者]Le Diep | GET / | get all success
[http] 17:48:29 | [システム管理者]Le Diep GET /api/form body:{}
[info] 17:48:29 | [システム管理者]Le Diep | GET / | get all success
[http] 18:22:10 | [システム管理者]Le Diep GET /api/domain body:{}
[http] 18:22:10 | [システム管理者]Le Diep GET /api/config body:{}
[http] 18:22:10 | [システム管理者]Le Diep GET /auth body:{}
[info] 18:22:10 | [システム管理者]Le Diep | GET / | システム設定環境変数を取得できました
[info] 18:22:10 | [システム管理者]Le Diep | GET / | get all success
[http] 18:22:10 | [システム管理者]Le Diep GET /api/cms/web body:{}
[info] 18:22:10 | [システム管理者]Le Diep | GET / | get all success
[http] 18:22:11 | [システム管理者]Le Diep GET /api/form body:{}
[info] 18:22:11 | [システム管理者]Le Diep | GET / | get all success
[http] 18:23:48 | [システム管理者]Le Diep GET /api/domain body:{}
[http] 18:23:48 | [システム管理者]Le Diep GET /api/config body:{}
[http] 18:23:48 | [システム管理者]Le Diep GET /auth body:{}
[info] 18:23:48 | [システム管理者]Le Diep | GET / | get all success
[info] 18:23:48 | [システム管理者]Le Diep | GET / | システム設定環境変数を取得できました
[http] 18:23:48 | [システム管理者]Le Diep GET /api/cms/web body:{}
[info] 18:23:48 | [システム管理者]Le Diep | GET / | get all success
[http] 18:23:49 | [システム管理者]Le Diep GET /api/form body:{}
[info] 18:23:49 | [システム管理者]Le Diep | GET / | get all success
[http] 18:25:33 | [システム管理者]Le Diep GET /api/domain body:{}
[http] 18:25:33 | [システム管理者]Le Diep GET /api/config body:{}
[http] 18:25:33 | [システム管理者]Le Diep GET /auth body:{}
[info] 18:25:33 | [システム管理者]Le Diep | GET / | get all success
[info] 18:25:33 | [システム管理者]Le Diep | GET / | システム設定環境変数を取得できました
[http] 18:25:33 | [システム管理者]Le Diep GET /api/cms/web body:{}
[info] 18:25:33 | [システム管理者]Le Diep | GET / | get all success
[http] 18:25:33 | [システム管理者]Le Diep GET /api/form body:{}
[info] 18:25:33 | [システム管理者]Le Diep | GET / | get all success
[http] 18:29:39 | [システム管理者]Le Diep GET /api/domain body:{}
[http] 18:29:39 | [システム管理者]Le Diep GET /api/config body:{}
[http] 18:29:39 | [システム管理者]Le Diep GET /auth body:{}
[info] 18:29:39 | [システム管理者]Le Diep | GET / | システム設定環境変数を取得できました
[info] 18:29:39 | [システム管理者]Le Diep | GET / | get all success
[http] 18:29:39 | [システム管理者]Le Diep GET /api/cms/web body:{}
[info] 18:29:39 | [システム管理者]Le Diep | GET / | get all success
[http] 18:29:40 | [システム管理者]Le Diep GET /api/form body:{}
[info] 18:29:40 | [システム管理者]Le Diep | GET / | get all success
[http] 18:30:22 | [システム管理者]Le Diep GET /api/domain body:{}
[http] 18:30:22 | [システム管理者]Le Diep GET /api/config body:{}
[http] 18:30:22 | [システム管理者]Le Diep GET /auth body:{}
[info] 18:30:22 | [システム管理者]Le Diep | GET / | get all success
[info] 18:30:22 | [システム管理者]Le Diep | GET / | システム設定環境変数を取得できました
[http] 18:30:22 | [システム管理者]Le Diep GET /api/cms/web body:{}
[info] 18:30:22 | [システム管理者]Le Diep | GET / | get all success
[http] 18:30:22 | [システム管理者]Le Diep GET /api/form body:{}
[info] 18:30:22 | [システム管理者]Le Diep | GET / | get all success
