[info] 10:04:14 | サーバの起動が完了しました。
[http] 10:04:23 | 匿名 GET /auth body:{}
[http] 10:04:23 | 匿名 GET /api/config body:{}
[info] 10:04:23 | 匿名 | GET / | システム設定環境変数を取得できました
[http] 10:04:24 | 匿名 GET /auth/login/msal body:{}
[http] 10:04:24 | 匿名 POST /auth/login/msal body:{"name":"Le Diep","email":"diep.le@0004s.com"}
[http] 10:04:27 | [admin-system]Le Diep GET /api/cms/theme body:{}
[info] 10:04:27 | [admin-system]Le Diep | GET / | get all success
[http] 10:08:39 | [admin-system]Le Diep GET /auth body:{}
[http] 10:08:39 | [admin-system]Le Diep GET /api/config body:{}
[info] 10:08:39 | [admin-system]Le Diep | GET / | システム設定環境変数を取得できました
[http] 10:08:39 | [admin-system]Le Diep GET /api/cms/theme body:{}
[info] 10:08:39 | [admin-system]Le Diep | GET / | get all success
[http] 10:08:47 | [admin-system]Le Diep GET /auth body:{}
[http] 10:08:47 | [admin-system]Le Diep GET /api/config body:{}
[info] 10:08:47 | [admin-system]Le Diep | GET / | システム設定環境変数を取得できました
[http] 10:08:47 | [admin-system]Le Diep GET /api/cms/theme body:{}
[info] 10:08:47 | [admin-system]Le Diep | GET / | get all success
[http] 10:09:06 | [admin-system]Le Diep GET /auth body:{}
[http] 10:09:06 | [admin-system]Le Diep GET /api/config body:{}
[info] 10:09:06 | [admin-system]Le Diep | GET / | システム設定環境変数を取得できました
[http] 10:09:06 | [admin-system]Le Diep GET /api/cms/theme body:{}
[info] 10:09:06 | [admin-system]Le Diep | GET / | get all success
[http] 10:24:09 | [admin-system]Le Diep GET /api/config body:{}
[info] 10:24:09 | [admin-system]Le Diep | GET / | システム設定環境変数を取得できました
[http] 10:24:12 | [admin-system]Le Diep GET /auth body:{}
[http] 10:24:12 | [admin-system]Le Diep GET /api/config body:{}
[info] 10:24:12 | [admin-system]Le Diep | GET / | システム設定環境変数を取得できました
[http] 10:24:12 | [admin-system]Le Diep GET /api/cms/theme body:{}
[info] 10:24:12 | [admin-system]Le Diep | GET / | get all success
[http] 10:29:20 | [admin-system]Le Diep GET /api/config body:{}
[info] 10:29:20 | [admin-system]Le Diep | GET / | システム設定環境変数を取得できました
[http] 10:29:23 | [admin-system]Le Diep GET /auth body:{}
[http] 10:29:23 | [admin-system]Le Diep GET /api/config body:{}
[info] 10:29:23 | [admin-system]Le Diep | GET / | システム設定環境変数を取得できました
[http] 10:29:23 | [admin-system]Le Diep GET /api/cms/theme body:{}
[info] 10:29:23 | [admin-system]Le Diep | GET / | get all success
[http] 10:29:59 | [admin-system]Le Diep GET /auth body:{}
[http] 10:29:59 | [admin-system]Le Diep GET /api/config body:{}
[info] 10:29:59 | [admin-system]Le Diep | GET / | システム設定環境変数を取得できました
[http] 10:30:00 | [admin-system]Le Diep GET /api/cms/theme body:{}
[info] 10:30:00 | [admin-system]Le Diep | GET / | get all success
[http] 10:32:28 | [admin-system]Le Diep GET /api/config body:{}
[info] 10:32:28 | [admin-system]Le Diep | GET / | システム設定環境変数を取得できました
[http] 10:32:31 | [admin-system]Le Diep GET /auth body:{}
[http] 10:32:31 | [admin-system]Le Diep GET /api/config body:{}
[info] 10:32:31 | [admin-system]Le Diep | GET / | システム設定環境変数を取得できました
[http] 10:32:32 | [admin-system]Le Diep GET /api/cms/theme body:{}
[info] 10:32:32 | [admin-system]Le Diep | GET / | get all success
[http] 10:47:48 | [admin-system]Le Diep GET /api/config body:{}
[info] 10:47:48 | [admin-system]Le Diep | GET / | システム設定環境変数を取得できました
[http] 10:48:02 | [admin-system]Le Diep GET /api/config body:{}
[info] 10:48:02 | [admin-system]Le Diep | GET / | システム設定環境変数を取得できました
[http] 11:05:32 | [admin-system]Le Diep GET /api/config body:{}
[info] 11:05:32 | [admin-system]Le Diep | GET / | システム設定環境変数を取得できました
[http] 11:05:36 | [admin-system]Le Diep GET /auth body:{}
[http] 11:05:36 | [admin-system]Le Diep GET /api/config body:{}
[info] 11:05:36 | [admin-system]Le Diep | GET / | システム設定環境変数を取得できました
[http] 11:05:36 | [admin-system]Le Diep GET /api/cms/theme body:{}
[info] 11:05:36 | [admin-system]Le Diep | GET / | get all success
[http] 11:21:25 | [admin-system]Le Diep GET /api/config body:{}
[info] 11:21:25 | [admin-system]Le Diep | GET / | システム設定環境変数を取得できました
[http] 11:21:28 | [admin-system]Le Diep GET /auth body:{}
[http] 11:21:28 | [admin-system]Le Diep GET /api/config body:{}
[info] 11:21:28 | [admin-system]Le Diep | GET / | システム設定環境変数を取得できました
[http] 11:21:28 | [admin-system]Le Diep GET /api/cms/theme body:{}
[info] 11:21:28 | [admin-system]Le Diep | GET / | get all success
[http] 11:25:44 | [admin-system]Le Diep GET /auth body:{}
[http] 11:25:44 | [admin-system]Le Diep GET /api/config body:{}
[info] 11:25:44 | [admin-system]Le Diep | GET / | システム設定環境変数を取得できました
[http] 11:25:45 | [admin-system]Le Diep GET /api/cms/theme body:{}
[info] 11:25:45 | [admin-system]Le Diep | GET / | get all success
[http] 11:38:51 | [admin-system]Le Diep GET /auth body:{}
[http] 11:38:51 | [admin-system]Le Diep GET /api/config body:{}
[info] 11:38:51 | [admin-system]Le Diep | GET / | システム設定環境変数を取得できました
[http] 11:38:52 | [admin-system]Le Diep GET /api/cms/theme body:{}
[info] 11:38:52 | [admin-system]Le Diep | GET / | get all success
[http] 12:16:58 | [admin-system]Le Diep GET /auth body:{}
[http] 12:16:58 | [admin-system]Le Diep GET /api/config body:{}
[info] 12:16:58 | [admin-system]Le Diep | GET / | システム設定環境変数を取得できました
[http] 12:16:58 | [admin-system]Le Diep GET /api/cms/theme body:{}
[info] 12:16:58 | [admin-system]Le Diep | GET / | get all success
[http] 13:20:35 | 匿名 POST /auth/logout body:{}
[http] 13:20:37 | 匿名 GET /auth body:{}
[http] 13:20:37 | 匿名 GET /api/config body:{}
[info] 13:20:37 | 匿名 | GET / | システム設定環境変数を取得できました
[http] 13:20:38 | 匿名 GET /auth/login/msal body:{}
[http] 13:20:38 | 匿名 POST /auth/login/msal body:{"name":"Le Diep","email":"diep.le@0004s.com"}
[http] 13:20:40 | [admin-system]Le Diep GET /api/cms/theme body:{}
[info] 13:20:40 | [admin-system]Le Diep | GET / | get all success
[http] 13:25:11 | [admin-system]Le Diep GET /auth body:{}
[http] 13:25:11 | [admin-system]Le Diep GET /api/config body:{}
[info] 13:25:11 | [admin-system]Le Diep | GET / | システム設定環境変数を取得できました
[http] 13:25:11 | [admin-system]Le Diep GET /api/cms/theme body:{}
[info] 13:25:11 | [admin-system]Le Diep | GET / | get all success
[http] 13:46:31 | [admin-system]Le Diep GET /auth body:{}
[http] 13:46:31 | [admin-system]Le Diep GET /api/config body:{}
[info] 13:46:31 | [admin-system]Le Diep | GET / | システム設定環境変数を取得できました
[http] 13:46:32 | [admin-system]Le Diep GET /api/cms/theme body:{}
[info] 13:46:32 | [admin-system]Le Diep | GET / | get all success
[http] 13:53:11 | [admin-system]Le Diep GET /auth body:{}
[http] 13:53:11 | [admin-system]Le Diep GET /api/config body:{}
[info] 13:53:11 | [admin-system]Le Diep | GET / | システム設定環境変数を取得できました
[http] 13:53:12 | [admin-system]Le Diep GET /api/cms/theme body:{}
[info] 13:53:12 | [admin-system]Le Diep | GET / | get all success
[http] 13:56:11 | [admin-system]Le Diep GET /api/config body:{}
[info] 13:56:11 | [admin-system]Le Diep | GET / | システム設定環境変数を取得できました
[http] 13:56:14 | [admin-system]Le Diep GET /auth body:{}
[http] 13:56:14 | [admin-system]Le Diep GET /api/config body:{}
[info] 13:56:14 | [admin-system]Le Diep | GET / | システム設定環境変数を取得できました
[http] 13:56:14 | [admin-system]Le Diep GET /api/cms/theme body:{}
[info] 13:56:14 | [admin-system]Le Diep | GET / | get all success
[http] 13:59:24 | [admin-system]Le Diep GET /auth body:{}
[http] 13:59:24 | [admin-system]Le Diep GET /api/config body:{}
[info] 13:59:24 | [admin-system]Le Diep | GET / | システム設定環境変数を取得できました
[http] 13:59:25 | [admin-system]Le Diep GET /api/cms/theme body:{}
[info] 13:59:25 | [admin-system]Le Diep | GET / | get all success
[http] 14:00:08 | [admin-system]Le Diep GET /auth body:{}
[http] 14:00:08 | [admin-system]Le Diep GET /api/config body:{}
[info] 14:00:08 | [admin-system]Le Diep | GET / | システム設定環境変数を取得できました
[http] 14:00:09 | [admin-system]Le Diep GET /api/cms/theme body:{}
[info] 14:00:09 | [admin-system]Le Diep | GET / | get all success
[http] 14:08:24 | [admin-system]Le Diep GET /auth body:{}
[http] 14:08:24 | [admin-system]Le Diep GET /api/config body:{}
[info] 14:08:24 | [admin-system]Le Diep | GET / | システム設定環境変数を取得できました
[http] 14:08:25 | [admin-system]Le Diep GET /api/cms/theme body:{}
[info] 14:08:25 | [admin-system]Le Diep | GET / | get all success
[http] 14:14:46 | [admin-system]Le Diep GET /auth body:{}
[http] 14:14:46 | [admin-system]Le Diep GET /api/config body:{}
[info] 14:14:46 | [admin-system]Le Diep | GET / | システム設定環境変数を取得できました
[http] 14:14:47 | [admin-system]Le Diep GET /api/cms/theme body:{}
[info] 14:14:47 | [admin-system]Le Diep | GET / | get all success
[http] 14:15:34 | [admin-system]Le Diep GET /auth body:{}
[http] 14:15:34 | [admin-system]Le Diep GET /api/config body:{}
[info] 14:15:34 | [admin-system]Le Diep | GET / | システム設定環境変数を取得できました
[http] 14:15:35 | [admin-system]Le Diep GET /api/cms/theme body:{}
[info] 14:15:35 | [admin-system]Le Diep | GET / | get all success
[http] 14:28:08 | [admin-system]Le Diep PUT /api/cms/theme/ body:{"code":"<!DOCTYPE HTML>\n<html lang=\"ja\">\n  <head>\n    <meta charset=\"UTF-8\">\n    <meta name=\"viewport\" content=\"width=device-width, initial-scale=1.0\">\n    <style>\n    </style>\n  </head>\n  <body>\n    <section class=\"UI-editable\">\n    </section>\n    <script>\n    </script>\n  </body>\n</html>"}
[http] 14:28:23 | [admin-system]Le Diep GET /api/config body:{}
[http] 14:28:23 | [admin-system]Le Diep GET /auth body:{}
[info] 14:28:24 | [admin-system]Le Diep | GET / | システム設定環境変数を取得できました
[http] 14:28:25 | [admin-system]Le Diep GET /api/cms/theme body:{}
[info] 14:28:25 | [admin-system]Le Diep | GET / | get all success
[http] 14:28:55 | [admin-system]Le Diep GET /auth body:{}
[http] 14:28:55 | [admin-system]Le Diep GET /api/config body:{}
[info] 14:28:55 | [admin-system]Le Diep | GET / | システム設定環境変数を取得できました
[http] 14:28:56 | [admin-system]Le Diep GET /api/cms/theme body:{}
[info] 14:28:56 | [admin-system]Le Diep | GET / | get all success
[http] 14:29:12 | [admin-system]Le Diep GET /auth body:{}
[http] 14:29:12 | [admin-system]Le Diep GET /api/config body:{}
[info] 14:29:12 | [admin-system]Le Diep | GET / | システム設定環境変数を取得できました
[http] 14:29:13 | [admin-system]Le Diep GET /api/cms/theme body:{}
[info] 14:29:13 | [admin-system]Le Diep | GET / | get all success
[http] 14:31:00 | [admin-system]Le Diep PUT /api/cms/theme/8 body:{"code":"<!DOCTYPE HTML>\n<html lang=\"ja\">\n  <head>\n    <meta charset=\"UTF-8\">\n    <meta name=\"viewport\" content=\"width=device-width, initial-scale=1.0\">\n    <style>\n    </style>\n  </head>\n  <body>\n    <script>\n    </script>\n  </body>\n</html>"}
[error] 14:31:00 | [admin-system]Le Diep | PUT /8 | error
[http] 16:04:11 | 匿名 POST /auth/logout body:{}
[http] 16:04:14 | 匿名 GET /auth body:{}
[http] 16:04:14 | 匿名 GET /api/config body:{}
[info] 16:04:14 | 匿名 | GET / | システム設定環境変数を取得できました
[http] 16:04:15 | 匿名 GET /auth/login/msal body:{}
[http] 16:04:15 | 匿名 GET /auth/login/msal body:{}
[http] 16:04:15 | 匿名 POST /auth/login/msal body:{"name":"Le Diep","email":"diep.le@0004s.com"}
[http] 16:04:15 | 匿名 POST /auth/login/msal body:{"name":"Le Diep","email":"diep.le@0004s.com"}
[http] 16:04:19 | [admin-system]Le Diep GET /api/cms/theme body:{}
[info] 16:04:19 | [admin-system]Le Diep | GET / | get all success
[http] 16:04:57 | [admin-system]Le Diep GET /api/config body:{}
[info] 16:04:57 | [admin-system]Le Diep | GET / | システム設定環境変数を取得できました
[http] 16:08:37 | [admin-system]Le Diep GET /auth body:{}
[http] 16:08:37 | [admin-system]Le Diep GET /api/config body:{}
[info] 16:08:37 | [admin-system]Le Diep | GET / | システム設定環境変数を取得できました
[http] 16:08:39 | [admin-system]Le Diep GET /api/cms/theme body:{}
[info] 16:08:39 | [admin-system]Le Diep | GET / | get all success
[info] 16:11:44 | サーバの起動が完了しました。
[info] 16:11:54 | サーバの起動が完了しました。
[info] 16:13:15 | サーバの起動が完了しました。
[info] 16:14:00 | サーバの起動が完了しました。
[http] 16:14:26 | [admin-system]Le Diep GET /auth body:{}
[http] 16:14:26 | [admin-system]Le Diep GET /api/config body:{}
[info] 16:14:26 | [admin-system]Le Diep | GET / | システム設定環境変数を取得できました
[http] 16:14:27 | [admin-system]Le Diep GET /api/cms/theme body:{}
[info] 16:14:27 | [admin-system]Le Diep | GET / | get all success
[http] 16:15:09 | [admin-system]Le Diep GET /auth body:{}
[http] 16:15:09 | [admin-system]Le Diep GET /api/config body:{}
[info] 16:15:09 | [admin-system]Le Diep | GET / | システム設定環境変数を取得できました
[http] 16:15:10 | [admin-system]Le Diep GET /api/cms/theme body:{}
[info] 16:15:10 | [admin-system]Le Diep | GET / | get all success
[http] 16:16:33 | [admin-system]Le Diep GET /api/group body:{}
[info] 16:16:33 | [admin-system]Le Diep | GET / | get all success
[http] 16:19:13 | [admin-system]Le Diep GET /auth body:{}
[http] 16:19:13 | [admin-system]Le Diep GET /api/config body:{}
[info] 16:19:13 | [admin-system]Le Diep | GET / | システム設定環境変数を取得できました
[http] 16:19:14 | [admin-system]Le Diep GET /api/domain body:{}
[info] 16:19:14 | [admin-system]Le Diep | GET / | get all success
[http] 16:19:14 | [admin-system]Le Diep GET /api/group body:{}
[info] 16:19:14 | [admin-system]Le Diep | GET / | get all success
[http] 16:19:17 | [admin-system]Le Diep GET /auth body:{}
[http] 16:19:17 | [admin-system]Le Diep GET /api/config body:{}
[info] 16:19:17 | [admin-system]Le Diep | GET / | システム設定環境変数を取得できました
[http] 16:19:18 | [admin-system]Le Diep GET /api/domain body:{}
[info] 16:19:18 | [admin-system]Le Diep | GET / | get all success
[http] 16:19:18 | [admin-system]Le Diep GET /api/group body:{}
[info] 16:19:18 | [admin-system]Le Diep | GET / | get all success
[http] 16:19:40 | [admin-system]Le Diep GET /auth body:{}
[http] 16:19:40 | [admin-system]Le Diep GET /api/config body:{}
[info] 16:19:40 | [admin-system]Le Diep | GET / | システム設定環境変数を取得できました
[http] 16:19:41 | [admin-system]Le Diep GET /api/domain body:{}
[info] 16:19:41 | [admin-system]Le Diep | GET / | get all success
[http] 16:19:41 | [admin-system]Le Diep GET /api/group body:{}
[info] 16:19:41 | [admin-system]Le Diep | GET / | get all success
[http] 16:20:59 | [admin-system]Le Diep GET /api/config body:{}
[info] 16:20:59 | [admin-system]Le Diep | GET / | システム設定環境変数を取得できました
[http] 16:25:49 | [admin-system]Le Diep GET /api/config body:{}
[info] 16:25:49 | [admin-system]Le Diep | GET / | システム設定環境変数を取得できました
[http] 16:37:34 | [admin-system]Le Diep GET /auth body:{}
[http] 16:37:34 | [admin-system]Le Diep GET /api/config body:{}
[info] 16:37:34 | [admin-system]Le Diep | GET / | システム設定環境変数を取得できました
[http] 16:37:34 | [admin-system]Le Diep GET /api/domain body:{}
[info] 16:37:34 | [admin-system]Le Diep | GET / | get all success
[http] 16:37:34 | [admin-system]Le Diep GET /api/group body:{}
[info] 16:37:34 | [admin-system]Le Diep | GET / | get all success
[http] 16:38:43 | [admin-system]Le Diep GET /auth body:{}
[http] 16:38:43 | [admin-system]Le Diep GET /api/config body:{}
[info] 16:38:43 | [admin-system]Le Diep | GET / | システム設定環境変数を取得できました
[http] 16:38:44 | [admin-system]Le Diep GET /api/domain body:{}
[info] 16:38:44 | [admin-system]Le Diep | GET / | get all success
[http] 16:38:44 | [admin-system]Le Diep GET /api/group body:{}
[info] 16:38:44 | [admin-system]Le Diep | GET / | get all success
[http] 16:39:22 | [admin-system]Le Diep GET /auth body:{}
[http] 16:39:22 | [admin-system]Le Diep GET /api/config body:{}
[info] 16:39:22 | [admin-system]Le Diep | GET / | システム設定環境変数を取得できました
[http] 16:39:23 | [admin-system]Le Diep GET /api/domain body:{}
[info] 16:39:23 | [admin-system]Le Diep | GET / | get all success
[http] 16:39:23 | [admin-system]Le Diep GET /api/group body:{}
[info] 16:39:23 | [admin-system]Le Diep | GET / | get all success
[http] 16:39:49 | [admin-system]Le Diep GET /auth body:{}
[http] 16:39:49 | [admin-system]Le Diep GET /api/config body:{}
[info] 16:39:49 | [admin-system]Le Diep | GET / | システム設定環境変数を取得できました
[http] 16:39:50 | [admin-system]Le Diep GET /api/domain body:{}
[info] 16:39:50 | [admin-system]Le Diep | GET / | get all success
[http] 16:39:50 | [admin-system]Le Diep GET /api/group body:{}
[info] 16:39:50 | [admin-system]Le Diep | GET / | get all success
[http] 16:41:08 | [admin-system]Le Diep GET /auth body:{}
[http] 16:41:08 | [admin-system]Le Diep GET /api/config body:{}
[info] 16:41:08 | [admin-system]Le Diep | GET / | システム設定環境変数を取得できました
[http] 16:41:08 | [admin-system]Le Diep GET /api/domain body:{}
[info] 16:41:08 | [admin-system]Le Diep | GET / | get all success
[http] 16:41:08 | [admin-system]Le Diep GET /api/group body:{}
[info] 16:41:08 | [admin-system]Le Diep | GET / | get all success
[http] 16:41:35 | [admin-system]Le Diep GET /auth body:{}
[http] 16:41:35 | [admin-system]Le Diep GET /api/config body:{}
[info] 16:41:35 | [admin-system]Le Diep | GET / | システム設定環境変数を取得できました
[http] 16:41:35 | [admin-system]Le Diep GET /api/domain body:{}
[info] 16:41:35 | [admin-system]Le Diep | GET / | get all success
[http] 16:41:35 | [admin-system]Le Diep GET /api/group body:{}
[info] 16:41:35 | [admin-system]Le Diep | GET / | get all success
[http] 16:42:40 | [admin-system]Le Diep GET /auth body:{}
[http] 16:42:40 | [admin-system]Le Diep GET /api/config body:{}
[info] 16:42:40 | [admin-system]Le Diep | GET / | システム設定環境変数を取得できました
[http] 16:42:40 | [admin-system]Le Diep GET /api/domain body:{}
[info] 16:42:40 | [admin-system]Le Diep | GET / | get all success
[http] 16:42:40 | [admin-system]Le Diep GET /api/group body:{}
[info] 16:42:40 | [admin-system]Le Diep | GET / | get all success
[http] 16:44:57 | [admin-system]Le Diep GET /auth body:{}
[http] 16:44:57 | [admin-system]Le Diep GET /api/config body:{}
[info] 16:44:57 | [admin-system]Le Diep | GET / | システム設定環境変数を取得できました
[http] 16:44:58 | [admin-system]Le Diep GET /api/domain body:{}
[info] 16:44:58 | [admin-system]Le Diep | GET / | get all success
[http] 16:44:58 | [admin-system]Le Diep GET /api/group body:{}
[info] 16:44:58 | [admin-system]Le Diep | GET / | get all success
[http] 16:46:24 | [admin-system]Le Diep GET /auth body:{}
[http] 16:46:24 | [admin-system]Le Diep GET /api/config body:{}
[info] 16:46:24 | [admin-system]Le Diep | GET / | システム設定環境変数を取得できました
[http] 16:46:25 | [admin-system]Le Diep GET /api/domain body:{}
[info] 16:46:25 | [admin-system]Le Diep | GET / | get all success
[http] 16:46:25 | [admin-system]Le Diep GET /api/group body:{}
[info] 16:46:25 | [admin-system]Le Diep | GET / | get all success
[http] 16:46:51 | [admin-system]Le Diep GET /auth body:{}
[http] 16:46:51 | [admin-system]Le Diep GET /api/config body:{}
[info] 16:46:51 | [admin-system]Le Diep | GET / | システム設定環境変数を取得できました
[http] 16:46:51 | [admin-system]Le Diep GET /api/domain body:{}
[info] 16:46:51 | [admin-system]Le Diep | GET / | get all success
[http] 16:46:51 | [admin-system]Le Diep GET /api/group body:{}
[info] 16:46:51 | [admin-system]Le Diep | GET / | get all success
[http] 16:48:26 | [admin-system]Le Diep GET /auth body:{}
[http] 16:48:26 | [admin-system]Le Diep GET /api/config body:{}
[info] 16:48:26 | [admin-system]Le Diep | GET / | システム設定環境変数を取得できました
[http] 16:48:27 | [admin-system]Le Diep GET /api/domain body:{}
[info] 16:48:27 | [admin-system]Le Diep | GET / | get all success
[http] 16:48:27 | [admin-system]Le Diep GET /api/group body:{}
[info] 16:48:27 | [admin-system]Le Diep | GET / | get all success
[http] 16:50:53 | [admin-system]Le Diep GET /auth body:{}
[http] 16:50:53 | [admin-system]Le Diep GET /api/config body:{}
[info] 16:50:53 | [admin-system]Le Diep | GET / | システム設定環境変数を取得できました
[http] 16:50:54 | [admin-system]Le Diep GET /api/domain body:{}
[info] 16:50:54 | [admin-system]Le Diep | GET / | get all success
[http] 16:50:54 | [admin-system]Le Diep GET /api/group body:{}
[info] 16:50:54 | [admin-system]Le Diep | GET / | get all success
[http] 16:51:28 | [admin-system]Le Diep GET /auth body:{}
[http] 16:51:28 | [admin-system]Le Diep GET /api/config body:{}
[info] 16:51:28 | [admin-system]Le Diep | GET / | システム設定環境変数を取得できました
[http] 16:51:28 | [admin-system]Le Diep GET /api/domain body:{}
[info] 16:51:28 | [admin-system]Le Diep | GET / | get all success
[http] 16:51:28 | [admin-system]Le Diep GET /api/group body:{}
[info] 16:51:29 | [admin-system]Le Diep | GET / | get all success
[http] 16:52:54 | [admin-system]Le Diep GET /auth body:{}
[http] 16:52:54 | [admin-system]Le Diep GET /api/config body:{}
[info] 16:52:54 | [admin-system]Le Diep | GET / | システム設定環境変数を取得できました
[http] 16:52:55 | [admin-system]Le Diep GET /api/domain body:{}
[info] 16:52:55 | [admin-system]Le Diep | GET / | get all success
[http] 16:52:55 | [admin-system]Le Diep GET /api/group body:{}
[info] 16:52:55 | [admin-system]Le Diep | GET / | get all success
[http] 16:56:15 | [admin-system]Le Diep GET /auth body:{}
[http] 16:56:15 | [admin-system]Le Diep GET /api/config body:{}
[info] 16:56:15 | [admin-system]Le Diep | GET / | システム設定環境変数を取得できました
[http] 16:56:15 | [admin-system]Le Diep GET /api/domain body:{}
[info] 16:56:15 | [admin-system]Le Diep | GET / | get all success
[http] 16:56:15 | [admin-system]Le Diep GET /api/group body:{}
[info] 16:56:15 | [admin-system]Le Diep | GET / | get all success
[http] 16:56:54 | [admin-system]Le Diep GET /auth body:{}
[http] 16:56:54 | [admin-system]Le Diep GET /api/config body:{}
[info] 16:56:54 | [admin-system]Le Diep | GET / | システム設定環境変数を取得できました
[http] 16:56:55 | [admin-system]Le Diep GET /api/domain body:{}
[info] 16:56:55 | [admin-system]Le Diep | GET / | get all success
[http] 16:56:55 | [admin-system]Le Diep GET /api/group body:{}
[info] 16:56:55 | [admin-system]Le Diep | GET / | get all success
[http] 16:57:15 | [admin-system]Le Diep GET /auth body:{}
[http] 16:57:15 | [admin-system]Le Diep GET /api/config body:{}
[info] 16:57:15 | [admin-system]Le Diep | GET / | システム設定環境変数を取得できました
[http] 16:57:15 | [admin-system]Le Diep GET /api/domain body:{}
[info] 16:57:15 | [admin-system]Le Diep | GET / | get all success
[http] 16:57:15 | [admin-system]Le Diep GET /api/group body:{}
[info] 16:57:15 | [admin-system]Le Diep | GET / | get all success
[http] 16:57:25 | [admin-system]Le Diep GET /auth body:{}
[http] 16:57:25 | [admin-system]Le Diep GET /api/config body:{}
[info] 16:57:25 | [admin-system]Le Diep | GET / | システム設定環境変数を取得できました
[http] 16:57:26 | [admin-system]Le Diep GET /api/domain body:{}
[info] 16:57:26 | [admin-system]Le Diep | GET / | get all success
[http] 16:57:26 | [admin-system]Le Diep GET /api/group body:{}
[info] 16:57:26 | [admin-system]Le Diep | GET / | get all success
[http] 16:58:27 | [admin-system]Le Diep GET /auth body:{}
[http] 16:58:27 | [admin-system]Le Diep GET /api/config body:{}
[info] 16:58:27 | [admin-system]Le Diep | GET / | システム設定環境変数を取得できました
[http] 16:58:28 | [admin-system]Le Diep GET /api/domain body:{}
[info] 16:58:28 | [admin-system]Le Diep | GET / | get all success
[http] 16:58:28 | [admin-system]Le Diep GET /api/group body:{}
[info] 16:58:28 | [admin-system]Le Diep | GET / | get all success
[http] 16:59:34 | [admin-system]Le Diep GET /api/config body:{}
[http] 16:59:34 | [admin-system]Le Diep GET /auth body:{}
[info] 16:59:34 | [admin-system]Le Diep | GET / | システム設定環境変数を取得できました
[http] 16:59:34 | [admin-system]Le Diep GET /api/domain body:{}
[info] 16:59:34 | [admin-system]Le Diep | GET / | get all success
[http] 16:59:34 | [admin-system]Le Diep GET /api/group body:{}
[info] 16:59:34 | [admin-system]Le Diep | GET / | get all success
[http] 17:00:05 | [admin-system]Le Diep GET /api/config body:{}
[http] 17:00:05 | [admin-system]Le Diep GET /auth body:{}
[info] 17:00:05 | [admin-system]Le Diep | GET / | システム設定環境変数を取得できました
[http] 17:00:06 | [admin-system]Le Diep GET /api/domain body:{}
[info] 17:00:06 | [admin-system]Le Diep | GET / | get all success
[http] 17:00:06 | [admin-system]Le Diep GET /api/group body:{}
[info] 17:00:06 | [admin-system]Le Diep | GET / | get all success
[http] 17:00:49 | [admin-system]Le Diep GET /auth body:{}
[http] 17:00:49 | [admin-system]Le Diep GET /api/config body:{}
[info] 17:00:49 | [admin-system]Le Diep | GET / | システム設定環境変数を取得できました
[http] 17:00:50 | [admin-system]Le Diep GET /api/domain body:{}
[info] 17:00:50 | [admin-system]Le Diep | GET / | get all success
[http] 17:00:50 | [admin-system]Le Diep GET /api/group body:{}
[info] 17:00:50 | [admin-system]Le Diep | GET / | get all success
[http] 17:02:12 | [admin-system]Le Diep GET /api/config body:{}
[info] 17:02:12 | [admin-system]Le Diep | GET / | システム設定環境変数を取得できました
[http] 17:02:15 | [admin-system]Le Diep GET /auth body:{}
[http] 17:02:15 | [admin-system]Le Diep GET /api/config body:{}
[info] 17:02:15 | [admin-system]Le Diep | GET / | システム設定環境変数を取得できました
[http] 17:02:16 | [admin-system]Le Diep GET /api/domain body:{}
[info] 17:02:16 | [admin-system]Le Diep | GET / | get all success
[http] 17:02:16 | [admin-system]Le Diep GET /api/group body:{}
[info] 17:02:16 | [admin-system]Le Diep | GET / | get all success
[http] 17:02:43 | [admin-system]Le Diep GET /api/config body:{}
[info] 17:02:43 | [admin-system]Le Diep | GET / | システム設定環境変数を取得できました
[http] 17:04:30 | [admin-system]Le Diep GET /auth body:{}
[http] 17:04:30 | [admin-system]Le Diep GET /api/config body:{}
[info] 17:04:30 | [admin-system]Le Diep | GET / | システム設定環境変数を取得できました
[http] 17:04:30 | [admin-system]Le Diep GET /api/domain body:{}
[info] 17:04:30 | [admin-system]Le Diep | GET / | get all success
[http] 17:04:30 | [admin-system]Le Diep GET /api/group body:{}
[info] 17:04:30 | [admin-system]Le Diep | GET / | get all success
[http] 17:07:01 | [admin-system]Le Diep GET /auth body:{}
[http] 17:07:01 | [admin-system]Le Diep GET /api/config body:{}
[info] 17:07:01 | [admin-system]Le Diep | GET / | システム設定環境変数を取得できました
[http] 17:07:01 | [admin-system]Le Diep GET /api/domain body:{}
[info] 17:07:01 | [admin-system]Le Diep | GET / | get all success
[http] 17:07:01 | [admin-system]Le Diep GET /api/group body:{}
[info] 17:07:01 | [admin-system]Le Diep | GET / | get all success
[http] 17:07:14 | [admin-system]Le Diep GET /auth body:{}
[http] 17:07:14 | [admin-system]Le Diep GET /api/config body:{}
[info] 17:07:14 | [admin-system]Le Diep | GET / | システム設定環境変数を取得できました
[http] 17:07:15 | [admin-system]Le Diep GET /api/domain body:{}
[info] 17:07:15 | [admin-system]Le Diep | GET / | get all success
[http] 17:07:15 | [admin-system]Le Diep GET /api/group body:{}
[info] 17:07:15 | [admin-system]Le Diep | GET / | get all success
[http] 17:09:48 | [admin-system]Le Diep GET /auth body:{}
[http] 17:09:48 | [admin-system]Le Diep GET /api/config body:{}
[info] 17:09:48 | [admin-system]Le Diep | GET / | システム設定環境変数を取得できました
[http] 17:09:48 | [admin-system]Le Diep GET /api/domain body:{}
[info] 17:09:48 | [admin-system]Le Diep | GET / | get all success
[http] 17:09:48 | [admin-system]Le Diep GET /api/group body:{}
[info] 17:09:48 | [admin-system]Le Diep | GET / | get all success
[http] 17:12:05 | [admin-system]Le Diep GET /api/config body:{}
[info] 17:12:05 | [admin-system]Le Diep | GET / | システム設定環境変数を取得できました
[http] 17:12:10 | [admin-system]Le Diep GET /api/config body:{}
[http] 17:12:10 | [admin-system]Le Diep GET /auth body:{}
[info] 17:12:10 | [admin-system]Le Diep | GET / | システム設定環境変数を取得できました
[http] 17:12:11 | [admin-system]Le Diep GET /api/domain body:{}
[info] 17:12:11 | [admin-system]Le Diep | GET / | get all success
[http] 17:12:11 | [admin-system]Le Diep GET /api/group body:{}
[info] 17:12:11 | [admin-system]Le Diep | GET / | get all success
[http] 17:25:32 | [admin-system]Le Diep GET /api/config body:{}
[info] 17:25:32 | [admin-system]Le Diep | GET / | システム設定環境変数を取得できました
[http] 17:29:04 | [admin-system]Le Diep GET /api/config body:{}
[info] 17:29:04 | [admin-system]Le Diep | GET / | システム設定環境変数を取得できました
[info] 17:35:03 | サーバの起動が完了しました。
[info] 17:35:09 | サーバの起動が完了しました。
[info] 17:39:39 | サーバの起動が完了しました。
[http] 17:40:35 | [admin-system]Le Diep GET /api/config body:{}
[http] 17:40:35 | [admin-system]Le Diep GET /auth body:{}
[info] 17:40:35 | [admin-system]Le Diep | GET / | システム設定環境変数を取得できました
[http] 17:40:36 | [admin-system]Le Diep GET /api/domain body:{}
[info] 17:40:36 | [admin-system]Le Diep | GET / | get all success
[http] 17:40:36 | [admin-system]Le Diep GET /api/group body:{}
[info] 17:40:36 | [admin-system]Le Diep | GET / | get all success
[http] 17:40:59 | [admin-system]Le Diep GET /api/config body:{}
[http] 17:40:59 | [admin-system]Le Diep GET /auth body:{}
[info] 17:40:59 | [admin-system]Le Diep | GET / | システム設定環境変数を取得できました
[http] 17:40:59 | [admin-system]Le Diep GET /api/domain body:{}
[info] 17:40:59 | [admin-system]Le Diep | GET / | get all success
[http] 17:40:59 | [admin-system]Le Diep GET /api/group body:{}
[info] 17:40:59 | [admin-system]Le Diep | GET / | get all success
[http] 17:44:15 | [admin-system]Le Diep POST /api/account/ body:{"email":"1230004s.com","groupId":5,"name":"123","type":"MSAL","password":""}
[http] 17:44:49 | [admin-system]Le Diep GET /auth body:{}
[http] 17:44:49 | [admin-system]Le Diep GET /api/config body:{}
[info] 17:44:49 | [admin-system]Le Diep | GET / | システム設定環境変数を取得できました
[http] 17:44:49 | [admin-system]Le Diep GET /api/domain body:{}
[info] 17:44:49 | [admin-system]Le Diep | GET / | get all success
[http] 17:44:49 | [admin-system]Le Diep GET /api/group body:{}
[info] 17:44:49 | [admin-system]Le Diep | GET / | get all success
[http] 17:45:04 | [admin-system]Le Diep POST /api/account/ body:{"email":"1234124@0004s.com","groupId":5,"name":"1234124","type":"MSAL","password":""}
[info] 17:45:04 | [admin-system]Le Diep | POST / | groupID: 5にアカウントを追加しました。
[http] 17:45:04 | [admin-system]Le Diep GET /api/group/5 body:{}
[info] 17:45:04 | [admin-system]Le Diep | GET /5 | get one success
[http] 17:45:54 | [admin-system]Le Diep GET /api/config body:{}
[http] 17:45:54 | [admin-system]Le Diep GET /auth body:{}
[info] 17:45:54 | [admin-system]Le Diep | GET / | システム設定環境変数を取得できました
[http] 17:45:55 | [admin-system]Le Diep GET /api/domain body:{}
[info] 17:45:55 | [admin-system]Le Diep | GET / | get all success
[http] 17:45:55 | [admin-system]Le Diep GET /api/group body:{}
[info] 17:45:55 | [admin-system]Le Diep | GET / | get all success
[http] 17:46:02 | [admin-system]Le Diep POST /api/account/ body:{"email":"asdasdasdasd@0004s.com","groupId":5,"name":"asdasdasdasd","type":"MSAL","password":""}
[info] 17:46:02 | [admin-system]Le Diep | POST / | groupID: 5にアカウントを追加しました。
[http] 17:46:02 | [admin-system]Le Diep GET /api/group/5 body:{}
[info] 17:46:02 | [admin-system]Le Diep | GET /5 | get one success
[http] 17:46:20 | [admin-system]Le Diep PUT /api/account/4 body:{"name":"","action":"deleted"}
[info] 17:46:20 | [admin-system]Le Diep | PUT /4 | groupID: 4を編集が成功しました
[http] 17:46:20 | [admin-system]Le Diep GET /api/group/5 body:{}
[info] 17:46:20 | [admin-system]Le Diep | GET /5 | get one success
[info] 17:49:10 | サーバの起動が完了しました。
[info] 17:52:04 | サーバの起動が完了しました。
[info] 17:52:44 | サーバの起動が完了しました。
[http] 17:53:01 | [admin-system]Le Diep GET /api/config body:{}
[http] 17:53:01 | [admin-system]Le Diep GET /auth body:{}
[info] 17:53:01 | [admin-system]Le Diep | GET / | システム設定環境変数を取得できました
[http] 17:53:01 | [admin-system]Le Diep GET /api/domain body:{}
[info] 17:53:01 | [admin-system]Le Diep | GET / | get all success
[http] 17:53:01 | [admin-system]Le Diep GET /api/group body:{}
[info] 17:53:01 | [admin-system]Le Diep | GET / | get all success
[info] 18:28:51 | サーバの起動が完了しました。
[http] 18:29:40 | [admin-system]Le Diep GET /auth body:{}
[http] 18:29:40 | [admin-system]Le Diep GET /api/config body:{}
[info] 18:29:40 | [admin-system]Le Diep | GET / | システム設定環境変数を取得できました
[http] 18:29:41 | [admin-system]Le Diep GET /api/domain body:{}
[info] 18:29:41 | [admin-system]Le Diep | GET / | get all success
[http] 18:29:41 | [admin-system]Le Diep GET /api/group body:{}
[info] 18:29:41 | [admin-system]Le Diep | GET / | get all success
[http] 18:30:19 | [admin-system]Le Diep GET /api/cms/theme body:{}
[info] 18:30:19 | [admin-system]Le Diep | GET / | get all success
