[info] 10:40:54 | サーバの起動が完了しました。
[http] 10:40:58 | 匿名 GET /api/config body:{}
[http] 10:40:58 | 匿名 GET /auth body:{}
[info] 10:40:58 | 匿名 | GET / | システム設定環境変数を取得できました
[http] 10:41:37 | 匿名 GET /auth/login/msal body:{}
[http] 10:41:37 | 匿名 POST /auth/login/msal body:{"name":"Le Diep","email":"diep.le@0004s.com"}
[http] 11:09:05 | [admin-system]Le Diep GET /api/group body:{}
[info] 11:09:05 | [admin-system]Le Diep | GET / | get all success
[http] 11:13:46 | [admin-system]Le Diep GET /auth body:{}
[http] 11:13:46 | [admin-system]Le Diep GET /api/config body:{}
[info] 11:13:46 | [admin-system]Le Diep | GET / | システム設定環境変数を取得できました
[http] 11:14:04 | [admin-system]Le Diep GET /api/group body:{}
[info] 11:14:04 | [admin-system]Le Diep | GET / | get all success
[http] 11:14:10 | [admin-system]Le Diep GET /auth body:{}
[http] 11:14:10 | [admin-system]Le Diep GET /api/config body:{}
[info] 11:14:10 | [admin-system]Le Diep | GET / | システム設定環境変数を取得できました
[http] 11:14:14 | [admin-system]Le Diep POST /api/group/ body:{"name":"dasd","permission":"0000000","description":""}
[info] 11:14:14 | [admin-system]Le Diep | POST / | groupID: 5を作成が成功しました
[http] 11:14:14 | [admin-system]Le Diep GET /api/group/5 body:{}
[info] 11:14:14 | [admin-system]Le Diep | GET /5 | get one success
[http] 11:14:15 | [admin-system]Le Diep POST /api/group/ body:{"name":"dasdasdas","permission":"0000000","description":""}
[info] 11:14:15 | [admin-system]Le Diep | POST / | groupID: 6を作成が成功しました
[http] 11:14:15 | [admin-system]Le Diep GET /api/group/6 body:{}
[info] 11:14:15 | [admin-system]Le Diep | GET /6 | get one success
[http] 11:14:18 | [admin-system]Le Diep GET /api/group body:{}
[info] 11:14:18 | [admin-system]Le Diep | GET / | get all success
[http] 11:14:19 | [admin-system]Le Diep GET /auth body:{}
[http] 11:14:19 | [admin-system]Le Diep GET /api/config body:{}
[info] 11:14:20 | [admin-system]Le Diep | GET / | システム設定環境変数を取得できました
[http] 11:14:28 | [admin-system]Le Diep GET /auth body:{}
[http] 11:14:28 | [admin-system]Le Diep GET /api/config body:{}
[info] 11:14:28 | [admin-system]Le Diep | GET / | システム設定環境変数を取得できました
[http] 11:14:30 | [admin-system]Le Diep GET /api/group body:{}
[info] 11:14:30 | [admin-system]Le Diep | GET / | get all success
[http] 11:15:26 | [admin-system]Le Diep GET /auth body:{}
[http] 11:15:26 | [admin-system]Le Diep GET /api/config body:{}
[info] 11:15:26 | [admin-system]Le Diep | GET / | システム設定環境変数を取得できました
[http] 11:15:31 | [admin-system]Le Diep GET /auth body:{}
[http] 11:15:31 | [admin-system]Le Diep GET /api/config body:{}
[info] 11:15:31 | [admin-system]Le Diep | GET / | システム設定環境変数を取得できました
[http] 11:15:32 | [admin-system]Le Diep GET /api/group body:{}
[info] 11:15:32 | [admin-system]Le Diep | GET / | get all success
[http] 11:24:51 | [admin-system]Le Diep GET /api/config body:{}
[info] 11:24:51 | [admin-system]Le Diep | GET / | システム設定環境変数を取得できました
[http] 11:27:35 | [admin-system]Le Diep GET /auth body:{}
[http] 11:27:35 | [admin-system]Le Diep GET /api/config body:{}
[info] 11:27:35 | [admin-system]Le Diep | GET / | システム設定環境変数を取得できました
[http] 11:29:58 | [admin-system]Le Diep GET /auth body:{}
[http] 11:29:58 | [admin-system]Le Diep GET /api/config body:{}
[info] 11:29:58 | [admin-system]Le Diep | GET / | システム設定環境変数を取得できました
[http] 11:31:13 | [admin-system]Le Diep GET /auth body:{}
[http] 11:31:13 | [admin-system]Le Diep GET /api/config body:{}
[info] 11:31:13 | [admin-system]Le Diep | GET / | システム設定環境変数を取得できました
[http] 11:32:31 | [admin-system]Le Diep GET /auth body:{}
[http] 11:32:31 | [admin-system]Le Diep GET /api/config body:{}
[info] 11:32:31 | [admin-system]Le Diep | GET / | システム設定環境変数を取得できました
[http] 11:32:34 | [admin-system]Le Diep GET /auth body:{}
[http] 11:32:34 | [admin-system]Le Diep GET /api/config body:{}
[info] 11:32:34 | [admin-system]Le Diep | GET / | システム設定環境変数を取得できました
[http] 11:32:37 | [admin-system]Le Diep GET /api/group body:{}
[info] 11:32:37 | [admin-system]Le Diep | GET / | get all success
[http] 11:32:41 | [admin-system]Le Diep GET /auth body:{}
[http] 11:32:41 | [admin-system]Le Diep GET /api/config body:{}
[info] 11:32:41 | [admin-system]Le Diep | GET / | システム設定環境変数を取得できました
[http] 11:33:12 | [admin-system]Le Diep GET /api/config body:{}
[info] 11:33:12 | [admin-system]Le Diep | GET / | システム設定環境変数を取得できました
[http] 11:33:22 | [admin-system]Le Diep GET /api/group body:{}
[info] 11:33:22 | [admin-system]Le Diep | GET / | get all success
[http] 11:33:23 | [admin-system]Le Diep GET /api/config body:{}
[info] 11:33:23 | [admin-system]Le Diep | GET / | システム設定環境変数を取得できました
[http] 11:33:27 | [admin-system]Le Diep GET /auth body:{}
[http] 11:33:27 | [admin-system]Le Diep GET /api/config body:{}
[info] 11:33:27 | [admin-system]Le Diep | GET / | システム設定環境変数を取得できました
[http] 11:33:27 | [admin-system]Le Diep GET /api/group body:{}
[info] 11:33:27 | [admin-system]Le Diep | GET / | get all success
[http] 11:33:33 | [admin-system]Le Diep GET /auth body:{}
[http] 11:33:33 | [admin-system]Le Diep GET /api/config body:{}
[info] 11:33:33 | [admin-system]Le Diep | GET / | システム設定環境変数を取得できました
[http] 11:33:34 | [admin-system]Le Diep GET /api/group body:{}
[info] 11:33:34 | [admin-system]Le Diep | GET / | get all success
[http] 11:33:36 | [admin-system]Le Diep GET /auth body:{}
[http] 11:33:36 | [admin-system]Le Diep GET /api/config body:{}
[info] 11:33:36 | [admin-system]Le Diep | GET / | システム設定環境変数を取得できました
[http] 11:33:36 | [admin-system]Le Diep GET /api/group body:{}
[info] 11:33:36 | [admin-system]Le Diep | GET / | get all success
[http] 11:33:39 | [admin-system]Le Diep GET /auth body:{}
[http] 11:33:39 | [admin-system]Le Diep GET /api/config body:{}
[info] 11:33:39 | [admin-system]Le Diep | GET / | システム設定環境変数を取得できました
[http] 11:33:39 | [admin-system]Le Diep GET /api/group body:{}
[info] 11:33:39 | [admin-system]Le Diep | GET / | get all success
[http] 11:37:44 | [admin-system]Le Diep GET /api/config body:{}
[info] 11:37:44 | [admin-system]Le Diep | GET / | システム設定環境変数を取得できました
[http] 11:37:55 | [admin-system]Le Diep GET /auth body:{}
[http] 11:37:55 | [admin-system]Le Diep GET /api/config body:{}
[info] 11:37:55 | [admin-system]Le Diep | GET / | システム設定環境変数を取得できました
[http] 11:37:56 | [admin-system]Le Diep GET /api/group body:{}
[info] 11:37:56 | [admin-system]Le Diep | GET / | get all success
[http] 11:38:12 | [admin-system]Le Diep PUT /api/group/6 body:{"name":"123123"}
[info] 11:38:12 | [admin-system]Le Diep | PUT /6 | groupID: 6を編集が成功しました
[http] 11:38:12 | [admin-system]Le Diep GET /api/group/6 body:{}
[info] 11:38:12 | [admin-system]Le Diep | GET /6 | get one success
[http] 11:38:25 | [admin-system]Le Diep PUT /api/group/6 body:{"name":"ewasdasdasdasd"}
[info] 11:38:25 | [admin-system]Le Diep | PUT /6 | groupID: 6を編集が成功しました
[http] 11:38:25 | [admin-system]Le Diep GET /api/group/6 body:{}
[info] 11:38:25 | [admin-system]Le Diep | GET /6 | get one success
[http] 11:42:10 | [admin-system]Le Diep GET /api/config body:{}
[info] 11:42:10 | [admin-system]Le Diep | GET / | システム設定環境変数を取得できました
[http] 11:42:12 | [admin-system]Le Diep GET /auth body:{}
[http] 11:42:12 | [admin-system]Le Diep GET /api/config body:{}
[info] 11:42:12 | [admin-system]Le Diep | GET / | システム設定環境変数を取得できました
[http] 11:42:13 | [admin-system]Le Diep GET /api/group body:{}
[info] 11:42:13 | [admin-system]Le Diep | GET / | get all success
[http] 11:45:48 | [admin-system]Le Diep GET /auth body:{}
[http] 11:45:48 | [admin-system]Le Diep GET /api/config body:{}
[info] 11:45:48 | [admin-system]Le Diep | GET / | システム設定環境変数を取得できました
[http] 11:45:48 | [admin-system]Le Diep GET /api/group body:{}
[info] 11:45:48 | [admin-system]Le Diep | GET / | get all success
[http] 11:45:53 | [admin-system]Le Diep GET /auth body:{}
[http] 11:45:53 | [admin-system]Le Diep GET /api/config body:{}
[info] 11:45:53 | [admin-system]Le Diep | GET / | システム設定環境変数を取得できました
[http] 11:45:53 | [admin-system]Le Diep GET /api/group body:{}
[info] 11:45:53 | [admin-system]Le Diep | GET / | get all success
[http] 11:49:43 | [admin-system]Le Diep GET /auth body:{}
[http] 11:49:43 | [admin-system]Le Diep GET /api/config body:{}
[info] 11:49:43 | [admin-system]Le Diep | GET / | システム設定環境変数を取得できました
[http] 11:49:44 | [admin-system]Le Diep GET /api/group body:{}
[info] 11:49:44 | [admin-system]Le Diep | GET / | get all success
[http] 11:50:33 | [admin-system]Le Diep GET /auth body:{}
[http] 11:50:33 | [admin-system]Le Diep GET /api/config body:{}
[info] 11:50:33 | [admin-system]Le Diep | GET / | システム設定環境変数を取得できました
[http] 11:50:34 | [admin-system]Le Diep GET /api/group body:{}
[info] 11:50:34 | [admin-system]Le Diep | GET / | get all success
[http] 11:51:00 | [admin-system]Le Diep POST /api/group/ body:{"name":"21312","permission":"7777770","description":""}
[info] 11:51:00 | [admin-system]Le Diep | POST / | groupID: 7を作成が成功しました
[http] 11:51:00 | [admin-system]Le Diep GET /api/group/7 body:{}
[info] 11:51:00 | [admin-system]Le Diep | GET /7 | get one success
[http] 11:51:28 | [admin-system]Le Diep GET /auth body:{}
[http] 11:51:28 | [admin-system]Le Diep GET /api/config body:{}
[info] 11:51:28 | [admin-system]Le Diep | GET / | システム設定環境変数を取得できました
[http] 11:51:29 | [admin-system]Le Diep GET /api/group body:{}
[info] 11:51:29 | [admin-system]Le Diep | GET / | get all success
[http] 11:55:52 | [admin-system]Le Diep GET /auth body:{}
[http] 11:55:52 | [admin-system]Le Diep GET /api/config body:{}
[info] 11:55:52 | [admin-system]Le Diep | GET / | システム設定環境変数を取得できました
[http] 11:55:52 | [admin-system]Le Diep GET /api/group body:{}
[info] 11:55:52 | [admin-system]Le Diep | GET / | get all success
[http] 11:56:48 | [admin-system]Le Diep GET /auth body:{}
[http] 11:56:48 | [admin-system]Le Diep GET /api/config body:{}
[info] 11:56:48 | [admin-system]Le Diep | GET / | システム設定環境変数を取得できました
[http] 11:56:49 | [admin-system]Le Diep GET /api/group body:{}
[info] 11:56:49 | [admin-system]Le Diep | GET / | get all success
[info] 11:57:20 | サーバの起動が完了しました。
[http] 11:58:25 | [admin-system]Le Diep GET /api/config body:{}
[info] 11:58:25 | [admin-system]Le Diep | GET / | システム設定環境変数を取得できました
[http] 11:58:58 | [admin-system]Le Diep GET /api/config body:{}
[http] 11:58:58 | [admin-system]Le Diep GET /auth body:{}
[info] 11:58:58 | [admin-system]Le Diep | GET / | システム設定環境変数を取得できました
[http] 11:58:58 | [admin-system]Le Diep GET /api/group body:{}
[info] 11:58:58 | [admin-system]Le Diep | GET / | get all success
[http] 11:59:18 | [admin-system]Le Diep PUT /api/group/7 body:{"permission":[3,7,7,7,7,7,0]}
[info] 11:59:18 | [admin-system]Le Diep | PUT /7 | groupID: 7を編集が成功しました
[http] 11:59:18 | [admin-system]Le Diep GET /api/group/7 body:{}
[info] 11:59:18 | [admin-system]Le Diep | GET /7 | get one success
[http] 11:59:28 | [admin-system]Le Diep GET /auth body:{}
[http] 11:59:28 | [admin-system]Le Diep GET /api/config body:{}
[info] 11:59:28 | [admin-system]Le Diep | GET / | システム設定環境変数を取得できました
[http] 11:59:28 | [admin-system]Le Diep GET /api/group body:{}
[info] 11:59:28 | [admin-system]Le Diep | GET / | get all success
[http] 11:59:32 | [admin-system]Le Diep PUT /api/group/7 body:{"permission":[7,7,7,7,7,7,0]}
[info] 11:59:32 | [admin-system]Le Diep | PUT /7 | groupID: 7を編集が成功しました
[http] 11:59:32 | [admin-system]Le Diep GET /api/group/7 body:{}
[info] 11:59:32 | [admin-system]Le Diep | GET /7 | get one success
[http] 11:59:44 | [admin-system]Le Diep PUT /api/group/7 body:{"permission":[7,7,7,7,7,5,0]}
[info] 11:59:44 | [admin-system]Le Diep | PUT /7 | groupID: 7を編集が成功しました
[http] 11:59:44 | [admin-system]Le Diep GET /api/group/7 body:{}
[info] 11:59:44 | [admin-system]Le Diep | GET /7 | get one success
[http] 11:59:55 | [admin-system]Le Diep PUT /api/group/7 body:{"permission":[3,7,7,7,7,5,0]}
[info] 11:59:55 | [admin-system]Le Diep | PUT /7 | groupID: 7を編集が成功しました
[http] 11:59:55 | [admin-system]Le Diep GET /api/group/7 body:{}
[info] 11:59:55 | [admin-system]Le Diep | GET /7 | get one success
[http] 12:00:04 | [admin-system]Le Diep PUT /api/group/7 body:{"permission":[7,7,7,7,7,5,0]}
[info] 12:00:04 | [admin-system]Le Diep | PUT /7 | groupID: 7を編集が成功しました
[http] 12:00:04 | [admin-system]Le Diep GET /api/group/7 body:{}
[info] 12:00:04 | [admin-system]Le Diep | GET /7 | get one success
[http] 13:26:04 | 匿名 POST /auth/logout body:{}
[http] 13:26:19 | 匿名 GET /auth body:{}
[http] 13:26:19 | 匿名 GET /api/config body:{}
[info] 13:26:19 | 匿名 | GET / | システム設定環境変数を取得できました
[http] 13:26:20 | 匿名 GET /auth/login/msal body:{}
[http] 13:26:20 | 匿名 POST /auth/login/msal body:{"name":"Le Diep","email":"diep.le@0004s.com"}
[http] 13:26:22 | [admin-system]Le Diep GET /api/group body:{}
[info] 13:26:22 | [admin-system]Le Diep | GET / | get all success
[http] 13:28:27 | [admin-system]Le Diep GET /auth body:{}
[http] 13:28:27 | [admin-system]Le Diep GET /api/config body:{}
[info] 13:28:27 | [admin-system]Le Diep | GET / | システム設定環境変数を取得できました
[http] 13:28:55 | [admin-system]Le Diep GET /auth body:{}
[http] 13:28:55 | [admin-system]Le Diep GET /api/config body:{}
[info] 13:28:55 | [admin-system]Le Diep | GET / | システム設定環境変数を取得できました
[http] 13:29:06 | [admin-system]Le Diep GET /auth body:{}
[http] 13:29:06 | [admin-system]Le Diep GET /api/config body:{}
[info] 13:29:06 | [admin-system]Le Diep | GET / | システム設定環境変数を取得できました
[http] 13:31:28 | [admin-system]Le Diep GET /auth body:{}
[http] 13:31:28 | [admin-system]Le Diep GET /api/config body:{}
[info] 13:31:28 | [admin-system]Le Diep | GET / | システム設定環境変数を取得できました
[http] 13:33:25 | [admin-system]Le Diep GET /api/group body:{}
[info] 13:33:25 | [admin-system]Le Diep | GET / | get all success
[http] 13:33:34 | [admin-system]Le Diep PUT /api/group/4 body:{"name":"qwedcas"}
[info] 13:33:34 | [admin-system]Le Diep | PUT /4 | groupID: 4を編集が成功しました
[http] 13:33:34 | [admin-system]Le Diep GET /api/group/4 body:{}
[info] 13:33:34 | [admin-system]Le Diep | GET /4 | get one success
[http] 13:33:38 | [admin-system]Le Diep PUT /api/group/4 body:{"name":"qwedcasdasdas"}
[info] 13:33:38 | [admin-system]Le Diep | PUT /4 | groupID: 4を編集が成功しました
[http] 13:33:38 | [admin-system]Le Diep GET /api/group/4 body:{}
[info] 13:33:38 | [admin-system]Le Diep | GET /4 | get one success
[http] 13:33:47 | [admin-system]Le Diep PUT /api/group/4 body:{"name":"qwedcasdasdasasdasd"}
[info] 13:33:47 | [admin-system]Le Diep | PUT /4 | groupID: 4を編集が成功しました
[http] 13:33:47 | [admin-system]Le Diep GET /api/group/4 body:{}
[info] 13:33:47 | [admin-system]Le Diep | GET /4 | get one success
[http] 13:36:42 | [admin-system]Le Diep GET /auth body:{}
[http] 13:36:42 | [admin-system]Le Diep GET /api/config body:{}
[info] 13:36:42 | [admin-system]Le Diep | GET / | システム設定環境変数を取得できました
[info] 13:36:59 | サーバの起動が完了しました。
[http] 13:38:07 | [admin-system]Le Diep POST /api/group/ body:{"name":"asdasdasd","permission":"0000000","description":""}
[info] 13:38:07 | [admin-system]Le Diep | POST / | groupID: 8を作成が成功しました
[http] 13:38:07 | [admin-system]Le Diep GET /api/group/8 body:{}
[info] 13:38:07 | [admin-system]Le Diep | GET /8 | get one success
[http] 13:38:07 | [admin-system]Le Diep GET /api/group/8 body:{}
[info] 13:38:07 | [admin-system]Le Diep | GET /8 | get one success
[http] 13:38:07 | [admin-system]Le Diep GET /api/group body:{}
[info] 13:38:07 | [admin-system]Le Diep | GET / | get all success
[http] 13:41:09 | [admin-system]Le Diep POST /api/group/ body:{"name":"fsasdasdas","permission":"0000000","description":""}
[info] 13:41:09 | [admin-system]Le Diep | POST / | groupID: 9を作成が成功しました
[http] 13:41:09 | [admin-system]Le Diep GET /api/group/9 body:{}
[info] 13:41:09 | [admin-system]Le Diep | GET /9 | get one success
[http] 13:41:09 | [admin-system]Le Diep GET /api/group/9 body:{}
[info] 13:41:09 | [admin-system]Le Diep | GET /9 | get one success
[http] 13:41:22 | [admin-system]Le Diep POST /api/group/ body:{"name":"adasddasd","permission":"0000000","description":""}
[info] 13:41:22 | [admin-system]Le Diep | POST / | groupID: 10を作成が成功しました
[http] 13:41:22 | [admin-system]Le Diep GET /api/group/10 body:{}
[info] 13:41:22 | [admin-system]Le Diep | GET /10 | get one success
[http] 13:41:24 | [admin-system]Le Diep GET /api/group/10 body:{}
[info] 13:41:24 | [admin-system]Le Diep | GET /10 | get one success
[http] 13:48:15 | [admin-system]Le Diep GET /auth body:{}
[http] 13:48:15 | [admin-system]Le Diep GET /api/config body:{}
[info] 13:48:15 | [admin-system]Le Diep | GET / | システム設定環境変数を取得できました
[http] 13:48:16 | [admin-system]Le Diep GET /api/group body:{}
[info] 13:48:16 | [admin-system]Le Diep | GET / | get all success
[http] 13:49:55 | [admin-system]Le Diep PUT /api/group/10 body:{"permission":[7,7,7,7,7,1,0]}
[info] 13:49:55 | [admin-system]Le Diep | PUT /10 | groupID: 10を編集が成功しました
[http] 13:49:55 | [admin-system]Le Diep GET /api/group/10 body:{}
[info] 13:49:55 | [admin-system]Le Diep | GET /10 | get one success
[http] 13:50:53 | [admin-system]Le Diep PUT /api/group/10 body:{"permission":[7,7,7,7,7,3,0]}
[info] 13:50:53 | [admin-system]Le Diep | PUT /10 | groupID: 10を編集が成功しました
[http] 13:50:53 | [admin-system]Le Diep GET /api/group/10 body:{}
[info] 13:50:53 | [admin-system]Le Diep | GET /10 | get one success
[http] 13:50:56 | [admin-system]Le Diep PUT /api/group/10 body:{"permission":[7,7,7,7,7,1,0]}
[info] 13:50:56 | [admin-system]Le Diep | PUT /10 | groupID: 10を編集が成功しました
[http] 13:50:56 | [admin-system]Le Diep GET /api/group/10 body:{}
[info] 13:50:56 | [admin-system]Le Diep | GET /10 | get one success
[http] 13:51:54 | [admin-system]Le Diep GET /auth body:{}
[http] 13:51:54 | [admin-system]Le Diep GET /api/config body:{}
[info] 13:51:54 | [admin-system]Le Diep | GET / | システム設定環境変数を取得できました
[http] 13:51:54 | [admin-system]Le Diep GET /api/group body:{}
[info] 13:51:54 | [admin-system]Le Diep | GET / | get all success
[http] 13:54:15 | [admin-system]Le Diep GET /api/config body:{}
[info] 13:54:15 | [admin-system]Le Diep | GET / | システム設定環境変数を取得できました
[http] 13:54:18 | [admin-system]Le Diep GET /auth body:{}
[http] 13:54:18 | [admin-system]Le Diep GET /api/config body:{}
[info] 13:54:18 | [admin-system]Le Diep | GET / | システム設定環境変数を取得できました
[http] 13:54:18 | [admin-system]Le Diep GET /api/group body:{}
[info] 13:54:18 | [admin-system]Le Diep | GET / | get all success
[info] 14:03:11 | サーバの起動が完了しました。
[info] 14:07:09 | サーバの起動が完了しました。
[http] 14:07:24 | [admin-system]Le Diep GET /auth body:{}
[http] 14:07:24 | [admin-system]Le Diep GET /api/config body:{}
[info] 14:07:24 | [admin-system]Le Diep | GET / | システム設定環境変数を取得できました
[http] 14:07:24 | [admin-system]Le Diep GET /api/group body:{}
[info] 14:07:24 | [admin-system]Le Diep | GET / | get all success
[http] 14:10:50 | [admin-system]Le Diep GET /api/config body:{}
[info] 14:10:50 | [admin-system]Le Diep | GET / | システム設定環境変数を取得できました
[http] 14:11:16 | [admin-system]Le Diep GET /auth body:{}
[http] 14:11:16 | [admin-system]Le Diep GET /api/config body:{}
[info] 14:11:16 | [admin-system]Le Diep | GET / | システム設定環境変数を取得できました
[http] 14:11:16 | [admin-system]Le Diep GET /api/group body:{}
[info] 14:11:16 | [admin-system]Le Diep | GET / | get all success
[http] 14:11:23 | [admin-system]Le Diep GET /auth body:{}
[http] 14:11:23 | [admin-system]Le Diep GET /api/config body:{}
[info] 14:11:23 | [admin-system]Le Diep | GET / | システム設定環境変数を取得できました
[http] 14:11:24 | [admin-system]Le Diep GET /api/group body:{}
[info] 14:11:24 | [admin-system]Le Diep | GET / | get all success
[http] 14:12:00 | [admin-system]Le Diep GET /auth body:{}
[http] 14:12:00 | [admin-system]Le Diep GET /api/config body:{}
[info] 14:12:00 | [admin-system]Le Diep | GET / | システム設定環境変数を取得できました
[http] 14:12:00 | [admin-system]Le Diep GET /api/group body:{}
[info] 14:12:00 | [admin-system]Le Diep | GET / | get all success
[http] 14:12:02 | [admin-system]Le Diep GET /auth body:{}
[http] 14:12:02 | [admin-system]Le Diep GET /api/config body:{}
[info] 14:12:02 | [admin-system]Le Diep | GET / | システム設定環境変数を取得できました
[http] 14:12:03 | [admin-system]Le Diep GET /api/group body:{}
[info] 14:12:03 | [admin-system]Le Diep | GET / | get all success
[http] 14:21:07 | [admin-system]Le Diep GET /auth body:{}
[http] 14:21:07 | [admin-system]Le Diep GET /api/config body:{}
[info] 14:21:08 | [admin-system]Le Diep | GET / | システム設定環境変数を取得できました
[http] 14:21:08 | [admin-system]Le Diep GET /api/group body:{}
[info] 14:21:08 | [admin-system]Le Diep | GET / | get all success
[http] 14:22:37 | [admin-system]Le Diep GET /api/config body:{}
[info] 14:22:37 | [admin-system]Le Diep | GET / | システム設定環境変数を取得できました
[http] 14:23:28 | [admin-system]Le Diep GET /auth body:{}
[http] 14:23:28 | [admin-system]Le Diep GET /api/config body:{}
[info] 14:23:28 | [admin-system]Le Diep | GET / | システム設定環境変数を取得できました
[http] 14:23:29 | [admin-system]Le Diep GET /api/group body:{}
[info] 14:23:29 | [admin-system]Le Diep | GET / | get all success
[http] 14:25:54 | [admin-system]Le Diep GET /api/config body:{}
[info] 14:25:54 | [admin-system]Le Diep | GET / | システム設定環境変数を取得できました
[http] 14:26:03 | [admin-system]Le Diep GET /api/config body:{}
[http] 14:26:03 | [admin-system]Le Diep GET /auth body:{}
[info] 14:26:03 | [admin-system]Le Diep | GET / | システム設定環境変数を取得できました
[http] 14:26:04 | [admin-system]Le Diep GET /api/group body:{}
[info] 14:26:04 | [admin-system]Le Diep | GET / | get all success
[http] 14:26:52 | [admin-system]Le Diep GET /api/config body:{}
[info] 14:26:52 | [admin-system]Le Diep | GET / | システム設定環境変数を取得できました
[http] 14:33:15 | [admin-system]Le Diep GET /auth body:{}
[http] 14:33:15 | [admin-system]Le Diep GET /api/config body:{}
[info] 14:33:15 | [admin-system]Le Diep | GET / | システム設定環境変数を取得できました
[http] 14:33:15 | [admin-system]Le Diep GET /api/group body:{}
[info] 14:33:15 | [admin-system]Le Diep | GET / | get all success
[http] 14:33:17 | [admin-system]Le Diep GET /auth body:{}
[http] 14:33:17 | [admin-system]Le Diep GET /api/config body:{}
[info] 14:33:17 | [admin-system]Le Diep | GET / | システム設定環境変数を取得できました
[http] 14:33:18 | [admin-system]Le Diep GET /api/group body:{}
[info] 14:33:18 | [admin-system]Le Diep | GET / | get all success
[http] 14:55:24 | [admin-system]Le Diep DELETE /api/group/2 body:{}
[info] 14:55:24 | [admin-system]Le Diep | DELETE /2 | groupID: 2を削除が成功しました
[http] 14:55:34 | [admin-system]Le Diep GET /auth body:{}
[http] 14:55:34 | [admin-system]Le Diep GET /api/config body:{}
[info] 14:55:34 | [admin-system]Le Diep | GET / | システム設定環境変数を取得できました
[http] 14:55:34 | [admin-system]Le Diep GET /api/group body:{}
[info] 14:55:34 | [admin-system]Le Diep | GET / | get all success
[http] 14:55:40 | [admin-system]Le Diep DELETE /api/group/3 body:{}
[info] 14:55:40 | [admin-system]Le Diep | DELETE /3 | groupID: 3を削除が成功しました
[http] 15:01:34 | [admin-system]Le Diep GET /auth body:{}
[http] 15:01:34 | [admin-system]Le Diep GET /api/config body:{}
[info] 15:01:34 | [admin-system]Le Diep | GET / | システム設定環境変数を取得できました
[http] 15:01:35 | [admin-system]Le Diep GET /api/group body:{}
[info] 15:01:35 | [admin-system]Le Diep | GET / | get all success
[info] 15:02:52 | サーバの起動が完了しました。
[info] 15:03:21 | サーバの起動が完了しました。
[info] 15:03:58 | サーバの起動が完了しました。
[http] 15:04:38 | [admin-system]Le Diep PUT /api/account/1 body:{"name":""}
[info] 15:04:38 | [admin-system]Le Diep | PUT /1 | groupID: 1を編集が成功しました
[http] 15:04:38 | [admin-system]Le Diep GET /api/group/1 body:{}
[info] 15:04:38 | [admin-system]Le Diep | GET /1 | get one success
[http] 15:04:38 | [admin-system]Le Diep GET /api/group/1 body:{}
[info] 15:04:38 | [admin-system]Le Diep | GET /1 | get one success
[http] 15:04:38 | [admin-system]Le Diep GET /api/group/1 body:{}
[info] 15:04:38 | [admin-system]Le Diep | GET /1 | get one success
[http] 15:04:38 | [admin-system]Le Diep GET /api/group/1 body:{}
[info] 15:04:38 | [admin-system]Le Diep | GET /1 | get one success
[http] 15:04:38 | [admin-system]Le Diep GET /api/group/1 body:{}
[info] 15:04:38 | [admin-system]Le Diep | GET /1 | get one success
[http] 15:04:38 | [admin-system]Le Diep GET /api/group/1 body:{}
[info] 15:04:38 | [admin-system]Le Diep | GET /1 | get one success
[http] 15:04:38 | [admin-system]Le Diep GET /api/group/1 body:{}
[info] 15:04:38 | [admin-system]Le Diep | GET /1 | get one success
[http] 15:04:38 | [admin-system]Le Diep GET /api/group/1 body:{}
[info] 15:04:38 | [admin-system]Le Diep | GET /1 | get one success
[http] 15:04:46 | [admin-system]Le Diep GET /auth body:{}
[http] 15:04:46 | [admin-system]Le Diep GET /api/config body:{}
[info] 15:04:46 | [admin-system]Le Diep | GET / | システム設定環境変数を取得できました
[http] 15:04:46 | [admin-system]Le Diep GET /api/group body:{}
[info] 15:04:46 | [admin-system]Le Diep | GET / | get all success
[info] 15:05:22 | サーバの起動が完了しました。
[http] 15:05:37 | [admin-system]Le Diep PUT /api/account/1 body:{"name":"dev"}
[info] 15:05:37 | [admin-system]Le Diep | PUT /1 | groupID: 1を編集が成功しました
[http] 15:05:37 | [admin-system]Le Diep GET /api/group/1 body:{}
[info] 15:05:37 | [admin-system]Le Diep | GET /1 | get one success
[http] 15:05:37 | [admin-system]Le Diep GET /api/group/1 body:{}
[info] 15:05:37 | [admin-system]Le Diep | GET /1 | get one success
[http] 15:05:37 | [admin-system]Le Diep GET /api/group/1 body:{}
[info] 15:05:37 | [admin-system]Le Diep | GET /1 | get one success
[http] 15:05:37 | [admin-system]Le Diep GET /api/group/1 body:{}
[info] 15:05:37 | [admin-system]Le Diep | GET /1 | get one success
[http] 15:05:53 | [admin-system]Le Diep PUT /api/account/1 body:{"name":""}
[info] 15:05:53 | [admin-system]Le Diep | PUT /1 | groupID: 1を編集が成功しました
[http] 15:05:53 | [admin-system]Le Diep GET /api/group/1 body:{}
[info] 15:05:53 | [admin-system]Le Diep | GET /1 | get one success
[http] 15:05:53 | [admin-system]Le Diep GET /api/group/1 body:{}
[info] 15:05:53 | [admin-system]Le Diep | GET /1 | get one success
[http] 15:05:53 | [admin-system]Le Diep GET /api/group/1 body:{}
[info] 15:05:53 | [admin-system]Le Diep | GET /1 | get one success
[http] 15:05:53 | [admin-system]Le Diep GET /api/group/1 body:{}
[info] 15:05:53 | [admin-system]Le Diep | GET /1 | get one success
[http] 15:05:56 | [admin-system]Le Diep GET /auth body:{}
[http] 15:05:56 | [admin-system]Le Diep GET /api/config body:{}
[info] 15:05:56 | [admin-system]Le Diep | GET / | システム設定環境変数を取得できました
[http] 15:05:57 | [admin-system]Le Diep GET /api/group body:{}
[info] 15:05:57 | [admin-system]Le Diep | GET / | get all success
[http] 15:06:01 | [admin-system]Le Diep PUT /api/account/1 body:{"name":""}
[info] 15:06:01 | [admin-system]Le Diep | PUT /1 | groupID: 1を編集が成功しました
[http] 15:06:01 | [admin-system]Le Diep GET /api/group/1 body:{}
[info] 15:06:01 | [admin-system]Le Diep | GET /1 | get one success
[http] 15:06:01 | [admin-system]Le Diep GET /api/group/1 body:{}
[info] 15:06:01 | [admin-system]Le Diep | GET /1 | get one success
[http] 15:06:35 | [admin-system]Le Diep GET /auth body:{}
[http] 15:06:35 | [admin-system]Le Diep GET /api/config body:{}
[info] 15:06:35 | [admin-system]Le Diep | GET / | システム設定環境変数を取得できました
[http] 15:06:35 | [admin-system]Le Diep GET /api/group body:{}
[info] 15:06:35 | [admin-system]Le Diep | GET / | get all success
[http] 15:07:52 | [admin-system]Le Diep PUT /api/account/1 body:{"name":"","action":"disable"}
[info] 15:07:52 | [admin-system]Le Diep | PUT /1 | groupID: 1を編集が成功しました
[http] 15:07:52 | [admin-system]Le Diep GET /api/group/1 body:{}
[info] 15:07:52 | [admin-system]Le Diep | GET /1 | get one success
[http] 15:07:52 | [admin-system]Le Diep GET /api/group/1 body:{}
[info] 15:07:52 | [admin-system]Le Diep | GET /1 | get one success
[http] 15:08:05 | [admin-system]Le Diep PUT /api/account/1 body:{"name":"","action":"active"}
[info] 15:08:05 | [admin-system]Le Diep | PUT /1 | groupID: 1を編集が成功しました
[http] 15:08:05 | [admin-system]Le Diep GET /api/group/1 body:{}
[info] 15:08:05 | [admin-system]Le Diep | GET /1 | get one success
[http] 15:08:05 | [admin-system]Le Diep GET /api/group/1 body:{}
[info] 15:08:05 | [admin-system]Le Diep | GET /1 | get one success
[info] 15:09:44 | サーバの起動が完了しました。
[info] 15:14:07 | サーバの起動が完了しました。
[info] 15:14:20 | サーバの起動が完了しました。
[info] 15:15:08 | サーバの起動が完了しました。
[info] 15:16:33 | サーバの起動が完了しました。
[http] 15:17:44 | [admin-system]Le Diep GET /auth body:{}
[http] 15:17:44 | [admin-system]Le Diep GET /api/config body:{}
[info] 15:17:44 | [admin-system]Le Diep | GET / | システム設定環境変数を取得できました
[http] 15:17:45 | [admin-system]Le Diep GET /api/group body:{}
[info] 15:17:45 | [admin-system]Le Diep | GET / | get all success
[http] 15:17:48 | [admin-system]Le Diep PUT /api/account/3 body:{"name":"","action":"disabled"}
[info] 15:17:48 | [admin-system]Le Diep | PUT /3 | groupID: 3を編集が成功しました
[http] 15:17:48 | [admin-system]Le Diep GET /api/group/1 body:{}
[info] 15:17:48 | [admin-system]Le Diep | GET /1 | get one success
[http] 15:17:48 | [admin-system]Le Diep GET /api/group/1 body:{}
[info] 15:17:48 | [admin-system]Le Diep | GET /1 | get one success
[http] 15:19:01 | [admin-system]Le Diep GET /api/config body:{}
[http] 15:19:01 | [admin-system]Le Diep GET /auth body:{}
[info] 15:19:01 | [admin-system]Le Diep | GET / | システム設定環境変数を取得できました
[http] 15:19:01 | [admin-system]Le Diep GET /api/group body:{}
[info] 15:19:01 | [admin-system]Le Diep | GET / | get all success
[http] 15:19:03 | [admin-system]Le Diep GET /auth body:{}
[http] 15:19:03 | [admin-system]Le Diep GET /api/config body:{}
[info] 15:19:03 | [admin-system]Le Diep | GET / | システム設定環境変数を取得できました
[http] 15:19:04 | [admin-system]Le Diep GET /api/group body:{}
[info] 15:19:04 | [admin-system]Le Diep | GET / | get all success
[http] 15:19:34 | [admin-system]Le Diep GET /auth body:{}
[http] 15:19:34 | [admin-system]Le Diep GET /api/config body:{}
[info] 15:19:34 | [admin-system]Le Diep | GET / | システム設定環境変数を取得できました
[http] 15:19:35 | [admin-system]Le Diep GET /api/group body:{}
[info] 15:19:35 | [admin-system]Le Diep | GET / | get all success
[http] 15:20:01 | [admin-system]Le Diep GET /auth body:{}
[http] 15:20:01 | [admin-system]Le Diep GET /api/config body:{}
[info] 15:20:01 | [admin-system]Le Diep | GET / | システム設定環境変数を取得できました
[http] 15:20:14 | [admin-system]Le Diep GET /auth body:{}
[http] 15:20:14 | [admin-system]Le Diep GET /api/config body:{}
[info] 15:20:14 | [admin-system]Le Diep | GET / | システム設定環境変数を取得できました
[info] 15:22:22 | サーバの起動が完了しました。
[info] 15:22:32 | サーバの起動が完了しました。
[http] 15:22:39 | [admin-system]Le Diep GET /auth body:{}
[http] 15:22:39 | [admin-system]Le Diep GET /api/config body:{}
[info] 15:22:39 | [admin-system]Le Diep | GET / | システム設定環境変数を取得できました
[http] 15:22:39 | [admin-system]Le Diep GET /api/group body:{}
[error] 15:22:39 | [admin-system]Le Diep | GET / | error
[info] 15:23:03 | サーバの起動が完了しました。
[http] 15:23:05 | [admin-system]Le Diep GET /auth body:{}
[http] 15:23:05 | [admin-system]Le Diep GET /api/config body:{}
[info] 15:23:05 | [admin-system]Le Diep | GET / | システム設定環境変数を取得できました
[http] 15:23:06 | [admin-system]Le Diep GET /api/group body:{}
[error] 15:23:06 | [admin-system]Le Diep | GET / | error
[info] 15:24:06 | サーバの起動が完了しました。
[http] 15:24:08 | [admin-system]Le Diep GET /auth body:{}
[http] 15:24:08 | [admin-system]Le Diep GET /api/config body:{}
[info] 15:24:08 | [admin-system]Le Diep | GET / | システム設定環境変数を取得できました
[http] 15:24:09 | [admin-system]Le Diep GET /api/group body:{}
[info] 15:24:09 | [admin-system]Le Diep | GET / | get all success
[http] 15:24:11 | [admin-system]Le Diep GET /api/config body:{}
[http] 15:24:11 | [admin-system]Le Diep GET /auth body:{}
[info] 15:24:11 | [admin-system]Le Diep | GET / | システム設定環境変数を取得できました
[http] 15:24:12 | [admin-system]Le Diep GET /api/group body:{}
[info] 15:24:12 | [admin-system]Le Diep | GET / | get all success
[http] 15:24:18 | [admin-system]Le Diep GET /auth body:{}
[http] 15:24:18 | [admin-system]Le Diep GET /api/config body:{}
[info] 15:24:18 | [admin-system]Le Diep | GET / | システム設定環境変数を取得できました
[http] 15:24:18 | [admin-system]Le Diep GET /api/group body:{}
[info] 15:24:18 | [admin-system]Le Diep | GET / | get all success
[http] 15:24:22 | [admin-system]Le Diep PUT /api/account/3 body:{"name":"","action":"active"}
[info] 15:24:22 | [admin-system]Le Diep | PUT /3 | groupID: 3を編集が成功しました
[http] 15:24:22 | [admin-system]Le Diep GET /api/group/1 body:{}
[info] 15:24:22 | [admin-system]Le Diep | GET /1 | get one success
[http] 15:24:22 | [admin-system]Le Diep GET /api/group/1 body:{}
[info] 15:24:22 | [admin-system]Le Diep | GET /1 | get one success
[http] 15:24:25 | [admin-system]Le Diep PUT /api/account/3 body:{"name":"","action":"disabled"}
[info] 15:24:25 | [admin-system]Le Diep | PUT /3 | groupID: 3を編集が成功しました
[http] 15:24:25 | [admin-system]Le Diep GET /api/group/1 body:{}
[info] 15:24:25 | [admin-system]Le Diep | GET /1 | get one success
[http] 15:24:25 | [admin-system]Le Diep GET /api/group/1 body:{}
[info] 15:24:25 | [admin-system]Le Diep | GET /1 | get one success
[http] 15:24:28 | [admin-system]Le Diep PUT /api/account/3 body:{"name":"","action":"active"}
[info] 15:24:28 | [admin-system]Le Diep | PUT /3 | groupID: 3を編集が成功しました
[http] 15:24:28 | [admin-system]Le Diep GET /api/group/1 body:{}
[info] 15:24:28 | [admin-system]Le Diep | GET /1 | get one success
[http] 15:24:28 | [admin-system]Le Diep GET /api/group/1 body:{}
[info] 15:24:28 | [admin-system]Le Diep | GET /1 | get one success
[http] 15:24:31 | [admin-system]Le Diep PUT /api/account/3 body:{"name":"","action":"disabled"}
[info] 15:24:31 | [admin-system]Le Diep | PUT /3 | groupID: 3を編集が成功しました
[http] 15:24:31 | [admin-system]Le Diep GET /api/group/1 body:{}
[info] 15:24:31 | [admin-system]Le Diep | GET /1 | get one success
[http] 15:24:31 | [admin-system]Le Diep GET /api/group/1 body:{}
[info] 15:24:31 | [admin-system]Le Diep | GET /1 | get one success
[http] 15:24:33 | [admin-system]Le Diep PUT /api/account/3 body:{"name":"","action":"active"}
[info] 15:24:34 | [admin-system]Le Diep | PUT /3 | groupID: 3を編集が成功しました
[http] 15:24:34 | [admin-system]Le Diep GET /api/group/1 body:{}
[info] 15:24:34 | [admin-system]Le Diep | GET /1 | get one success
[http] 15:24:34 | [admin-system]Le Diep GET /api/group/1 body:{}
[info] 15:24:34 | [admin-system]Le Diep | GET /1 | get one success
[http] 15:24:43 | [admin-system]Le Diep PUT /api/account/3 body:{"name":"DEV01","action":"update"}
[error] 15:24:43 | [admin-system]Le Diep | PUT /3 | error
[info] 15:27:10 | サーバの起動が完了しました。
[http] 15:27:14 | [admin-system]Le Diep PUT /api/account/3 body:{"name":"DEV01","action":"update"}
[error] 15:27:14 | [admin-system]Le Diep | PUT /3 | error
[info] 15:27:27 | サーバの起動が完了しました。
[http] 15:27:30 | [admin-system]Le Diep PUT /api/account/3 body:{"name":"DEV02","action":"update"}
[error] 15:27:30 | [admin-system]Le Diep | PUT /3 | error
[info] 15:28:07 | サーバの起動が完了しました。
[http] 15:28:55 | [admin-system]Le Diep GET /auth body:{}
[http] 15:28:56 | [admin-system]Le Diep GET /api/config body:{}
[info] 15:28:56 | [admin-system]Le Diep | GET / | システム設定環境変数を取得できました
[http] 15:28:56 | [admin-system]Le Diep GET /api/group body:{}
[info] 15:28:56 | [admin-system]Le Diep | GET / | get all success
[http] 15:29:02 | [admin-system]Le Diep PUT /api/account/3 body:{"name":"DEV01"}
[info] 15:29:02 | [admin-system]Le Diep | PUT /3 | groupID: 3を編集が成功しました
[http] 15:29:02 | [admin-system]Le Diep GET /api/group/1 body:{}
[info] 15:29:02 | [admin-system]Le Diep | GET /1 | get one success
[http] 15:29:02 | [admin-system]Le Diep GET /api/group/1 body:{}
[info] 15:29:02 | [admin-system]Le Diep | GET /1 | get one success
[http] 15:29:58 | [admin-system]Le Diep PUT /api/account/3 body:{"name":"","action":"disabled"}
[info] 15:29:58 | [admin-system]Le Diep | PUT /3 | groupID: 3を編集が成功しました
[http] 15:29:58 | [admin-system]Le Diep GET /api/group/1 body:{}
[info] 15:29:58 | [admin-system]Le Diep | GET /1 | get one success
[http] 15:29:58 | [admin-system]Le Diep GET /api/group/1 body:{}
[info] 15:29:58 | [admin-system]Le Diep | GET /1 | get one success
[http] 15:30:01 | [admin-system]Le Diep PUT /api/account/3 body:{"name":"","action":"active"}
[info] 15:30:01 | [admin-system]Le Diep | PUT /3 | groupID: 3を編集が成功しました
[http] 15:30:01 | [admin-system]Le Diep GET /api/group/1 body:{}
[info] 15:30:01 | [admin-system]Le Diep | GET /1 | get one success
[http] 15:30:01 | [admin-system]Le Diep GET /api/group/1 body:{}
[info] 15:30:01 | [admin-system]Le Diep | GET /1 | get one success
[http] 15:30:08 | [admin-system]Le Diep PUT /api/account/3 body:{"name":"","action":"deleted"}
[info] 15:30:08 | [admin-system]Le Diep | PUT /3 | groupID: 3を編集が成功しました
[http] 15:30:08 | [admin-system]Le Diep GET /api/group/1 body:{}
[info] 15:30:08 | [admin-system]Le Diep | GET /1 | get one success
[http] 15:30:08 | [admin-system]Le Diep GET /api/group/1 body:{}
[info] 15:30:08 | [admin-system]Le Diep | GET /1 | get one success
[info] 15:34:12 | サーバの起動が完了しました。
[http] 15:34:15 | [admin-system]Le Diep GET /auth body:{}
[http] 15:34:15 | [admin-system]Le Diep GET /api/config body:{}
[info] 15:34:15 | [admin-system]Le Diep | GET / | システム設定環境変数を取得できました
[http] 15:34:16 | [admin-system]Le Diep GET /api/group body:{}
[info] 15:34:16 | [admin-system]Le Diep | GET / | get all success
[info] 15:38:02 | サーバの起動が完了しました。
[info] 15:38:32 | サーバの起動が完了しました。
[http] 15:39:05 | [admin-system]Le Diep GET /auth body:{}
[http] 15:39:05 | [admin-system]Le Diep GET /api/config body:{}
[info] 15:39:05 | [admin-system]Le Diep | GET / | システム設定環境変数を取得できました
[http] 15:39:06 | [admin-system]Le Diep GET /api/group body:{}
[info] 15:39:06 | [admin-system]Le Diep | GET / | get all success
[info] 16:10:17 | サーバの起動が完了しました。
[http] 16:10:24 | [admin-system]Le Diep GET /auth body:{}
[http] 16:10:24 | [admin-system]Le Diep GET /api/config body:{}
[info] 16:10:24 | [admin-system]Le Diep | GET / | システム設定環境変数を取得できました
[http] 16:10:25 | [admin-system]Le Diep GET /api/group body:{}
[info] 16:10:25 | [admin-system]Le Diep | GET / | get all success
[http] 16:10:27 | [admin-system]Le Diep GET /auth body:{}
[http] 16:10:27 | [admin-system]Le Diep GET /api/config body:{}
[info] 16:10:27 | [admin-system]Le Diep | GET / | システム設定環境変数を取得できました
[http] 16:10:28 | [admin-system]Le Diep GET /api/group body:{}
[info] 16:10:28 | [admin-system]Le Diep | GET / | get all success
[http] 16:10:32 | [admin-system]Le Diep POST /api/group/ body:{"name":"sfadasd","permission":"0000000","description":""}
[info] 16:10:32 | [admin-system]Le Diep | POST / | groupID: 11を作成が成功しました
[http] 16:10:32 | [admin-system]Le Diep GET /api/group/11 body:{}
[info] 16:10:32 | [admin-system]Le Diep | GET /11 | get one success
[http] 16:10:54 | [admin-system]Le Diep GET /auth body:{}
[http] 16:10:54 | [admin-system]Le Diep GET /api/config body:{}
[info] 16:10:54 | [admin-system]Le Diep | GET / | システム設定環境変数を取得できました
[http] 16:10:55 | [admin-system]Le Diep GET /api/group body:{}
[info] 16:10:55 | [admin-system]Le Diep | GET / | get all success
[info] 16:12:22 | サーバの起動が完了しました。
[http] 16:12:25 | [admin-system]Le Diep GET /api/config body:{}
[http] 16:12:25 | [admin-system]Le Diep GET /auth body:{}
[info] 16:12:25 | [admin-system]Le Diep | GET / | システム設定環境変数を取得できました
[http] 16:12:25 | [admin-system]Le Diep GET /api/group body:{}
[info] 16:12:25 | [admin-system]Le Diep | GET / | get all success
[http] 16:12:40 | [admin-system]Le Diep POST /api/group/ body:{"name":"dasdasd","permission":"0000000","description":""}
[info] 16:12:40 | [admin-system]Le Diep | POST / | groupID: 12を作成が成功しました
[http] 16:12:40 | [admin-system]Le Diep GET /api/group/12 body:{}
[info] 16:12:40 | [admin-system]Le Diep | GET /12 | get one success
[http] 16:58:30 | [admin-system]Le Diep GET /auth body:{}
[http] 16:58:30 | [admin-system]Le Diep GET /api/config body:{}
[info] 16:58:30 | [admin-system]Le Diep | GET / | システム設定環境変数を取得できました
[http] 16:58:32 | [admin-system]Le Diep GET /auth body:{}
[http] 16:58:32 | [admin-system]Le Diep GET /api/config body:{}
[info] 16:58:32 | [admin-system]Le Diep | GET / | システム設定環境変数を取得できました
[http] 16:58:35 | [admin-system]Le Diep GET /auth body:{}
[http] 16:58:35 | [admin-system]Le Diep GET /api/config body:{}
[info] 16:58:35 | [admin-system]Le Diep | GET / | システム設定環境変数を取得できました
[http] 17:02:28 | [admin-system]Le Diep GET /api/config body:{}
[info] 17:02:28 | [admin-system]Le Diep | GET / | システム設定環境変数を取得できました
[http] 17:02:30 | [admin-system]Le Diep GET /auth body:{}
[http] 17:02:30 | [admin-system]Le Diep GET /api/config body:{}
[info] 17:02:30 | [admin-system]Le Diep | GET / | システム設定環境変数を取得できました
[http] 17:02:37 | [admin-system]Le Diep GET /auth body:{}
[http] 17:02:37 | [admin-system]Le Diep GET /api/config body:{}
[info] 17:02:37 | [admin-system]Le Diep | GET / | システム設定環境変数を取得できました
[http] 17:12:00 | [admin-system]Le Diep GET /auth body:{}
[http] 17:12:00 | [admin-system]Le Diep GET /api/config body:{}
[info] 17:12:00 | [admin-system]Le Diep | GET / | システム設定環境変数を取得できました
[http] 17:12:02 | [admin-system]Le Diep GET /auth body:{}
[http] 17:12:02 | [admin-system]Le Diep GET /api/config body:{}
[info] 17:12:02 | [admin-system]Le Diep | GET / | システム設定環境変数を取得できました
[http] 17:13:25 | [admin-system]Le Diep GET /api/cms/theme body:{}
[http] 17:13:25 | [admin-system]Le Diep GET /api/cms/theme body:{}
[info] 17:14:12 | サーバの起動が完了しました。
[http] 17:14:13 | [admin-system]Le Diep GET /auth body:{}
[http] 17:14:13 | [admin-system]Le Diep GET /api/config body:{}
[info] 17:14:13 | [admin-system]Le Diep | GET / | システム設定環境変数を取得できました
[http] 17:14:14 | [admin-system]Le Diep GET /api/cms/theme body:{}
[info] 17:14:14 | [admin-system]Le Diep | GET / | get all success
[http] 17:14:17 | [admin-system]Le Diep GET /auth body:{}
[http] 17:14:17 | [admin-system]Le Diep GET /api/config body:{}
[info] 17:14:17 | [admin-system]Le Diep | GET / | システム設定環境変数を取得できました
[http] 17:14:17 | [admin-system]Le Diep GET /api/cms/theme body:{}
[info] 17:14:17 | [admin-system]Le Diep | GET / | get all success
[http] 17:18:55 | [admin-system]Le Diep GET /api/config body:{}
[info] 17:18:55 | [admin-system]Le Diep | GET / | システム設定環境変数を取得できました
[http] 17:18:59 | [admin-system]Le Diep GET /auth body:{}
[http] 17:18:59 | [admin-system]Le Diep GET /api/config body:{}
[info] 17:18:59 | [admin-system]Le Diep | GET / | システム設定環境変数を取得できました
[http] 17:19:00 | [admin-system]Le Diep GET /api/cms/theme body:{}
[info] 17:19:00 | [admin-system]Le Diep | GET / | get all success
[http] 17:19:07 | [admin-system]Le Diep GET /auth body:{}
[http] 17:19:07 | [admin-system]Le Diep GET /api/config body:{}
[info] 17:19:07 | [admin-system]Le Diep | GET / | システム設定環境変数を取得できました
[http] 17:19:07 | [admin-system]Le Diep GET /api/cms/theme body:{}
[info] 17:19:07 | [admin-system]Le Diep | GET / | get all success
[http] 17:22:55 | [admin-system]Le Diep GET /api/config body:{}
[info] 17:22:55 | [admin-system]Le Diep | GET / | システム設定環境変数を取得できました
[http] 17:23:45 | [admin-system]Le Diep GET /api/config body:{}
[info] 17:23:45 | [admin-system]Le Diep | GET / | システム設定環境変数を取得できました
[http] 17:23:47 | [admin-system]Le Diep GET /auth body:{}
[http] 17:23:47 | [admin-system]Le Diep GET /api/config body:{}
[info] 17:23:47 | [admin-system]Le Diep | GET / | システム設定環境変数を取得できました
[http] 17:23:47 | [admin-system]Le Diep GET /api/cms/theme body:{}
[info] 17:23:47 | [admin-system]Le Diep | GET / | get all success
[http] 17:24:07 | [admin-system]Le Diep GET /api/config body:{}
[http] 17:24:07 | [admin-system]Le Diep GET /auth body:{}
[info] 17:24:07 | [admin-system]Le Diep | GET / | システム設定環境変数を取得できました
[http] 17:24:07 | [admin-system]Le Diep GET /api/cms/theme body:{}
[info] 17:24:07 | [admin-system]Le Diep | GET / | get all success
[http] 17:26:02 | [admin-system]Le Diep GET /api/config body:{}
[info] 17:26:02 | [admin-system]Le Diep | GET / | システム設定環境変数を取得できました
[http] 17:31:48 | [admin-system]Le Diep GET /api/config body:{}
[info] 17:31:48 | [admin-system]Le Diep | GET / | システム設定環境変数を取得できました
[http] 17:31:51 | [admin-system]Le Diep GET /auth body:{}
[http] 17:31:51 | [admin-system]Le Diep GET /api/config body:{}
[info] 17:31:51 | [admin-system]Le Diep | GET / | システム設定環境変数を取得できました
[http] 17:34:31 | [admin-system]Le Diep GET /api/config body:{}
[info] 17:34:31 | [admin-system]Le Diep | GET / | システム設定環境変数を取得できました
[http] 17:34:45 | [admin-system]Le Diep GET /api/config body:{}
[info] 17:34:45 | [admin-system]Le Diep | GET / | システム設定環境変数を取得できました
[http] 17:54:31 | [admin-system]Le Diep GET /api/config body:{}
[info] 17:54:31 | [admin-system]Le Diep | GET / | システム設定環境変数を取得できました
[http] 17:54:38 | [admin-system]Le Diep GET /auth body:{}
[http] 17:54:38 | [admin-system]Le Diep GET /api/config body:{}
[info] 17:54:38 | [admin-system]Le Diep | GET / | システム設定環境変数を取得できました
[info] 18:08:57 | サーバの起動が完了しました。
[info] 18:10:45 | サーバの起動が完了しました。
[http] 18:14:11 | [admin-system]Le Diep GET /api/config body:{}
[http] 18:14:11 | [admin-system]Le Diep GET /auth body:{}
[info] 18:14:11 | [admin-system]Le Diep | GET / | システム設定環境変数を取得できました
[http] 18:14:16 | [admin-system]Le Diep GET /auth body:{}
[http] 18:14:16 | [admin-system]Le Diep GET /api/config body:{}
[info] 18:14:16 | [admin-system]Le Diep | GET / | システム設定環境変数を取得できました
[http] 18:16:14 | [admin-system]Le Diep GET /api/config body:{}
[info] 18:16:14 | [admin-system]Le Diep | GET / | システム設定環境変数を取得できました
[http] 18:16:43 | [admin-system]Le Diep GET /api/config body:{}
[info] 18:16:43 | [admin-system]Le Diep | GET / | システム設定環境変数を取得できました
[http] 18:17:06 | [admin-system]Le Diep GET /api/config body:{}
[info] 18:17:06 | [admin-system]Le Diep | GET / | システム設定環境変数を取得できました
[http] 18:20:21 | [admin-system]Le Diep GET /api/cms/slot body:{}
[http] 18:25:24 | [admin-system]Le Diep GET /api/cms/theme body:{}
[info] 18:25:24 | [admin-system]Le Diep | GET / | get all success
[http] 18:36:36 | [admin-system]Le Diep GET /api/config body:{}
[http] 18:36:36 | [admin-system]Le Diep GET /auth body:{}
[info] 18:36:36 | [admin-system]Le Diep | GET / | システム設定環境変数を取得できました
[http] 18:36:56 | [admin-system]Le Diep GET /auth body:{}
[http] 18:36:56 | [admin-system]Le Diep GET /api/config body:{}
[info] 18:36:57 | [admin-system]Le Diep | GET / | システム設定環境変数を取得できました
[http] 18:39:00 | [admin-system]Le Diep GET /auth body:{}
[http] 18:39:00 | [admin-system]Le Diep GET /api/config body:{}
[info] 18:39:00 | [admin-system]Le Diep | GET / | システム設定環境変数を取得できました
[http] 18:42:02 | [admin-system]Le Diep GET /api/config body:{}
[info] 18:42:02 | [admin-system]Le Diep | GET / | システム設定環境変数を取得できました
[http] 18:42:13 | [admin-system]Le Diep GET /auth body:{}
[http] 18:42:13 | [admin-system]Le Diep GET /api/config body:{}
[info] 18:42:13 | [admin-system]Le Diep | GET / | システム設定環境変数を取得できました
[http] 18:46:05 | [admin-system]Le Diep GET /api/config body:{}
[http] 18:46:05 | [admin-system]Le Diep GET /auth body:{}
[info] 18:46:05 | [admin-system]Le Diep | GET / | システム設定環境変数を取得できました
[http] 18:48:24 | [admin-system]Le Diep GET /auth body:{}
[http] 18:48:24 | [admin-system]Le Diep GET /api/config body:{}
[info] 18:48:24 | [admin-system]Le Diep | GET / | システム設定環境変数を取得できました
[http] 18:52:13 | [admin-system]Le Diep GET /auth body:{}
[http] 18:52:13 | [admin-system]Le Diep GET /api/config body:{}
[info] 18:52:13 | [admin-system]Le Diep | GET / | システム設定環境変数を取得できました
[http] 18:57:40 | [admin-system]Le Diep GET /auth body:{}
[http] 18:57:40 | [admin-system]Le Diep GET /api/config body:{}
[info] 18:57:40 | [admin-system]Le Diep | GET / | システム設定環境変数を取得できました
[http] 19:02:38 | [admin-system]Le Diep GET /api/config body:{}
[info] 19:02:39 | [admin-system]Le Diep | GET / | システム設定環境変数を取得できました
[http] 19:02:41 | [admin-system]Le Diep GET /auth body:{}
[http] 19:02:41 | [admin-system]Le Diep GET /api/config body:{}
[info] 19:02:41 | [admin-system]Le Diep | GET / | システム設定環境変数を取得できました
[http] 19:02:44 | [admin-system]Le Diep GET /auth body:{}
[http] 19:02:44 | [admin-system]Le Diep GET /api/config body:{}
[info] 19:02:44 | [admin-system]Le Diep | GET / | システム設定環境変数を取得できました
[http] 19:04:43 | [admin-system]Le Diep GET /auth body:{}
[http] 19:04:43 | [admin-system]Le Diep GET /api/config body:{}
[info] 19:04:43 | [admin-system]Le Diep | GET / | システム設定環境変数を取得できました
[http] 19:08:57 | [admin-system]Le Diep GET /auth body:{}
[http] 19:08:57 | [admin-system]Le Diep GET /api/config body:{}
[info] 19:08:57 | [admin-system]Le Diep | GET / | システム設定環境変数を取得できました
[http] 19:09:43 | [admin-system]Le Diep GET /auth body:{}
[http] 19:09:43 | [admin-system]Le Diep GET /api/config body:{}
[info] 19:09:43 | [admin-system]Le Diep | GET / | システム設定環境変数を取得できました
[http] 19:10:27 | [admin-system]Le Diep GET /api/cms/theme body:{}
[info] 19:10:27 | [admin-system]Le Diep | GET / | get all success
[http] 19:12:12 | [admin-system]Le Diep GET /api/config body:{}
[info] 19:12:12 | [admin-system]Le Diep | GET / | システム設定環境変数を取得できました
[http] 19:12:46 | [admin-system]Le Diep GET /api/config body:{}
[info] 19:12:46 | [admin-system]Le Diep | GET / | システム設定環境変数を取得できました
[http] 19:12:52 | [admin-system]Le Diep GET /auth body:{}
[http] 19:12:52 | [admin-system]Le Diep GET /api/config body:{}
[info] 19:12:52 | [admin-system]Le Diep | GET / | システム設定環境変数を取得できました
[http] 19:12:53 | [admin-system]Le Diep GET /api/cms/theme body:{}
[info] 19:12:53 | [admin-system]Le Diep | GET / | get all success
[http] 19:13:14 | [admin-system]Le Diep GET /api/config body:{}
[http] 19:13:14 | [admin-system]Le Diep GET /auth body:{}
[info] 19:13:14 | [admin-system]Le Diep | GET / | システム設定環境変数を取得できました
[http] 19:13:15 | [admin-system]Le Diep GET /api/cms/theme body:{}
[info] 19:13:15 | [admin-system]Le Diep | GET / | get all success
[http] 19:13:59 | [admin-system]Le Diep GET /auth body:{}
[http] 19:13:59 | [admin-system]Le Diep GET /api/config body:{}
[info] 19:13:59 | [admin-system]Le Diep | GET / | システム設定環境変数を取得できました
[http] 19:14:00 | [admin-system]Le Diep GET /api/cms/theme body:{}
[info] 19:14:00 | [admin-system]Le Diep | GET / | get all success
[http] 19:16:13 | [admin-system]Le Diep GET /api/config body:{}
[info] 19:16:13 | [admin-system]Le Diep | GET / | システム設定環境変数を取得できました
[http] 19:16:44 | [admin-system]Le Diep GET /api/config body:{}
[info] 19:16:44 | [admin-system]Le Diep | GET / | システム設定環境変数を取得できました
[http] 19:16:46 | [admin-system]Le Diep GET /auth body:{}
[http] 19:16:46 | [admin-system]Le Diep GET /api/config body:{}
[info] 19:16:46 | [admin-system]Le Diep | GET / | システム設定環境変数を取得できました
[http] 19:16:47 | [admin-system]Le Diep GET /api/cms/theme body:{}
[info] 19:16:47 | [admin-system]Le Diep | GET / | get all success
[http] 19:17:28 | [admin-system]Le Diep GET /api/config body:{}
[info] 19:17:28 | [admin-system]Le Diep | GET / | システム設定環境変数を取得できました
[http] 19:18:46 | [admin-system]Le Diep GET /api/config body:{}
[info] 19:18:46 | [admin-system]Le Diep | GET / | システム設定環境変数を取得できました
[http] 19:21:26 | [admin-system]Le Diep GET /api/config body:{}
[info] 19:21:26 | [admin-system]Le Diep | GET / | システム設定環境変数を取得できました
[http] 19:22:14 | [admin-system]Le Diep GET /auth body:{}
[http] 19:22:14 | [admin-system]Le Diep GET /api/config body:{}
[info] 19:22:14 | [admin-system]Le Diep | GET / | システム設定環境変数を取得できました
[http] 19:22:14 | [admin-system]Le Diep GET /api/cms/theme body:{}
[info] 19:22:14 | [admin-system]Le Diep | GET / | get all success
[info] 19:22:29 | サーバの起動が完了しました。
[info] 19:22:34 | サーバの起動が完了しました。
[http] 19:24:20 | [admin-system]Le Diep GET /api/config body:{}
[info] 19:24:20 | [admin-system]Le Diep | GET / | システム設定環境変数を取得できました
[http] 19:27:23 | [admin-system]Le Diep GET /auth body:{}
[http] 19:27:23 | [admin-system]Le Diep GET /api/config body:{}
[info] 19:27:23 | [admin-system]Le Diep | GET / | システム設定環境変数を取得できました
[http] 19:27:24 | [admin-system]Le Diep GET /api/cms/theme body:{}
[info] 19:27:24 | [admin-system]Le Diep | GET / | get all success
[http] 19:27:26 | [admin-system]Le Diep GET /auth body:{}
[http] 19:27:26 | [admin-system]Le Diep GET /api/config body:{}
[info] 19:27:26 | [admin-system]Le Diep | GET / | システム設定環境変数を取得できました
[http] 19:27:27 | [admin-system]Le Diep GET /api/cms/theme body:{}
[info] 19:27:27 | [admin-system]Le Diep | GET / | get all success
[info] 19:38:01 | サーバの起動が完了しました。
[http] 19:38:10 | [admin-system]Le Diep GET /auth body:{}
[http] 19:38:10 | [admin-system]Le Diep GET /api/config body:{}
[info] 19:38:10 | [admin-system]Le Diep | GET / | システム設定環境変数を取得できました
[http] 19:38:11 | [admin-system]Le Diep GET /api/cms/theme body:{}
[info] 19:38:11 | [admin-system]Le Diep | GET / | get all success
[http] 19:39:20 | [admin-system]Le Diep POST /api/cms/theme/ body:{"name":"oooo","code":""}
[info] 19:39:20 | [admin-system]Le Diep | POST / | theme: ooooを作成が成功しました
[http] 19:40:51 | [admin-system]Le Diep GET /api/config body:{}
[http] 19:40:51 | [admin-system]Le Diep GET /auth body:{}
[info] 19:40:51 | [admin-system]Le Diep | GET / | システム設定環境変数を取得できました
[http] 19:40:52 | [admin-system]Le Diep GET /api/cms/theme body:{}
[info] 19:40:52 | [admin-system]Le Diep | GET / | get all success
[http] 19:40:55 | [admin-system]Le Diep POST /api/cms/theme/ body:{"name":"abc","code":""}
[info] 19:40:55 | [admin-system]Le Diep | POST / | theme: abcを作成が成功しました
[info] 19:43:31 | サーバの起動が完了しました。
[info] 19:43:34 | サーバの起動が完了しました。
[http] 19:43:37 | [admin-system]Le Diep GET /auth body:{}
[http] 19:43:37 | [admin-system]Le Diep GET /api/config body:{}
[info] 19:43:37 | [admin-system]Le Diep | GET / | システム設定環境変数を取得できました
[http] 19:43:38 | [admin-system]Le Diep GET /api/cms/theme body:{}
[info] 19:43:38 | [admin-system]Le Diep | GET / | get all success
[http] 19:43:43 | [admin-system]Le Diep POST /api/cms/theme/ body:{"name":"div","code":""}
[info] 19:43:43 | [admin-system]Le Diep | POST / | theme: divを作成が成功しました
[info] 19:44:41 | サーバの起動が完了しました。
[info] 19:45:22 | サーバの起動が完了しました。
[http] 19:45:27 | [admin-system]Le Diep POST /api/cms/theme/ body:{"name":"diveqwe","code":""}
[info] 19:45:27 | [admin-system]Le Diep | POST / | theme: diveqweを作成が成功しました
[http] 19:45:36 | [admin-system]Le Diep GET /auth body:{}
[http] 19:45:36 | [admin-system]Le Diep GET /api/config body:{}
[info] 19:45:36 | [admin-system]Le Diep | GET / | システム設定環境変数を取得できました
[http] 19:45:37 | [admin-system]Le Diep GET /api/cms/theme body:{}
[info] 19:45:37 | [admin-system]Le Diep | GET / | get all success
[http] 19:45:39 | [admin-system]Le Diep POST /api/cms/theme/ body:{"name":"qwe","code":""}
[info] 19:45:39 | [admin-system]Le Diep | POST / | theme: qweを作成が成功しました
[http] 19:47:01 | [admin-system]Le Diep GET /api/group body:{}
[info] 19:47:01 | [admin-system]Le Diep | GET / | get all success
[http] 19:47:06 | [admin-system]Le Diep POST /api/group/ body:{"name":"qweqwe","permission":"0000000","description":""}
[info] 19:47:06 | [admin-system]Le Diep | POST / | groupID: 13を作成が成功しました
[http] 19:47:06 | [admin-system]Le Diep GET /api/group/13 body:{}
[info] 19:47:06 | [admin-system]Le Diep | GET /13 | get one success
[info] 19:47:44 | サーバの起動が完了しました。
[http] 19:47:47 | [admin-system]Le Diep GET /auth body:{}
[http] 19:47:47 | [admin-system]Le Diep GET /api/config body:{}
[info] 19:47:47 | [admin-system]Le Diep | GET / | システム設定環境変数を取得できました
[http] 19:47:47 | [admin-system]Le Diep GET /api/group body:{}
[info] 19:47:47 | [admin-system]Le Diep | GET / | get all success
[info] 19:47:57 | サーバの起動が完了しました。
[info] 19:53:03 | サーバの起動が完了しました。
[http] 19:53:09 | [admin-system]Le Diep GET /auth body:{}
[http] 19:53:09 | [admin-system]Le Diep GET /api/config body:{}
[info] 19:53:09 | [admin-system]Le Diep | GET / | システム設定環境変数を取得できました
[http] 19:53:09 | [admin-system]Le Diep GET /api/group body:{}
[info] 19:53:09 | [admin-system]Le Diep | GET / | get all success
[http] 19:53:14 | [admin-system]Le Diep GET /api/cms/theme body:{}
[info] 19:53:14 | [admin-system]Le Diep | GET / | get all success
[http] 19:53:21 | [admin-system]Le Diep POST /api/cms/theme/ body:{"name":"jh","code":""}
[info] 19:53:21 | [admin-system]Le Diep | POST / | theme: jhを作成が成功しました
[info] 19:54:40 | サーバの起動が完了しました。
[http] 19:54:42 | [admin-system]Le Diep POST /api/cms/theme/ body:{"name":"jheqwe","code":""}
[info] 19:54:42 | [admin-system]Le Diep | POST / | theme: jheqweを作成が成功しました
[info] 19:55:04 | サーバの起動が完了しました。
[error] 19:56:10 | DB Sync error
[info] 19:56:14 | サーバの起動が完了しました。
[http] 19:56:16 | [admin-system]Le Diep GET /api/config body:{}
[http] 19:56:16 | [admin-system]Le Diep GET /auth body:{}
[info] 19:56:16 | [admin-system]Le Diep | GET / | システム設定環境変数を取得できました
[http] 19:56:17 | [admin-system]Le Diep GET /api/cms/theme body:{}
[info] 19:56:17 | [admin-system]Le Diep | GET / | get all success
[http] 19:56:19 | [admin-system]Le Diep GET /auth body:{}
[http] 19:56:19 | [admin-system]Le Diep GET /api/config body:{}
[info] 19:56:19 | [admin-system]Le Diep | GET / | システム設定環境変数を取得できました
[http] 19:56:19 | [admin-system]Le Diep GET /api/cms/theme body:{}
[info] 19:56:19 | [admin-system]Le Diep | GET / | get all success
[http] 19:56:21 | [admin-system]Le Diep POST /api/cms/theme/ body:{"name":"dasd","code":""}
[info] 19:56:21 | [admin-system]Le Diep | POST / | theme: dasdを作成が成功しました
[info] 19:59:04 | サーバの起動が完了しました。
[info] 19:59:31 | サーバの起動が完了しました。
[http] 19:59:45 | [admin-system]Le Diep POST /api/group/ body:{"name":"asdasd","permission":"0000000","description":""}
[info] 19:59:45 | [admin-system]Le Diep | POST / | groupID: 2を作成が成功しました
[http] 19:59:45 | [admin-system]Le Diep GET /api/group/2 body:{}
[info] 19:59:45 | [admin-system]Le Diep | GET /2 | get one success
[http] 19:59:45 | [admin-system]Le Diep GET /api/group/2 body:{}
[info] 19:59:45 | [admin-system]Le Diep | GET /2 | get one success
[http] 19:59:45 | [admin-system]Le Diep GET /api/group/2 body:{}
[info] 19:59:45 | [admin-system]Le Diep | GET /2 | get one success
[http] 19:59:45 | [admin-system]Le Diep GET /api/group body:{}
[info] 19:59:45 | [admin-system]Le Diep | GET / | get all success
[http] 20:02:31 | [admin-system]Le Diep POST /api/cms/theme/ body:{"name":"qweqw","code":""}
[info] 20:02:31 | [admin-system]Le Diep | POST / | theme: qweqwを作成が成功しました
[http] 20:02:37 | [admin-system]Le Diep GET /auth body:{}
[http] 20:02:37 | [admin-system]Le Diep GET /api/config body:{}
[info] 20:02:37 | [admin-system]Le Diep | GET / | システム設定環境変数を取得できました
[http] 20:02:38 | [admin-system]Le Diep GET /api/cms/theme body:{}
[info] 20:02:38 | [admin-system]Le Diep | GET / | get all success
[http] 20:02:43 | [admin-system]Le Diep GET /auth body:{}
[http] 20:02:43 | [admin-system]Le Diep GET /api/config body:{}
[info] 20:02:43 | [admin-system]Le Diep | GET / | システム設定環境変数を取得できました
[http] 20:02:43 | [admin-system]Le Diep GET /api/cms/theme body:{}
[info] 20:02:43 | [admin-system]Le Diep | GET / | get all success
[info] 20:04:15 | サーバの起動が完了しました。
[http] 20:04:20 | [admin-system]Le Diep GET /auth body:{}
[http] 20:04:20 | [admin-system]Le Diep GET /api/config body:{}
[info] 20:04:20 | [admin-system]Le Diep | GET / | システム設定環境変数を取得できました
[http] 20:04:20 | [admin-system]Le Diep GET /api/cms/theme body:{}
[info] 20:04:20 | [admin-system]Le Diep | GET / | get all success
[http] 20:04:25 | [admin-system]Le Diep POST /api/group/ body:{"name":"qwqwe","permission":"0000000","description":""}
[info] 20:04:25 | [admin-system]Le Diep | POST / | groupID: 3を作成が成功しました
[http] 20:04:25 | [admin-system]Le Diep GET /api/group/3 body:{}
[info] 20:04:25 | [admin-system]Le Diep | GET /3 | get one success
[http] 20:04:25 | [admin-system]Le Diep GET /api/group body:{}
[info] 20:04:25 | [admin-system]Le Diep | GET / | get all success
[http] 20:04:53 | [admin-system]Le Diep POST /api/cms/theme/ body:{"name":"asdasd","code":""}
[info] 20:04:53 | [admin-system]Le Diep | POST / | theme: asdasdを作成が成功しました
[http] 20:04:59 | [admin-system]Le Diep GET /auth body:{}
[http] 20:04:59 | [admin-system]Le Diep GET /api/config body:{}
[info] 20:04:59 | [admin-system]Le Diep | GET / | システム設定環境変数を取得できました
[http] 20:04:59 | [admin-system]Le Diep GET /api/cms/theme body:{}
[info] 20:04:59 | [admin-system]Le Diep | GET / | get all success
[info] 20:05:30 | サーバの起動が完了しました。
[http] 20:05:33 | [admin-system]Le Diep POST /api/group/ body:{"name":"dasdas","permission":"0000000","description":""}
[info] 20:05:33 | [admin-system]Le Diep | POST / | groupID: 4を作成が成功しました
[http] 20:05:33 | [admin-system]Le Diep GET /api/group/4 body:{}
[info] 20:05:33 | [admin-system]Le Diep | GET /4 | get one success
[http] 20:05:33 | [admin-system]Le Diep GET /api/group/4 body:{}
[info] 20:05:33 | [admin-system]Le Diep | GET /4 | get one success
[http] 20:05:33 | [admin-system]Le Diep GET /api/group body:{}
[info] 20:05:33 | [admin-system]Le Diep | GET / | get all success
[http] 20:05:36 | [admin-system]Le Diep GET /auth body:{}
[http] 20:05:36 | [admin-system]Le Diep GET /api/config body:{}
[info] 20:05:36 | [admin-system]Le Diep | GET / | システム設定環境変数を取得できました
[http] 20:05:37 | [admin-system]Le Diep GET /api/group body:{}
[info] 20:05:37 | [admin-system]Le Diep | GET / | get all success
[http] 20:05:39 | [admin-system]Le Diep POST /api/group/ body:{"name":"dasdasdasd","permission":"0000000","description":""}
[info] 20:05:39 | [admin-system]Le Diep | POST / | groupID: 5を作成が成功しました
[http] 20:05:39 | [admin-system]Le Diep GET /api/group/5 body:{}
[info] 20:05:39 | [admin-system]Le Diep | GET /5 | get one success
[http] 20:05:41 | [admin-system]Le Diep GET /auth body:{}
[http] 20:05:41 | [admin-system]Le Diep GET /api/config body:{}
[info] 20:05:41 | [admin-system]Le Diep | GET / | システム設定環境変数を取得できました
[http] 20:05:42 | [admin-system]Le Diep GET /api/group body:{}
[info] 20:05:42 | [admin-system]Le Diep | GET / | get all success
[http] 20:05:43 | [admin-system]Le Diep GET /api/cms/theme body:{}
[info] 20:05:43 | [admin-system]Le Diep | GET / | get all success
[http] 20:05:46 | [admin-system]Le Diep POST /api/cms/theme/ body:{"name":"asdasdasd","code":""}
[info] 20:05:46 | [admin-system]Le Diep | POST / | theme: asdasdasdを作成が成功しました
[info] 20:05:52 | サーバの起動が完了しました。
[info] 20:06:54 | サーバの起動が完了しました。
[info] 20:06:54 | サーバの起動が完了しました。
[info] 20:07:10 | サーバの起動が完了しました。
[http] 20:07:15 | [admin-system]Le Diep GET /auth body:{}
[http] 20:07:15 | [admin-system]Le Diep GET /api/config body:{}
[info] 20:07:15 | [admin-system]Le Diep | GET / | システム設定環境変数を取得できました
[http] 20:07:16 | [admin-system]Le Diep GET /api/cms/theme body:{}
[info] 20:07:16 | [admin-system]Le Diep | GET / | get all success
[http] 20:07:27 | [admin-system]Le Diep POST /api/cms/theme/ body:{"name":"dasd","code":""}
[warn] 20:07:27 | [admin-system]Le Diep | POST / | 既に存在します
[http] 20:07:40 | [admin-system]Le Diep POST /api/cms/theme/ body:{"name":"dasdeqwe21","code":""}
[info] 20:07:40 | [admin-system]Le Diep | POST / | theme: dasdeqwe21を作成が成功しました
[info] 20:08:07 | サーバの起動が完了しました。
[info] 20:08:14 | サーバの起動が完了しました。
[info] 20:08:33 | サーバの起動が完了しました。
[http] 20:09:03 | [admin-system]Le Diep GET /auth body:{}
[http] 20:09:03 | [admin-system]Le Diep GET /api/config body:{}
[info] 20:09:03 | [admin-system]Le Diep | GET / | システム設定環境変数を取得できました
[http] 20:09:04 | [admin-system]Le Diep GET /api/cms/theme body:{}
[info] 20:09:04 | [admin-system]Le Diep | GET / | get all success
[http] 20:09:06 | [admin-system]Le Diep GET /auth body:{}
[http] 20:09:06 | [admin-system]Le Diep GET /api/config body:{}
[info] 20:09:06 | [admin-system]Le Diep | GET / | システム設定環境変数を取得できました
[http] 20:09:07 | [admin-system]Le Diep GET /api/cms/theme body:{}
[info] 20:09:07 | [admin-system]Le Diep | GET / | get all success
[http] 20:09:09 | [admin-system]Le Diep POST /api/cms/theme/ body:{"name":"eqwre2","code":""}
[info] 20:09:09 | [admin-system]Le Diep | POST / | theme: eqwre2を作成が成功しました
[info] 20:09:21 | サーバの起動が完了しました。
[info] 20:09:55 | サーバの起動が完了しました。
[http] 20:09:59 | [admin-system]Le Diep GET /auth body:{}
[http] 20:09:59 | [admin-system]Le Diep GET /api/config body:{}
[info] 20:09:59 | [admin-system]Le Diep | GET / | システム設定環境変数を取得できました
[http] 20:09:59 | [admin-system]Le Diep GET /api/cms/theme body:{}
[info] 20:09:59 | [admin-system]Le Diep | GET / | get all success
[http] 20:10:15 | [admin-system]Le Diep GET /auth body:{}
[http] 20:10:15 | [admin-system]Le Diep GET /api/config body:{}
[info] 20:10:15 | [admin-system]Le Diep | GET / | システム設定環境変数を取得できました
[http] 20:10:15 | [admin-system]Le Diep GET /api/cms/theme body:{}
[info] 20:10:15 | [admin-system]Le Diep | GET / | get all success
[http] 20:10:18 | [admin-system]Le Diep POST /api/cms/theme/ body:{"name":"dasdasdasd2","code":""}
[info] 20:10:18 | [admin-system]Le Diep | POST / | theme: dasdasdasd2を作成が成功しました
[http] 20:10:18 | [admin-system]Le Diep GET /api/group/7 body:{}
[info] 20:10:18 | [admin-system]Le Diep | GET /7 | get one success
[info] 20:10:47 | サーバの起動が完了しました。
[info] 20:11:12 | サーバの起動が完了しました。
[http] 20:11:15 | [admin-system]Le Diep GET /auth body:{}
[http] 20:11:15 | [admin-system]Le Diep GET /api/config body:{}
[info] 20:11:15 | [admin-system]Le Diep | GET / | システム設定環境変数を取得できました
[http] 20:11:16 | [admin-system]Le Diep GET /api/cms/theme body:{}
[info] 20:11:16 | [admin-system]Le Diep | GET / | get all success
[http] 20:11:19 | [admin-system]Le Diep POST /api/cms/theme/ body:{"name":"qweqwex","code":""}
[info] 20:11:19 | [admin-system]Le Diep | POST / | theme: qweqwexを作成が成功しました
[http] 20:11:19 | [admin-system]Le Diep GET /api/cms/theme/8 body:{}
[info] 20:11:19 | [admin-system]Le Diep | GET /8 | get one success
[http] 20:19:33 | [admin-system]Le Diep GET /api/config body:{}
[info] 20:19:33 | [admin-system]Le Diep | GET / | システム設定環境変数を取得できました
[http] 20:29:31 | [admin-system]Le Diep GET /api/config body:{}
[info] 20:29:31 | [admin-system]Le Diep | GET / | システム設定環境変数を取得できました
[http] 20:29:33 | [admin-system]Le Diep GET /auth body:{}
[http] 20:29:33 | [admin-system]Le Diep GET /api/config body:{}
[info] 20:29:33 | [admin-system]Le Diep | GET / | システム設定環境変数を取得できました
[http] 20:29:36 | [admin-system]Le Diep GET /api/cms/theme body:{}
[info] 20:29:36 | [admin-system]Le Diep | GET / | get all success
[http] 20:29:46 | [admin-system]Le Diep GET /auth body:{}
[http] 20:29:46 | [admin-system]Le Diep GET /api/config body:{}
[info] 20:29:46 | [admin-system]Le Diep | GET / | システム設定環境変数を取得できました
[http] 20:29:58 | [admin-system]Le Diep GET /api/cms/theme body:{}
[info] 20:29:58 | [admin-system]Le Diep | GET / | get all success
[http] 20:43:42 | [admin-system]Le Diep GET /api/config body:{}
[info] 20:43:42 | [admin-system]Le Diep | GET / | システム設定環境変数を取得できました
[http] 20:45:04 | [admin-system]Le Diep GET /auth body:{}
[http] 20:45:04 | [admin-system]Le Diep GET /api/config body:{}
[info] 20:45:04 | [admin-system]Le Diep | GET / | システム設定環境変数を取得できました
[http] 20:45:40 | [admin-system]Le Diep GET /auth body:{}
[http] 20:45:40 | [admin-system]Le Diep GET /api/config body:{}
[info] 20:45:40 | [admin-system]Le Diep | GET / | システム設定環境変数を取得できました
[http] 20:45:44 | [admin-system]Le Diep GET /auth body:{}
[http] 20:45:44 | [admin-system]Le Diep GET /api/config body:{}
[info] 20:45:44 | [admin-system]Le Diep | GET / | システム設定環境変数を取得できました
[http] 20:45:46 | [admin-system]Le Diep GET /api/cms/theme body:{}
[info] 20:45:46 | [admin-system]Le Diep | GET / | get all success
[http] 20:46:35 | [admin-system]Le Diep GET /auth body:{}
[http] 20:46:35 | [admin-system]Le Diep GET /api/config body:{}
[info] 20:46:35 | [admin-system]Le Diep | GET / | システム設定環境変数を取得できました
[http] 20:46:39 | [admin-system]Le Diep GET /auth body:{}
[http] 20:46:39 | [admin-system]Le Diep GET /api/config body:{}
[info] 20:46:39 | [admin-system]Le Diep | GET / | システム設定環境変数を取得できました
[http] 20:46:42 | [admin-system]Le Diep GET /api/cms/theme body:{}
[info] 20:46:42 | [admin-system]Le Diep | GET / | get all success
[http] 20:46:57 | [admin-system]Le Diep GET /auth body:{}
[http] 20:46:57 | [admin-system]Le Diep GET /api/config body:{}
[info] 20:46:57 | [admin-system]Le Diep | GET / | システム設定環境変数を取得できました
[http] 20:46:59 | [admin-system]Le Diep GET /auth body:{}
[http] 20:46:59 | [admin-system]Le Diep GET /api/config body:{}
[info] 20:46:59 | [admin-system]Le Diep | GET / | システム設定環境変数を取得できました
[http] 20:47:01 | [admin-system]Le Diep GET /api/cms/theme body:{}
[info] 20:47:01 | [admin-system]Le Diep | GET / | get all success
[http] 20:48:46 | [admin-system]Le Diep GET /auth body:{}
[http] 20:48:46 | [admin-system]Le Diep GET /api/config body:{}
[info] 20:48:46 | [admin-system]Le Diep | GET / | システム設定環境変数を取得できました
[http] 20:48:56 | [admin-system]Le Diep GET /auth body:{}
[http] 20:48:56 | [admin-system]Le Diep GET /api/config body:{}
[info] 20:48:56 | [admin-system]Le Diep | GET / | システム設定環境変数を取得できました
[http] 20:50:20 | [admin-system]Le Diep GET /auth body:{}
[http] 20:50:20 | [admin-system]Le Diep GET /api/config body:{}
[info] 20:50:20 | [admin-system]Le Diep | GET / | システム設定環境変数を取得できました
[http] 20:50:22 | [admin-system]Le Diep GET /auth body:{}
[http] 20:50:22 | [admin-system]Le Diep GET /api/config body:{}
[info] 20:50:22 | [admin-system]Le Diep | GET / | システム設定環境変数を取得できました
[http] 20:50:24 | [admin-system]Le Diep GET /api/cms/theme body:{}
[info] 20:50:24 | [admin-system]Le Diep | GET / | get all success
[http] 20:51:36 | [admin-system]Le Diep GET /auth body:{}
[http] 20:51:36 | [admin-system]Le Diep GET /api/config body:{}
[info] 20:51:36 | [admin-system]Le Diep | GET / | システム設定環境変数を取得できました
[http] 20:51:38 | [admin-system]Le Diep GET /api/cms/theme body:{}
[info] 20:51:38 | [admin-system]Le Diep | GET / | get all success
[http] 20:53:54 | [admin-system]Le Diep GET /auth body:{}
[http] 20:53:54 | [admin-system]Le Diep GET /api/config body:{}
[info] 20:53:54 | [admin-system]Le Diep | GET / | システム設定環境変数を取得できました
[http] 20:53:56 | [admin-system]Le Diep GET /auth body:{}
[http] 20:53:56 | [admin-system]Le Diep GET /api/config body:{}
[info] 20:53:56 | [admin-system]Le Diep | GET / | システム設定環境変数を取得できました
[http] 20:54:01 | [admin-system]Le Diep GET /api/cms/theme body:{}
[info] 20:54:01 | [admin-system]Le Diep | GET / | get all success
[http] 20:56:02 | [admin-system]Le Diep GET /api/config body:{}
[info] 20:56:02 | [admin-system]Le Diep | GET / | システム設定環境変数を取得できました
[http] 20:57:17 | [admin-system]Le Diep GET /auth body:{}
[http] 20:57:17 | [admin-system]Le Diep GET /api/config body:{}
[info] 20:57:17 | [admin-system]Le Diep | GET / | システム設定環境変数を取得できました
[http] 20:57:20 | [admin-system]Le Diep GET /auth body:{}
[http] 20:57:20 | [admin-system]Le Diep GET /api/config body:{}
[info] 20:57:20 | [admin-system]Le Diep | GET / | システム設定環境変数を取得できました
[http] 20:57:21 | [admin-system]Le Diep GET /api/cms/theme body:{}
[info] 20:57:21 | [admin-system]Le Diep | GET / | get all success
[http] 20:58:04 | [admin-system]Le Diep GET /auth body:{}
[http] 20:58:04 | [admin-system]Le Diep GET /api/config body:{}
[info] 20:58:04 | [admin-system]Le Diep | GET / | システム設定環境変数を取得できました
[http] 20:58:05 | [admin-system]Le Diep GET /api/cms/theme body:{}
[info] 20:58:05 | [admin-system]Le Diep | GET / | get all success
[http] 20:59:21 | [admin-system]Le Diep GET /api/config body:{}
[http] 20:59:21 | [admin-system]Le Diep GET /auth body:{}
[info] 20:59:21 | [admin-system]Le Diep | GET / | システム設定環境変数を取得できました
[http] 20:59:24 | [admin-system]Le Diep GET /api/cms/theme body:{}
[info] 20:59:24 | [admin-system]Le Diep | GET / | get all success
[http] 21:07:20 | [admin-system]Le Diep GET /auth body:{}
[http] 21:07:20 | [admin-system]Le Diep GET /api/config body:{}
[info] 21:07:20 | [admin-system]Le Diep | GET / | システム設定環境変数を取得できました
[http] 21:07:27 | [admin-system]Le Diep GET /auth body:{}
[http] 21:07:27 | [admin-system]Le Diep GET /api/config body:{}
[info] 21:07:27 | [admin-system]Le Diep | GET / | システム設定環境変数を取得できました
[http] 21:07:32 | [admin-system]Le Diep GET /auth body:{}
[http] 21:07:32 | [admin-system]Le Diep GET /api/config body:{}
[info] 21:07:32 | [admin-system]Le Diep | GET / | システム設定環境変数を取得できました
[http] 21:07:33 | [admin-system]Le Diep GET /api/config body:{}
[http] 21:07:33 | [admin-system]Le Diep GET /auth body:{}
[info] 21:07:33 | [admin-system]Le Diep | GET / | システム設定環境変数を取得できました
[http] 21:07:34 | [admin-system]Le Diep GET /api/cms/theme body:{}
[info] 21:07:34 | [admin-system]Le Diep | GET / | get all success
[http] 21:08:04 | [admin-system]Le Diep GET /api/config body:{}
[info] 21:08:04 | [admin-system]Le Diep | GET / | システム設定環境変数を取得できました
[http] 21:11:33 | [admin-system]Le Diep GET /auth body:{}
[http] 21:11:33 | [admin-system]Le Diep GET /api/config body:{}
[info] 21:11:33 | [admin-system]Le Diep | GET / | システム設定環境変数を取得できました
[http] 21:14:08 | [admin-system]Le Diep GET /auth body:{}
[http] 21:14:08 | [admin-system]Le Diep GET /api/config body:{}
[info] 21:14:08 | [admin-system]Le Diep | GET / | システム設定環境変数を取得できました
[http] 21:14:10 | [admin-system]Le Diep GET /api/cms/theme body:{}
[info] 21:14:10 | [admin-system]Le Diep | GET / | get all success
