[info] 14:44:46 | サーバの起動が完了しました。
[http] 14:44:55 | --- GET /api/domain/
[info] 15:01:16 | サーバの起動が完了しました。
[http] 15:01:25 | --- GET /api/domain/
[info] 17:12:05 | サーバの起動が完了しました。
[info] 17:13:33 | サーバの起動が完了しました。
[info] 17:13:41 | サーバの起動が完了しました。
[info] 17:13:55 | サーバの起動が完了しました。
[info] 17:14:05 | サーバの起動が完了しました。
[info] 17:18:50 | サーバの起動が完了しました。
[info] 17:22:09 | サーバの起動が完了しました。
[info] 17:23:25 | サーバの起動が完了しました。
[info] 17:24:38 | サーバの起動が完了しました。
[info] 17:29:40 | サーバの起動が完了しました。
[info] 17:30:43 | サーバの起動が完了しました。
[http] 17:30:57 | --- GET /api/account
[http] 17:31:04 | --- GET /api/account/init
[info] 17:34:40 | サーバの起動が完了しました。
[http] 17:36:57 | --- POST /auth/login
[http] 17:37:16 | --- POST /auth/login
[info] 17:39:36 | サーバの起動が完了しました。
[http] 17:39:39 | {"email":"web@0004s.com","password":"4S-mmsi4@"}
[info] 17:40:15 | サーバの起動が完了しました。
[http] 17:40:19 | --- POST /auth/login{"email":"web@0004s.com","password":"4S-mmsi4@"}
[info] 17:40:41 | サーバの起動が完了しました。
[info] 17:41:06 | サーバの起動が完了しました。
[http] 17:41:17 | --- POST /auth/login body:{"email":"web@0004s.com","password":"4S-mmsi4@"}
[error] 17:41:17 | koko
[info] 17:42:08 | サーバの起動が完了しました。
[http] 17:42:12 | --- POST /auth/login body:{"email":"web@0004s.com","password":"4S-mmsi4@"}
[error] 17:42:12 | koko
[info] 17:42:22 | サーバの起動が完了しました。
[http] 17:42:23 | --- POST /auth/login body:{"email":"web@0004s.com","password":"4S-mmsi4@"}
[error] 17:42:23 | koko
[info] 17:42:30 | サーバの起動が完了しました。
[http] 17:42:32 | --- POST /auth/login body:{"email":"web@0004s.com","password":"4S-mmsi4@"}
[error] 17:42:32 | koko
[info] 17:42:39 | サーバの起動が完了しました。
[http] 17:42:40 | --- POST /auth/login body:{"email":"web@0004s.com","password":"4S-mmsi4@"}
[info] 17:43:48 | サーバの起動が完了しました。
[info] 17:43:50 | サーバの起動が完了しました。
[http] 17:43:57 | --- POST /auth/login body:{"email":"web@0004s.com","password":"4S-mmsi4@"}
[error] 17:43:57 | 3600000
[info] 17:44:20 | サーバの起動が完了しました。
[http] 17:44:21 | --- POST /auth/login body:{"email":"web@0004s.com","password":"4S-mmsi4@"}
[error] 17:44:21 | 3600000
[error] 17:44:21 | 1695890661453
[info] 17:45:16 | サーバの起動が完了しました。
[http] 17:45:19 | --- POST /auth/login body:{"email":"web@0004s.com","password":"4S-mmsi4@"}
[error] 17:45:19 | 3600000
[error] 17:45:19 | 1695890719765
[info] 17:45:35 | サーバの起動が完了しました。
[info] 17:46:09 | サーバの起動が完了しました。
[http] 17:46:12 | --- POST /auth/login body:{"email":"web@0004s.com","password":"4S-mmsi4@"}
[http] 17:46:35 | --- POST /auth/login body:{"email":"web@0004s.com","password":"4S-mmsi4@"}
[http] 17:46:55 | --- POST /auth/login body:{"email":"web@0004s.com","password":"4S-mmsi4@"}
[http] 17:55:08 | --- POST /auth/login body:{"email":"web@0004s.com","password":"4S-mmsi4@"}
[http] 17:57:46 | --- POST /auth/login body:{"email":"web@0004s.com","password":"4S-mmsi4@"}
[http] 18:08:43 | --- POST /auth/login body:{"email":"web@0004s.com","password":"4S-mmsi4@"}
[http] 18:08:50 | --- POST /auth/login body:{"email":"web@0004s.com","password":"4S-mmsi4@"}
[http] 18:11:28 | --- POST /auth/login body:{"email":"web@0004s.com","password":"4S-mmsi4@"}
[http] 18:15:07 | --- POST /auth/login body:{"email":"web@0004s.com","password":"4S-mmsi4@"}
[info] 18:25:32 | サーバの起動が完了しました。
[info] 18:25:50 | サーバの起動が完了しました。
[http] 18:25:56 | --- POST /auth/login body:{"email":"web@0004s.com","password":"4S-mmsi4@"}
[info] 18:27:09 | サーバの起動が完了しました。
[info] 18:27:28 | サーバの起動が完了しました。
[http] 18:27:33 | --- POST /auth/login body:{"email":"web@0004s.com","password":"4S-mmsi4@"}
[http] 18:27:51 | --- POST /auth/login body:{"email":"web@0004s.com","password":"4S-mmsi4@"}
