[error] 11:48:14 | DB Sync error
[info] 11:48:14 | サーバの起動が完了しました。
[http] 11:48:22 | 匿名 GET /api/config body:{}
[http] 11:48:22 | 匿名 GET /api/domain body:{}
[http] 11:48:22 | 匿名 GET /auth body:{}
[info] 11:48:22 | 匿名 | GET / | システム設定環境変数を取得できました
[info] 11:48:22 | 匿名 | GET / | get all success
[error] 11:53:17 | DB Sync error
[info] 11:53:17 | サーバの起動が完了しました。
[info] 11:53:51 | サーバの起動が完了しました。
[info] 11:54:04 | サーバの起動が完了しました。
[http] 11:54:31 | 匿名 GET /auth/login/msal body:{}
[http] 11:54:31 | 匿名 POST /auth/login/msal body:{"name":"Le Diep","email":"diep.le@0004s.com"}
[http] 11:54:31 | [システム管理者]Le Diep GET /api/cms/web body:{}
[info] 11:54:31 | [システム管理者]Le Diep | GET / | get all success
[info] 11:59:02 | サーバの起動が完了しました。
[info] 11:59:48 | サーバの起動が完了しました。
[info] 11:59:57 | サーバの起動が完了しました。
[http] 13:29:16 | 匿名 POST /auth/logout body:{}
[http] 13:29:21 | 匿名 GET /api/domain body:{}
[http] 13:29:21 | 匿名 GET /api/config body:{}
[http] 13:29:21 | 匿名 GET /auth body:{}
[info] 13:29:21 | 匿名 | GET / | get all success
[info] 13:29:21 | 匿名 | GET / | システム設定環境変数を取得できました
[http] 13:29:22 | 匿名 GET /auth/login/msal body:{}
[http] 13:29:22 | 匿名 POST /auth/login/msal body:{"name":"Le Diep","email":"diep.le@0004s.com"}
[http] 13:29:22 | [システム管理者]Le Diep GET /api/cms/web body:{}
[info] 13:29:22 | [システム管理者]Le Diep | GET / | get all success
[info] 13:39:14 | サーバの起動が完了しました。
[info] 13:39:31 | サーバの起動が完了しました。
[info] 13:39:51 | サーバの起動が完了しました。
[info] 13:40:41 | サーバの起動が完了しました。
[info] 13:41:09 | サーバの起動が完了しました。
[info] 14:32:55 | サーバの起動が完了しました。
[info] 14:34:29 | サーバの起動が完了しました。
[info] 14:34:48 | サーバの起動が完了しました。
[info] 14:40:20 | サーバの起動が完了しました。
[info] 14:45:07 | サーバの起動が完了しました。
[info] 14:46:22 | サーバの起動が完了しました。
[info] 14:46:26 | サーバの起動が完了しました。
[info] 14:55:43 | サーバの起動が完了しました。
[info] 14:56:47 | サーバの起動が完了しました。
[info] 14:57:38 | サーバの起動が完了しました。
[error] 15:01:04 | DB Sync error
[info] 15:01:04 | サーバの起動が完了しました。
[error] 15:01:11 | DB Sync error
[info] 15:01:11 | サーバの起動が完了しました。
[error] 15:04:20 | DB Sync error
[info] 15:04:21 | サーバの起動が完了しました。
[error] 15:08:05 | DB Sync error
[info] 15:08:05 | サーバの起動が完了しました。
[error] 15:08:14 | DB Sync error
[info] 15:08:14 | サーバの起動が完了しました。
[error] 15:09:27 | DB Sync error
[info] 15:09:27 | サーバの起動が完了しました。
[error] 15:09:42 | DB Sync error
[info] 15:09:42 | サーバの起動が完了しました。
[error] 15:09:54 | DB Sync error
[info] 15:09:54 | サーバの起動が完了しました。
[error] 15:13:04 | DB Sync error
[info] 15:13:04 | サーバの起動が完了しました。
[error] 15:13:14 | DB Sync error
[info] 15:13:14 | サーバの起動が完了しました。
[error] 15:13:43 | DB Sync error
[info] 15:13:43 | サーバの起動が完了しました。
[error] 15:15:01 | DB Sync error
[info] 15:15:01 | サーバの起動が完了しました。
[error] 15:15:28 | DB Sync error
[info] 15:15:28 | サーバの起動が完了しました。
[error] 15:16:31 | DB Sync error
[info] 15:16:31 | サーバの起動が完了しました。
[error] 15:16:34 | DB Sync error
[info] 15:16:34 | サーバの起動が完了しました。
[error] 15:16:40 | DB Sync error
[info] 15:16:40 | サーバの起動が完了しました。
[error] 15:16:49 | DB Sync error
[info] 15:16:49 | サーバの起動が完了しました。
[error] 15:17:02 | DB Sync error
[info] 15:17:02 | サーバの起動が完了しました。
[error] 15:17:25 | DB Sync error
[info] 15:17:26 | サーバの起動が完了しました。
[info] 15:18:19 | サーバの起動が完了しました。
[info] 15:18:22 | サーバの起動が完了しました。
[info] 15:19:07 | サーバの起動が完了しました。
[info] 15:19:27 | サーバの起動が完了しました。
[http] 15:20:38 | 匿名 POST /auth/logout body:{}
[http] 15:20:42 | 匿名 GET /api/config body:{}
[http] 15:20:42 | 匿名 GET /api/domain body:{}
[http] 15:20:42 | 匿名 GET /auth body:{}
[info] 15:20:42 | 匿名 | GET / | システム設定環境変数を取得できました
[info] 15:20:42 | 匿名 | GET / | get all success
[http] 15:20:43 | 匿名 GET /auth/login/msal body:{}
[http] 15:20:43 | 匿名 POST /auth/login/msal body:{"name":"Le Diep","email":"diep.le@0004s.com"}
[http] 15:20:43 | [システム管理者]Le Diep GET /api/cms/web body:{}
[info] 15:20:43 | [システム管理者]Le Diep | GET / | get all success
[info] 15:20:53 | サーバの起動が完了しました。
[info] 15:21:27 | サーバの起動が完了しました。
[info] 15:39:55 | サーバの起動が完了しました。
[info] 15:40:21 | サーバの起動が完了しました。
[info] 15:41:45 | サーバの起動が完了しました。
[info] 15:42:19 | サーバの起動が完了しました。
[info] 15:42:28 | サーバの起動が完了しました。
[http] 15:49:24 | [システム管理者]Le Diep GET /api/domain body:{}
[http] 15:49:24 | [システム管理者]Le Diep GET /api/config body:{}
[http] 15:49:24 | [システム管理者]Le Diep GET /auth body:{}
[info] 15:49:24 | [システム管理者]Le Diep | GET / | get all success
[info] 15:49:24 | [システム管理者]Le Diep | GET / | システム設定環境変数を取得できました
[http] 15:49:24 | [システム管理者]Le Diep GET /api/cms/web body:{}
[info] 15:49:24 | [システム管理者]Le Diep | GET / | get all success
[info] 15:50:16 | サーバの起動が完了しました。
[http] 15:58:27 | [システム管理者]Le Diep GET /api/config body:{}
[http] 15:58:27 | [システム管理者]Le Diep GET /api/domain body:{}
[http] 15:58:27 | [システム管理者]Le Diep GET /auth body:{}
[info] 15:58:27 | [システム管理者]Le Diep | GET / | get all success
[info] 15:58:27 | [システム管理者]Le Diep | GET / | システム設定環境変数を取得できました
[http] 15:58:30 | [システム管理者]Le Diep GET /api/domain body:{}
[info] 15:58:30 | [システム管理者]Le Diep | GET / | get all success
[http] 15:58:30 | [システム管理者]Le Diep GET /api/config body:{}
[http] 15:58:30 | [システム管理者]Le Diep GET /auth body:{}
[info] 15:58:30 | [システム管理者]Le Diep | GET / | システム設定環境変数を取得できました
[http] 15:59:37 | [システム管理者]Le Diep GET /api/mail/history body:{}
[info] 15:59:37 | [システム管理者]Le Diep | GET /history | histories get all success
[info] 16:02:23 | サーバの起動が完了しました。
[http] 16:14:37 | [システム管理者]Le Diep GET /api/domain body:{}
[http] 16:14:37 | [システム管理者]Le Diep GET /api/config body:{}
[http] 16:14:37 | [システム管理者]Le Diep GET /auth body:{}
[info] 16:14:37 | [システム管理者]Le Diep | GET / | get all success
[info] 16:14:37 | [システム管理者]Le Diep | GET / | システム設定環境変数を取得できました
[info] 16:17:38 | サーバの起動が完了しました。
[info] 16:20:26 | サーバの起動が完了しました。
[http] 16:27:10 | [システム管理者]Le Diep GET /api/domain body:{}
[http] 16:27:10 | [システム管理者]Le Diep GET /api/config body:{}
[http] 16:27:10 | [システム管理者]Le Diep GET /auth body:{}
[info] 16:27:10 | [システム管理者]Le Diep | GET / | システム設定環境変数を取得できました
[info] 16:27:10 | [システム管理者]Le Diep | GET / | get all success
[http] 16:27:10 | [システム管理者]Le Diep GET /api/cms/web body:{}
[info] 16:27:10 | [システム管理者]Le Diep | GET / | get all success
[http] 16:27:11 | [システム管理者]Le Diep GET /api/mail/history body:{}
[info] 16:27:11 | [システム管理者]Le Diep | GET /history | histories get all success
[http] 16:59:37 | [システム管理者]Le Diep GET /api/domain body:{}
[http] 16:59:37 | [システム管理者]Le Diep GET /auth body:{}
[http] 16:59:37 | [システム管理者]Le Diep GET /api/config body:{}
[info] 16:59:37 | [システム管理者]Le Diep | GET / | get all success
[info] 16:59:37 | [システム管理者]Le Diep | GET / | システム設定環境変数を取得できました
[http] 16:59:37 | [システム管理者]Le Diep GET /api/cms/web body:{}
[info] 16:59:37 | [システム管理者]Le Diep | GET / | get all success
[http] 16:59:37 | [システム管理者]Le Diep GET /api/mail/history body:{}
[info] 16:59:37 | [システム管理者]Le Diep | GET /history | histories get all success
[info] 17:00:32 | サーバの起動が完了しました。
[http] 17:00:34 | [システム管理者]Le Diep GET /api/domain body:{}
[http] 17:00:34 | [システム管理者]Le Diep GET /api/config body:{}
[http] 17:00:34 | [システム管理者]Le Diep GET /auth body:{}
[info] 17:00:34 | [システム管理者]Le Diep | GET / | get all success
[info] 17:00:34 | [システム管理者]Le Diep | GET / | システム設定環境変数を取得できました
[http] 17:00:34 | [システム管理者]Le Diep GET /api/cms/web body:{}
[info] 17:00:34 | [システム管理者]Le Diep | GET / | get all success
[http] 17:00:35 | [システム管理者]Le Diep GET /api/mail/history body:{}
[info] 17:00:35 | [システム管理者]Le Diep | GET /history | histories get all success
[http] 17:03:26 | [システム管理者]Le Diep GET /api/domain body:{}
[http] 17:03:26 | [システム管理者]Le Diep GET /api/config body:{}
[http] 17:03:26 | [システム管理者]Le Diep GET /auth body:{}
[info] 17:03:26 | [システム管理者]Le Diep | GET / | システム設定環境変数を取得できました
[info] 17:03:26 | [システム管理者]Le Diep | GET / | get all success
[http] 17:03:31 | [システム管理者]Le Diep GET /api/domain body:{}
[http] 17:03:31 | [システム管理者]Le Diep GET /api/config body:{}
[info] 17:03:31 | [システム管理者]Le Diep | GET / | get all success
[info] 17:03:31 | [システム管理者]Le Diep | GET / | システム設定環境変数を取得できました
[http] 17:03:31 | [システム管理者]Le Diep GET /auth body:{}
[http] 17:03:31 | [システム管理者]Le Diep GET /api/cms/web body:{}
[info] 17:03:31 | [システム管理者]Le Diep | GET / | get all success
[http] 17:03:32 | [システム管理者]Le Diep GET /api/mail/history body:{}
[info] 17:03:32 | [システム管理者]Le Diep | GET /history | histories get all success
[http] 17:03:46 | [システム管理者]Le Diep GET /api/domain body:{}
[http] 17:03:46 | [システム管理者]Le Diep GET /api/config body:{}
[http] 17:03:46 | [システム管理者]Le Diep GET /auth body:{}
[info] 17:03:46 | [システム管理者]Le Diep | GET / | システム設定環境変数を取得できました
[info] 17:03:46 | [システム管理者]Le Diep | GET / | get all success
[http] 17:05:44 | [システム管理者]Le Diep GET /api/domain body:{}
[http] 17:05:44 | [システム管理者]Le Diep GET /api/config body:{}
[http] 17:05:44 | [システム管理者]Le Diep GET /auth body:{}
[info] 17:05:44 | [システム管理者]Le Diep | GET / | システム設定環境変数を取得できました
[info] 17:05:44 | [システム管理者]Le Diep | GET / | get all success
[http] 17:05:44 | [システム管理者]Le Diep GET /api/cms/web body:{}
[info] 17:05:44 | [システム管理者]Le Diep | GET / | get all success
[http] 17:05:45 | [システム管理者]Le Diep GET /api/mail/history body:{}
[info] 17:05:45 | [システム管理者]Le Diep | GET /history | histories get all success
[http] 17:14:19 | [システム管理者]Le Diep GET /api/domain body:{}
[http] 17:14:19 | [システム管理者]Le Diep GET /api/config body:{}
[http] 17:14:19 | [システム管理者]Le Diep GET /auth body:{}
[info] 17:14:19 | [システム管理者]Le Diep | GET / | get all success
[info] 17:14:19 | [システム管理者]Le Diep | GET / | システム設定環境変数を取得できました
[http] 17:17:05 | [システム管理者]Le Diep GET /api/config body:{}
[http] 17:17:05 | [システム管理者]Le Diep GET /api/domain body:{}
[http] 17:17:05 | [システム管理者]Le Diep GET /auth body:{}
[info] 17:17:05 | [システム管理者]Le Diep | GET / | システム設定環境変数を取得できました
[info] 17:17:05 | [システム管理者]Le Diep | GET / | get all success
[http] 17:17:09 | [システム管理者]Le Diep GET /api/domain body:{}
[http] 17:17:09 | [システム管理者]Le Diep GET /api/config body:{}
[info] 17:17:09 | [システム管理者]Le Diep | GET / | get all success
[info] 17:17:09 | [システム管理者]Le Diep | GET / | システム設定環境変数を取得できました
[http] 17:17:09 | [システム管理者]Le Diep GET /auth body:{}
[http] 17:17:09 | [システム管理者]Le Diep GET /api/cms/web body:{}
[info] 17:17:09 | [システム管理者]Le Diep | GET / | get all success
[http] 17:17:09 | [システム管理者]Le Diep GET /api/mail/history body:{}
[info] 17:17:09 | [システム管理者]Le Diep | GET /history | histories get all success
[http] 17:18:33 | [システム管理者]Le Diep GET /api/domain body:{}
[http] 17:18:33 | [システム管理者]Le Diep GET /api/config body:{}
[http] 17:18:33 | [システム管理者]Le Diep GET /auth body:{}
[info] 17:18:33 | [システム管理者]Le Diep | GET / | システム設定環境変数を取得できました
[info] 17:18:33 | [システム管理者]Le Diep | GET / | get all success
[http] 17:26:01 | [システム管理者]Le Diep GET /api/domain body:{}
[http] 17:26:01 | [システム管理者]Le Diep GET /api/config body:{}
[http] 17:26:01 | [システム管理者]Le Diep GET /auth body:{}
[info] 17:26:01 | [システム管理者]Le Diep | GET / | get all success
[info] 17:26:01 | [システム管理者]Le Diep | GET / | システム設定環境変数を取得できました
[http] 17:26:01 | [システム管理者]Le Diep GET /api/cms/web body:{}
[info] 17:26:01 | [システム管理者]Le Diep | GET / | get all success
[http] 17:26:02 | [システム管理者]Le Diep GET /api/mail/history body:{}
[info] 17:26:02 | [システム管理者]Le Diep | GET /history | histories get all success
[http] 17:27:03 | [システム管理者]Le Diep GET /api/domain body:{}
[http] 17:27:03 | [システム管理者]Le Diep GET /api/config body:{}
[http] 17:27:03 | [システム管理者]Le Diep GET /auth body:{}
[info] 17:27:03 | [システム管理者]Le Diep | GET / | get all success
[info] 17:27:03 | [システム管理者]Le Diep | GET / | システム設定環境変数を取得できました
[http] 17:36:07 | [システム管理者]Le Diep GET /api/domain body:{}
[http] 17:36:07 | [システム管理者]Le Diep GET /api/config body:{}
[http] 17:36:07 | [システム管理者]Le Diep GET /auth body:{}
[info] 17:36:07 | [システム管理者]Le Diep | GET / | システム設定環境変数を取得できました
[info] 17:36:07 | [システム管理者]Le Diep | GET / | get all success
[http] 17:44:12 | [システム管理者]Le Diep GET /api/domain body:{}
[http] 17:44:12 | [システム管理者]Le Diep GET /api/config body:{}
[http] 17:44:12 | [システム管理者]Le Diep GET /auth body:{}
[info] 17:44:12 | [システム管理者]Le Diep | GET / | get all success
[info] 17:44:12 | [システム管理者]Le Diep | GET / | システム設定環境変数を取得できました
[http] 17:44:12 | [システム管理者]Le Diep GET /api/cms/web body:{}
[info] 17:44:12 | [システム管理者]Le Diep | GET / | get all success
[http] 17:44:12 | [システム管理者]Le Diep GET /api/mail/history body:{}
[info] 17:44:12 | [システム管理者]Le Diep | GET /history | histories get all success
[http] 17:44:29 | [システム管理者]Le Diep GET /api/domain body:{}
[http] 17:44:29 | [システム管理者]Le Diep GET /api/config body:{}
[http] 17:44:29 | [システム管理者]Le Diep GET /auth body:{}
[info] 17:44:29 | [システム管理者]Le Diep | GET / | get all success
[info] 17:44:29 | [システム管理者]Le Diep | GET / | システム設定環境変数を取得できました
[http] 17:44:29 | [システム管理者]Le Diep GET /api/cms/web body:{}
[info] 17:44:29 | [システム管理者]Le Diep | GET / | get all success
[http] 17:44:30 | [システム管理者]Le Diep GET /api/mail/history body:{}
[info] 17:44:30 | [システム管理者]Le Diep | GET /history | histories get all success
[http] 17:46:35 | [システム管理者]Le Diep GET /api/domain body:{}
[http] 17:46:35 | [システム管理者]Le Diep GET /api/config body:{}
[http] 17:46:35 | [システム管理者]Le Diep GET /auth body:{}
[info] 17:46:35 | [システム管理者]Le Diep | GET / | get all success
[info] 17:46:35 | [システム管理者]Le Diep | GET / | システム設定環境変数を取得できました
[http] 17:46:35 | [システム管理者]Le Diep GET /api/cms/web body:{}
[info] 17:46:35 | [システム管理者]Le Diep | GET / | get all success
[http] 17:46:35 | [システム管理者]Le Diep GET /api/mail/history body:{}
[info] 17:46:35 | [システム管理者]Le Diep | GET /history | histories get all success
[http] 17:53:06 | [システム管理者]Le Diep GET /api/config body:{}
[http] 17:53:06 | [システム管理者]Le Diep GET /auth body:{}
[http] 17:53:06 | [システム管理者]Le Diep GET /api/domain body:{}
[info] 17:53:06 | [システム管理者]Le Diep | GET / | システム設定環境変数を取得できました
[info] 17:53:06 | [システム管理者]Le Diep | GET / | get all success
[http] 17:53:06 | [システム管理者]Le Diep GET /api/cms/web body:{}
[info] 17:53:06 | [システム管理者]Le Diep | GET / | get all success
[http] 17:53:06 | [システム管理者]Le Diep GET /api/mail/history body:{}
[info] 17:53:06 | [システム管理者]Le Diep | GET /history | histories get all success
[info] 18:00:48 | サーバの起動が完了しました。
[info] 18:00:53 | サーバの起動が完了しました。
[http] 18:02:18 | [システム管理者]Le Diep GET /auth body:{}
[http] 18:02:18 | [システム管理者]Le Diep GET /api/domain body:{}
[http] 18:02:18 | [システム管理者]Le Diep GET /api/config body:{}
[info] 18:02:18 | [システム管理者]Le Diep | GET / | get all success
[info] 18:02:18 | [システム管理者]Le Diep | GET / | システム設定環境変数を取得できました
[http] 18:02:18 | [システム管理者]Le Diep GET /api/cms/web body:{}
[info] 18:02:18 | [システム管理者]Le Diep | GET / | get all success
[http] 18:02:18 | [システム管理者]Le Diep GET /api/mail/history body:{}
[info] 18:02:18 | [システム管理者]Le Diep | GET /history | histories get all success
[http] 18:02:41 | [システム管理者]Le Diep GET /api/domain body:{}
[http] 18:02:41 | [システム管理者]Le Diep GET /auth body:{}
[http] 18:02:41 | [システム管理者]Le Diep GET /api/config body:{}
[info] 18:02:41 | [システム管理者]Le Diep | GET / | get all success
[info] 18:02:41 | [システム管理者]Le Diep | GET / | システム設定環境変数を取得できました
[http] 18:02:41 | [システム管理者]Le Diep GET /api/cms/web body:{}
[info] 18:02:41 | [システム管理者]Le Diep | GET / | get all success
[http] 18:02:41 | [システム管理者]Le Diep GET /api/mail/history body:{}
[info] 18:02:41 | [システム管理者]Le Diep | GET /history | histories get all success
[http] 18:03:27 | [システム管理者]Le Diep GET /api/config body:{}
[http] 18:03:27 | [システム管理者]Le Diep GET /api/domain body:{}
[http] 18:03:27 | [システム管理者]Le Diep GET /auth body:{}
[info] 18:03:27 | [システム管理者]Le Diep | GET / | システム設定環境変数を取得できました
[info] 18:03:27 | [システム管理者]Le Diep | GET / | get all success
[http] 18:03:27 | [システム管理者]Le Diep GET /api/cms/web body:{}
[info] 18:03:27 | [システム管理者]Le Diep | GET / | get all success
[http] 18:03:27 | [システム管理者]Le Diep GET /api/mail/history body:{}
[info] 18:03:27 | [システム管理者]Le Diep | GET /history | histories get all success
[http] 18:19:45 | [システム管理者]Le Diep GET /api/mailing body:{}
[info] 18:19:45 | [システム管理者]Le Diep | GET / | mailings get all success
[http] 18:19:46 | [システム管理者]Le Diep GET /api/group body:{}
[info] 18:19:46 | [システム管理者]Le Diep | GET / | get all success
[http] 18:33:04 | [システム管理者]Le Diep GET /api/domain body:{}
[http] 18:33:04 | [システム管理者]Le Diep GET /api/config body:{}
[http] 18:33:04 | [システム管理者]Le Diep GET /auth body:{}
[info] 18:33:04 | [システム管理者]Le Diep | GET / | get all success
[info] 18:33:04 | [システム管理者]Le Diep | GET / | システム設定環境変数を取得できました
[http] 18:33:04 | [システム管理者]Le Diep GET /api/cms/web body:{}
[info] 18:33:04 | [システム管理者]Le Diep | GET / | get all success
[http] 18:33:04 | [システム管理者]Le Diep GET /api/mail/history body:{}
[info] 18:33:04 | [システム管理者]Le Diep | GET /history | histories get all success
[http] 18:38:41 | [システム管理者]Le Diep GET /api/domain body:{}
[http] 18:38:41 | [システム管理者]Le Diep GET /api/config body:{}
[http] 18:38:41 | [システム管理者]Le Diep GET /auth body:{}
[info] 18:38:41 | [システム管理者]Le Diep | GET / | get all success
[info] 18:38:41 | [システム管理者]Le Diep | GET / | システム設定環境変数を取得できました
[http] 18:38:46 | [システム管理者]Le Diep GET /api/domain body:{}
[http] 18:38:46 | [システム管理者]Le Diep GET /auth body:{}
[http] 18:38:46 | [システム管理者]Le Diep GET /api/config body:{}
[info] 18:38:46 | [システム管理者]Le Diep | GET / | get all success
[info] 18:38:46 | [システム管理者]Le Diep | GET / | システム設定環境変数を取得できました
[http] 18:38:46 | [システム管理者]Le Diep GET /api/cms/web body:{}
[info] 18:38:46 | [システム管理者]Le Diep | GET / | get all success
[http] 18:38:46 | [システム管理者]Le Diep GET /api/mail/history body:{}
[info] 18:38:46 | [システム管理者]Le Diep | GET /history | histories get all success
[http] 18:44:31 | [システム管理者]Le Diep GET /api/domain body:{}
[http] 18:44:31 | [システム管理者]Le Diep GET /api/config body:{}
[http] 18:44:31 | [システム管理者]Le Diep GET /auth body:{}
[info] 18:44:31 | [システム管理者]Le Diep | GET / | get all success
[info] 18:44:31 | [システム管理者]Le Diep | GET / | システム設定環境変数を取得できました
[http] 18:44:34 | [システム管理者]Le Diep GET /api/domain body:{}
[info] 18:44:34 | [システム管理者]Le Diep | GET / | get all success
[http] 18:44:34 | [システム管理者]Le Diep GET /api/config body:{}
[http] 18:44:34 | [システム管理者]Le Diep GET /auth body:{}
[info] 18:44:34 | [システム管理者]Le Diep | GET / | システム設定環境変数を取得できました
[http] 18:44:34 | [システム管理者]Le Diep GET /api/cms/web body:{}
[info] 18:44:34 | [システム管理者]Le Diep | GET / | get all success
[http] 18:44:34 | [システム管理者]Le Diep GET /api/mail/history body:{}
[info] 18:44:34 | [システム管理者]Le Diep | GET /history | histories get all success
[http] 18:59:45 | [システム管理者]Le Diep GET /api/domain body:{}
[http] 18:59:45 | [システム管理者]Le Diep GET /auth body:{}
[http] 18:59:45 | [システム管理者]Le Diep GET /api/config body:{}
[info] 18:59:45 | [システム管理者]Le Diep | GET / | get all success
[info] 18:59:45 | [システム管理者]Le Diep | GET / | システム設定環境変数を取得できました
[http] 18:59:51 | [システム管理者]Le Diep GET /api/domain body:{}
[http] 18:59:51 | [システム管理者]Le Diep GET /api/config body:{}
[info] 18:59:51 | [システム管理者]Le Diep | GET / | get all success
[info] 18:59:51 | [システム管理者]Le Diep | GET / | システム設定環境変数を取得できました
[http] 18:59:51 | [システム管理者]Le Diep GET /auth body:{}
[http] 18:59:51 | [システム管理者]Le Diep GET /api/cms/web body:{}
[info] 18:59:51 | [システム管理者]Le Diep | GET / | get all success
[http] 18:59:51 | [システム管理者]Le Diep GET /api/mail/history body:{}
[info] 18:59:51 | [システム管理者]Le Diep | GET /history | histories get all success
[http] 19:07:02 | [システム管理者]Le Diep GET /api/domain body:{}
[http] 19:07:02 | [システム管理者]Le Diep GET /auth body:{}
[http] 19:07:02 | [システム管理者]Le Diep GET /api/config body:{}
[info] 19:07:02 | [システム管理者]Le Diep | GET / | get all success
[info] 19:07:02 | [システム管理者]Le Diep | GET / | システム設定環境変数を取得できました
[info] 19:57:03 | サーバの起動が完了しました。
[http] 19:57:10 | [システム管理者]Le Diep GET /api/domain body:{}
[http] 19:57:10 | [システム管理者]Le Diep GET /api/config body:{}
[http] 19:57:10 | [システム管理者]Le Diep GET /auth body:{}
[info] 19:57:10 | [システム管理者]Le Diep | GET / | get all success
[info] 19:57:10 | [システム管理者]Le Diep | GET / | システム設定環境変数を取得できました
[http] 19:57:10 | [システム管理者]Le Diep GET /api/cms/web body:{}
[info] 19:57:10 | [システム管理者]Le Diep | GET / | get all success
[http] 19:57:40 | [システム管理者]Le Diep GET /api/mail/history body:{}
[info] 19:57:40 | [システム管理者]Le Diep | GET /history | histories get all success
[http] 20:20:52 | [システム管理者]Le Diep GET /api/domain body:{}
[http] 20:20:52 | [システム管理者]Le Diep GET /auth body:{}
[http] 20:20:52 | [システム管理者]Le Diep GET /api/config body:{}
[info] 20:20:52 | [システム管理者]Le Diep | GET / | get all success
[info] 20:20:52 | [システム管理者]Le Diep | GET / | システム設定環境変数を取得できました
[http] 20:34:43 | [システム管理者]Le Diep GET /api/domain body:{}
[http] 20:34:43 | [システム管理者]Le Diep GET /api/config body:{}
[http] 20:34:43 | [システム管理者]Le Diep GET /auth body:{}
[info] 20:34:43 | [システム管理者]Le Diep | GET / | get all success
[info] 20:34:43 | [システム管理者]Le Diep | GET / | システム設定環境変数を取得できました
[http] 20:34:43 | [システム管理者]Le Diep GET /api/cms/web body:{}
[info] 20:34:43 | [システム管理者]Le Diep | GET / | get all success
[http] 20:34:43 | [システム管理者]Le Diep GET /api/mail/history body:{}
[info] 20:34:43 | [システム管理者]Le Diep | GET /history | histories get all success
[http] 20:34:52 | [システム管理者]Le Diep GET /api/domain body:{}
[http] 20:34:52 | [システム管理者]Le Diep GET /auth body:{}
[info] 20:34:52 | [システム管理者]Le Diep | GET / | get all success
[http] 20:34:52 | [システム管理者]Le Diep GET /api/config body:{}
[info] 20:34:52 | [システム管理者]Le Diep | GET / | システム設定環境変数を取得できました
[http] 20:34:55 | [システム管理者]Le Diep GET /api/domain body:{}
[http] 20:34:55 | [システム管理者]Le Diep GET /auth body:{}
[http] 20:34:55 | [システム管理者]Le Diep GET /api/config body:{}
[info] 20:34:55 | [システム管理者]Le Diep | GET / | get all success
[info] 20:34:55 | [システム管理者]Le Diep | GET / | システム設定環境変数を取得できました
[http] 20:34:55 | [システム管理者]Le Diep GET /api/cms/web body:{}
[info] 20:34:55 | [システム管理者]Le Diep | GET / | get all success
[http] 20:34:56 | [システム管理者]Le Diep GET /api/mail/history body:{}
[info] 20:34:56 | [システム管理者]Le Diep | GET /history | histories get all success
[http] 20:36:15 | [システム管理者]Le Diep GET /api/domain body:{}
[http] 20:36:15 | [システム管理者]Le Diep GET /api/config body:{}
[http] 20:36:15 | [システム管理者]Le Diep GET /auth body:{}
[info] 20:36:15 | [システム管理者]Le Diep | GET / | get all success
[info] 20:36:15 | [システム管理者]Le Diep | GET / | システム設定環境変数を取得できました
[http] 20:42:08 | [システム管理者]Le Diep GET /api/domain body:{}
[http] 20:42:08 | [システム管理者]Le Diep GET /api/config body:{}
[info] 20:42:08 | [システム管理者]Le Diep | GET / | get all success
[http] 20:42:08 | [システム管理者]Le Diep GET /auth body:{}
[info] 20:42:08 | [システム管理者]Le Diep | GET / | システム設定環境変数を取得できました
[http] 20:42:08 | [システム管理者]Le Diep GET /api/cms/web body:{}
[info] 20:42:08 | [システム管理者]Le Diep | GET / | get all success
[http] 20:42:08 | [システム管理者]Le Diep GET /api/mail/history body:{}
[info] 20:42:08 | [システム管理者]Le Diep | GET /history | histories get all success
[http] 20:44:03 | [システム管理者]Le Diep GET /api/domain body:{}
[http] 20:44:03 | [システム管理者]Le Diep GET /auth body:{}
[http] 20:44:03 | [システム管理者]Le Diep GET /api/config body:{}
[info] 20:44:03 | [システム管理者]Le Diep | GET / | get all success
[info] 20:44:03 | [システム管理者]Le Diep | GET / | システム設定環境変数を取得できました
[http] 20:44:06 | [システム管理者]Le Diep GET /api/domain body:{}
[http] 20:44:06 | [システム管理者]Le Diep GET /api/config body:{}
[info] 20:44:06 | [システム管理者]Le Diep | GET / | get all success
[http] 20:44:06 | [システム管理者]Le Diep GET /auth body:{}
[info] 20:44:06 | [システム管理者]Le Diep | GET / | システム設定環境変数を取得できました
[http] 20:44:06 | [システム管理者]Le Diep GET /api/cms/web body:{}
[info] 20:44:06 | [システム管理者]Le Diep | GET / | get all success
[http] 20:44:06 | [システム管理者]Le Diep GET /api/mail/history body:{}
[info] 20:44:06 | [システム管理者]Le Diep | GET /history | histories get all success
[http] 20:45:10 | [システム管理者]Le Diep GET /api/domain body:{}
[http] 20:45:10 | [システム管理者]Le Diep GET /auth body:{}
[http] 20:45:10 | [システム管理者]Le Diep GET /api/config body:{}
[info] 20:45:10 | [システム管理者]Le Diep | GET / | システム設定環境変数を取得できました
[info] 20:45:10 | [システム管理者]Le Diep | GET / | get all success
[http] 20:45:10 | [システム管理者]Le Diep GET /api/cms/web body:{}
[info] 20:45:10 | [システム管理者]Le Diep | GET / | get all success
[http] 20:45:10 | [システム管理者]Le Diep GET /api/mail/history body:{}
[info] 20:45:10 | [システム管理者]Le Diep | GET /history | histories get all success
[http] 20:58:41 | [システム管理者]Le Diep GET /api/domain body:{}
[http] 20:58:41 | [システム管理者]Le Diep GET /api/config body:{}
[http] 20:58:41 | [システム管理者]Le Diep GET /auth body:{}
[info] 20:58:41 | [システム管理者]Le Diep | GET / | システム設定環境変数を取得できました
[info] 20:58:41 | [システム管理者]Le Diep | GET / | get all success
[http] 20:58:44 | [システム管理者]Le Diep GET /api/domain body:{}
[info] 20:58:44 | [システム管理者]Le Diep | GET / | get all success
[http] 20:58:44 | [システム管理者]Le Diep GET /api/config body:{}
[http] 20:58:44 | [システム管理者]Le Diep GET /auth body:{}
[info] 20:58:44 | [システム管理者]Le Diep | GET / | システム設定環境変数を取得できました
[http] 20:58:44 | [システム管理者]Le Diep GET /api/cms/web body:{}
[info] 20:58:44 | [システム管理者]Le Diep | GET / | get all success
[http] 20:58:44 | [システム管理者]Le Diep GET /api/mail/history body:{}
[http] 20:58:44 | [システム管理者]Le Diep GET /api/mailing body:{}
[info] 20:58:44 | [システム管理者]Le Diep | GET / | mailings get all success
[info] 20:58:44 | [システム管理者]Le Diep | GET /history | histories get all success
[http] 21:02:21 | [システム管理者]Le Diep GET /auth body:{}
[http] 21:02:21 | [システム管理者]Le Diep GET /api/config body:{}
[http] 21:02:21 | [システム管理者]Le Diep GET /api/domain body:{}
[info] 21:02:21 | [システム管理者]Le Diep | GET / | get all success
[info] 21:02:21 | [システム管理者]Le Diep | GET / | システム設定環境変数を取得できました
[http] 21:02:21 | [システム管理者]Le Diep GET /api/cms/web body:{}
[info] 21:02:21 | [システム管理者]Le Diep | GET / | get all success
[http] 21:02:21 | [システム管理者]Le Diep GET /api/mail/history body:{}
[http] 21:02:21 | [システム管理者]Le Diep GET /api/mailing body:{}
[info] 21:02:21 | [システム管理者]Le Diep | GET / | mailings get all success
[info] 21:02:21 | [システム管理者]Le Diep | GET /history | histories get all success
